[0.986s] Invoking command in '/home/cowbot/cowbot_ws/build/lslidar_driver': CMAKE_PREFIX_PATH=/home/cowbot/cowbot_ws/install/lslidar_msgs:/home/cowbot/cowbot_ws/install/serial_motor_msgs:/home/cowbot/cowbot_ws/install/lslidar_driver:/home/cowbot/cowbot_ws/install/cowbot_gazebo:/home/cowbot/cowbot_ws/install/cowbot_description:/home/cowbot/cowbot_ws/install/cowbot_bringup:/home/cowbot/cowbot_ws/install/serial_motor:/opt/ros/jazzy LD_LIBRARY_PATH=/home/cowbot/cowbot_ws/install/lslidar_msgs/lib:/home/cowbot/cowbot_ws/install/serial_motor_msgs/lib:/opt/ros/jazzy/lib/aarch64-linux-gnu:/opt/ros/jazzy/lib PYTHONPATH=/home/cowbot/cowbot_ws/install/lslidar_msgs/lib/python3.12/site-packages:/home/cowbot/cowbot_ws/build/serial_motor:/home/cowbot/cowbot_ws/install/serial_motor/lib/python3.12/site-packages:/home/cowbot/cowbot_ws/install/serial_motor_msgs/lib/python3.12/site-packages:/opt/ros/jazzy/lib/python3.12/site-packages /usr/bin/cmake --build /home/cowbot/cowbot_ws/build/lslidar_driver -- -j4 -l4
[1.749s] [100%] Built target lslidar_driver_node
[1.807s] Invoked command in '/home/cowbot/cowbot_ws/build/lslidar_driver' returned '0': CMAKE_PREFIX_PATH=/home/cowbot/cowbot_ws/install/lslidar_msgs:/home/cowbot/cowbot_ws/install/serial_motor_msgs:/home/cowbot/cowbot_ws/install/lslidar_driver:/home/cowbot/cowbot_ws/install/cowbot_gazebo:/home/cowbot/cowbot_ws/install/cowbot_description:/home/cowbot/cowbot_ws/install/cowbot_bringup:/home/cowbot/cowbot_ws/install/serial_motor:/opt/ros/jazzy LD_LIBRARY_PATH=/home/cowbot/cowbot_ws/install/lslidar_msgs/lib:/home/cowbot/cowbot_ws/install/serial_motor_msgs/lib:/opt/ros/jazzy/lib/aarch64-linux-gnu:/opt/ros/jazzy/lib PYTHONPATH=/home/cowbot/cowbot_ws/install/lslidar_msgs/lib/python3.12/site-packages:/home/cowbot/cowbot_ws/build/serial_motor:/home/cowbot/cowbot_ws/install/serial_motor/lib/python3.12/site-packages:/home/cowbot/cowbot_ws/install/serial_motor_msgs/lib/python3.12/site-packages:/opt/ros/jazzy/lib/python3.12/site-packages /usr/bin/cmake --build /home/cowbot/cowbot_ws/build/lslidar_driver -- -j4 -l4
[1.816s] Invoking command in '/home/cowbot/cowbot_ws/build/lslidar_driver': CMAKE_PREFIX_PATH=/home/cowbot/cowbot_ws/install/lslidar_msgs:/home/cowbot/cowbot_ws/install/serial_motor_msgs:/home/cowbot/cowbot_ws/install/lslidar_driver:/home/cowbot/cowbot_ws/install/cowbot_gazebo:/home/cowbot/cowbot_ws/install/cowbot_description:/home/cowbot/cowbot_ws/install/cowbot_bringup:/home/cowbot/cowbot_ws/install/serial_motor:/opt/ros/jazzy LD_LIBRARY_PATH=/home/cowbot/cowbot_ws/install/lslidar_msgs/lib:/home/cowbot/cowbot_ws/install/serial_motor_msgs/lib:/opt/ros/jazzy/lib/aarch64-linux-gnu:/opt/ros/jazzy/lib PYTHONPATH=/home/cowbot/cowbot_ws/install/lslidar_msgs/lib/python3.12/site-packages:/home/cowbot/cowbot_ws/build/serial_motor:/home/cowbot/cowbot_ws/install/serial_motor/lib/python3.12/site-packages:/home/cowbot/cowbot_ws/install/serial_motor_msgs/lib/python3.12/site-packages:/opt/ros/jazzy/lib/python3.12/site-packages /usr/bin/cmake --install /home/cowbot/cowbot_ws/build/lslidar_driver
[1.859s] -- Install configuration: ""
[1.862s] -- Execute custom install script
[1.865s] -- Up-to-date symlink: /home/cowbot/cowbot_ws/install/lslidar_driver/share/lslidar_driver/launch/lslidar_double_launch.py
[1.866s] -- Up-to-date symlink: /home/cowbot/cowbot_ws/install/lslidar_driver/share/lslidar_driver/launch/lslidar_launch.py
[1.869s] -- Up-to-date symlink: /home/cowbot/cowbot_ws/install/lslidar_driver/share/lslidar_driver/params/lsx10.yaml
[1.871s] -- Up-to-date symlink: /home/cowbot/cowbot_ws/install/lslidar_driver/share/lslidar_driver/params/lsx10_1.yaml
[1.872s] -- Up-to-date symlink: /home/cowbot/cowbot_ws/install/lslidar_driver/share/lslidar_driver/params/lsx10_2.yaml
[1.875s] -- Up-to-date symlink: /home/cowbot/cowbot_ws/install/lslidar_driver/share/lslidar_driver/rviz/lslidar.rviz
[1.879s] -- Up-to-date symlink: /home/cowbot/cowbot_ws/install/lslidar_driver/lib/lslidar_driver/lslidar_driver_node
[1.880s] -- Up-to-date symlink: /home/cowbot/cowbot_ws/install/lslidar_driver/share/ament_index/resource_index/package_run_dependencies/lslidar_driver
[1.883s] -- Up-to-date symlink: /home/cowbot/cowbot_ws/install/lslidar_driver/share/ament_index/resource_index/parent_prefix_path/lslidar_driver
[1.885s] -- Up-to-date symlink: /home/cowbot/cowbot_ws/install/lslidar_driver/share/lslidar_driver/environment/ament_prefix_path.sh
[1.886s] -- Up-to-date symlink: /home/cowbot/cowbot_ws/install/lslidar_driver/share/lslidar_driver/environment/ament_prefix_path.dsv
[1.888s] -- Up-to-date symlink: /home/cowbot/cowbot_ws/install/lslidar_driver/share/lslidar_driver/environment/path.sh
[1.889s] -- Up-to-date symlink: /home/cowbot/cowbot_ws/install/lslidar_driver/share/lslidar_driver/environment/path.dsv
[1.891s] -- Up-to-date symlink: /home/cowbot/cowbot_ws/install/lslidar_driver/share/lslidar_driver/local_setup.bash
[1.893s] -- Up-to-date symlink: /home/cowbot/cowbot_ws/install/lslidar_driver/share/lslidar_driver/local_setup.sh
[1.894s] -- Up-to-date symlink: /home/cowbot/cowbot_ws/install/lslidar_driver/share/lslidar_driver/local_setup.zsh
[1.895s] -- Up-to-date symlink: /home/cowbot/cowbot_ws/install/lslidar_driver/share/lslidar_driver/local_setup.dsv
[1.896s] -- Symlinking: /home/cowbot/cowbot_ws/install/lslidar_driver/share/lslidar_driver/package.dsv
[1.948s] -- Up-to-date symlink: /home/cowbot/cowbot_ws/install/lslidar_driver/share/ament_index/resource_index/packages/lslidar_driver
[1.950s] -- Up-to-date symlink: /home/cowbot/cowbot_ws/install/lslidar_driver/share/lslidar_driver/cmake/ament_cmake_export_dependencies-extras.cmake
[1.952s] -- Up-to-date symlink: /home/cowbot/cowbot_ws/install/lslidar_driver/share/lslidar_driver/cmake/ament_cmake_export_include_directories-extras.cmake
[1.954s] -- Up-to-date symlink: /home/cowbot/cowbot_ws/install/lslidar_driver/share/lslidar_driver/cmake/lslidar_driverConfig.cmake
[1.956s] -- Up-to-date symlink: /home/cowbot/cowbot_ws/install/lslidar_driver/share/lslidar_driver/cmake/lslidar_driverConfig-version.cmake
[1.958s] -- Up-to-date symlink: /home/cowbot/cowbot_ws/install/lslidar_driver/share/lslidar_driver/package.xml
[1.966s] Invoked command in '/home/cowbot/cowbot_ws/build/lslidar_driver' returned '0': CMAKE_PREFIX_PATH=/home/cowbot/cowbot_ws/install/lslidar_msgs:/home/cowbot/cowbot_ws/install/serial_motor_msgs:/home/cowbot/cowbot_ws/install/lslidar_driver:/home/cowbot/cowbot_ws/install/cowbot_gazebo:/home/cowbot/cowbot_ws/install/cowbot_description:/home/cowbot/cowbot_ws/install/cowbot_bringup:/home/cowbot/cowbot_ws/install/serial_motor:/opt/ros/jazzy LD_LIBRARY_PATH=/home/cowbot/cowbot_ws/install/lslidar_msgs/lib:/home/cowbot/cowbot_ws/install/serial_motor_msgs/lib:/opt/ros/jazzy/lib/aarch64-linux-gnu:/opt/ros/jazzy/lib PYTHONPATH=/home/cowbot/cowbot_ws/install/lslidar_msgs/lib/python3.12/site-packages:/home/cowbot/cowbot_ws/build/serial_motor:/home/cowbot/cowbot_ws/install/serial_motor/lib/python3.12/site-packages:/home/cowbot/cowbot_ws/install/serial_motor_msgs/lib/python3.12/site-packages:/opt/ros/jazzy/lib/python3.12/site-packages /usr/bin/cmake --install /home/cowbot/cowbot_ws/build/lslidar_driver
