[0.132s] Invoking command in '/home/cowbot/cowbot_ws/build/cowbot_gazebo': CMAKE_PREFIX_PATH=${CMAKE_PREFIX_PATH}:/home/cowbot/cowbot_ws/install/serial_motor:/opt/ros/jazzy /usr/bin/cmake /home/cowbot/cowbot_ws/src/cowbot_gazebo -DAMENT_CMAKE_SYMLINK_INSTALL=1 -DCMAKE_INSTALL_PREFIX=/home/cowbot/cowbot_ws/install/cowbot_gazebo
[0.775s] -- The C compiler identification is GNU 13.3.0
[1.490s] -- The CXX compiler identification is GNU 13.3.0
[1.711s] -- Detecting C compiler ABI info
[2.357s] -- Detecting C compiler ABI info - done
[2.402s] -- Check for working C compiler: /usr/bin/cc - skipped
[2.405s] -- Detecting C compile features
[2.408s] -- Detecting C compile features - done
[2.489s] -- Detecting CXX compiler ABI info
[3.289s] -- Detecting CXX compiler ABI info - done
[3.332s] -- Check for working CXX compiler: /usr/bin/c++ - skipped
[3.334s] -- Detecting CXX compile features
[3.335s] -- Detecting CXX compile features - done
[3.376s] -- Found ament_cmake: 2.5.4 (/opt/ros/jazzy/share/ament_cmake/cmake)
[4.302s] -- Found Python3: /usr/bin/python3 (found version "3.12.3") found components: Interpreter 
[4.684s] -- Override CMake install command with custom implementation using symlinks instead of copying resources
[5.036s] -- Found ament_lint_auto: 0.17.3 (/opt/ros/jazzy/share/ament_lint_auto/cmake)
[5.756s] -- Added test 'flake8' to check Python code syntax and style conventions
[5.757s] -- Configured 'flake8' exclude dirs and/or files: 
[5.761s] -- Added test 'lint_cmake' to check CMake code style
[5.766s] -- Added test 'pep257' to check Python code against some of the docstring style conventions in PEP 257
[5.780s] -- Added test 'xmllint' to check XML markup files
[5.793s] -- Configuring done (5.5s)
[5.822s] -- Generating done (0.0s)
[5.833s] -- Build files have been written to: /home/cowbot/cowbot_ws/build/cowbot_gazebo
[5.857s] Invoked command in '/home/cowbot/cowbot_ws/build/cowbot_gazebo' returned '0': CMAKE_PREFIX_PATH=${CMAKE_PREFIX_PATH}:/home/cowbot/cowbot_ws/install/serial_motor:/opt/ros/jazzy /usr/bin/cmake /home/cowbot/cowbot_ws/src/cowbot_gazebo -DAMENT_CMAKE_SYMLINK_INSTALL=1 -DCMAKE_INSTALL_PREFIX=/home/cowbot/cowbot_ws/install/cowbot_gazebo
[5.863s] Invoking command in '/home/cowbot/cowbot_ws/build/cowbot_gazebo': CMAKE_PREFIX_PATH=${CMAKE_PREFIX_PATH}:/home/cowbot/cowbot_ws/install/serial_motor:/opt/ros/jazzy /usr/bin/cmake --build /home/cowbot/cowbot_ws/build/cowbot_gazebo -- -j4 -l4
[6.083s] Invoked command in '/home/cowbot/cowbot_ws/build/cowbot_gazebo' returned '0': CMAKE_PREFIX_PATH=${CMAKE_PREFIX_PATH}:/home/cowbot/cowbot_ws/install/serial_motor:/opt/ros/jazzy /usr/bin/cmake --build /home/cowbot/cowbot_ws/build/cowbot_gazebo -- -j4 -l4
[6.089s] Invoking command in '/home/cowbot/cowbot_ws/build/cowbot_gazebo': CMAKE_PREFIX_PATH=${CMAKE_PREFIX_PATH}:/home/cowbot/cowbot_ws/install/serial_motor:/opt/ros/jazzy /usr/bin/cmake --install /home/cowbot/cowbot_ws/build/cowbot_gazebo
[6.128s] -- Install configuration: ""
[6.130s] -- Execute custom install script
[6.133s] -- Symlinking: /home/cowbot/cowbot_ws/install/cowbot_gazebo/share/cowbot_gazebo/launch/botbox_world.launch.xml
[6.180s] -- Symlinking: /home/cowbot/cowbot_ws/install/cowbot_gazebo/share/cowbot_gazebo/launch/one_cowbot_warehouse.launch.py
[6.226s] -- Symlinking: /home/cowbot/cowbot_ws/install/cowbot_gazebo/share/cowbot_gazebo/launch/spawn.launch.xml
[6.272s] -- Symlinking: /home/cowbot/cowbot_ws/install/cowbot_gazebo/share/cowbot_gazebo/launch/spawn_cowbot.launch.xml
[6.320s] -- Symlinking: /home/cowbot/cowbot_ws/install/cowbot_gazebo/share/cowbot_gazebo/launch/spawn_in_gazebo.launch.py
[6.367s] -- Symlinking: /home/cowbot/cowbot_ws/install/cowbot_gazebo/share/cowbot_gazebo/gazebo/cowbot_plugins.gazebo
[6.416s] -- Symlinking: /home/cowbot/cowbot_ws/install/cowbot_gazebo/share/ament_index/resource_index/package_run_dependencies/cowbot_gazebo
[6.461s] -- Symlinking: /home/cowbot/cowbot_ws/install/cowbot_gazebo/share/ament_index/resource_index/parent_prefix_path/cowbot_gazebo
[6.509s] -- Symlinking: /home/cowbot/cowbot_ws/install/cowbot_gazebo/share/cowbot_gazebo/environment/ament_prefix_path.sh
[6.557s] -- Symlinking: /home/cowbot/cowbot_ws/install/cowbot_gazebo/share/cowbot_gazebo/environment/ament_prefix_path.dsv
[6.607s] -- Symlinking: /home/cowbot/cowbot_ws/install/cowbot_gazebo/share/cowbot_gazebo/environment/path.sh
[6.652s] -- Symlinking: /home/cowbot/cowbot_ws/install/cowbot_gazebo/share/cowbot_gazebo/environment/path.dsv
[6.698s] -- Symlinking: /home/cowbot/cowbot_ws/install/cowbot_gazebo/share/cowbot_gazebo/local_setup.bash
[6.744s] -- Symlinking: /home/cowbot/cowbot_ws/install/cowbot_gazebo/share/cowbot_gazebo/local_setup.sh
[6.792s] -- Symlinking: /home/cowbot/cowbot_ws/install/cowbot_gazebo/share/cowbot_gazebo/local_setup.zsh
[6.836s] -- Symlinking: /home/cowbot/cowbot_ws/install/cowbot_gazebo/share/cowbot_gazebo/local_setup.dsv
[6.882s] -- Symlinking: /home/cowbot/cowbot_ws/install/cowbot_gazebo/share/cowbot_gazebo/package.dsv
[6.929s] -- Symlinking: /home/cowbot/cowbot_ws/install/cowbot_gazebo/share/ament_index/resource_index/packages/cowbot_gazebo
[6.977s] -- Symlinking: /home/cowbot/cowbot_ws/install/cowbot_gazebo/share/cowbot_gazebo/cmake/cowbot_gazeboConfig.cmake
[7.025s] -- Symlinking: /home/cowbot/cowbot_ws/install/cowbot_gazebo/share/cowbot_gazebo/cmake/cowbot_gazeboConfig-version.cmake
[7.074s] -- Symlinking: /home/cowbot/cowbot_ws/install/cowbot_gazebo/share/cowbot_gazebo/package.xml
[7.128s] Invoked command in '/home/cowbot/cowbot_ws/build/cowbot_gazebo' returned '0': CMAKE_PREFIX_PATH=${CMAKE_PREFIX_PATH}:/home/cowbot/cowbot_ws/install/serial_motor:/opt/ros/jazzy /usr/bin/cmake --install /home/cowbot/cowbot_ws/build/cowbot_gazebo
