[3.433s] Invoking command in '/home/cowbot/cowbot_ws/src/serial_motor': PYTHONPATH=/home/cowbot/cowbot_ws/build/serial_motor/prefix_override:/usr/lib/python3/dist-packages/colcon_core/task/python/colcon_distutils_commands:/home/cowbot/cowbot_ws/install/serial_motor/lib/python3.12/site-packages:/home/cowbot/cowbot_ws/install/serial_motor_msgs/lib/python3.12/site-packages:/home/cowbot/cowbot_ws/install/serial_motor/lib/python3.12/site-packages:/home/cowbot/cowbot_ws/install/lslidar_msgs/lib/python3.12/site-packages:/opt/ros/jazzy/lib/python3.12/site-packages /usr/bin/python3 -W ignore:setup.py install is deprecated -W ignore:easy_install command is deprecated setup.py egg_info --egg-base ../../build/serial_motor build --build-base /home/cowbot/cowbot_ws/build/serial_motor/build install --record /home/cowbot/cowbot_ws/build/serial_motor/install.log --single-version-externally-managed install_data
[4.521s] running egg_info
[4.594s] writing ../../build/serial_motor/serial_motor.egg-info/PKG-INFO
[4.596s] writing dependency_links to ../../build/serial_motor/serial_motor.egg-info/dependency_links.txt
[4.598s] writing entry points to ../../build/serial_motor/serial_motor.egg-info/entry_points.txt
[4.598s] writing requirements to ../../build/serial_motor/serial_motor.egg-info/requires.txt
[4.599s] writing top-level names to ../../build/serial_motor/serial_motor.egg-info/top_level.txt
[4.752s] reading manifest file '../../build/serial_motor/serial_motor.egg-info/SOURCES.txt'
[4.755s] writing manifest file '../../build/serial_motor/serial_motor.egg-info/SOURCES.txt'
[4.756s] running build
[4.756s] running build_py
[4.758s] running install
[4.781s] running install_lib
[4.859s] running install_data
[4.860s] running install_egg_info
[4.939s] removing '/home/cowbot/cowbot_ws/install/serial_motor/lib/python3.12/site-packages/serial_motor-0.0.0-py3.12.egg-info' (and everything under it)
[4.941s] Copying ../../build/serial_motor/serial_motor.egg-info to /home/cowbot/cowbot_ws/install/serial_motor/lib/python3.12/site-packages/serial_motor-0.0.0-py3.12.egg-info
[4.946s] running install_scripts
[5.512s] Installing motor_driver script to /home/cowbot/cowbot_ws/install/serial_motor/lib/serial_motor
[5.513s] writing list of installed files to '/home/cowbot/cowbot_ws/build/serial_motor/install.log'
[5.656s] Invoked command in '/home/cowbot/cowbot_ws/src/serial_motor' returned '0': PYTHONPATH=/home/cowbot/cowbot_ws/build/serial_motor/prefix_override:/usr/lib/python3/dist-packages/colcon_core/task/python/colcon_distutils_commands:/home/cowbot/cowbot_ws/install/serial_motor/lib/python3.12/site-packages:/home/cowbot/cowbot_ws/install/serial_motor_msgs/lib/python3.12/site-packages:/home/cowbot/cowbot_ws/install/serial_motor/lib/python3.12/site-packages:/home/cowbot/cowbot_ws/install/lslidar_msgs/lib/python3.12/site-packages:/opt/ros/jazzy/lib/python3.12/site-packages /usr/bin/python3 -W ignore:setup.py install is deprecated -W ignore:easy_install command is deprecated setup.py egg_info --egg-base ../../build/serial_motor build --build-base /home/cowbot/cowbot_ws/build/serial_motor/build install --record /home/cowbot/cowbot_ws/build/serial_motor/install.log --single-version-externally-managed install_data
