[0.111s] Invoking command in '/home/cowbot/cowbot_ws/build/lslidar_msgs': CMAKE_PREFIX_PATH=${CMAKE_PREFIX_PATH}:/home/cowbot/cowbot_ws/install/serial_motor:/opt/ros/jazzy /usr/bin/cmake --build /home/cowbot/cowbot_ws/build/lslidar_msgs -- -j4 -l4
[0.527s] [  1%] Built target lslidar_msgs__rosidl_generator_type_description
[0.580s] [  1%] Built target ament_cmake_python_symlink_lslidar_msgs
[0.862s] [ 25%] Built target lslidar_msgs__cpp
[0.863s] [ 24%] Built target lslidar_msgs__rosidl_generator_c
[1.230s] [ 35%] Built target lslidar_msgs__rosidl_typesupport_cpp
[1.267s] [ 44%] Built target lslidar_msgs__rosidl_typesupport_fastrtps_c
[1.322s] [ 54%] Built target lslidar_msgs__rosidl_typesupport_fastrtps_cpp
[1.574s] [ 63%] Built target lslidar_msgs__rosidl_typesupport_introspection_c
[1.594s] [ 72%] Built target lslidar_msgs__rosidl_typesupport_c
[1.644s] [ 82%] Built target lslidar_msgs__rosidl_typesupport_introspection_cpp
[1.810s] [ 82%] Built target lslidar_msgs
[2.037s] [ 83%] Built target lslidar_msgs__py
[2.328s] [ 91%] Built target lslidar_msgs__rosidl_generator_py
[2.544s] [ 94%] Built target lslidar_msgs_s__rosidl_typesupport_c
[2.571s] [ 97%] Built target lslidar_msgs_s__rosidl_typesupport_introspection_c
[2.576s] [100%] Built target lslidar_msgs_s__rosidl_typesupport_fastrtps_c
[2.626s] running egg_info
[2.718s] writing lslidar_msgs.egg-info/PKG-INFO
[2.720s] writing dependency_links to lslidar_msgs.egg-info/dependency_links.txt
[2.722s] writing top-level names to lslidar_msgs.egg-info/top_level.txt
[2.975s] reading manifest file 'lslidar_msgs.egg-info/SOURCES.txt'
[2.978s] writing manifest file 'lslidar_msgs.egg-info/SOURCES.txt'
[3.149s] [100%] Built target ament_cmake_python_build_lslidar_msgs_egg
[3.232s] Invoked command in '/home/cowbot/cowbot_ws/build/lslidar_msgs' returned '0': CMAKE_PREFIX_PATH=${CMAKE_PREFIX_PATH}:/home/cowbot/cowbot_ws/install/serial_motor:/opt/ros/jazzy /usr/bin/cmake --build /home/cowbot/cowbot_ws/build/lslidar_msgs -- -j4 -l4
[3.238s] Invoking command in '/home/cowbot/cowbot_ws/build/lslidar_msgs': CMAKE_PREFIX_PATH=${CMAKE_PREFIX_PATH}:/home/cowbot/cowbot_ws/install/serial_motor:/opt/ros/jazzy /usr/bin/cmake --install /home/cowbot/cowbot_ws/build/lslidar_msgs
[3.280s] -- Install configuration: ""
[3.282s] -- Execute custom install script
[3.284s] -- Up-to-date symlink: /home/cowbot/cowbot_ws/install/lslidar_msgs/share/ament_index/resource_index/rosidl_interfaces/lslidar_msgs
[3.285s] -- Up-to-date symlink: /home/cowbot/cowbot_ws/install/lslidar_msgs/share/lslidar_msgs/msg/LslidarDifop.json
[3.287s] -- Up-to-date symlink: /home/cowbot/cowbot_ws/install/lslidar_msgs/share/lslidar_msgs/msg/LslidarPacket.json
[3.288s] -- Up-to-date symlink: /home/cowbot/cowbot_ws/install/lslidar_msgs/share/lslidar_msgs/msg/LslidarPoint.json
[3.289s] -- Up-to-date symlink: /home/cowbot/cowbot_ws/install/lslidar_msgs/share/lslidar_msgs/msg/LslidarScan.json
[3.290s] -- Up-to-date symlink: /home/cowbot/cowbot_ws/install/lslidar_msgs/share/lslidar_msgs/msg/LslidarSweep.json
[3.296s] -- Up-to-date symlink: /home/cowbot/cowbot_ws/install/lslidar_msgs/include/lslidar_msgs/lslidar_msgs/msg/detail/lslidar_difop__functions.h
[3.297s] -- Up-to-date symlink: /home/cowbot/cowbot_ws/install/lslidar_msgs/include/lslidar_msgs/lslidar_msgs/msg/detail/lslidar_difop__struct.h
[3.298s] -- Up-to-date symlink: /home/cowbot/cowbot_ws/install/lslidar_msgs/include/lslidar_msgs/lslidar_msgs/msg/detail/lslidar_difop__type_support.h
[3.299s] -- Up-to-date symlink: /home/cowbot/cowbot_ws/install/lslidar_msgs/include/lslidar_msgs/lslidar_msgs/msg/detail/lslidar_packet__functions.h
[3.300s] -- Up-to-date symlink: /home/cowbot/cowbot_ws/install/lslidar_msgs/include/lslidar_msgs/lslidar_msgs/msg/detail/lslidar_packet__struct.h
[3.301s] -- Up-to-date symlink: /home/cowbot/cowbot_ws/install/lslidar_msgs/include/lslidar_msgs/lslidar_msgs/msg/detail/lslidar_packet__type_support.h
[3.302s] -- Up-to-date symlink: /home/cowbot/cowbot_ws/install/lslidar_msgs/include/lslidar_msgs/lslidar_msgs/msg/detail/lslidar_point__functions.h
[3.304s] -- Up-to-date symlink: /home/cowbot/cowbot_ws/install/lslidar_msgs/include/lslidar_msgs/lslidar_msgs/msg/detail/lslidar_point__struct.h
[3.305s] -- Up-to-date symlink: /home/cowbot/cowbot_ws/install/lslidar_msgs/include/lslidar_msgs/lslidar_msgs/msg/detail/lslidar_point__type_support.h
[3.306s] -- Up-to-date symlink: /home/cowbot/cowbot_ws/install/lslidar_msgs/include/lslidar_msgs/lslidar_msgs/msg/detail/lslidar_scan__functions.h
[3.307s] -- Up-to-date symlink: /home/cowbot/cowbot_ws/install/lslidar_msgs/include/lslidar_msgs/lslidar_msgs/msg/detail/lslidar_scan__struct.h
[3.309s] -- Up-to-date symlink: /home/cowbot/cowbot_ws/install/lslidar_msgs/include/lslidar_msgs/lslidar_msgs/msg/detail/lslidar_scan__type_support.h
[3.310s] -- Up-to-date symlink: /home/cowbot/cowbot_ws/install/lslidar_msgs/include/lslidar_msgs/lslidar_msgs/msg/detail/lslidar_sweep__functions.h
[3.311s] -- Up-to-date symlink: /home/cowbot/cowbot_ws/install/lslidar_msgs/include/lslidar_msgs/lslidar_msgs/msg/detail/lslidar_sweep__struct.h
[3.312s] -- Up-to-date symlink: /home/cowbot/cowbot_ws/install/lslidar_msgs/include/lslidar_msgs/lslidar_msgs/msg/detail/lslidar_sweep__type_support.h
[3.313s] -- Up-to-date symlink: /home/cowbot/cowbot_ws/install/lslidar_msgs/include/lslidar_msgs/lslidar_msgs/msg/lslidar_difop.h
[3.314s] -- Up-to-date symlink: /home/cowbot/cowbot_ws/install/lslidar_msgs/include/lslidar_msgs/lslidar_msgs/msg/lslidar_packet.h
[3.316s] -- Up-to-date symlink: /home/cowbot/cowbot_ws/install/lslidar_msgs/include/lslidar_msgs/lslidar_msgs/msg/lslidar_point.h
[3.317s] -- Up-to-date symlink: /home/cowbot/cowbot_ws/install/lslidar_msgs/include/lslidar_msgs/lslidar_msgs/msg/lslidar_scan.h
[3.318s] -- Up-to-date symlink: /home/cowbot/cowbot_ws/install/lslidar_msgs/include/lslidar_msgs/lslidar_msgs/msg/lslidar_sweep.h
[3.319s] -- Up-to-date symlink: /home/cowbot/cowbot_ws/install/lslidar_msgs/include/lslidar_msgs/lslidar_msgs/msg/rosidl_generator_c__visibility_control.h
[3.320s] -- Up-to-date symlink: /home/cowbot/cowbot_ws/install/lslidar_msgs/share/lslidar_msgs/environment/library_path.sh
[3.321s] -- Up-to-date symlink: /home/cowbot/cowbot_ws/install/lslidar_msgs/share/lslidar_msgs/environment/library_path.dsv
[3.326s] -- Up-to-date symlink: /home/cowbot/cowbot_ws/install/lslidar_msgs/include/lslidar_msgs/lslidar_msgs/msg/detail/lslidar_difop__rosidl_typesupport_fastrtps_c.h
[3.327s] -- Up-to-date symlink: /home/cowbot/cowbot_ws/install/lslidar_msgs/include/lslidar_msgs/lslidar_msgs/msg/detail/lslidar_packet__rosidl_typesupport_fastrtps_c.h
[3.328s] -- Up-to-date symlink: /home/cowbot/cowbot_ws/install/lslidar_msgs/include/lslidar_msgs/lslidar_msgs/msg/detail/lslidar_point__rosidl_typesupport_fastrtps_c.h
[3.330s] -- Up-to-date symlink: /home/cowbot/cowbot_ws/install/lslidar_msgs/include/lslidar_msgs/lslidar_msgs/msg/detail/lslidar_scan__rosidl_typesupport_fastrtps_c.h
[3.331s] -- Up-to-date symlink: /home/cowbot/cowbot_ws/install/lslidar_msgs/include/lslidar_msgs/lslidar_msgs/msg/detail/lslidar_sweep__rosidl_typesupport_fastrtps_c.h
[3.332s] -- Up-to-date symlink: /home/cowbot/cowbot_ws/install/lslidar_msgs/include/lslidar_msgs/lslidar_msgs/msg/rosidl_typesupport_fastrtps_c__visibility_control.h
[3.337s] -- Up-to-date symlink: /home/cowbot/cowbot_ws/install/lslidar_msgs/include/lslidar_msgs/lslidar_msgs/msg/detail/lslidar_difop__builder.hpp
[3.338s] -- Up-to-date symlink: /home/cowbot/cowbot_ws/install/lslidar_msgs/include/lslidar_msgs/lslidar_msgs/msg/detail/lslidar_difop__struct.hpp
[3.341s] -- Up-to-date symlink: /home/cowbot/cowbot_ws/install/lslidar_msgs/include/lslidar_msgs/lslidar_msgs/msg/detail/lslidar_difop__traits.hpp
[3.342s] -- Up-to-date symlink: /home/cowbot/cowbot_ws/install/lslidar_msgs/include/lslidar_msgs/lslidar_msgs/msg/detail/lslidar_difop__type_support.hpp
[3.344s] -- Up-to-date symlink: /home/cowbot/cowbot_ws/install/lslidar_msgs/include/lslidar_msgs/lslidar_msgs/msg/detail/lslidar_packet__builder.hpp
[3.344s] -- Up-to-date symlink: /home/cowbot/cowbot_ws/install/lslidar_msgs/include/lslidar_msgs/lslidar_msgs/msg/detail/lslidar_packet__struct.hpp
[3.345s] -- Up-to-date symlink: /home/cowbot/cowbot_ws/install/lslidar_msgs/include/lslidar_msgs/lslidar_msgs/msg/detail/lslidar_packet__traits.hpp
[3.346s] -- Up-to-date symlink: /home/cowbot/cowbot_ws/install/lslidar_msgs/include/lslidar_msgs/lslidar_msgs/msg/detail/lslidar_packet__type_support.hpp
[3.346s] -- Up-to-date symlink: /home/cowbot/cowbot_ws/install/lslidar_msgs/include/lslidar_msgs/lslidar_msgs/msg/detail/lslidar_point__builder.hpp
[3.348s] -- Up-to-date symlink: /home/cowbot/cowbot_ws/install/lslidar_msgs/include/lslidar_msgs/lslidar_msgs/msg/detail/lslidar_point__struct.hpp
[3.348s] -- Up-to-date symlink: /home/cowbot/cowbot_ws/install/lslidar_msgs/include/lslidar_msgs/lslidar_msgs/msg/detail/lslidar_point__traits.hpp
[3.353s] -- Up-to-date symlink: /home/cowbot/cowbot_ws/install/lslidar_msgs/include/lslidar_msgs/lslidar_msgs/msg/detail/lslidar_point__type_support.hpp
[3.354s] -- Up-to-date symlink: /home/cowbot/cowbot_ws/install/lslidar_msgs/include/lslidar_msgs/lslidar_msgs/msg/detail/lslidar_scan__builder.hpp
[3.354s] -- Up-to-date symlink: /home/cowbot/cowbot_ws/install/lslidar_msgs/include/lslidar_msgs/lslidar_msgs/msg/detail/lslidar_scan__struct.hpp
[3.355s] -- Up-to-date symlink: /home/cowbot/cowbot_ws/install/lslidar_msgs/include/lslidar_msgs/lslidar_msgs/msg/detail/lslidar_scan__traits.hpp
[3.355s] -- Up-to-date symlink: /home/cowbot/cowbot_ws/install/lslidar_msgs/include/lslidar_msgs/lslidar_msgs/msg/detail/lslidar_scan__type_support.hpp
[3.356s] -- Up-to-date symlink: /home/cowbot/cowbot_ws/install/lslidar_msgs/include/lslidar_msgs/lslidar_msgs/msg/detail/lslidar_sweep__builder.hpp
[3.356s] -- Up-to-date symlink: /home/cowbot/cowbot_ws/install/lslidar_msgs/include/lslidar_msgs/lslidar_msgs/msg/detail/lslidar_sweep__struct.hpp
[3.357s] -- Up-to-date symlink: /home/cowbot/cowbot_ws/install/lslidar_msgs/include/lslidar_msgs/lslidar_msgs/msg/detail/lslidar_sweep__traits.hpp
[3.359s] -- Up-to-date symlink: /home/cowbot/cowbot_ws/install/lslidar_msgs/include/lslidar_msgs/lslidar_msgs/msg/detail/lslidar_sweep__type_support.hpp
[3.360s] -- Up-to-date symlink: /home/cowbot/cowbot_ws/install/lslidar_msgs/include/lslidar_msgs/lslidar_msgs/msg/lslidar_difop.hpp
[3.360s] -- Up-to-date symlink: /home/cowbot/cowbot_ws/install/lslidar_msgs/include/lslidar_msgs/lslidar_msgs/msg/lslidar_packet.hpp
[3.361s] -- Up-to-date symlink: /home/cowbot/cowbot_ws/install/lslidar_msgs/include/lslidar_msgs/lslidar_msgs/msg/lslidar_point.hpp
[3.362s] -- Up-to-date symlink: /home/cowbot/cowbot_ws/install/lslidar_msgs/include/lslidar_msgs/lslidar_msgs/msg/lslidar_scan.hpp
[3.363s] -- Up-to-date symlink: /home/cowbot/cowbot_ws/install/lslidar_msgs/include/lslidar_msgs/lslidar_msgs/msg/lslidar_sweep.hpp
[3.364s] -- Up-to-date symlink: /home/cowbot/cowbot_ws/install/lslidar_msgs/include/lslidar_msgs/lslidar_msgs/msg/rosidl_generator_cpp__visibility_control.hpp
[3.369s] -- Up-to-date symlink: /home/cowbot/cowbot_ws/install/lslidar_msgs/include/lslidar_msgs/lslidar_msgs/msg/detail/lslidar_difop__rosidl_typesupport_fastrtps_cpp.hpp
[3.370s] -- Up-to-date symlink: /home/cowbot/cowbot_ws/install/lslidar_msgs/include/lslidar_msgs/lslidar_msgs/msg/detail/lslidar_packet__rosidl_typesupport_fastrtps_cpp.hpp
[3.371s] -- Up-to-date symlink: /home/cowbot/cowbot_ws/install/lslidar_msgs/include/lslidar_msgs/lslidar_msgs/msg/detail/lslidar_point__rosidl_typesupport_fastrtps_cpp.hpp
[3.373s] -- Up-to-date symlink: /home/cowbot/cowbot_ws/install/lslidar_msgs/include/lslidar_msgs/lslidar_msgs/msg/detail/lslidar_scan__rosidl_typesupport_fastrtps_cpp.hpp
[3.374s] -- Up-to-date symlink: /home/cowbot/cowbot_ws/install/lslidar_msgs/include/lslidar_msgs/lslidar_msgs/msg/detail/lslidar_sweep__rosidl_typesupport_fastrtps_cpp.hpp
[3.375s] -- Up-to-date symlink: /home/cowbot/cowbot_ws/install/lslidar_msgs/include/lslidar_msgs/lslidar_msgs/msg/rosidl_typesupport_fastrtps_cpp__visibility_control.h
[3.379s] -- Up-to-date symlink: /home/cowbot/cowbot_ws/install/lslidar_msgs/include/lslidar_msgs/lslidar_msgs/msg/detail/lslidar_difop__rosidl_typesupport_introspection_c.h
[3.380s] -- Up-to-date symlink: /home/cowbot/cowbot_ws/install/lslidar_msgs/include/lslidar_msgs/lslidar_msgs/msg/detail/lslidar_packet__rosidl_typesupport_introspection_c.h
[3.381s] -- Up-to-date symlink: /home/cowbot/cowbot_ws/install/lslidar_msgs/include/lslidar_msgs/lslidar_msgs/msg/detail/lslidar_point__rosidl_typesupport_introspection_c.h
[3.383s] -- Up-to-date symlink: /home/cowbot/cowbot_ws/install/lslidar_msgs/include/lslidar_msgs/lslidar_msgs/msg/detail/lslidar_scan__rosidl_typesupport_introspection_c.h
[3.384s] -- Up-to-date symlink: /home/cowbot/cowbot_ws/install/lslidar_msgs/include/lslidar_msgs/lslidar_msgs/msg/detail/lslidar_sweep__rosidl_typesupport_introspection_c.h
[3.386s] -- Up-to-date symlink: /home/cowbot/cowbot_ws/install/lslidar_msgs/include/lslidar_msgs/lslidar_msgs/msg/rosidl_typesupport_introspection_c__visibility_control.h
[3.389s] -- Up-to-date symlink: /home/cowbot/cowbot_ws/install/lslidar_msgs/include/lslidar_msgs/lslidar_msgs/msg/detail/lslidar_difop__rosidl_typesupport_introspection_cpp.hpp
[3.390s] -- Up-to-date symlink: /home/cowbot/cowbot_ws/install/lslidar_msgs/include/lslidar_msgs/lslidar_msgs/msg/detail/lslidar_packet__rosidl_typesupport_introspection_cpp.hpp
[3.391s] -- Up-to-date symlink: /home/cowbot/cowbot_ws/install/lslidar_msgs/include/lslidar_msgs/lslidar_msgs/msg/detail/lslidar_point__rosidl_typesupport_introspection_cpp.hpp
[3.392s] -- Up-to-date symlink: /home/cowbot/cowbot_ws/install/lslidar_msgs/include/lslidar_msgs/lslidar_msgs/msg/detail/lslidar_scan__rosidl_typesupport_introspection_cpp.hpp
[3.394s] -- Up-to-date symlink: /home/cowbot/cowbot_ws/install/lslidar_msgs/include/lslidar_msgs/lslidar_msgs/msg/detail/lslidar_sweep__rosidl_typesupport_introspection_cpp.hpp
[3.395s] -- Up-to-date symlink: /home/cowbot/cowbot_ws/install/lslidar_msgs/share/lslidar_msgs/environment/pythonpath.sh
[3.396s] -- Up-to-date symlink: /home/cowbot/cowbot_ws/install/lslidar_msgs/share/lslidar_msgs/environment/pythonpath.dsv
[3.398s] -- Up-to-date symlink: /home/cowbot/cowbot_ws/install/lslidar_msgs/lib/python3.12/site-packages/lslidar_msgs-1.2.0-py3.12.egg-info/PKG-INFO
[3.399s] -- Up-to-date symlink: /home/cowbot/cowbot_ws/install/lslidar_msgs/lib/python3.12/site-packages/lslidar_msgs-1.2.0-py3.12.egg-info/SOURCES.txt
[3.401s] -- Up-to-date symlink: /home/cowbot/cowbot_ws/install/lslidar_msgs/lib/python3.12/site-packages/lslidar_msgs-1.2.0-py3.12.egg-info/dependency_links.txt
[3.401s] -- Up-to-date symlink: /home/cowbot/cowbot_ws/install/lslidar_msgs/lib/python3.12/site-packages/lslidar_msgs-1.2.0-py3.12.egg-info/top_level.txt
[3.408s] -- Up-to-date symlink: /home/cowbot/cowbot_ws/install/lslidar_msgs/lib/python3.12/site-packages/lslidar_msgs/__init__.py
[3.408s] -- Up-to-date symlink: /home/cowbot/cowbot_ws/install/lslidar_msgs/lib/python3.12/site-packages/lslidar_msgs/_lslidar_msgs_s.ep.rosidl_typesupport_c.c
[3.410s] -- Up-to-date symlink: /home/cowbot/cowbot_ws/install/lslidar_msgs/lib/python3.12/site-packages/lslidar_msgs/_lslidar_msgs_s.ep.rosidl_typesupport_fastrtps_c.c
[3.411s] -- Up-to-date symlink: /home/cowbot/cowbot_ws/install/lslidar_msgs/lib/python3.12/site-packages/lslidar_msgs/_lslidar_msgs_s.ep.rosidl_typesupport_introspection_c.c
[3.411s] -- Up-to-date symlink: /home/cowbot/cowbot_ws/install/lslidar_msgs/lib/python3.12/site-packages/lslidar_msgs/lslidar_msgs_s__rosidl_typesupport_c.so
[3.413s] -- Up-to-date symlink: /home/cowbot/cowbot_ws/install/lslidar_msgs/lib/python3.12/site-packages/lslidar_msgs/lslidar_msgs_s__rosidl_typesupport_fastrtps_c.so
[3.414s] -- Up-to-date symlink: /home/cowbot/cowbot_ws/install/lslidar_msgs/lib/python3.12/site-packages/lslidar_msgs/lslidar_msgs_s__rosidl_typesupport_introspection_c.so
[3.415s] -- Up-to-date symlink: /home/cowbot/cowbot_ws/install/lslidar_msgs/lib/python3.12/site-packages/lslidar_msgs/msg/__init__.py
[3.416s] -- Up-to-date symlink: /home/cowbot/cowbot_ws/install/lslidar_msgs/lib/python3.12/site-packages/lslidar_msgs/msg/_lslidar_difop.py
[3.416s] -- Up-to-date symlink: /home/cowbot/cowbot_ws/install/lslidar_msgs/lib/python3.12/site-packages/lslidar_msgs/msg/_lslidar_difop_s.c
[3.419s] -- Up-to-date symlink: /home/cowbot/cowbot_ws/install/lslidar_msgs/lib/python3.12/site-packages/lslidar_msgs/msg/_lslidar_packet.py
[3.419s] -- Up-to-date symlink: /home/cowbot/cowbot_ws/install/lslidar_msgs/lib/python3.12/site-packages/lslidar_msgs/msg/_lslidar_packet_s.c
[3.420s] -- Up-to-date symlink: /home/cowbot/cowbot_ws/install/lslidar_msgs/lib/python3.12/site-packages/lslidar_msgs/msg/_lslidar_point.py
[3.423s] -- Up-to-date symlink: /home/cowbot/cowbot_ws/install/lslidar_msgs/lib/python3.12/site-packages/lslidar_msgs/msg/_lslidar_point_s.c
[3.424s] -- Up-to-date symlink: /home/cowbot/cowbot_ws/install/lslidar_msgs/lib/python3.12/site-packages/lslidar_msgs/msg/_lslidar_scan.py
[3.425s] -- Up-to-date symlink: /home/cowbot/cowbot_ws/install/lslidar_msgs/lib/python3.12/site-packages/lslidar_msgs/msg/_lslidar_scan_s.c
[3.426s] -- Up-to-date symlink: /home/cowbot/cowbot_ws/install/lslidar_msgs/lib/python3.12/site-packages/lslidar_msgs/msg/_lslidar_sweep.py
[3.426s] -- Up-to-date symlink: /home/cowbot/cowbot_ws/install/lslidar_msgs/lib/python3.12/site-packages/lslidar_msgs/msg/_lslidar_sweep_s.c
[3.427s] -- Up-to-date symlink: /home/cowbot/cowbot_ws/install/lslidar_msgs/lib/python3.12/site-packages/lslidar_msgs/lslidar_msgs_s__rosidl_typesupport_fastrtps_c.so
[3.427s] -- Up-to-date symlink: /home/cowbot/cowbot_ws/install/lslidar_msgs/lib/python3.12/site-packages/lslidar_msgs/lslidar_msgs_s__rosidl_typesupport_introspection_c.so
[3.430s] -- Up-to-date symlink: /home/cowbot/cowbot_ws/install/lslidar_msgs/lib/python3.12/site-packages/lslidar_msgs/lslidar_msgs_s__rosidl_typesupport_c.so
[3.431s] -- Up-to-date symlink: /home/cowbot/cowbot_ws/install/lslidar_msgs/share/lslidar_msgs/msg/LslidarDifop.idl
[3.432s] -- Up-to-date symlink: /home/cowbot/cowbot_ws/install/lslidar_msgs/share/lslidar_msgs/msg/LslidarPacket.idl
[3.433s] -- Up-to-date symlink: /home/cowbot/cowbot_ws/install/lslidar_msgs/share/lslidar_msgs/msg/LslidarPoint.idl
[3.434s] -- Up-to-date symlink: /home/cowbot/cowbot_ws/install/lslidar_msgs/share/lslidar_msgs/msg/LslidarScan.idl
[3.435s] -- Up-to-date symlink: /home/cowbot/cowbot_ws/install/lslidar_msgs/share/lslidar_msgs/msg/LslidarSweep.idl
[3.436s] -- Up-to-date symlink: /home/cowbot/cowbot_ws/install/lslidar_msgs/share/lslidar_msgs/msg/LslidarDifop.msg
[3.437s] -- Up-to-date symlink: /home/cowbot/cowbot_ws/install/lslidar_msgs/share/lslidar_msgs/msg/LslidarPacket.msg
[3.438s] -- Up-to-date symlink: /home/cowbot/cowbot_ws/install/lslidar_msgs/share/lslidar_msgs/msg/LslidarPoint.msg
[3.439s] -- Up-to-date symlink: /home/cowbot/cowbot_ws/install/lslidar_msgs/share/lslidar_msgs/msg/LslidarScan.msg
[3.440s] -- Up-to-date symlink: /home/cowbot/cowbot_ws/install/lslidar_msgs/share/lslidar_msgs/msg/LslidarSweep.msg
[3.442s] -- Up-to-date symlink: /home/cowbot/cowbot_ws/install/lslidar_msgs/share/ament_index/resource_index/package_run_dependencies/lslidar_msgs
[3.443s] -- Up-to-date symlink: /home/cowbot/cowbot_ws/install/lslidar_msgs/share/ament_index/resource_index/parent_prefix_path/lslidar_msgs
[3.445s] -- Up-to-date symlink: /home/cowbot/cowbot_ws/install/lslidar_msgs/share/lslidar_msgs/environment/ament_prefix_path.sh
[3.446s] -- Up-to-date symlink: /home/cowbot/cowbot_ws/install/lslidar_msgs/share/lslidar_msgs/environment/ament_prefix_path.dsv
[3.447s] -- Up-to-date symlink: /home/cowbot/cowbot_ws/install/lslidar_msgs/share/lslidar_msgs/environment/path.sh
[3.448s] -- Up-to-date symlink: /home/cowbot/cowbot_ws/install/lslidar_msgs/share/lslidar_msgs/environment/path.dsv
[3.450s] -- Up-to-date symlink: /home/cowbot/cowbot_ws/install/lslidar_msgs/share/lslidar_msgs/local_setup.bash
[3.450s] -- Up-to-date symlink: /home/cowbot/cowbot_ws/install/lslidar_msgs/share/lslidar_msgs/local_setup.sh
[3.452s] -- Up-to-date symlink: /home/cowbot/cowbot_ws/install/lslidar_msgs/share/lslidar_msgs/local_setup.zsh
[3.453s] -- Up-to-date symlink: /home/cowbot/cowbot_ws/install/lslidar_msgs/share/lslidar_msgs/local_setup.dsv
[3.454s] -- Symlinking: /home/cowbot/cowbot_ws/install/lslidar_msgs/share/lslidar_msgs/package.dsv
[3.504s] -- Up-to-date symlink: /home/cowbot/cowbot_ws/install/lslidar_msgs/share/ament_index/resource_index/packages/lslidar_msgs
[3.505s] -- Up-to-date symlink: /home/cowbot/cowbot_ws/install/lslidar_msgs/share/lslidar_msgs/cmake/rosidl_cmake-extras.cmake
[3.506s] -- Up-to-date symlink: /home/cowbot/cowbot_ws/install/lslidar_msgs/share/lslidar_msgs/cmake/ament_cmake_export_dependencies-extras.cmake
[3.507s] -- Up-to-date symlink: /home/cowbot/cowbot_ws/install/lslidar_msgs/share/lslidar_msgs/cmake/ament_cmake_export_include_directories-extras.cmake
[3.509s] -- Up-to-date symlink: /home/cowbot/cowbot_ws/install/lslidar_msgs/share/lslidar_msgs/cmake/ament_cmake_export_libraries-extras.cmake
[3.516s] -- Up-to-date symlink: /home/cowbot/cowbot_ws/install/lslidar_msgs/share/lslidar_msgs/cmake/ament_cmake_export_targets-extras.cmake
[3.516s] -- Up-to-date symlink: /home/cowbot/cowbot_ws/install/lslidar_msgs/share/lslidar_msgs/cmake/rosidl_cmake_export_typesupport_targets-extras.cmake
[3.517s] -- Up-to-date symlink: /home/cowbot/cowbot_ws/install/lslidar_msgs/share/lslidar_msgs/cmake/rosidl_cmake_export_typesupport_libraries-extras.cmake
[3.517s] -- Up-to-date symlink: /home/cowbot/cowbot_ws/install/lslidar_msgs/share/lslidar_msgs/cmake/lslidar_msgsConfig.cmake
[3.518s] -- Up-to-date symlink: /home/cowbot/cowbot_ws/install/lslidar_msgs/share/lslidar_msgs/cmake/lslidar_msgsConfig-version.cmake
[3.519s] -- Up-to-date symlink: /home/cowbot/cowbot_ws/install/lslidar_msgs/share/lslidar_msgs/package.xml
[3.520s] -- Up-to-date: /home/cowbot/cowbot_ws/install/lslidar_msgs/lib/liblslidar_msgs__rosidl_generator_c.so
[3.522s] -- Up-to-date: /home/cowbot/cowbot_ws/install/lslidar_msgs/lib/liblslidar_msgs__rosidl_typesupport_fastrtps_c.so
[3.525s] -- Up-to-date: /home/cowbot/cowbot_ws/install/lslidar_msgs/lib/liblslidar_msgs__rosidl_typesupport_fastrtps_cpp.so
[3.526s] -- Up-to-date: /home/cowbot/cowbot_ws/install/lslidar_msgs/lib/liblslidar_msgs__rosidl_typesupport_introspection_c.so
[3.528s] -- Up-to-date: /home/cowbot/cowbot_ws/install/lslidar_msgs/lib/liblslidar_msgs__rosidl_typesupport_c.so
[3.528s] -- Up-to-date: /home/cowbot/cowbot_ws/install/lslidar_msgs/lib/liblslidar_msgs__rosidl_typesupport_introspection_cpp.so
[3.530s] -- Up-to-date: /home/cowbot/cowbot_ws/install/lslidar_msgs/lib/liblslidar_msgs__rosidl_typesupport_cpp.so
[3.718s] Listing '/home/cowbot/cowbot_ws/install/lslidar_msgs/lib/python3.12/site-packages/lslidar_msgs'...
[3.720s] Listing '/home/cowbot/cowbot_ws/install/lslidar_msgs/lib/python3.12/site-packages/lslidar_msgs/msg'...
[3.754s] -- Up-to-date: /home/cowbot/cowbot_ws/install/lslidar_msgs/lib/liblslidar_msgs__rosidl_generator_py.so
[3.756s] -- Up-to-date: /home/cowbot/cowbot_ws/install/lslidar_msgs/share/lslidar_msgs/cmake/export_lslidar_msgs__rosidl_generator_cExport.cmake
[3.757s] -- Up-to-date: /home/cowbot/cowbot_ws/install/lslidar_msgs/share/lslidar_msgs/cmake/export_lslidar_msgs__rosidl_generator_cExport-noconfig.cmake
[3.758s] -- Up-to-date: /home/cowbot/cowbot_ws/install/lslidar_msgs/share/lslidar_msgs/cmake/export_lslidar_msgs__rosidl_typesupport_fastrtps_cExport.cmake
[3.758s] -- Up-to-date: /home/cowbot/cowbot_ws/install/lslidar_msgs/share/lslidar_msgs/cmake/export_lslidar_msgs__rosidl_typesupport_fastrtps_cExport-noconfig.cmake
[3.760s] -- Up-to-date: /home/cowbot/cowbot_ws/install/lslidar_msgs/share/lslidar_msgs/cmake/export_lslidar_msgs__rosidl_generator_cppExport.cmake
[3.761s] -- Up-to-date: /home/cowbot/cowbot_ws/install/lslidar_msgs/share/lslidar_msgs/cmake/export_lslidar_msgs__rosidl_typesupport_fastrtps_cppExport.cmake
[3.761s] -- Up-to-date: /home/cowbot/cowbot_ws/install/lslidar_msgs/share/lslidar_msgs/cmake/export_lslidar_msgs__rosidl_typesupport_fastrtps_cppExport-noconfig.cmake
[3.762s] -- Up-to-date: /home/cowbot/cowbot_ws/install/lslidar_msgs/share/lslidar_msgs/cmake/lslidar_msgs__rosidl_typesupport_introspection_cExport.cmake
[3.763s] -- Up-to-date: /home/cowbot/cowbot_ws/install/lslidar_msgs/share/lslidar_msgs/cmake/lslidar_msgs__rosidl_typesupport_introspection_cExport-noconfig.cmake
[3.764s] -- Up-to-date: /home/cowbot/cowbot_ws/install/lslidar_msgs/share/lslidar_msgs/cmake/lslidar_msgs__rosidl_typesupport_cExport.cmake
[3.765s] -- Up-to-date: /home/cowbot/cowbot_ws/install/lslidar_msgs/share/lslidar_msgs/cmake/lslidar_msgs__rosidl_typesupport_cExport-noconfig.cmake
[3.766s] -- Up-to-date: /home/cowbot/cowbot_ws/install/lslidar_msgs/share/lslidar_msgs/cmake/lslidar_msgs__rosidl_typesupport_introspection_cppExport.cmake
[3.766s] -- Up-to-date: /home/cowbot/cowbot_ws/install/lslidar_msgs/share/lslidar_msgs/cmake/lslidar_msgs__rosidl_typesupport_introspection_cppExport-noconfig.cmake
[3.767s] -- Up-to-date: /home/cowbot/cowbot_ws/install/lslidar_msgs/share/lslidar_msgs/cmake/lslidar_msgs__rosidl_typesupport_cppExport.cmake
[3.768s] -- Up-to-date: /home/cowbot/cowbot_ws/install/lslidar_msgs/share/lslidar_msgs/cmake/lslidar_msgs__rosidl_typesupport_cppExport-noconfig.cmake
[3.769s] -- Up-to-date: /home/cowbot/cowbot_ws/install/lslidar_msgs/share/lslidar_msgs/cmake/export_lslidar_msgs__rosidl_generator_pyExport.cmake
[3.769s] -- Up-to-date: /home/cowbot/cowbot_ws/install/lslidar_msgs/share/lslidar_msgs/cmake/export_lslidar_msgs__rosidl_generator_pyExport-noconfig.cmake
[3.779s] Invoked command in '/home/cowbot/cowbot_ws/build/lslidar_msgs' returned '0': CMAKE_PREFIX_PATH=${CMAKE_PREFIX_PATH}:/home/cowbot/cowbot_ws/install/serial_motor:/opt/ros/jazzy /usr/bin/cmake --install /home/cowbot/cowbot_ws/build/lslidar_msgs
