running egg_info
creating ../build/serial_motor/serial_motor.egg-info
writing ../build/serial_motor/serial_motor.egg-info/PKG-INFO
writing dependency_links to ../build/serial_motor/serial_motor.egg-info/dependency_links.txt
writing requirements to ../build/serial_motor/serial_motor.egg-info/requires.txt
writing top-level names to ../build/serial_motor/serial_motor.egg-info/top_level.txt
writing manifest file '../build/serial_motor/serial_motor.egg-info/SOURCES.txt'
reading manifest file '../build/serial_motor/serial_motor.egg-info/SOURCES.txt'
writing manifest file '../build/serial_motor/serial_motor.egg-info/SOURCES.txt'
running build
running build_py
creating /home/cowbot/cowbot_ws/src/build/serial_motor/build
creating /home/cowbot/cowbot_ws/src/build/serial_motor/build/lib
creating /home/cowbot/cowbot_ws/src/build/serial_motor/build/lib/serial_motor
copying serial_motor/motor_driver.py -> /home/cowbot/cowbot_ws/src/build/serial_motor/build/lib/serial_motor
copying serial_motor/__init__.py -> /home/cowbot/cowbot_ws/src/build/serial_motor/build/lib/serial_motor
running install
running install_lib
creating /home/cowbot/cowbot_ws/src/install/serial_motor/lib/python3.12/site-packages/serial_motor
copying /home/cowbot/cowbot_ws/src/build/serial_motor/build/lib/serial_motor/motor_driver.py -> /home/cowbot/cowbot_ws/src/install/serial_motor/lib/python3.12/site-packages/serial_motor
copying /home/cowbot/cowbot_ws/src/build/serial_motor/build/lib/serial_motor/__init__.py -> /home/cowbot/cowbot_ws/src/install/serial_motor/lib/python3.12/site-packages/serial_motor
byte-compiling /home/cowbot/cowbot_ws/src/install/serial_motor/lib/python3.12/site-packages/serial_motor/motor_driver.py to motor_driver.cpython-312.pyc
byte-compiling /home/cowbot/cowbot_ws/src/install/serial_motor/lib/python3.12/site-packages/serial_motor/__init__.py to __init__.cpython-312.pyc
running install_data
creating /home/cowbot/cowbot_ws/src/install/serial_motor/share/ament_index
creating /home/cowbot/cowbot_ws/src/install/serial_motor/share/ament_index/resource_index
creating /home/cowbot/cowbot_ws/src/install/serial_motor/share/ament_index/resource_index/packages
copying resource/serial_motor -> /home/cowbot/cowbot_ws/src/install/serial_motor/share/ament_index/resource_index/packages
copying package.xml -> /home/cowbot/cowbot_ws/src/install/serial_motor/share/serial_motor
creating /home/cowbot/cowbot_ws/src/install/serial_motor/share/serial_motor/launch
copying launch/serial_motor.launch.py -> /home/cowbot/cowbot_ws/src/install/serial_motor/share/serial_motor/launch
running install_egg_info
Copying ../build/serial_motor/serial_motor.egg-info to /home/cowbot/cowbot_ws/src/install/serial_motor/lib/python3.12/site-packages/serial_motor-0.0.0-py3.12.egg-info
running install_scripts
writing list of installed files to '/home/cowbot/cowbot_ws/src/build/serial_motor/install.log'
