[3.219s] Invoking command in '/home/cowbot/cowbot_ws/src/serial_motor': PYTHONPATH=/home/cowbot/cowbot_ws/src/build/serial_motor/prefix_override:/usr/lib/python3/dist-packages/colcon_core/task/python/colcon_distutils_commands:/home/cowbot/cowbot_ws/src/install/serial_motor/lib/python3.12/site-packages:${PYTHONPATH} /usr/bin/python3 -W ignore:setup.py install is deprecated -W ignore:easy_install command is deprecated setup.py egg_info --egg-base ../build/serial_motor build --build-base /home/cowbot/cowbot_ws/src/build/serial_motor/build install --record /home/cowbot/cowbot_ws/src/build/serial_motor/install.log --single-version-externally-managed install_data
[4.247s] running egg_info
[4.248s] creating ../build/serial_motor/serial_motor.egg-info
[4.315s] writing ../build/serial_motor/serial_motor.egg-info/PKG-INFO
[4.316s] writing dependency_links to ../build/serial_motor/serial_motor.egg-info/dependency_links.txt
[4.317s] writing requirements to ../build/serial_motor/serial_motor.egg-info/requires.txt
[4.318s] writing top-level names to ../build/serial_motor/serial_motor.egg-info/top_level.txt
[4.318s] writing manifest file '../build/serial_motor/serial_motor.egg-info/SOURCES.txt'
[4.459s] reading manifest file '../build/serial_motor/serial_motor.egg-info/SOURCES.txt'
[4.462s] writing manifest file '../build/serial_motor/serial_motor.egg-info/SOURCES.txt'
[4.462s] running build
[4.463s] running build_py
[4.463s] creating /home/cowbot/cowbot_ws/src/build/serial_motor/build
[4.464s] creating /home/cowbot/cowbot_ws/src/build/serial_motor/build/lib
[4.464s] creating /home/cowbot/cowbot_ws/src/build/serial_motor/build/lib/serial_motor
[4.465s] copying serial_motor/motor_driver.py -> /home/cowbot/cowbot_ws/src/build/serial_motor/build/lib/serial_motor
[4.465s] copying serial_motor/__init__.py -> /home/cowbot/cowbot_ws/src/build/serial_motor/build/lib/serial_motor
[4.466s] running install
[4.490s] running install_lib
[4.560s] creating /home/cowbot/cowbot_ws/src/install/serial_motor/lib/python3.12/site-packages/serial_motor
[4.560s] copying /home/cowbot/cowbot_ws/src/build/serial_motor/build/lib/serial_motor/motor_driver.py -> /home/cowbot/cowbot_ws/src/install/serial_motor/lib/python3.12/site-packages/serial_motor
[4.561s] copying /home/cowbot/cowbot_ws/src/build/serial_motor/build/lib/serial_motor/__init__.py -> /home/cowbot/cowbot_ws/src/install/serial_motor/lib/python3.12/site-packages/serial_motor
[4.564s] byte-compiling /home/cowbot/cowbot_ws/src/install/serial_motor/lib/python3.12/site-packages/serial_motor/motor_driver.py to motor_driver.cpython-312.pyc
[4.575s] byte-compiling /home/cowbot/cowbot_ws/src/install/serial_motor/lib/python3.12/site-packages/serial_motor/__init__.py to __init__.cpython-312.pyc
[4.576s] running install_data
[4.577s] creating /home/cowbot/cowbot_ws/src/install/serial_motor/share/ament_index
[4.577s] creating /home/cowbot/cowbot_ws/src/install/serial_motor/share/ament_index/resource_index
[4.578s] creating /home/cowbot/cowbot_ws/src/install/serial_motor/share/ament_index/resource_index/packages
[4.578s] copying resource/serial_motor -> /home/cowbot/cowbot_ws/src/install/serial_motor/share/ament_index/resource_index/packages
[4.579s] copying package.xml -> /home/cowbot/cowbot_ws/src/install/serial_motor/share/serial_motor
[4.580s] creating /home/cowbot/cowbot_ws/src/install/serial_motor/share/serial_motor/launch
[4.580s] copying launch/serial_motor.launch.py -> /home/cowbot/cowbot_ws/src/install/serial_motor/share/serial_motor/launch
[4.581s] running install_egg_info
[4.655s] Copying ../build/serial_motor/serial_motor.egg-info to /home/cowbot/cowbot_ws/src/install/serial_motor/lib/python3.12/site-packages/serial_motor-0.0.0-py3.12.egg-info
[4.660s] running install_scripts
[5.196s] writing list of installed files to '/home/cowbot/cowbot_ws/src/build/serial_motor/install.log'
[5.338s] Invoked command in '/home/cowbot/cowbot_ws/src/serial_motor' returned '0': PYTHONPATH=/home/cowbot/cowbot_ws/src/build/serial_motor/prefix_override:/usr/lib/python3/dist-packages/colcon_core/task/python/colcon_distutils_commands:/home/cowbot/cowbot_ws/src/install/serial_motor/lib/python3.12/site-packages:${PYTHONPATH} /usr/bin/python3 -W ignore:setup.py install is deprecated -W ignore:easy_install command is deprecated setup.py egg_info --egg-base ../build/serial_motor build --build-base /home/cowbot/cowbot_ws/src/build/serial_motor/build install --record /home/cowbot/cowbot_ws/src/build/serial_motor/install.log --single-version-externally-managed install_data
