[0.160s] Invoking command in '/home/cowbot/cowbot_ws/build/cowbot_description': CMAKE_PREFIX_PATH=/opt/ros/jazzy /usr/bin/cmake /home/cowbot/cowbot_ws/src/cowbot_description -DCMAKE_INSTALL_PREFIX=/home/cowbot/cowbot_ws/install/cowbot_description
[0.426s] -- Found ament_cmake: 2.5.4 (/opt/ros/jazzy/share/ament_cmake/cmake)
[1.883s] -- Override CMake install command with custom implementation using symlinks instead of copying resources
[1.935s] -- Found urdf: 2.10.0 (/opt/ros/jazzy/share/urdf/cmake)
[2.154s] -- Found TinyXML2 via Config file: /usr/lib/aarch64-linux-gnu/cmake/tinyxml2
[2.201s] -- Found xacro: 2.1.1 (/opt/ros/jazzy/share/xacro/cmake)
[2.212s] -- Found ament_lint_auto: 0.17.3 (/opt/ros/jazzy/share/ament_lint_auto/cmake)
[2.974s] -- Added test 'flake8' to check Python code syntax and style conventions
[2.979s] -- Configured 'flake8' exclude dirs and/or files: 
[2.992s] -- Added test 'lint_cmake' to check CMake code style
[3.005s] -- Added test 'pep257' to check Python code against some of the docstring style conventions in PEP 257
[3.039s] -- Added test 'xmllint' to check XML markup files
[3.059s] -- Configuring done (2.7s)
[3.149s] -- Generating done (0.1s)
[3.191s] -- Build files have been written to: /home/cowbot/cowbot_ws/build/cowbot_description
[3.220s] Invoked command in '/home/cowbot/cowbot_ws/build/cowbot_description' returned '0': CMAKE_PREFIX_PATH=/opt/ros/jazzy /usr/bin/cmake /home/cowbot/cowbot_ws/src/cowbot_description -DCMAKE_INSTALL_PREFIX=/home/cowbot/cowbot_ws/install/cowbot_description
[3.222s] Invoking command in '/home/cowbot/cowbot_ws/build/cowbot_description': CMAKE_PREFIX_PATH=/opt/ros/jazzy /usr/bin/cmake --build /home/cowbot/cowbot_ws/build/cowbot_description -- -j4 -l4
[3.515s] Invoked command in '/home/cowbot/cowbot_ws/build/cowbot_description' returned '0': CMAKE_PREFIX_PATH=/opt/ros/jazzy /usr/bin/cmake --build /home/cowbot/cowbot_ws/build/cowbot_description -- -j4 -l4
[3.527s] Invoking command in '/home/cowbot/cowbot_ws/build/cowbot_description': CMAKE_PREFIX_PATH=/opt/ros/jazzy /usr/bin/cmake --install /home/cowbot/cowbot_ws/build/cowbot_description
[3.580s] -- Install configuration: ""
[3.581s] -- Execute custom install script
[3.591s] -- Up-to-date symlink: /home/cowbot/cowbot_ws/install/cowbot_description/share/cowbot_description/launch/robot_state_publisher.launch.py
[3.596s] -- Up-to-date symlink: /home/cowbot/cowbot_ws/install/cowbot_description/share/cowbot_description/launch/robot_state_publisher_hardware.launch.py
[3.606s] -- Up-to-date symlink: /home/cowbot/cowbot_ws/install/cowbot_description/share/cowbot_description/onshape/api-keys.sh
[3.614s] -- Up-to-date symlink: /home/cowbot/cowbot_ws/install/cowbot_description/share/cowbot_description/onshape/assets/base_link.part
[3.615s] -- Up-to-date symlink: /home/cowbot/cowbot_ws/install/cowbot_description/share/cowbot_description/onshape/assets/base_link.stl
[3.619s] -- Up-to-date symlink: /home/cowbot/cowbot_ws/install/cowbot_description/share/cowbot_description/onshape/assets/fastbot_motor.part
[3.623s] -- Up-to-date symlink: /home/cowbot/cowbot_ws/install/cowbot_description/share/cowbot_description/onshape/assets/fastbot_motor.stl
[3.624s] -- Up-to-date symlink: /home/cowbot/cowbot_ws/install/cowbot_description/share/cowbot_description/onshape/assets/lslidar_n10.part
[3.628s] -- Up-to-date symlink: /home/cowbot/cowbot_ws/install/cowbot_description/share/cowbot_description/onshape/assets/lslidar_n10.stl
[3.630s] -- Up-to-date symlink: /home/cowbot/cowbot_ws/install/cowbot_description/share/cowbot_description/onshape/assets/pololu_ball_caster.part
[3.633s] -- Up-to-date symlink: /home/cowbot/cowbot_ws/install/cowbot_description/share/cowbot_description/onshape/assets/pololu_ball_caster.stl
[3.646s] -- Up-to-date symlink: /home/cowbot/cowbot_ws/install/cowbot_description/share/cowbot_description/onshape/assets/raspicam.part
[3.647s] -- Up-to-date symlink: /home/cowbot/cowbot_ws/install/cowbot_description/share/cowbot_description/onshape/assets/raspicam.stl
[3.648s] -- Up-to-date symlink: /home/cowbot/cowbot_ws/install/cowbot_description/share/cowbot_description/onshape/assets/tire_d65x25_v1.part
[3.649s] -- Up-to-date symlink: /home/cowbot/cowbot_ws/install/cowbot_description/share/cowbot_description/onshape/assets/tire_d65x25_v1.stl
[3.650s] -- Up-to-date symlink: /home/cowbot/cowbot_ws/install/cowbot_description/share/cowbot_description/onshape/assets/wheel_d65x25_v1.part
[3.652s] -- Up-to-date symlink: /home/cowbot/cowbot_ws/install/cowbot_description/share/cowbot_description/onshape/assets/wheel_d65x25_v1.stl
[3.654s] -- Up-to-date symlink: /home/cowbot/cowbot_ws/install/cowbot_description/share/cowbot_description/onshape/config.json
[3.657s] -- Up-to-date symlink: /home/cowbot/cowbot_ws/install/cowbot_description/share/cowbot_description/onshape/cowbot.xacro
[3.658s] -- Up-to-date symlink: /home/cowbot/cowbot_ws/install/cowbot_description/share/cowbot_description/onshape/cowbot_multi.xacro
[3.661s] -- Up-to-date symlink: /home/cowbot/cowbot_ws/install/cowbot_description/share/cowbot_description/onshape/robot.urdf
[3.666s] -- Up-to-date symlink: /home/cowbot/cowbot_ws/install/cowbot_description/share/cowbot_description/models/urdf/cowbot_multi_sim.xacro
[3.668s] -- Up-to-date symlink: /home/cowbot/cowbot_ws/install/cowbot_description/share/cowbot_description/models/urdf/robot.urdf
[3.673s] -- Up-to-date symlink: /home/cowbot/cowbot_ws/install/cowbot_description/share/ament_index/resource_index/package_run_dependencies/cowbot_description
[3.677s] -- Up-to-date symlink: /home/cowbot/cowbot_ws/install/cowbot_description/share/ament_index/resource_index/parent_prefix_path/cowbot_description
[3.681s] -- Up-to-date symlink: /home/cowbot/cowbot_ws/install/cowbot_description/share/cowbot_description/environment/ament_prefix_path.sh
[3.683s] -- Up-to-date symlink: /home/cowbot/cowbot_ws/install/cowbot_description/share/cowbot_description/environment/ament_prefix_path.dsv
[3.688s] -- Up-to-date symlink: /home/cowbot/cowbot_ws/install/cowbot_description/share/cowbot_description/environment/path.sh
[3.688s] -- Up-to-date symlink: /home/cowbot/cowbot_ws/install/cowbot_description/share/cowbot_description/environment/path.dsv
[3.692s] -- Up-to-date symlink: /home/cowbot/cowbot_ws/install/cowbot_description/share/cowbot_description/local_setup.bash
[3.695s] -- Up-to-date symlink: /home/cowbot/cowbot_ws/install/cowbot_description/share/cowbot_description/local_setup.sh
[3.700s] -- Up-to-date symlink: /home/cowbot/cowbot_ws/install/cowbot_description/share/cowbot_description/local_setup.zsh
[3.702s] -- Up-to-date symlink: /home/cowbot/cowbot_ws/install/cowbot_description/share/cowbot_description/local_setup.dsv
[3.706s] -- Symlinking: /home/cowbot/cowbot_ws/install/cowbot_description/share/cowbot_description/package.dsv
[3.764s] -- Up-to-date symlink: /home/cowbot/cowbot_ws/install/cowbot_description/share/ament_index/resource_index/packages/cowbot_description
[3.769s] -- Up-to-date symlink: /home/cowbot/cowbot_ws/install/cowbot_description/share/cowbot_description/cmake/cowbot_descriptionConfig.cmake
[3.771s] -- Up-to-date symlink: /home/cowbot/cowbot_ws/install/cowbot_description/share/cowbot_description/cmake/cowbot_descriptionConfig-version.cmake
[3.772s] -- Up-to-date symlink: /home/cowbot/cowbot_ws/install/cowbot_description/share/cowbot_description/package.xml
[3.789s] Invoked command in '/home/cowbot/cowbot_ws/build/cowbot_description' returned '0': CMAKE_PREFIX_PATH=/opt/ros/jazzy /usr/bin/cmake --install /home/cowbot/cowbot_ws/build/cowbot_description
