[0.103s] Invoking command in '/home/cowbot/cowbot_ws/build/serial_motor_msgs': CMAKE_PREFIX_PATH=/opt/ros/jazzy /usr/bin/cmake /home/cowbot/cowbot_ws/src/serial_motor_msgs -DCMAKE_INSTALL_PREFIX=/home/cowbot/cowbot_ws/install/serial_motor_msgs
[0.461s] -- Found ament_cmake: 2.5.4 (/opt/ros/jazzy/share/ament_cmake/cmake)
[0.669s] -- Found Python3: /usr/bin/python3 (found version "3.12.3") found components: Interpreter 
[1.227s] -- Override CMake install command with custom implementation using symlinks instead of copying resources
[1.329s] -- Found rosidl_default_generators: 1.6.0 (/opt/ros/jazzy/share/rosidl_default_generators/cmake)
[1.362s] -- Using all available rosidl_typesupport_c: rosidl_typesupport_fastrtps_c;rosidl_typesupport_introspection_c
[1.699s] -- Using all available rosidl_typesupport_cpp: rosidl_typesupport_fastrtps_cpp;rosidl_typesupport_introspection_cpp
[1.936s] -- Found rosidl_adapter: 4.6.6 (/opt/ros/jazzy/share/rosidl_adapter/cmake)
[3.687s] -- Found ament_cmake_ros: 0.12.0 (/opt/ros/jazzy/share/ament_cmake_ros/cmake)
[4.277s] -- Using all available rosidl_typesupport_c: rosidl_typesupport_fastrtps_c;rosidl_typesupport_introspection_c
[4.876s] -- Using all available rosidl_typesupport_cpp: rosidl_typesupport_fastrtps_cpp;rosidl_typesupport_introspection_cpp
[4.884s] -- Found python_cmake_module: 0.11.1 (/opt/ros/jazzy/share/python_cmake_module/cmake)
[6.282s] -- Found Python3: /usr/bin/python3 (found version "3.12.3") found components: Interpreter Development NumPy Development.Module Development.Embed 
[6.356s] -- Found ament_lint_auto: 0.17.3 (/opt/ros/jazzy/share/ament_lint_auto/cmake)
[6.445s] -- Added test 'lint_cmake' to check CMake code style
[6.456s] -- Added test 'xmllint' to check XML markup files
[6.482s] -- Configuring done (6.1s)
[6.910s] -- Generating done (0.4s)
[6.979s] -- Build files have been written to: /home/cowbot/cowbot_ws/build/serial_motor_msgs
[6.999s] Invoked command in '/home/cowbot/cowbot_ws/build/serial_motor_msgs' returned '0': CMAKE_PREFIX_PATH=/opt/ros/jazzy /usr/bin/cmake /home/cowbot/cowbot_ws/src/serial_motor_msgs -DCMAKE_INSTALL_PREFIX=/home/cowbot/cowbot_ws/install/serial_motor_msgs
[7.006s] Invoking command in '/home/cowbot/cowbot_ws/build/serial_motor_msgs': CMAKE_PREFIX_PATH=/opt/ros/jazzy /usr/bin/cmake --build /home/cowbot/cowbot_ws/build/serial_motor_msgs -- -j4 -l4
[7.282s] [  1%] Built target serial_motor_msgs__rosidl_generator_type_description
[7.329s] [  1%] Built target ament_cmake_python_symlink_serial_motor_msgs
[7.423s] [  3%] Built target serial_motor_msgs__cpp
[7.500s] [ 24%] Built target serial_motor_msgs__rosidl_generator_c
[7.707s] [ 33%] Built target serial_motor_msgs__rosidl_typesupport_introspection_c
[7.740s] [ 42%] Built target serial_motor_msgs__rosidl_typesupport_cpp
[7.772s] [ 51%] Built target serial_motor_msgs__rosidl_typesupport_fastrtps_c
[7.880s] [ 61%] Built target serial_motor_msgs__rosidl_typesupport_c
[7.933s] [ 70%] Built target serial_motor_msgs__rosidl_typesupport_fastrtps_cpp
[7.978s] [ 79%] Built target serial_motor_msgs__rosidl_typesupport_introspection_cpp
[8.094s] [ 79%] Built target serial_motor_msgs
[8.213s] [ 81%] Built target serial_motor_msgs__py
[8.372s] [ 88%] Built target serial_motor_msgs__rosidl_generator_py
[8.559s] [ 92%] Built target serial_motor_msgs_s__rosidl_typesupport_fastrtps_c
[8.595s] [100%] Built target serial_motor_msgs_s__rosidl_typesupport_c
[8.595s] [100%] Built target serial_motor_msgs_s__rosidl_typesupport_introspection_c
[8.772s] running egg_info
[8.916s] writing serial_motor_msgs.egg-info/PKG-INFO
[8.920s] writing dependency_links to serial_motor_msgs.egg-info/dependency_links.txt
[8.920s] writing top-level names to serial_motor_msgs.egg-info/top_level.txt
[9.378s] reading manifest file 'serial_motor_msgs.egg-info/SOURCES.txt'
[9.384s] writing manifest file 'serial_motor_msgs.egg-info/SOURCES.txt'
[9.588s] [100%] Built target ament_cmake_python_build_serial_motor_msgs_egg
[9.661s] Invoked command in '/home/cowbot/cowbot_ws/build/serial_motor_msgs' returned '0': CMAKE_PREFIX_PATH=/opt/ros/jazzy /usr/bin/cmake --build /home/cowbot/cowbot_ws/build/serial_motor_msgs -- -j4 -l4
[9.663s] Invoking command in '/home/cowbot/cowbot_ws/build/serial_motor_msgs': CMAKE_PREFIX_PATH=/opt/ros/jazzy /usr/bin/cmake --install /home/cowbot/cowbot_ws/build/serial_motor_msgs
[9.706s] -- Install configuration: ""
[9.708s] -- Execute custom install script
[9.711s] -- Up-to-date symlink: /home/cowbot/cowbot_ws/install/serial_motor_msgs/share/ament_index/resource_index/rosidl_interfaces/serial_motor_msgs
[9.715s] -- Up-to-date symlink: /home/cowbot/cowbot_ws/install/serial_motor_msgs/share/serial_motor_msgs/msg/MotorVels.json
[9.717s] -- Up-to-date symlink: /home/cowbot/cowbot_ws/install/serial_motor_msgs/share/serial_motor_msgs/msg/MotorCommands.json
[9.719s] -- Up-to-date symlink: /home/cowbot/cowbot_ws/install/serial_motor_msgs/share/serial_motor_msgs/msg/EncoderVals.json
[9.728s] -- Up-to-date symlink: /home/cowbot/cowbot_ws/install/serial_motor_msgs/include/serial_motor_msgs/serial_motor_msgs/msg/detail/encoder_vals__functions.h
[9.730s] -- Up-to-date symlink: /home/cowbot/cowbot_ws/install/serial_motor_msgs/include/serial_motor_msgs/serial_motor_msgs/msg/detail/encoder_vals__struct.h
[9.732s] -- Up-to-date symlink: /home/cowbot/cowbot_ws/install/serial_motor_msgs/include/serial_motor_msgs/serial_motor_msgs/msg/detail/encoder_vals__type_support.h
[9.734s] -- Up-to-date symlink: /home/cowbot/cowbot_ws/install/serial_motor_msgs/include/serial_motor_msgs/serial_motor_msgs/msg/detail/motor_commands__functions.h
[9.736s] -- Up-to-date symlink: /home/cowbot/cowbot_ws/install/serial_motor_msgs/include/serial_motor_msgs/serial_motor_msgs/msg/detail/motor_commands__struct.h
[9.738s] -- Up-to-date symlink: /home/cowbot/cowbot_ws/install/serial_motor_msgs/include/serial_motor_msgs/serial_motor_msgs/msg/detail/motor_commands__type_support.h
[9.740s] -- Up-to-date symlink: /home/cowbot/cowbot_ws/install/serial_motor_msgs/include/serial_motor_msgs/serial_motor_msgs/msg/detail/motor_vels__functions.h
[9.742s] -- Up-to-date symlink: /home/cowbot/cowbot_ws/install/serial_motor_msgs/include/serial_motor_msgs/serial_motor_msgs/msg/detail/motor_vels__struct.h
[9.744s] -- Up-to-date symlink: /home/cowbot/cowbot_ws/install/serial_motor_msgs/include/serial_motor_msgs/serial_motor_msgs/msg/detail/motor_vels__type_support.h
[9.746s] -- Up-to-date symlink: /home/cowbot/cowbot_ws/install/serial_motor_msgs/include/serial_motor_msgs/serial_motor_msgs/msg/encoder_vals.h
[9.748s] -- Up-to-date symlink: /home/cowbot/cowbot_ws/install/serial_motor_msgs/include/serial_motor_msgs/serial_motor_msgs/msg/motor_commands.h
[9.750s] -- Up-to-date symlink: /home/cowbot/cowbot_ws/install/serial_motor_msgs/include/serial_motor_msgs/serial_motor_msgs/msg/motor_vels.h
[9.752s] -- Up-to-date symlink: /home/cowbot/cowbot_ws/install/serial_motor_msgs/include/serial_motor_msgs/serial_motor_msgs/msg/rosidl_generator_c__visibility_control.h
[9.756s] -- Up-to-date symlink: /home/cowbot/cowbot_ws/install/serial_motor_msgs/share/serial_motor_msgs/environment/library_path.sh
[9.757s] -- Up-to-date symlink: /home/cowbot/cowbot_ws/install/serial_motor_msgs/share/serial_motor_msgs/environment/library_path.dsv
[9.764s] -- Up-to-date symlink: /home/cowbot/cowbot_ws/install/serial_motor_msgs/include/serial_motor_msgs/serial_motor_msgs/msg/detail/encoder_vals__rosidl_typesupport_fastrtps_c.h
[9.765s] -- Up-to-date symlink: /home/cowbot/cowbot_ws/install/serial_motor_msgs/include/serial_motor_msgs/serial_motor_msgs/msg/detail/motor_commands__rosidl_typesupport_fastrtps_c.h
[9.767s] -- Up-to-date symlink: /home/cowbot/cowbot_ws/install/serial_motor_msgs/include/serial_motor_msgs/serial_motor_msgs/msg/detail/motor_vels__rosidl_typesupport_fastrtps_c.h
[9.772s] -- Up-to-date symlink: /home/cowbot/cowbot_ws/install/serial_motor_msgs/include/serial_motor_msgs/serial_motor_msgs/msg/rosidl_typesupport_fastrtps_c__visibility_control.h
[9.776s] -- Up-to-date symlink: /home/cowbot/cowbot_ws/install/serial_motor_msgs/include/serial_motor_msgs/serial_motor_msgs/msg/detail/encoder_vals__rosidl_typesupport_introspection_c.h
[9.778s] -- Up-to-date symlink: /home/cowbot/cowbot_ws/install/serial_motor_msgs/include/serial_motor_msgs/serial_motor_msgs/msg/detail/motor_commands__rosidl_typesupport_introspection_c.h
[9.780s] -- Up-to-date symlink: /home/cowbot/cowbot_ws/install/serial_motor_msgs/include/serial_motor_msgs/serial_motor_msgs/msg/detail/motor_vels__rosidl_typesupport_introspection_c.h
[9.781s] -- Up-to-date symlink: /home/cowbot/cowbot_ws/install/serial_motor_msgs/include/serial_motor_msgs/serial_motor_msgs/msg/rosidl_typesupport_introspection_c__visibility_control.h
[9.786s] -- Up-to-date symlink: /home/cowbot/cowbot_ws/install/serial_motor_msgs/include/serial_motor_msgs/serial_motor_msgs/msg/detail/encoder_vals__builder.hpp
[9.789s] -- Up-to-date symlink: /home/cowbot/cowbot_ws/install/serial_motor_msgs/include/serial_motor_msgs/serial_motor_msgs/msg/detail/encoder_vals__struct.hpp
[9.791s] -- Up-to-date symlink: /home/cowbot/cowbot_ws/install/serial_motor_msgs/include/serial_motor_msgs/serial_motor_msgs/msg/detail/encoder_vals__traits.hpp
[9.793s] -- Up-to-date symlink: /home/cowbot/cowbot_ws/install/serial_motor_msgs/include/serial_motor_msgs/serial_motor_msgs/msg/detail/encoder_vals__type_support.hpp
[9.795s] -- Up-to-date symlink: /home/cowbot/cowbot_ws/install/serial_motor_msgs/include/serial_motor_msgs/serial_motor_msgs/msg/detail/motor_commands__builder.hpp
[9.797s] -- Up-to-date symlink: /home/cowbot/cowbot_ws/install/serial_motor_msgs/include/serial_motor_msgs/serial_motor_msgs/msg/detail/motor_commands__struct.hpp
[9.799s] -- Up-to-date symlink: /home/cowbot/cowbot_ws/install/serial_motor_msgs/include/serial_motor_msgs/serial_motor_msgs/msg/detail/motor_commands__traits.hpp
[9.801s] -- Up-to-date symlink: /home/cowbot/cowbot_ws/install/serial_motor_msgs/include/serial_motor_msgs/serial_motor_msgs/msg/detail/motor_commands__type_support.hpp
[9.803s] -- Up-to-date symlink: /home/cowbot/cowbot_ws/install/serial_motor_msgs/include/serial_motor_msgs/serial_motor_msgs/msg/detail/motor_vels__builder.hpp
[9.805s] -- Up-to-date symlink: /home/cowbot/cowbot_ws/install/serial_motor_msgs/include/serial_motor_msgs/serial_motor_msgs/msg/detail/motor_vels__struct.hpp
[9.807s] -- Up-to-date symlink: /home/cowbot/cowbot_ws/install/serial_motor_msgs/include/serial_motor_msgs/serial_motor_msgs/msg/detail/motor_vels__traits.hpp
[9.809s] -- Up-to-date symlink: /home/cowbot/cowbot_ws/install/serial_motor_msgs/include/serial_motor_msgs/serial_motor_msgs/msg/detail/motor_vels__type_support.hpp
[9.811s] -- Up-to-date symlink: /home/cowbot/cowbot_ws/install/serial_motor_msgs/include/serial_motor_msgs/serial_motor_msgs/msg/encoder_vals.hpp
[9.814s] -- Up-to-date symlink: /home/cowbot/cowbot_ws/install/serial_motor_msgs/include/serial_motor_msgs/serial_motor_msgs/msg/motor_commands.hpp
[9.815s] -- Up-to-date symlink: /home/cowbot/cowbot_ws/install/serial_motor_msgs/include/serial_motor_msgs/serial_motor_msgs/msg/motor_vels.hpp
[9.817s] -- Up-to-date symlink: /home/cowbot/cowbot_ws/install/serial_motor_msgs/include/serial_motor_msgs/serial_motor_msgs/msg/rosidl_generator_cpp__visibility_control.hpp
[9.823s] -- Up-to-date symlink: /home/cowbot/cowbot_ws/install/serial_motor_msgs/include/serial_motor_msgs/serial_motor_msgs/msg/detail/encoder_vals__rosidl_typesupport_fastrtps_cpp.hpp
[9.825s] -- Up-to-date symlink: /home/cowbot/cowbot_ws/install/serial_motor_msgs/include/serial_motor_msgs/serial_motor_msgs/msg/detail/motor_commands__rosidl_typesupport_fastrtps_cpp.hpp
[9.832s] -- Up-to-date symlink: /home/cowbot/cowbot_ws/install/serial_motor_msgs/include/serial_motor_msgs/serial_motor_msgs/msg/detail/motor_vels__rosidl_typesupport_fastrtps_cpp.hpp
[9.832s] -- Up-to-date symlink: /home/cowbot/cowbot_ws/install/serial_motor_msgs/include/serial_motor_msgs/serial_motor_msgs/msg/rosidl_typesupport_fastrtps_cpp__visibility_control.h
[9.833s] -- Up-to-date symlink: /home/cowbot/cowbot_ws/install/serial_motor_msgs/include/serial_motor_msgs/serial_motor_msgs/msg/detail/encoder_vals__rosidl_typesupport_introspection_cpp.hpp
[9.834s] -- Up-to-date symlink: /home/cowbot/cowbot_ws/install/serial_motor_msgs/include/serial_motor_msgs/serial_motor_msgs/msg/detail/motor_commands__rosidl_typesupport_introspection_cpp.hpp
[9.836s] -- Up-to-date symlink: /home/cowbot/cowbot_ws/install/serial_motor_msgs/include/serial_motor_msgs/serial_motor_msgs/msg/detail/motor_vels__rosidl_typesupport_introspection_cpp.hpp
[9.838s] -- Up-to-date symlink: /home/cowbot/cowbot_ws/install/serial_motor_msgs/share/serial_motor_msgs/environment/pythonpath.sh
[9.840s] -- Up-to-date symlink: /home/cowbot/cowbot_ws/install/serial_motor_msgs/share/serial_motor_msgs/environment/pythonpath.dsv
[9.845s] -- Up-to-date symlink: /home/cowbot/cowbot_ws/install/serial_motor_msgs/lib/python3.12/site-packages/serial_motor_msgs-0.0.0-py3.12.egg-info/PKG-INFO
[9.847s] -- Up-to-date symlink: /home/cowbot/cowbot_ws/install/serial_motor_msgs/lib/python3.12/site-packages/serial_motor_msgs-0.0.0-py3.12.egg-info/SOURCES.txt
[9.850s] -- Up-to-date symlink: /home/cowbot/cowbot_ws/install/serial_motor_msgs/lib/python3.12/site-packages/serial_motor_msgs-0.0.0-py3.12.egg-info/dependency_links.txt
[9.851s] -- Up-to-date symlink: /home/cowbot/cowbot_ws/install/serial_motor_msgs/lib/python3.12/site-packages/serial_motor_msgs-0.0.0-py3.12.egg-info/top_level.txt
[9.859s] -- Up-to-date symlink: /home/cowbot/cowbot_ws/install/serial_motor_msgs/lib/python3.12/site-packages/serial_motor_msgs/__init__.py
[9.860s] -- Up-to-date symlink: /home/cowbot/cowbot_ws/install/serial_motor_msgs/lib/python3.12/site-packages/serial_motor_msgs/_serial_motor_msgs_s.ep.rosidl_typesupport_c.c
[9.862s] -- Up-to-date symlink: /home/cowbot/cowbot_ws/install/serial_motor_msgs/lib/python3.12/site-packages/serial_motor_msgs/_serial_motor_msgs_s.ep.rosidl_typesupport_fastrtps_c.c
[9.864s] -- Up-to-date symlink: /home/cowbot/cowbot_ws/install/serial_motor_msgs/lib/python3.12/site-packages/serial_motor_msgs/_serial_motor_msgs_s.ep.rosidl_typesupport_introspection_c.c
[9.867s] -- Up-to-date symlink: /home/cowbot/cowbot_ws/install/serial_motor_msgs/lib/python3.12/site-packages/serial_motor_msgs/msg/__init__.py
[9.869s] -- Up-to-date symlink: /home/cowbot/cowbot_ws/install/serial_motor_msgs/lib/python3.12/site-packages/serial_motor_msgs/msg/_encoder_vals.py
[9.872s] -- Up-to-date symlink: /home/cowbot/cowbot_ws/install/serial_motor_msgs/lib/python3.12/site-packages/serial_motor_msgs/msg/_encoder_vals_s.c
[9.873s] -- Up-to-date symlink: /home/cowbot/cowbot_ws/install/serial_motor_msgs/lib/python3.12/site-packages/serial_motor_msgs/msg/_motor_commands.py
[9.878s] -- Up-to-date symlink: /home/cowbot/cowbot_ws/install/serial_motor_msgs/lib/python3.12/site-packages/serial_motor_msgs/msg/_motor_commands_s.c
[9.879s] -- Up-to-date symlink: /home/cowbot/cowbot_ws/install/serial_motor_msgs/lib/python3.12/site-packages/serial_motor_msgs/msg/_motor_vels.py
[9.881s] -- Up-to-date symlink: /home/cowbot/cowbot_ws/install/serial_motor_msgs/lib/python3.12/site-packages/serial_motor_msgs/msg/_motor_vels_s.c
[9.884s] -- Up-to-date symlink: /home/cowbot/cowbot_ws/install/serial_motor_msgs/lib/python3.12/site-packages/serial_motor_msgs/serial_motor_msgs_s__rosidl_typesupport_c.so
[9.886s] -- Up-to-date symlink: /home/cowbot/cowbot_ws/install/serial_motor_msgs/lib/python3.12/site-packages/serial_motor_msgs/serial_motor_msgs_s__rosidl_typesupport_fastrtps_c.so
[9.888s] -- Up-to-date symlink: /home/cowbot/cowbot_ws/install/serial_motor_msgs/lib/python3.12/site-packages/serial_motor_msgs/serial_motor_msgs_s__rosidl_typesupport_introspection_c.so
[9.890s] -- Up-to-date symlink: /home/cowbot/cowbot_ws/install/serial_motor_msgs/lib/python3.12/site-packages/serial_motor_msgs/serial_motor_msgs_s__rosidl_typesupport_fastrtps_c.so
[9.892s] -- Up-to-date symlink: /home/cowbot/cowbot_ws/install/serial_motor_msgs/lib/python3.12/site-packages/serial_motor_msgs/serial_motor_msgs_s__rosidl_typesupport_introspection_c.so
[9.894s] -- Up-to-date symlink: /home/cowbot/cowbot_ws/install/serial_motor_msgs/lib/python3.12/site-packages/serial_motor_msgs/serial_motor_msgs_s__rosidl_typesupport_c.so
[9.896s] -- Up-to-date symlink: /home/cowbot/cowbot_ws/install/serial_motor_msgs/share/serial_motor_msgs/msg/MotorVels.idl
[9.898s] -- Up-to-date symlink: /home/cowbot/cowbot_ws/install/serial_motor_msgs/share/serial_motor_msgs/msg/MotorCommands.idl
[9.900s] -- Up-to-date symlink: /home/cowbot/cowbot_ws/install/serial_motor_msgs/share/serial_motor_msgs/msg/EncoderVals.idl
[9.902s] -- Up-to-date symlink: /home/cowbot/cowbot_ws/install/serial_motor_msgs/share/serial_motor_msgs/msg/MotorVels.msg
[9.903s] -- Up-to-date symlink: /home/cowbot/cowbot_ws/install/serial_motor_msgs/share/serial_motor_msgs/msg/MotorCommands.msg
[9.905s] -- Up-to-date symlink: /home/cowbot/cowbot_ws/install/serial_motor_msgs/share/serial_motor_msgs/msg/EncoderVals.msg
[9.908s] -- Up-to-date symlink: /home/cowbot/cowbot_ws/install/serial_motor_msgs/share/ament_index/resource_index/package_run_dependencies/serial_motor_msgs
[9.910s] -- Up-to-date symlink: /home/cowbot/cowbot_ws/install/serial_motor_msgs/share/ament_index/resource_index/parent_prefix_path/serial_motor_msgs
[9.912s] -- Up-to-date symlink: /home/cowbot/cowbot_ws/install/serial_motor_msgs/share/serial_motor_msgs/environment/ament_prefix_path.sh
[9.917s] -- Up-to-date symlink: /home/cowbot/cowbot_ws/install/serial_motor_msgs/share/serial_motor_msgs/environment/ament_prefix_path.dsv
[9.919s] -- Up-to-date symlink: /home/cowbot/cowbot_ws/install/serial_motor_msgs/share/serial_motor_msgs/environment/path.sh
[9.921s] -- Up-to-date symlink: /home/cowbot/cowbot_ws/install/serial_motor_msgs/share/serial_motor_msgs/environment/path.dsv
[9.923s] -- Up-to-date symlink: /home/cowbot/cowbot_ws/install/serial_motor_msgs/share/serial_motor_msgs/local_setup.bash
[9.925s] -- Up-to-date symlink: /home/cowbot/cowbot_ws/install/serial_motor_msgs/share/serial_motor_msgs/local_setup.sh
[9.927s] -- Up-to-date symlink: /home/cowbot/cowbot_ws/install/serial_motor_msgs/share/serial_motor_msgs/local_setup.zsh
[9.929s] -- Up-to-date symlink: /home/cowbot/cowbot_ws/install/serial_motor_msgs/share/serial_motor_msgs/local_setup.dsv
[9.930s] -- Symlinking: /home/cowbot/cowbot_ws/install/serial_motor_msgs/share/serial_motor_msgs/package.dsv
[9.983s] -- Up-to-date symlink: /home/cowbot/cowbot_ws/install/serial_motor_msgs/share/ament_index/resource_index/packages/serial_motor_msgs
[9.985s] -- Up-to-date symlink: /home/cowbot/cowbot_ws/install/serial_motor_msgs/share/serial_motor_msgs/cmake/rosidl_cmake-extras.cmake
[9.987s] -- Up-to-date symlink: /home/cowbot/cowbot_ws/install/serial_motor_msgs/share/serial_motor_msgs/cmake/ament_cmake_export_include_directories-extras.cmake
[9.989s] -- Up-to-date symlink: /home/cowbot/cowbot_ws/install/serial_motor_msgs/share/serial_motor_msgs/cmake/ament_cmake_export_libraries-extras.cmake
[9.991s] -- Up-to-date symlink: /home/cowbot/cowbot_ws/install/serial_motor_msgs/share/serial_motor_msgs/cmake/ament_cmake_export_targets-extras.cmake
[9.993s] -- Up-to-date symlink: /home/cowbot/cowbot_ws/install/serial_motor_msgs/share/serial_motor_msgs/cmake/rosidl_cmake_export_typesupport_targets-extras.cmake
[9.998s] -- Up-to-date symlink: /home/cowbot/cowbot_ws/install/serial_motor_msgs/share/serial_motor_msgs/cmake/ament_cmake_export_dependencies-extras.cmake
[10.000s] -- Up-to-date symlink: /home/cowbot/cowbot_ws/install/serial_motor_msgs/share/serial_motor_msgs/cmake/rosidl_cmake_export_typesupport_libraries-extras.cmake
[10.001s] -- Up-to-date symlink: /home/cowbot/cowbot_ws/install/serial_motor_msgs/share/serial_motor_msgs/cmake/serial_motor_msgsConfig.cmake
[10.004s] -- Up-to-date symlink: /home/cowbot/cowbot_ws/install/serial_motor_msgs/share/serial_motor_msgs/cmake/serial_motor_msgsConfig-version.cmake
[10.005s] -- Up-to-date symlink: /home/cowbot/cowbot_ws/install/serial_motor_msgs/share/serial_motor_msgs/package.xml
[10.010s] -- Up-to-date: /home/cowbot/cowbot_ws/install/serial_motor_msgs/lib/libserial_motor_msgs__rosidl_generator_c.so
[10.016s] -- Up-to-date: /home/cowbot/cowbot_ws/install/serial_motor_msgs/lib/libserial_motor_msgs__rosidl_typesupport_fastrtps_c.so
[10.026s] -- Up-to-date: /home/cowbot/cowbot_ws/install/serial_motor_msgs/lib/libserial_motor_msgs__rosidl_typesupport_introspection_c.so
[10.034s] -- Up-to-date: /home/cowbot/cowbot_ws/install/serial_motor_msgs/lib/libserial_motor_msgs__rosidl_typesupport_c.so
[10.044s] -- Up-to-date: /home/cowbot/cowbot_ws/install/serial_motor_msgs/lib/libserial_motor_msgs__rosidl_typesupport_fastrtps_cpp.so
[10.054s] -- Up-to-date: /home/cowbot/cowbot_ws/install/serial_motor_msgs/lib/libserial_motor_msgs__rosidl_typesupport_introspection_cpp.so
[10.064s] -- Up-to-date: /home/cowbot/cowbot_ws/install/serial_motor_msgs/lib/libserial_motor_msgs__rosidl_typesupport_cpp.so
[10.299s] Listing '/home/cowbot/cowbot_ws/install/serial_motor_msgs/lib/python3.12/site-packages/serial_motor_msgs'...
[10.300s] Compiling '/home/cowbot/cowbot_ws/install/serial_motor_msgs/lib/python3.12/site-packages/serial_motor_msgs/__init__.py'...
[10.301s] Listing '/home/cowbot/cowbot_ws/install/serial_motor_msgs/lib/python3.12/site-packages/serial_motor_msgs/msg'...
[10.337s] -- Up-to-date: /home/cowbot/cowbot_ws/install/serial_motor_msgs/lib/libserial_motor_msgs__rosidl_generator_py.so
[10.340s] -- Up-to-date: /home/cowbot/cowbot_ws/install/serial_motor_msgs/share/serial_motor_msgs/cmake/export_serial_motor_msgs__rosidl_generator_cExport.cmake
[10.341s] -- Up-to-date: /home/cowbot/cowbot_ws/install/serial_motor_msgs/share/serial_motor_msgs/cmake/export_serial_motor_msgs__rosidl_generator_cExport-noconfig.cmake
[10.342s] -- Up-to-date: /home/cowbot/cowbot_ws/install/serial_motor_msgs/share/serial_motor_msgs/cmake/export_serial_motor_msgs__rosidl_typesupport_fastrtps_cExport.cmake
[10.343s] -- Up-to-date: /home/cowbot/cowbot_ws/install/serial_motor_msgs/share/serial_motor_msgs/cmake/export_serial_motor_msgs__rosidl_typesupport_fastrtps_cExport-noconfig.cmake
[10.345s] -- Up-to-date: /home/cowbot/cowbot_ws/install/serial_motor_msgs/share/serial_motor_msgs/cmake/serial_motor_msgs__rosidl_typesupport_introspection_cExport.cmake
[10.346s] -- Up-to-date: /home/cowbot/cowbot_ws/install/serial_motor_msgs/share/serial_motor_msgs/cmake/serial_motor_msgs__rosidl_typesupport_introspection_cExport-noconfig.cmake
[10.347s] -- Up-to-date: /home/cowbot/cowbot_ws/install/serial_motor_msgs/share/serial_motor_msgs/cmake/serial_motor_msgs__rosidl_typesupport_cExport.cmake
[10.348s] -- Up-to-date: /home/cowbot/cowbot_ws/install/serial_motor_msgs/share/serial_motor_msgs/cmake/serial_motor_msgs__rosidl_typesupport_cExport-noconfig.cmake
[10.350s] -- Up-to-date: /home/cowbot/cowbot_ws/install/serial_motor_msgs/share/serial_motor_msgs/cmake/export_serial_motor_msgs__rosidl_generator_cppExport.cmake
[10.352s] -- Up-to-date: /home/cowbot/cowbot_ws/install/serial_motor_msgs/share/serial_motor_msgs/cmake/export_serial_motor_msgs__rosidl_typesupport_fastrtps_cppExport.cmake
[10.352s] -- Up-to-date: /home/cowbot/cowbot_ws/install/serial_motor_msgs/share/serial_motor_msgs/cmake/export_serial_motor_msgs__rosidl_typesupport_fastrtps_cppExport-noconfig.cmake
[10.354s] -- Up-to-date: /home/cowbot/cowbot_ws/install/serial_motor_msgs/share/serial_motor_msgs/cmake/serial_motor_msgs__rosidl_typesupport_introspection_cppExport.cmake
[10.355s] -- Up-to-date: /home/cowbot/cowbot_ws/install/serial_motor_msgs/share/serial_motor_msgs/cmake/serial_motor_msgs__rosidl_typesupport_introspection_cppExport-noconfig.cmake
[10.357s] -- Up-to-date: /home/cowbot/cowbot_ws/install/serial_motor_msgs/share/serial_motor_msgs/cmake/serial_motor_msgs__rosidl_typesupport_cppExport.cmake
[10.357s] -- Up-to-date: /home/cowbot/cowbot_ws/install/serial_motor_msgs/share/serial_motor_msgs/cmake/serial_motor_msgs__rosidl_typesupport_cppExport-noconfig.cmake
[10.359s] -- Up-to-date: /home/cowbot/cowbot_ws/install/serial_motor_msgs/share/serial_motor_msgs/cmake/export_serial_motor_msgs__rosidl_generator_pyExport.cmake
[10.359s] -- Up-to-date: /home/cowbot/cowbot_ws/install/serial_motor_msgs/share/serial_motor_msgs/cmake/export_serial_motor_msgs__rosidl_generator_pyExport-noconfig.cmake
[10.369s] Invoked command in '/home/cowbot/cowbot_ws/build/serial_motor_msgs' returned '0': CMAKE_PREFIX_PATH=/opt/ros/jazzy /usr/bin/cmake --install /home/cowbot/cowbot_ws/build/serial_motor_msgs
