[4.078s] Invoking command in '/home/cowbot/cowbot_ws/build/serial_motor': PYTHONPATH=/home/cowbot/cowbot_ws/build/serial_motor/prefix_override:/usr/lib/python3/dist-packages/colcon_core/task/python/colcon_distutils_commands:/home/cowbot/cowbot_ws/install/serial_motor/lib/python3.12/site-packages:/home/cowbot/cowbot_ws/install/serial_motor_msgs/lib/python3.12/site-packages:/home/cowbot/cowbot_ws/install/serial_motor/lib/python3.12/site-packages:/home/cowbot/cowbot_ws/install/lslidar_msgs/lib/python3.12/site-packages:/opt/ros/jazzy/lib/python3.12/site-packages /usr/bin/python3 -W ignore:setup.py install is deprecated -W ignore:easy_install command is deprecated setup.py develop --editable --build-directory /home/cowbot/cowbot_ws/build/serial_motor/build --no-deps symlink_data --force
[5.691s] running develop
[6.662s] running egg_info
[6.758s] writing serial_motor.egg-info/PKG-INFO
[6.759s] writing dependency_links to serial_motor.egg-info/dependency_links.txt
[6.760s] writing entry points to serial_motor.egg-info/entry_points.txt
[6.761s] writing requirements to serial_motor.egg-info/requires.txt
[6.762s] writing top-level names to serial_motor.egg-info/top_level.txt
[6.957s] reading manifest file 'serial_motor.egg-info/SOURCES.txt'
[6.961s] writing manifest file 'serial_motor.egg-info/SOURCES.txt'
[7.093s] running build_ext
[7.094s] Creating /home/cowbot/cowbot_ws/install/serial_motor/lib/python3.12/site-packages/serial-motor.egg-link (link to .)
[7.097s] Installing motor_driver script to /home/cowbot/cowbot_ws/install/serial_motor/lib/serial_motor
[7.099s] 
[7.099s] Installed /home/cowbot/cowbot_ws/build/serial_motor
[7.100s] running symlink_data
[7.100s] symbolically linking /home/cowbot/cowbot_ws/build/serial_motor/resource/serial_motor -> /home/cowbot/cowbot_ws/install/serial_motor/share/ament_index/resource_index/packages
[7.101s] symbolically linking /home/cowbot/cowbot_ws/build/serial_motor/package.xml -> /home/cowbot/cowbot_ws/install/serial_motor/share/serial_motor
[7.102s] symbolically linking /home/cowbot/cowbot_ws/build/serial_motor/launch/serial_motor.launch.py -> /home/cowbot/cowbot_ws/install/serial_motor/share/serial_motor/launch
[7.268s] Invoked command in '/home/cowbot/cowbot_ws/build/serial_motor' returned '0': PYTHONPATH=/home/cowbot/cowbot_ws/build/serial_motor/prefix_override:/usr/lib/python3/dist-packages/colcon_core/task/python/colcon_distutils_commands:/home/cowbot/cowbot_ws/install/serial_motor/lib/python3.12/site-packages:/home/cowbot/cowbot_ws/install/serial_motor_msgs/lib/python3.12/site-packages:/home/cowbot/cowbot_ws/install/serial_motor/lib/python3.12/site-packages:/home/cowbot/cowbot_ws/install/lslidar_msgs/lib/python3.12/site-packages:/opt/ros/jazzy/lib/python3.12/site-packages /usr/bin/python3 -W ignore:setup.py install is deprecated -W ignore:easy_install command is deprecated setup.py develop --editable --build-directory /home/cowbot/cowbot_ws/build/serial_motor/build --no-deps symlink_data --force
