[0.126s] Invoking command in '/home/cowbot/cowbot_ws/build/lslidar_msgs': CMAKE_PREFIX_PATH=${CMAKE_PREFIX_PATH}:/home/cowbot/cowbot_ws/install/serial_motor:/opt/ros/jazzy /usr/bin/cmake --build /home/cowbot/cowbot_ws/build/lslidar_msgs -- -j4 -l4
[0.843s] [  1%] Built target lslidar_msgs__rosidl_generator_type_description
[0.883s] [  1%] Built target ament_cmake_python_symlink_lslidar_msgs
[1.100s] [  2%] Built target lslidar_msgs__cpp
[1.223s] [ 25%] Built target lslidar_msgs__rosidl_generator_c
[1.579s] [ 35%] Built target lslidar_msgs__rosidl_typesupport_c
[1.624s] [ 45%] Built target lslidar_msgs__rosidl_typesupport_introspection_c
[1.629s] [ 54%] Built target lslidar_msgs__rosidl_typesupport_fastrtps_cpp
[1.946s] [ 63%] Built target lslidar_msgs__rosidl_typesupport_introspection_cpp
[1.975s] [ 72%] Built target lslidar_msgs__rosidl_typesupport_cpp
[2.022s] [ 82%] Built target lslidar_msgs__rosidl_typesupport_fastrtps_c
[2.228s] [ 82%] Built target lslidar_msgs
[2.459s] [ 83%] Built target lslidar_msgs__py
[2.650s] [ 91%] Built target lslidar_msgs__rosidl_generator_py
[2.947s] [ 94%] Built target lslidar_msgs_s__rosidl_typesupport_introspection_c
[2.969s] [ 97%] Built target lslidar_msgs_s__rosidl_typesupport_fastrtps_c
[2.974s] [100%] Built target lslidar_msgs_s__rosidl_typesupport_c
[3.046s] running egg_info
[3.141s] writing lslidar_msgs.egg-info/PKG-INFO
[3.142s] writing dependency_links to lslidar_msgs.egg-info/dependency_links.txt
[3.143s] writing top-level names to lslidar_msgs.egg-info/top_level.txt
[3.401s] reading manifest file 'lslidar_msgs.egg-info/SOURCES.txt'
[3.405s] writing manifest file 'lslidar_msgs.egg-info/SOURCES.txt'
[3.603s] [100%] Built target ament_cmake_python_build_lslidar_msgs_egg
[3.668s] Invoked command in '/home/cowbot/cowbot_ws/build/lslidar_msgs' returned '0': CMAKE_PREFIX_PATH=${CMAKE_PREFIX_PATH}:/home/cowbot/cowbot_ws/install/serial_motor:/opt/ros/jazzy /usr/bin/cmake --build /home/cowbot/cowbot_ws/build/lslidar_msgs -- -j4 -l4
[3.677s] Invoking command in '/home/cowbot/cowbot_ws/build/lslidar_msgs': CMAKE_PREFIX_PATH=${CMAKE_PREFIX_PATH}:/home/cowbot/cowbot_ws/install/serial_motor:/opt/ros/jazzy /usr/bin/cmake --install /home/cowbot/cowbot_ws/build/lslidar_msgs
[3.721s] -- Install configuration: ""
[3.724s] -- Execute custom install script
[3.727s] -- Up-to-date symlink: /home/cowbot/cowbot_ws/install/lslidar_msgs/share/ament_index/resource_index/rosidl_interfaces/lslidar_msgs
[3.730s] -- Up-to-date symlink: /home/cowbot/cowbot_ws/install/lslidar_msgs/share/lslidar_msgs/msg/LslidarDifop.json
[3.732s] -- Up-to-date symlink: /home/cowbot/cowbot_ws/install/lslidar_msgs/share/lslidar_msgs/msg/LslidarPacket.json
[3.734s] -- Up-to-date symlink: /home/cowbot/cowbot_ws/install/lslidar_msgs/share/lslidar_msgs/msg/LslidarPoint.json
[3.736s] -- Up-to-date symlink: /home/cowbot/cowbot_ws/install/lslidar_msgs/share/lslidar_msgs/msg/LslidarScan.json
[3.738s] -- Up-to-date symlink: /home/cowbot/cowbot_ws/install/lslidar_msgs/share/lslidar_msgs/msg/LslidarSweep.json
[3.746s] -- Up-to-date symlink: /home/cowbot/cowbot_ws/install/lslidar_msgs/include/lslidar_msgs/lslidar_msgs/msg/detail/lslidar_difop__functions.h
[3.748s] -- Up-to-date symlink: /home/cowbot/cowbot_ws/install/lslidar_msgs/include/lslidar_msgs/lslidar_msgs/msg/detail/lslidar_difop__struct.h
[3.750s] -- Up-to-date symlink: /home/cowbot/cowbot_ws/install/lslidar_msgs/include/lslidar_msgs/lslidar_msgs/msg/detail/lslidar_difop__type_support.h
[3.752s] -- Up-to-date symlink: /home/cowbot/cowbot_ws/install/lslidar_msgs/include/lslidar_msgs/lslidar_msgs/msg/detail/lslidar_packet__functions.h
[3.754s] -- Up-to-date symlink: /home/cowbot/cowbot_ws/install/lslidar_msgs/include/lslidar_msgs/lslidar_msgs/msg/detail/lslidar_packet__struct.h
[3.758s] -- Up-to-date symlink: /home/cowbot/cowbot_ws/install/lslidar_msgs/include/lslidar_msgs/lslidar_msgs/msg/detail/lslidar_packet__type_support.h
[3.760s] -- Up-to-date symlink: /home/cowbot/cowbot_ws/install/lslidar_msgs/include/lslidar_msgs/lslidar_msgs/msg/detail/lslidar_point__functions.h
[3.762s] -- Up-to-date symlink: /home/cowbot/cowbot_ws/install/lslidar_msgs/include/lslidar_msgs/lslidar_msgs/msg/detail/lslidar_point__struct.h
[3.764s] -- Up-to-date symlink: /home/cowbot/cowbot_ws/install/lslidar_msgs/include/lslidar_msgs/lslidar_msgs/msg/detail/lslidar_point__type_support.h
[3.767s] -- Up-to-date symlink: /home/cowbot/cowbot_ws/install/lslidar_msgs/include/lslidar_msgs/lslidar_msgs/msg/detail/lslidar_scan__functions.h
[3.769s] -- Up-to-date symlink: /home/cowbot/cowbot_ws/install/lslidar_msgs/include/lslidar_msgs/lslidar_msgs/msg/detail/lslidar_scan__struct.h
[3.771s] -- Up-to-date symlink: /home/cowbot/cowbot_ws/install/lslidar_msgs/include/lslidar_msgs/lslidar_msgs/msg/detail/lslidar_scan__type_support.h
[3.773s] -- Up-to-date symlink: /home/cowbot/cowbot_ws/install/lslidar_msgs/include/lslidar_msgs/lslidar_msgs/msg/detail/lslidar_sweep__functions.h
[3.775s] -- Up-to-date symlink: /home/cowbot/cowbot_ws/install/lslidar_msgs/include/lslidar_msgs/lslidar_msgs/msg/detail/lslidar_sweep__struct.h
[3.777s] -- Up-to-date symlink: /home/cowbot/cowbot_ws/install/lslidar_msgs/include/lslidar_msgs/lslidar_msgs/msg/detail/lslidar_sweep__type_support.h
[3.779s] -- Up-to-date symlink: /home/cowbot/cowbot_ws/install/lslidar_msgs/include/lslidar_msgs/lslidar_msgs/msg/lslidar_difop.h
[3.781s] -- Up-to-date symlink: /home/cowbot/cowbot_ws/install/lslidar_msgs/include/lslidar_msgs/lslidar_msgs/msg/lslidar_packet.h
[3.782s] -- Up-to-date symlink: /home/cowbot/cowbot_ws/install/lslidar_msgs/include/lslidar_msgs/lslidar_msgs/msg/lslidar_point.h
[3.785s] -- Up-to-date symlink: /home/cowbot/cowbot_ws/install/lslidar_msgs/include/lslidar_msgs/lslidar_msgs/msg/lslidar_scan.h
[3.786s] -- Up-to-date symlink: /home/cowbot/cowbot_ws/install/lslidar_msgs/include/lslidar_msgs/lslidar_msgs/msg/lslidar_sweep.h
[3.788s] -- Up-to-date symlink: /home/cowbot/cowbot_ws/install/lslidar_msgs/include/lslidar_msgs/lslidar_msgs/msg/rosidl_generator_c__visibility_control.h
[3.791s] -- Up-to-date symlink: /home/cowbot/cowbot_ws/install/lslidar_msgs/share/lslidar_msgs/environment/library_path.sh
[3.792s] -- Up-to-date symlink: /home/cowbot/cowbot_ws/install/lslidar_msgs/share/lslidar_msgs/environment/library_path.dsv
[3.799s] -- Up-to-date symlink: /home/cowbot/cowbot_ws/install/lslidar_msgs/include/lslidar_msgs/lslidar_msgs/msg/detail/lslidar_difop__rosidl_typesupport_fastrtps_c.h
[3.801s] -- Up-to-date symlink: /home/cowbot/cowbot_ws/install/lslidar_msgs/include/lslidar_msgs/lslidar_msgs/msg/detail/lslidar_packet__rosidl_typesupport_fastrtps_c.h
[3.804s] -- Up-to-date symlink: /home/cowbot/cowbot_ws/install/lslidar_msgs/include/lslidar_msgs/lslidar_msgs/msg/detail/lslidar_point__rosidl_typesupport_fastrtps_c.h
[3.806s] -- Up-to-date symlink: /home/cowbot/cowbot_ws/install/lslidar_msgs/include/lslidar_msgs/lslidar_msgs/msg/detail/lslidar_scan__rosidl_typesupport_fastrtps_c.h
[3.808s] -- Up-to-date symlink: /home/cowbot/cowbot_ws/install/lslidar_msgs/include/lslidar_msgs/lslidar_msgs/msg/detail/lslidar_sweep__rosidl_typesupport_fastrtps_c.h
[3.810s] -- Up-to-date symlink: /home/cowbot/cowbot_ws/install/lslidar_msgs/include/lslidar_msgs/lslidar_msgs/msg/rosidl_typesupport_fastrtps_c__visibility_control.h
[3.816s] -- Up-to-date symlink: /home/cowbot/cowbot_ws/install/lslidar_msgs/include/lslidar_msgs/lslidar_msgs/msg/detail/lslidar_difop__builder.hpp
[3.818s] -- Up-to-date symlink: /home/cowbot/cowbot_ws/install/lslidar_msgs/include/lslidar_msgs/lslidar_msgs/msg/detail/lslidar_difop__struct.hpp
[3.819s] -- Up-to-date symlink: /home/cowbot/cowbot_ws/install/lslidar_msgs/include/lslidar_msgs/lslidar_msgs/msg/detail/lslidar_difop__traits.hpp
[3.821s] -- Up-to-date symlink: /home/cowbot/cowbot_ws/install/lslidar_msgs/include/lslidar_msgs/lslidar_msgs/msg/detail/lslidar_difop__type_support.hpp
[3.823s] -- Up-to-date symlink: /home/cowbot/cowbot_ws/install/lslidar_msgs/include/lslidar_msgs/lslidar_msgs/msg/detail/lslidar_packet__builder.hpp
[3.824s] -- Up-to-date symlink: /home/cowbot/cowbot_ws/install/lslidar_msgs/include/lslidar_msgs/lslidar_msgs/msg/detail/lslidar_packet__struct.hpp
[3.826s] -- Up-to-date symlink: /home/cowbot/cowbot_ws/install/lslidar_msgs/include/lslidar_msgs/lslidar_msgs/msg/detail/lslidar_packet__traits.hpp
[3.828s] -- Up-to-date symlink: /home/cowbot/cowbot_ws/install/lslidar_msgs/include/lslidar_msgs/lslidar_msgs/msg/detail/lslidar_packet__type_support.hpp
[3.829s] -- Up-to-date symlink: /home/cowbot/cowbot_ws/install/lslidar_msgs/include/lslidar_msgs/lslidar_msgs/msg/detail/lslidar_point__builder.hpp
[3.831s] -- Up-to-date symlink: /home/cowbot/cowbot_ws/install/lslidar_msgs/include/lslidar_msgs/lslidar_msgs/msg/detail/lslidar_point__struct.hpp
[3.833s] -- Up-to-date symlink: /home/cowbot/cowbot_ws/install/lslidar_msgs/include/lslidar_msgs/lslidar_msgs/msg/detail/lslidar_point__traits.hpp
[3.835s] -- Up-to-date symlink: /home/cowbot/cowbot_ws/install/lslidar_msgs/include/lslidar_msgs/lslidar_msgs/msg/detail/lslidar_point__type_support.hpp
[3.836s] -- Up-to-date symlink: /home/cowbot/cowbot_ws/install/lslidar_msgs/include/lslidar_msgs/lslidar_msgs/msg/detail/lslidar_scan__builder.hpp
[3.838s] -- Up-to-date symlink: /home/cowbot/cowbot_ws/install/lslidar_msgs/include/lslidar_msgs/lslidar_msgs/msg/detail/lslidar_scan__struct.hpp
[3.840s] -- Up-to-date symlink: /home/cowbot/cowbot_ws/install/lslidar_msgs/include/lslidar_msgs/lslidar_msgs/msg/detail/lslidar_scan__traits.hpp
[3.842s] -- Up-to-date symlink: /home/cowbot/cowbot_ws/install/lslidar_msgs/include/lslidar_msgs/lslidar_msgs/msg/detail/lslidar_scan__type_support.hpp
[3.844s] -- Up-to-date symlink: /home/cowbot/cowbot_ws/install/lslidar_msgs/include/lslidar_msgs/lslidar_msgs/msg/detail/lslidar_sweep__builder.hpp
[3.845s] -- Up-to-date symlink: /home/cowbot/cowbot_ws/install/lslidar_msgs/include/lslidar_msgs/lslidar_msgs/msg/detail/lslidar_sweep__struct.hpp
[3.847s] -- Up-to-date symlink: /home/cowbot/cowbot_ws/install/lslidar_msgs/include/lslidar_msgs/lslidar_msgs/msg/detail/lslidar_sweep__traits.hpp
[3.849s] -- Up-to-date symlink: /home/cowbot/cowbot_ws/install/lslidar_msgs/include/lslidar_msgs/lslidar_msgs/msg/detail/lslidar_sweep__type_support.hpp
[3.851s] -- Up-to-date symlink: /home/cowbot/cowbot_ws/install/lslidar_msgs/include/lslidar_msgs/lslidar_msgs/msg/lslidar_difop.hpp
[3.852s] -- Up-to-date symlink: /home/cowbot/cowbot_ws/install/lslidar_msgs/include/lslidar_msgs/lslidar_msgs/msg/lslidar_packet.hpp
[3.854s] -- Up-to-date symlink: /home/cowbot/cowbot_ws/install/lslidar_msgs/include/lslidar_msgs/lslidar_msgs/msg/lslidar_point.hpp
[3.856s] -- Up-to-date symlink: /home/cowbot/cowbot_ws/install/lslidar_msgs/include/lslidar_msgs/lslidar_msgs/msg/lslidar_scan.hpp
[3.857s] -- Up-to-date symlink: /home/cowbot/cowbot_ws/install/lslidar_msgs/include/lslidar_msgs/lslidar_msgs/msg/lslidar_sweep.hpp
[3.858s] -- Up-to-date symlink: /home/cowbot/cowbot_ws/install/lslidar_msgs/include/lslidar_msgs/lslidar_msgs/msg/rosidl_generator_cpp__visibility_control.hpp
[3.865s] -- Up-to-date symlink: /home/cowbot/cowbot_ws/install/lslidar_msgs/include/lslidar_msgs/lslidar_msgs/msg/detail/lslidar_difop__rosidl_typesupport_fastrtps_cpp.hpp
[3.868s] -- Up-to-date symlink: /home/cowbot/cowbot_ws/install/lslidar_msgs/include/lslidar_msgs/lslidar_msgs/msg/detail/lslidar_packet__rosidl_typesupport_fastrtps_cpp.hpp
[3.869s] -- Up-to-date symlink: /home/cowbot/cowbot_ws/install/lslidar_msgs/include/lslidar_msgs/lslidar_msgs/msg/detail/lslidar_point__rosidl_typesupport_fastrtps_cpp.hpp
[3.873s] -- Up-to-date symlink: /home/cowbot/cowbot_ws/install/lslidar_msgs/include/lslidar_msgs/lslidar_msgs/msg/detail/lslidar_scan__rosidl_typesupport_fastrtps_cpp.hpp
[3.876s] -- Up-to-date symlink: /home/cowbot/cowbot_ws/install/lslidar_msgs/include/lslidar_msgs/lslidar_msgs/msg/detail/lslidar_sweep__rosidl_typesupport_fastrtps_cpp.hpp
[3.878s] -- Up-to-date symlink: /home/cowbot/cowbot_ws/install/lslidar_msgs/include/lslidar_msgs/lslidar_msgs/msg/rosidl_typesupport_fastrtps_cpp__visibility_control.h
[3.882s] -- Up-to-date symlink: /home/cowbot/cowbot_ws/install/lslidar_msgs/include/lslidar_msgs/lslidar_msgs/msg/detail/lslidar_difop__rosidl_typesupport_introspection_c.h
[3.884s] -- Up-to-date symlink: /home/cowbot/cowbot_ws/install/lslidar_msgs/include/lslidar_msgs/lslidar_msgs/msg/detail/lslidar_packet__rosidl_typesupport_introspection_c.h
[3.886s] -- Up-to-date symlink: /home/cowbot/cowbot_ws/install/lslidar_msgs/include/lslidar_msgs/lslidar_msgs/msg/detail/lslidar_point__rosidl_typesupport_introspection_c.h
[3.888s] -- Up-to-date symlink: /home/cowbot/cowbot_ws/install/lslidar_msgs/include/lslidar_msgs/lslidar_msgs/msg/detail/lslidar_scan__rosidl_typesupport_introspection_c.h
[3.891s] -- Up-to-date symlink: /home/cowbot/cowbot_ws/install/lslidar_msgs/include/lslidar_msgs/lslidar_msgs/msg/detail/lslidar_sweep__rosidl_typesupport_introspection_c.h
[3.893s] -- Up-to-date symlink: /home/cowbot/cowbot_ws/install/lslidar_msgs/include/lslidar_msgs/lslidar_msgs/msg/rosidl_typesupport_introspection_c__visibility_control.h
[3.897s] -- Up-to-date symlink: /home/cowbot/cowbot_ws/install/lslidar_msgs/include/lslidar_msgs/lslidar_msgs/msg/detail/lslidar_difop__rosidl_typesupport_introspection_cpp.hpp
[3.899s] -- Up-to-date symlink: /home/cowbot/cowbot_ws/install/lslidar_msgs/include/lslidar_msgs/lslidar_msgs/msg/detail/lslidar_packet__rosidl_typesupport_introspection_cpp.hpp
[3.903s] -- Up-to-date symlink: /home/cowbot/cowbot_ws/install/lslidar_msgs/include/lslidar_msgs/lslidar_msgs/msg/detail/lslidar_point__rosidl_typesupport_introspection_cpp.hpp
[3.905s] -- Up-to-date symlink: /home/cowbot/cowbot_ws/install/lslidar_msgs/include/lslidar_msgs/lslidar_msgs/msg/detail/lslidar_scan__rosidl_typesupport_introspection_cpp.hpp
[3.908s] -- Up-to-date symlink: /home/cowbot/cowbot_ws/install/lslidar_msgs/include/lslidar_msgs/lslidar_msgs/msg/detail/lslidar_sweep__rosidl_typesupport_introspection_cpp.hpp
[3.909s] -- Up-to-date symlink: /home/cowbot/cowbot_ws/install/lslidar_msgs/share/lslidar_msgs/environment/pythonpath.sh
[3.910s] -- Up-to-date symlink: /home/cowbot/cowbot_ws/install/lslidar_msgs/share/lslidar_msgs/environment/pythonpath.dsv
[3.914s] -- Up-to-date symlink: /home/cowbot/cowbot_ws/install/lslidar_msgs/lib/python3.12/site-packages/lslidar_msgs-1.2.0-py3.12.egg-info/PKG-INFO
[3.915s] -- Up-to-date symlink: /home/cowbot/cowbot_ws/install/lslidar_msgs/lib/python3.12/site-packages/lslidar_msgs-1.2.0-py3.12.egg-info/SOURCES.txt
[3.917s] -- Up-to-date symlink: /home/cowbot/cowbot_ws/install/lslidar_msgs/lib/python3.12/site-packages/lslidar_msgs-1.2.0-py3.12.egg-info/dependency_links.txt
[3.919s] -- Up-to-date symlink: /home/cowbot/cowbot_ws/install/lslidar_msgs/lib/python3.12/site-packages/lslidar_msgs-1.2.0-py3.12.egg-info/top_level.txt
[3.927s] -- Up-to-date symlink: /home/cowbot/cowbot_ws/install/lslidar_msgs/lib/python3.12/site-packages/lslidar_msgs/__init__.py
[3.929s] -- Up-to-date symlink: /home/cowbot/cowbot_ws/install/lslidar_msgs/lib/python3.12/site-packages/lslidar_msgs/_lslidar_msgs_s.ep.rosidl_typesupport_c.c
[3.930s] -- Up-to-date symlink: /home/cowbot/cowbot_ws/install/lslidar_msgs/lib/python3.12/site-packages/lslidar_msgs/_lslidar_msgs_s.ep.rosidl_typesupport_fastrtps_c.c
[3.932s] -- Up-to-date symlink: /home/cowbot/cowbot_ws/install/lslidar_msgs/lib/python3.12/site-packages/lslidar_msgs/_lslidar_msgs_s.ep.rosidl_typesupport_introspection_c.c
[3.934s] -- Up-to-date symlink: /home/cowbot/cowbot_ws/install/lslidar_msgs/lib/python3.12/site-packages/lslidar_msgs/lslidar_msgs_s__rosidl_typesupport_c.so
[3.936s] -- Up-to-date symlink: /home/cowbot/cowbot_ws/install/lslidar_msgs/lib/python3.12/site-packages/lslidar_msgs/lslidar_msgs_s__rosidl_typesupport_fastrtps_c.so
[3.937s] -- Up-to-date symlink: /home/cowbot/cowbot_ws/install/lslidar_msgs/lib/python3.12/site-packages/lslidar_msgs/lslidar_msgs_s__rosidl_typesupport_introspection_c.so
[3.939s] -- Up-to-date symlink: /home/cowbot/cowbot_ws/install/lslidar_msgs/lib/python3.12/site-packages/lslidar_msgs/msg/__init__.py
[3.941s] -- Up-to-date symlink: /home/cowbot/cowbot_ws/install/lslidar_msgs/lib/python3.12/site-packages/lslidar_msgs/msg/_lslidar_difop.py
[3.942s] -- Up-to-date symlink: /home/cowbot/cowbot_ws/install/lslidar_msgs/lib/python3.12/site-packages/lslidar_msgs/msg/_lslidar_difop_s.c
[3.945s] -- Up-to-date symlink: /home/cowbot/cowbot_ws/install/lslidar_msgs/lib/python3.12/site-packages/lslidar_msgs/msg/_lslidar_packet.py
[3.946s] -- Up-to-date symlink: /home/cowbot/cowbot_ws/install/lslidar_msgs/lib/python3.12/site-packages/lslidar_msgs/msg/_lslidar_packet_s.c
[3.949s] -- Up-to-date symlink: /home/cowbot/cowbot_ws/install/lslidar_msgs/lib/python3.12/site-packages/lslidar_msgs/msg/_lslidar_point.py
[3.950s] -- Up-to-date symlink: /home/cowbot/cowbot_ws/install/lslidar_msgs/lib/python3.12/site-packages/lslidar_msgs/msg/_lslidar_point_s.c
[3.951s] -- Up-to-date symlink: /home/cowbot/cowbot_ws/install/lslidar_msgs/lib/python3.12/site-packages/lslidar_msgs/msg/_lslidar_scan.py
[3.953s] -- Up-to-date symlink: /home/cowbot/cowbot_ws/install/lslidar_msgs/lib/python3.12/site-packages/lslidar_msgs/msg/_lslidar_scan_s.c
[3.955s] -- Up-to-date symlink: /home/cowbot/cowbot_ws/install/lslidar_msgs/lib/python3.12/site-packages/lslidar_msgs/msg/_lslidar_sweep.py
[3.957s] -- Up-to-date symlink: /home/cowbot/cowbot_ws/install/lslidar_msgs/lib/python3.12/site-packages/lslidar_msgs/msg/_lslidar_sweep_s.c
[3.960s] -- Up-to-date symlink: /home/cowbot/cowbot_ws/install/lslidar_msgs/lib/python3.12/site-packages/lslidar_msgs/lslidar_msgs_s__rosidl_typesupport_fastrtps_c.so
[3.963s] -- Up-to-date symlink: /home/cowbot/cowbot_ws/install/lslidar_msgs/lib/python3.12/site-packages/lslidar_msgs/lslidar_msgs_s__rosidl_typesupport_introspection_c.so
[3.965s] -- Up-to-date symlink: /home/cowbot/cowbot_ws/install/lslidar_msgs/lib/python3.12/site-packages/lslidar_msgs/lslidar_msgs_s__rosidl_typesupport_c.so
[3.967s] -- Up-to-date symlink: /home/cowbot/cowbot_ws/install/lslidar_msgs/share/lslidar_msgs/msg/LslidarDifop.idl
[3.969s] -- Up-to-date symlink: /home/cowbot/cowbot_ws/install/lslidar_msgs/share/lslidar_msgs/msg/LslidarPacket.idl
[3.971s] -- Up-to-date symlink: /home/cowbot/cowbot_ws/install/lslidar_msgs/share/lslidar_msgs/msg/LslidarPoint.idl
[3.973s] -- Up-to-date symlink: /home/cowbot/cowbot_ws/install/lslidar_msgs/share/lslidar_msgs/msg/LslidarScan.idl
[3.975s] -- Up-to-date symlink: /home/cowbot/cowbot_ws/install/lslidar_msgs/share/lslidar_msgs/msg/LslidarSweep.idl
[3.977s] -- Up-to-date symlink: /home/cowbot/cowbot_ws/install/lslidar_msgs/share/lslidar_msgs/msg/LslidarDifop.msg
[3.979s] -- Up-to-date symlink: /home/cowbot/cowbot_ws/install/lslidar_msgs/share/lslidar_msgs/msg/LslidarPacket.msg
[3.981s] -- Up-to-date symlink: /home/cowbot/cowbot_ws/install/lslidar_msgs/share/lslidar_msgs/msg/LslidarPoint.msg
[3.983s] -- Up-to-date symlink: /home/cowbot/cowbot_ws/install/lslidar_msgs/share/lslidar_msgs/msg/LslidarScan.msg
[3.985s] -- Up-to-date symlink: /home/cowbot/cowbot_ws/install/lslidar_msgs/share/lslidar_msgs/msg/LslidarSweep.msg
[3.987s] -- Up-to-date symlink: /home/cowbot/cowbot_ws/install/lslidar_msgs/share/ament_index/resource_index/package_run_dependencies/lslidar_msgs
[3.989s] -- Up-to-date symlink: /home/cowbot/cowbot_ws/install/lslidar_msgs/share/ament_index/resource_index/parent_prefix_path/lslidar_msgs
[3.991s] -- Up-to-date symlink: /home/cowbot/cowbot_ws/install/lslidar_msgs/share/lslidar_msgs/environment/ament_prefix_path.sh
[3.992s] -- Up-to-date symlink: /home/cowbot/cowbot_ws/install/lslidar_msgs/share/lslidar_msgs/environment/ament_prefix_path.dsv
[3.994s] -- Up-to-date symlink: /home/cowbot/cowbot_ws/install/lslidar_msgs/share/lslidar_msgs/environment/path.sh
[3.995s] -- Up-to-date symlink: /home/cowbot/cowbot_ws/install/lslidar_msgs/share/lslidar_msgs/environment/path.dsv
[3.997s] -- Up-to-date symlink: /home/cowbot/cowbot_ws/install/lslidar_msgs/share/lslidar_msgs/local_setup.bash
[3.999s] -- Up-to-date symlink: /home/cowbot/cowbot_ws/install/lslidar_msgs/share/lslidar_msgs/local_setup.sh
[4.001s] -- Up-to-date symlink: /home/cowbot/cowbot_ws/install/lslidar_msgs/share/lslidar_msgs/local_setup.zsh
[4.002s] -- Up-to-date symlink: /home/cowbot/cowbot_ws/install/lslidar_msgs/share/lslidar_msgs/local_setup.dsv
[4.002s] -- Symlinking: /home/cowbot/cowbot_ws/install/lslidar_msgs/share/lslidar_msgs/package.dsv
[4.054s] -- Up-to-date symlink: /home/cowbot/cowbot_ws/install/lslidar_msgs/share/ament_index/resource_index/packages/lslidar_msgs
[4.056s] -- Up-to-date symlink: /home/cowbot/cowbot_ws/install/lslidar_msgs/share/lslidar_msgs/cmake/rosidl_cmake-extras.cmake
[4.058s] -- Up-to-date symlink: /home/cowbot/cowbot_ws/install/lslidar_msgs/share/lslidar_msgs/cmake/ament_cmake_export_dependencies-extras.cmake
[4.060s] -- Up-to-date symlink: /home/cowbot/cowbot_ws/install/lslidar_msgs/share/lslidar_msgs/cmake/ament_cmake_export_include_directories-extras.cmake
[4.063s] -- Up-to-date symlink: /home/cowbot/cowbot_ws/install/lslidar_msgs/share/lslidar_msgs/cmake/ament_cmake_export_libraries-extras.cmake
[4.065s] -- Up-to-date symlink: /home/cowbot/cowbot_ws/install/lslidar_msgs/share/lslidar_msgs/cmake/ament_cmake_export_targets-extras.cmake
[4.067s] -- Up-to-date symlink: /home/cowbot/cowbot_ws/install/lslidar_msgs/share/lslidar_msgs/cmake/rosidl_cmake_export_typesupport_targets-extras.cmake
[4.069s] -- Up-to-date symlink: /home/cowbot/cowbot_ws/install/lslidar_msgs/share/lslidar_msgs/cmake/rosidl_cmake_export_typesupport_libraries-extras.cmake
[4.071s] -- Up-to-date symlink: /home/cowbot/cowbot_ws/install/lslidar_msgs/share/lslidar_msgs/cmake/lslidar_msgsConfig.cmake
[4.073s] -- Up-to-date symlink: /home/cowbot/cowbot_ws/install/lslidar_msgs/share/lslidar_msgs/cmake/lslidar_msgsConfig-version.cmake
[4.075s] -- Up-to-date symlink: /home/cowbot/cowbot_ws/install/lslidar_msgs/share/lslidar_msgs/package.xml
[4.079s] -- Up-to-date: /home/cowbot/cowbot_ws/install/lslidar_msgs/lib/liblslidar_msgs__rosidl_generator_c.so
[4.083s] -- Up-to-date: /home/cowbot/cowbot_ws/install/lslidar_msgs/lib/liblslidar_msgs__rosidl_typesupport_fastrtps_c.so
[4.087s] -- Up-to-date: /home/cowbot/cowbot_ws/install/lslidar_msgs/lib/liblslidar_msgs__rosidl_typesupport_fastrtps_cpp.so
[4.092s] -- Up-to-date: /home/cowbot/cowbot_ws/install/lslidar_msgs/lib/liblslidar_msgs__rosidl_typesupport_introspection_c.so
[4.096s] -- Up-to-date: /home/cowbot/cowbot_ws/install/lslidar_msgs/lib/liblslidar_msgs__rosidl_typesupport_c.so
[4.101s] -- Up-to-date: /home/cowbot/cowbot_ws/install/lslidar_msgs/lib/liblslidar_msgs__rosidl_typesupport_introspection_cpp.so
[4.105s] -- Up-to-date: /home/cowbot/cowbot_ws/install/lslidar_msgs/lib/liblslidar_msgs__rosidl_typesupport_cpp.so
[4.321s] Listing '/home/cowbot/cowbot_ws/install/lslidar_msgs/lib/python3.12/site-packages/lslidar_msgs'...
[4.324s] Listing '/home/cowbot/cowbot_ws/install/lslidar_msgs/lib/python3.12/site-packages/lslidar_msgs/msg'...
[4.352s] -- Up-to-date: /home/cowbot/cowbot_ws/install/lslidar_msgs/lib/liblslidar_msgs__rosidl_generator_py.so
[4.358s] -- Up-to-date: /home/cowbot/cowbot_ws/install/lslidar_msgs/share/lslidar_msgs/cmake/export_lslidar_msgs__rosidl_generator_cExport.cmake
[4.359s] -- Up-to-date: /home/cowbot/cowbot_ws/install/lslidar_msgs/share/lslidar_msgs/cmake/export_lslidar_msgs__rosidl_generator_cExport-noconfig.cmake
[4.363s] -- Up-to-date: /home/cowbot/cowbot_ws/install/lslidar_msgs/share/lslidar_msgs/cmake/export_lslidar_msgs__rosidl_typesupport_fastrtps_cExport.cmake
[4.363s] -- Up-to-date: /home/cowbot/cowbot_ws/install/lslidar_msgs/share/lslidar_msgs/cmake/export_lslidar_msgs__rosidl_typesupport_fastrtps_cExport-noconfig.cmake
[4.366s] -- Up-to-date: /home/cowbot/cowbot_ws/install/lslidar_msgs/share/lslidar_msgs/cmake/export_lslidar_msgs__rosidl_generator_cppExport.cmake
[4.367s] -- Up-to-date: /home/cowbot/cowbot_ws/install/lslidar_msgs/share/lslidar_msgs/cmake/export_lslidar_msgs__rosidl_typesupport_fastrtps_cppExport.cmake
[4.369s] -- Up-to-date: /home/cowbot/cowbot_ws/install/lslidar_msgs/share/lslidar_msgs/cmake/export_lslidar_msgs__rosidl_typesupport_fastrtps_cppExport-noconfig.cmake
[4.371s] -- Up-to-date: /home/cowbot/cowbot_ws/install/lslidar_msgs/share/lslidar_msgs/cmake/lslidar_msgs__rosidl_typesupport_introspection_cExport.cmake
[4.373s] -- Up-to-date: /home/cowbot/cowbot_ws/install/lslidar_msgs/share/lslidar_msgs/cmake/lslidar_msgs__rosidl_typesupport_introspection_cExport-noconfig.cmake
[4.374s] -- Up-to-date: /home/cowbot/cowbot_ws/install/lslidar_msgs/share/lslidar_msgs/cmake/lslidar_msgs__rosidl_typesupport_cExport.cmake
[4.377s] -- Up-to-date: /home/cowbot/cowbot_ws/install/lslidar_msgs/share/lslidar_msgs/cmake/lslidar_msgs__rosidl_typesupport_cExport-noconfig.cmake
[4.381s] -- Up-to-date: /home/cowbot/cowbot_ws/install/lslidar_msgs/share/lslidar_msgs/cmake/lslidar_msgs__rosidl_typesupport_introspection_cppExport.cmake
[4.382s] -- Up-to-date: /home/cowbot/cowbot_ws/install/lslidar_msgs/share/lslidar_msgs/cmake/lslidar_msgs__rosidl_typesupport_introspection_cppExport-noconfig.cmake
[4.385s] -- Up-to-date: /home/cowbot/cowbot_ws/install/lslidar_msgs/share/lslidar_msgs/cmake/lslidar_msgs__rosidl_typesupport_cppExport.cmake
[4.386s] -- Up-to-date: /home/cowbot/cowbot_ws/install/lslidar_msgs/share/lslidar_msgs/cmake/lslidar_msgs__rosidl_typesupport_cppExport-noconfig.cmake
[4.389s] -- Up-to-date: /home/cowbot/cowbot_ws/install/lslidar_msgs/share/lslidar_msgs/cmake/export_lslidar_msgs__rosidl_generator_pyExport.cmake
[4.389s] -- Up-to-date: /home/cowbot/cowbot_ws/install/lslidar_msgs/share/lslidar_msgs/cmake/export_lslidar_msgs__rosidl_generator_pyExport-noconfig.cmake
[4.478s] Invoked command in '/home/cowbot/cowbot_ws/build/lslidar_msgs' returned '0': CMAKE_PREFIX_PATH=${CMAKE_PREFIX_PATH}:/home/cowbot/cowbot_ws/install/serial_motor:/opt/ros/jazzy /usr/bin/cmake --install /home/cowbot/cowbot_ws/build/lslidar_msgs
