[33mCMake Warning (dev) at /usr/lib/aarch64-linux-gnu/cmake/pcl/Modules/FindFLANN.cmake:45 (find_package):
  Policy CMP0144 is not set: find_package uses upper-case <PACKAGENAME>_ROOT
  variables.  Run "cmake --help-policy CMP0144" for policy details.  Use the
  cmake_policy command to set the policy and suppress this warning.

  CMake variable FLANN_ROOT is set to:

    /usr

  For compatibility, find_package is ignoring the variable, but code in a
  .cmake module might still use it.
Call Stack (most recent call first):
  /usr/lib/aarch64-linux-gnu/cmake/pcl/PCLConfig.cmake:261 (find_package)
  /usr/lib/aarch64-linux-gnu/cmake/pcl/PCLConfig.cmake:306 (find_flann)
  /usr/lib/aarch64-linux-gnu/cmake/pcl/PCLConfig.cmake:570 (find_external_library)
  CMakeLists.txt:21 (find_package)
This warning is for project developers.  Use -Wno-dev to suppress it.
[0m
[01m[K/home/cowbot/cowbot_ws/src/Lslidar_ROS2_driver/lslidar_driver/src/lslidar_driver.cc:[m[K In member function ‘[01m[Kbool lslidar_driver::LslidarDriver::[01;32m[Kpolling[m[K()[m[K’:
[01m[K/home/cowbot/cowbot_ws/src/Lslidar_ROS2_driver/lslidar_driver/src/lslidar_driver.cc:1379:24:[m[K [01;35m[Kwarning: [m[K‘[01m[Kvoid[01;32m[K operator delete[m[K(void*, std::size_t)[m[K’ called on pointer returned from a mismatched allocation function [[01;35m[K]8;;https://gcc.gnu.org/onlinedocs/gcc/Warning-Options.html#index-Wmismatched-new-delete-Wmismatched-new-delete]8;;[m[K]
 1379 |                 delete [01;35m[Kpacket_bytes[m[K;
      |                        [01;35m[K^~~~~~~~~~~~[m[K
[01m[K/home/cowbot/cowbot_ws/src/Lslidar_ROS2_driver/lslidar_driver/src/lslidar_driver.cc:1236:68:[m[K [01;36m[Knote: [m[Kreturned from ‘[01m[Kvoid*[01;32m[K operator new [][m[K(std::size_t)[m[K’
 1236 |                 unsigned char *packet_bytes = new unsigned char[500[01;36m[K][m[K;
      |                                                                    [01;36m[K^[m[K
