[0.097s] Invoking command in '/home/cowbot/cowbot_ws/build/serial_motor_msgs': CMAKE_PREFIX_PATH=${CMAKE_PREFIX_PATH}:/home/cowbot/cowbot_ws/install/serial_motor:/opt/ros/jazzy /usr/bin/cmake /home/cowbot/cowbot_ws/src/serial_motor_msgs -DAMENT_CMAKE_SYMLINK_INSTALL=1 -DCMAKE_INSTALL_PREFIX=/home/cowbot/cowbot_ws/install/serial_motor_msgs
[0.173s] -- Found ament_cmake: 2.5.4 (/opt/ros/jazzy/share/ament_cmake/cmake)
[0.347s] -- Found Python3: /usr/bin/python3 (found version "3.12.3") found components: Interpreter 
[0.940s] -- Override CMake install command with custom implementation using symlinks instead of copying resources
[0.987s] -- Found rosidl_default_generators: 1.6.0 (/opt/ros/jazzy/share/rosidl_default_generators/cmake)
[1.005s] -- Using all available rosidl_typesupport_c: rosidl_typesupport_fastrtps_c;rosidl_typesupport_introspection_c
[1.277s] -- Using all available rosidl_typesupport_cpp: rosidl_typesupport_fastrtps_cpp;rosidl_typesupport_introspection_cpp
[1.455s] -- Found rosidl_adapter: 4.6.6 (/opt/ros/jazzy/share/rosidl_adapter/cmake)
[3.231s] -- Found ament_cmake_ros: 0.12.0 (/opt/ros/jazzy/share/ament_cmake_ros/cmake)
[3.815s] -- Using all available rosidl_typesupport_c: rosidl_typesupport_fastrtps_c;rosidl_typesupport_introspection_c
[4.511s] -- Using all available rosidl_typesupport_cpp: rosidl_typesupport_fastrtps_cpp;rosidl_typesupport_introspection_cpp
[4.518s] -- Found python_cmake_module: 0.11.1 (/opt/ros/jazzy/share/python_cmake_module/cmake)
[6.155s] -- Found Python3: /usr/bin/python3 (found version "3.12.3") found components: Interpreter Development NumPy Development.Module Development.Embed 
[6.219s] -- Found ament_lint_auto: 0.17.3 (/opt/ros/jazzy/share/ament_lint_auto/cmake)
[6.288s] -- Added test 'lint_cmake' to check CMake code style
[6.299s] -- Added test 'xmllint' to check XML markup files
[6.321s] -- Configuring done (6.2s)
[6.567s] -- Generating done (0.2s)
[6.635s] -- Build files have been written to: /home/cowbot/cowbot_ws/build/serial_motor_msgs
[6.659s] Invoked command in '/home/cowbot/cowbot_ws/build/serial_motor_msgs' returned '0': CMAKE_PREFIX_PATH=${CMAKE_PREFIX_PATH}:/home/cowbot/cowbot_ws/install/serial_motor:/opt/ros/jazzy /usr/bin/cmake /home/cowbot/cowbot_ws/src/serial_motor_msgs -DAMENT_CMAKE_SYMLINK_INSTALL=1 -DCMAKE_INSTALL_PREFIX=/home/cowbot/cowbot_ws/install/serial_motor_msgs
[6.669s] Invoking command in '/home/cowbot/cowbot_ws/build/serial_motor_msgs': CMAKE_PREFIX_PATH=${CMAKE_PREFIX_PATH}:/home/cowbot/cowbot_ws/install/serial_motor:/opt/ros/jazzy /usr/bin/cmake --build /home/cowbot/cowbot_ws/build/serial_motor_msgs -- -j4 -l4
[6.976s] [  1%] Built target serial_motor_msgs__rosidl_generator_type_description
[7.028s] [  1%] Built target ament_cmake_python_symlink_serial_motor_msgs
[7.123s] [  3%] Built target serial_motor_msgs__cpp
[7.143s] [ 24%] Built target serial_motor_msgs__rosidl_generator_c
[7.321s] [ 33%] Built target serial_motor_msgs__rosidl_typesupport_introspection_c
[7.403s] [ 42%] Built target serial_motor_msgs__rosidl_typesupport_c
[7.466s] [ 51%] Built target serial_motor_msgs__rosidl_typesupport_fastrtps_cpp
[7.588s] [ 61%] Built target serial_motor_msgs__rosidl_typesupport_introspection_cpp
[7.642s] [ 70%] Built target serial_motor_msgs__rosidl_typesupport_cpp
[7.651s] [ 79%] Built target serial_motor_msgs__rosidl_typesupport_fastrtps_c
[7.777s] [ 79%] Built target serial_motor_msgs
[7.904s] [ 81%] Built target serial_motor_msgs__py
[8.061s] [ 88%] Built target serial_motor_msgs__rosidl_generator_py
[8.245s] [ 92%] Built target serial_motor_msgs_s__rosidl_typesupport_fastrtps_c
[8.259s] [ 96%] Built target serial_motor_msgs_s__rosidl_typesupport_introspection_c
[8.296s] [100%] Built target serial_motor_msgs_s__rosidl_typesupport_c
[8.447s] running egg_info
[8.591s] writing serial_motor_msgs.egg-info/PKG-INFO
[8.591s] writing dependency_links to serial_motor_msgs.egg-info/dependency_links.txt
[8.624s] writing top-level names to serial_motor_msgs.egg-info/top_level.txt
[9.078s] reading manifest file 'serial_motor_msgs.egg-info/SOURCES.txt'
[9.084s] writing manifest file 'serial_motor_msgs.egg-info/SOURCES.txt'
[9.280s] [100%] Built target ament_cmake_python_build_serial_motor_msgs_egg
[9.352s] Invoked command in '/home/cowbot/cowbot_ws/build/serial_motor_msgs' returned '0': CMAKE_PREFIX_PATH=${CMAKE_PREFIX_PATH}:/home/cowbot/cowbot_ws/install/serial_motor:/opt/ros/jazzy /usr/bin/cmake --build /home/cowbot/cowbot_ws/build/serial_motor_msgs -- -j4 -l4
[9.359s] Invoking command in '/home/cowbot/cowbot_ws/build/serial_motor_msgs': CMAKE_PREFIX_PATH=${CMAKE_PREFIX_PATH}:/home/cowbot/cowbot_ws/install/serial_motor:/opt/ros/jazzy /usr/bin/cmake --install /home/cowbot/cowbot_ws/build/serial_motor_msgs
[9.404s] -- Install configuration: ""
[9.406s] -- Execute custom install script
[9.408s] -- Up-to-date symlink: /home/cowbot/cowbot_ws/install/serial_motor_msgs/share/ament_index/resource_index/rosidl_interfaces/serial_motor_msgs
[9.410s] -- Up-to-date symlink: /home/cowbot/cowbot_ws/install/serial_motor_msgs/share/serial_motor_msgs/msg/MotorVels.json
[9.411s] -- Up-to-date symlink: /home/cowbot/cowbot_ws/install/serial_motor_msgs/share/serial_motor_msgs/msg/MotorCommands.json
[9.413s] -- Up-to-date symlink: /home/cowbot/cowbot_ws/install/serial_motor_msgs/share/serial_motor_msgs/msg/EncoderVals.json
[9.418s] -- Up-to-date symlink: /home/cowbot/cowbot_ws/install/serial_motor_msgs/include/serial_motor_msgs/serial_motor_msgs/msg/detail/encoder_vals__functions.h
[9.419s] -- Up-to-date symlink: /home/cowbot/cowbot_ws/install/serial_motor_msgs/include/serial_motor_msgs/serial_motor_msgs/msg/detail/encoder_vals__struct.h
[9.421s] -- Up-to-date symlink: /home/cowbot/cowbot_ws/install/serial_motor_msgs/include/serial_motor_msgs/serial_motor_msgs/msg/detail/encoder_vals__type_support.h
[9.423s] -- Up-to-date symlink: /home/cowbot/cowbot_ws/install/serial_motor_msgs/include/serial_motor_msgs/serial_motor_msgs/msg/detail/motor_commands__functions.h
[9.424s] -- Up-to-date symlink: /home/cowbot/cowbot_ws/install/serial_motor_msgs/include/serial_motor_msgs/serial_motor_msgs/msg/detail/motor_commands__struct.h
[9.425s] -- Up-to-date symlink: /home/cowbot/cowbot_ws/install/serial_motor_msgs/include/serial_motor_msgs/serial_motor_msgs/msg/detail/motor_commands__type_support.h
[9.427s] -- Up-to-date symlink: /home/cowbot/cowbot_ws/install/serial_motor_msgs/include/serial_motor_msgs/serial_motor_msgs/msg/detail/motor_vels__functions.h
[9.428s] -- Up-to-date symlink: /home/cowbot/cowbot_ws/install/serial_motor_msgs/include/serial_motor_msgs/serial_motor_msgs/msg/detail/motor_vels__struct.h
[9.430s] -- Up-to-date symlink: /home/cowbot/cowbot_ws/install/serial_motor_msgs/include/serial_motor_msgs/serial_motor_msgs/msg/detail/motor_vels__type_support.h
[9.431s] -- Up-to-date symlink: /home/cowbot/cowbot_ws/install/serial_motor_msgs/include/serial_motor_msgs/serial_motor_msgs/msg/encoder_vals.h
[9.432s] -- Up-to-date symlink: /home/cowbot/cowbot_ws/install/serial_motor_msgs/include/serial_motor_msgs/serial_motor_msgs/msg/motor_commands.h
[9.434s] -- Up-to-date symlink: /home/cowbot/cowbot_ws/install/serial_motor_msgs/include/serial_motor_msgs/serial_motor_msgs/msg/motor_vels.h
[9.435s] -- Up-to-date symlink: /home/cowbot/cowbot_ws/install/serial_motor_msgs/include/serial_motor_msgs/serial_motor_msgs/msg/rosidl_generator_c__visibility_control.h
[9.437s] -- Up-to-date symlink: /home/cowbot/cowbot_ws/install/serial_motor_msgs/share/serial_motor_msgs/environment/library_path.sh
[9.439s] -- Up-to-date symlink: /home/cowbot/cowbot_ws/install/serial_motor_msgs/share/serial_motor_msgs/environment/library_path.dsv
[9.443s] -- Up-to-date symlink: /home/cowbot/cowbot_ws/install/serial_motor_msgs/include/serial_motor_msgs/serial_motor_msgs/msg/detail/encoder_vals__rosidl_typesupport_fastrtps_c.h
[9.445s] -- Up-to-date symlink: /home/cowbot/cowbot_ws/install/serial_motor_msgs/include/serial_motor_msgs/serial_motor_msgs/msg/detail/motor_commands__rosidl_typesupport_fastrtps_c.h
[9.446s] -- Up-to-date symlink: /home/cowbot/cowbot_ws/install/serial_motor_msgs/include/serial_motor_msgs/serial_motor_msgs/msg/detail/motor_vels__rosidl_typesupport_fastrtps_c.h
[9.449s] -- Up-to-date symlink: /home/cowbot/cowbot_ws/install/serial_motor_msgs/include/serial_motor_msgs/serial_motor_msgs/msg/rosidl_typesupport_fastrtps_c__visibility_control.h
[9.451s] -- Up-to-date symlink: /home/cowbot/cowbot_ws/install/serial_motor_msgs/include/serial_motor_msgs/serial_motor_msgs/msg/detail/encoder_vals__rosidl_typesupport_introspection_c.h
[9.452s] -- Up-to-date symlink: /home/cowbot/cowbot_ws/install/serial_motor_msgs/include/serial_motor_msgs/serial_motor_msgs/msg/detail/motor_commands__rosidl_typesupport_introspection_c.h
[9.453s] -- Up-to-date symlink: /home/cowbot/cowbot_ws/install/serial_motor_msgs/include/serial_motor_msgs/serial_motor_msgs/msg/detail/motor_vels__rosidl_typesupport_introspection_c.h
[9.455s] -- Up-to-date symlink: /home/cowbot/cowbot_ws/install/serial_motor_msgs/include/serial_motor_msgs/serial_motor_msgs/msg/rosidl_typesupport_introspection_c__visibility_control.h
[9.459s] -- Up-to-date symlink: /home/cowbot/cowbot_ws/install/serial_motor_msgs/include/serial_motor_msgs/serial_motor_msgs/msg/detail/encoder_vals__builder.hpp
[9.460s] -- Up-to-date symlink: /home/cowbot/cowbot_ws/install/serial_motor_msgs/include/serial_motor_msgs/serial_motor_msgs/msg/detail/encoder_vals__struct.hpp
[9.461s] -- Up-to-date symlink: /home/cowbot/cowbot_ws/install/serial_motor_msgs/include/serial_motor_msgs/serial_motor_msgs/msg/detail/encoder_vals__traits.hpp
[9.462s] -- Up-to-date symlink: /home/cowbot/cowbot_ws/install/serial_motor_msgs/include/serial_motor_msgs/serial_motor_msgs/msg/detail/encoder_vals__type_support.hpp
[9.464s] -- Up-to-date symlink: /home/cowbot/cowbot_ws/install/serial_motor_msgs/include/serial_motor_msgs/serial_motor_msgs/msg/detail/motor_commands__builder.hpp
[9.465s] -- Up-to-date symlink: /home/cowbot/cowbot_ws/install/serial_motor_msgs/include/serial_motor_msgs/serial_motor_msgs/msg/detail/motor_commands__struct.hpp
[9.466s] -- Up-to-date symlink: /home/cowbot/cowbot_ws/install/serial_motor_msgs/include/serial_motor_msgs/serial_motor_msgs/msg/detail/motor_commands__traits.hpp
[9.468s] -- Up-to-date symlink: /home/cowbot/cowbot_ws/install/serial_motor_msgs/include/serial_motor_msgs/serial_motor_msgs/msg/detail/motor_commands__type_support.hpp
[9.469s] -- Up-to-date symlink: /home/cowbot/cowbot_ws/install/serial_motor_msgs/include/serial_motor_msgs/serial_motor_msgs/msg/detail/motor_vels__builder.hpp
[9.470s] -- Up-to-date symlink: /home/cowbot/cowbot_ws/install/serial_motor_msgs/include/serial_motor_msgs/serial_motor_msgs/msg/detail/motor_vels__struct.hpp
[9.472s] -- Up-to-date symlink: /home/cowbot/cowbot_ws/install/serial_motor_msgs/include/serial_motor_msgs/serial_motor_msgs/msg/detail/motor_vels__traits.hpp
[9.473s] -- Up-to-date symlink: /home/cowbot/cowbot_ws/install/serial_motor_msgs/include/serial_motor_msgs/serial_motor_msgs/msg/detail/motor_vels__type_support.hpp
[9.474s] -- Up-to-date symlink: /home/cowbot/cowbot_ws/install/serial_motor_msgs/include/serial_motor_msgs/serial_motor_msgs/msg/encoder_vals.hpp
[9.475s] -- Up-to-date symlink: /home/cowbot/cowbot_ws/install/serial_motor_msgs/include/serial_motor_msgs/serial_motor_msgs/msg/motor_commands.hpp
[9.477s] -- Up-to-date symlink: /home/cowbot/cowbot_ws/install/serial_motor_msgs/include/serial_motor_msgs/serial_motor_msgs/msg/motor_vels.hpp
[9.478s] -- Up-to-date symlink: /home/cowbot/cowbot_ws/install/serial_motor_msgs/include/serial_motor_msgs/serial_motor_msgs/msg/rosidl_generator_cpp__visibility_control.hpp
[9.484s] -- Up-to-date symlink: /home/cowbot/cowbot_ws/install/serial_motor_msgs/include/serial_motor_msgs/serial_motor_msgs/msg/detail/encoder_vals__rosidl_typesupport_fastrtps_cpp.hpp
[9.485s] -- Up-to-date symlink: /home/cowbot/cowbot_ws/install/serial_motor_msgs/include/serial_motor_msgs/serial_motor_msgs/msg/detail/motor_commands__rosidl_typesupport_fastrtps_cpp.hpp
[9.487s] -- Up-to-date symlink: /home/cowbot/cowbot_ws/install/serial_motor_msgs/include/serial_motor_msgs/serial_motor_msgs/msg/detail/motor_vels__rosidl_typesupport_fastrtps_cpp.hpp
[9.488s] -- Up-to-date symlink: /home/cowbot/cowbot_ws/install/serial_motor_msgs/include/serial_motor_msgs/serial_motor_msgs/msg/rosidl_typesupport_fastrtps_cpp__visibility_control.h
[9.491s] -- Up-to-date symlink: /home/cowbot/cowbot_ws/install/serial_motor_msgs/include/serial_motor_msgs/serial_motor_msgs/msg/detail/encoder_vals__rosidl_typesupport_introspection_cpp.hpp
[9.493s] -- Up-to-date symlink: /home/cowbot/cowbot_ws/install/serial_motor_msgs/include/serial_motor_msgs/serial_motor_msgs/msg/detail/motor_commands__rosidl_typesupport_introspection_cpp.hpp
[9.495s] -- Up-to-date symlink: /home/cowbot/cowbot_ws/install/serial_motor_msgs/include/serial_motor_msgs/serial_motor_msgs/msg/detail/motor_vels__rosidl_typesupport_introspection_cpp.hpp
[9.496s] -- Up-to-date symlink: /home/cowbot/cowbot_ws/install/serial_motor_msgs/share/serial_motor_msgs/environment/pythonpath.sh
[9.497s] -- Up-to-date symlink: /home/cowbot/cowbot_ws/install/serial_motor_msgs/share/serial_motor_msgs/environment/pythonpath.dsv
[9.500s] -- Up-to-date symlink: /home/cowbot/cowbot_ws/install/serial_motor_msgs/lib/python3.12/site-packages/serial_motor_msgs-0.0.0-py3.12.egg-info/PKG-INFO
[9.502s] -- Up-to-date symlink: /home/cowbot/cowbot_ws/install/serial_motor_msgs/lib/python3.12/site-packages/serial_motor_msgs-0.0.0-py3.12.egg-info/SOURCES.txt
[9.503s] -- Up-to-date symlink: /home/cowbot/cowbot_ws/install/serial_motor_msgs/lib/python3.12/site-packages/serial_motor_msgs-0.0.0-py3.12.egg-info/dependency_links.txt
[9.504s] -- Up-to-date symlink: /home/cowbot/cowbot_ws/install/serial_motor_msgs/lib/python3.12/site-packages/serial_motor_msgs-0.0.0-py3.12.egg-info/top_level.txt
[9.511s] -- Up-to-date symlink: /home/cowbot/cowbot_ws/install/serial_motor_msgs/lib/python3.12/site-packages/serial_motor_msgs/__init__.py
[9.512s] -- Up-to-date symlink: /home/cowbot/cowbot_ws/install/serial_motor_msgs/lib/python3.12/site-packages/serial_motor_msgs/_serial_motor_msgs_s.ep.rosidl_typesupport_c.c
[9.513s] -- Up-to-date symlink: /home/cowbot/cowbot_ws/install/serial_motor_msgs/lib/python3.12/site-packages/serial_motor_msgs/_serial_motor_msgs_s.ep.rosidl_typesupport_fastrtps_c.c
[9.515s] -- Up-to-date symlink: /home/cowbot/cowbot_ws/install/serial_motor_msgs/lib/python3.12/site-packages/serial_motor_msgs/_serial_motor_msgs_s.ep.rosidl_typesupport_introspection_c.c
[9.517s] -- Up-to-date symlink: /home/cowbot/cowbot_ws/install/serial_motor_msgs/lib/python3.12/site-packages/serial_motor_msgs/msg/__init__.py
[9.518s] -- Up-to-date symlink: /home/cowbot/cowbot_ws/install/serial_motor_msgs/lib/python3.12/site-packages/serial_motor_msgs/msg/_encoder_vals.py
[9.519s] -- Up-to-date symlink: /home/cowbot/cowbot_ws/install/serial_motor_msgs/lib/python3.12/site-packages/serial_motor_msgs/msg/_encoder_vals_s.c
[9.520s] -- Up-to-date symlink: /home/cowbot/cowbot_ws/install/serial_motor_msgs/lib/python3.12/site-packages/serial_motor_msgs/msg/_motor_commands.py
[9.521s] -- Up-to-date symlink: /home/cowbot/cowbot_ws/install/serial_motor_msgs/lib/python3.12/site-packages/serial_motor_msgs/msg/_motor_commands_s.c
[9.522s] -- Up-to-date symlink: /home/cowbot/cowbot_ws/install/serial_motor_msgs/lib/python3.12/site-packages/serial_motor_msgs/msg/_motor_vels.py
[9.523s] -- Up-to-date symlink: /home/cowbot/cowbot_ws/install/serial_motor_msgs/lib/python3.12/site-packages/serial_motor_msgs/msg/_motor_vels_s.c
[9.524s] -- Up-to-date symlink: /home/cowbot/cowbot_ws/install/serial_motor_msgs/lib/python3.12/site-packages/serial_motor_msgs/serial_motor_msgs_s__rosidl_typesupport_c.so
[9.526s] -- Up-to-date symlink: /home/cowbot/cowbot_ws/install/serial_motor_msgs/lib/python3.12/site-packages/serial_motor_msgs/serial_motor_msgs_s__rosidl_typesupport_fastrtps_c.so
[9.527s] -- Up-to-date symlink: /home/cowbot/cowbot_ws/install/serial_motor_msgs/lib/python3.12/site-packages/serial_motor_msgs/serial_motor_msgs_s__rosidl_typesupport_introspection_c.so
[9.529s] -- Up-to-date symlink: /home/cowbot/cowbot_ws/install/serial_motor_msgs/lib/python3.12/site-packages/serial_motor_msgs/serial_motor_msgs_s__rosidl_typesupport_fastrtps_c.so
[9.531s] -- Up-to-date symlink: /home/cowbot/cowbot_ws/install/serial_motor_msgs/lib/python3.12/site-packages/serial_motor_msgs/serial_motor_msgs_s__rosidl_typesupport_introspection_c.so
[9.533s] -- Up-to-date symlink: /home/cowbot/cowbot_ws/install/serial_motor_msgs/lib/python3.12/site-packages/serial_motor_msgs/serial_motor_msgs_s__rosidl_typesupport_c.so
[9.534s] -- Up-to-date symlink: /home/cowbot/cowbot_ws/install/serial_motor_msgs/share/serial_motor_msgs/msg/MotorVels.idl
[9.536s] -- Up-to-date symlink: /home/cowbot/cowbot_ws/install/serial_motor_msgs/share/serial_motor_msgs/msg/MotorCommands.idl
[9.537s] -- Up-to-date symlink: /home/cowbot/cowbot_ws/install/serial_motor_msgs/share/serial_motor_msgs/msg/EncoderVals.idl
[9.539s] -- Up-to-date symlink: /home/cowbot/cowbot_ws/install/serial_motor_msgs/share/serial_motor_msgs/msg/MotorVels.msg
[9.540s] -- Up-to-date symlink: /home/cowbot/cowbot_ws/install/serial_motor_msgs/share/serial_motor_msgs/msg/MotorCommands.msg
[9.541s] -- Up-to-date symlink: /home/cowbot/cowbot_ws/install/serial_motor_msgs/share/serial_motor_msgs/msg/EncoderVals.msg
[9.543s] -- Up-to-date symlink: /home/cowbot/cowbot_ws/install/serial_motor_msgs/share/ament_index/resource_index/package_run_dependencies/serial_motor_msgs
[9.545s] -- Up-to-date symlink: /home/cowbot/cowbot_ws/install/serial_motor_msgs/share/ament_index/resource_index/parent_prefix_path/serial_motor_msgs
[9.546s] -- Up-to-date symlink: /home/cowbot/cowbot_ws/install/serial_motor_msgs/share/serial_motor_msgs/environment/ament_prefix_path.sh
[9.548s] -- Up-to-date symlink: /home/cowbot/cowbot_ws/install/serial_motor_msgs/share/serial_motor_msgs/environment/ament_prefix_path.dsv
[9.549s] -- Up-to-date symlink: /home/cowbot/cowbot_ws/install/serial_motor_msgs/share/serial_motor_msgs/environment/path.sh
[9.551s] -- Up-to-date symlink: /home/cowbot/cowbot_ws/install/serial_motor_msgs/share/serial_motor_msgs/environment/path.dsv
[9.552s] -- Up-to-date symlink: /home/cowbot/cowbot_ws/install/serial_motor_msgs/share/serial_motor_msgs/local_setup.bash
[9.554s] -- Up-to-date symlink: /home/cowbot/cowbot_ws/install/serial_motor_msgs/share/serial_motor_msgs/local_setup.sh
[9.555s] -- Up-to-date symlink: /home/cowbot/cowbot_ws/install/serial_motor_msgs/share/serial_motor_msgs/local_setup.zsh
[9.557s] -- Up-to-date symlink: /home/cowbot/cowbot_ws/install/serial_motor_msgs/share/serial_motor_msgs/local_setup.dsv
[9.558s] -- Symlinking: /home/cowbot/cowbot_ws/install/serial_motor_msgs/share/serial_motor_msgs/package.dsv
[9.613s] -- Up-to-date symlink: /home/cowbot/cowbot_ws/install/serial_motor_msgs/share/ament_index/resource_index/packages/serial_motor_msgs
[9.615s] -- Up-to-date symlink: /home/cowbot/cowbot_ws/install/serial_motor_msgs/share/serial_motor_msgs/cmake/rosidl_cmake-extras.cmake
[9.616s] -- Up-to-date symlink: /home/cowbot/cowbot_ws/install/serial_motor_msgs/share/serial_motor_msgs/cmake/ament_cmake_export_include_directories-extras.cmake
[9.618s] -- Up-to-date symlink: /home/cowbot/cowbot_ws/install/serial_motor_msgs/share/serial_motor_msgs/cmake/ament_cmake_export_libraries-extras.cmake
[9.619s] -- Up-to-date symlink: /home/cowbot/cowbot_ws/install/serial_motor_msgs/share/serial_motor_msgs/cmake/ament_cmake_export_targets-extras.cmake
[9.621s] -- Up-to-date symlink: /home/cowbot/cowbot_ws/install/serial_motor_msgs/share/serial_motor_msgs/cmake/rosidl_cmake_export_typesupport_targets-extras.cmake
[9.622s] -- Up-to-date symlink: /home/cowbot/cowbot_ws/install/serial_motor_msgs/share/serial_motor_msgs/cmake/ament_cmake_export_dependencies-extras.cmake
[9.624s] -- Up-to-date symlink: /home/cowbot/cowbot_ws/install/serial_motor_msgs/share/serial_motor_msgs/cmake/rosidl_cmake_export_typesupport_libraries-extras.cmake
[9.626s] -- Up-to-date symlink: /home/cowbot/cowbot_ws/install/serial_motor_msgs/share/serial_motor_msgs/cmake/serial_motor_msgsConfig.cmake
[9.627s] -- Up-to-date symlink: /home/cowbot/cowbot_ws/install/serial_motor_msgs/share/serial_motor_msgs/cmake/serial_motor_msgsConfig-version.cmake
[9.628s] -- Up-to-date symlink: /home/cowbot/cowbot_ws/install/serial_motor_msgs/share/serial_motor_msgs/package.xml
[9.630s] -- Up-to-date: /home/cowbot/cowbot_ws/install/serial_motor_msgs/lib/libserial_motor_msgs__rosidl_generator_c.so
[9.632s] -- Up-to-date: /home/cowbot/cowbot_ws/install/serial_motor_msgs/lib/libserial_motor_msgs__rosidl_typesupport_fastrtps_c.so
[9.635s] -- Up-to-date: /home/cowbot/cowbot_ws/install/serial_motor_msgs/lib/libserial_motor_msgs__rosidl_typesupport_introspection_c.so
[9.637s] -- Up-to-date: /home/cowbot/cowbot_ws/install/serial_motor_msgs/lib/libserial_motor_msgs__rosidl_typesupport_c.so
[9.639s] -- Up-to-date: /home/cowbot/cowbot_ws/install/serial_motor_msgs/lib/libserial_motor_msgs__rosidl_typesupport_fastrtps_cpp.so
[9.642s] -- Up-to-date: /home/cowbot/cowbot_ws/install/serial_motor_msgs/lib/libserial_motor_msgs__rosidl_typesupport_introspection_cpp.so
[9.644s] -- Up-to-date: /home/cowbot/cowbot_ws/install/serial_motor_msgs/lib/libserial_motor_msgs__rosidl_typesupport_cpp.so
[9.871s] Listing '/home/cowbot/cowbot_ws/install/serial_motor_msgs/lib/python3.12/site-packages/serial_motor_msgs'...
[9.872s] Compiling '/home/cowbot/cowbot_ws/install/serial_motor_msgs/lib/python3.12/site-packages/serial_motor_msgs/__init__.py'...
[9.872s] Listing '/home/cowbot/cowbot_ws/install/serial_motor_msgs/lib/python3.12/site-packages/serial_motor_msgs/msg'...
[9.923s] -- Up-to-date: /home/cowbot/cowbot_ws/install/serial_motor_msgs/lib/libserial_motor_msgs__rosidl_generator_py.so
[9.927s] -- Up-to-date: /home/cowbot/cowbot_ws/install/serial_motor_msgs/share/serial_motor_msgs/cmake/export_serial_motor_msgs__rosidl_generator_cExport.cmake
[9.928s] -- Up-to-date: /home/cowbot/cowbot_ws/install/serial_motor_msgs/share/serial_motor_msgs/cmake/export_serial_motor_msgs__rosidl_generator_cExport-noconfig.cmake
[9.929s] -- Up-to-date: /home/cowbot/cowbot_ws/install/serial_motor_msgs/share/serial_motor_msgs/cmake/export_serial_motor_msgs__rosidl_typesupport_fastrtps_cExport.cmake
[9.929s] -- Up-to-date: /home/cowbot/cowbot_ws/install/serial_motor_msgs/share/serial_motor_msgs/cmake/export_serial_motor_msgs__rosidl_typesupport_fastrtps_cExport-noconfig.cmake
[9.932s] -- Up-to-date: /home/cowbot/cowbot_ws/install/serial_motor_msgs/share/serial_motor_msgs/cmake/serial_motor_msgs__rosidl_typesupport_introspection_cExport.cmake
[9.932s] -- Up-to-date: /home/cowbot/cowbot_ws/install/serial_motor_msgs/share/serial_motor_msgs/cmake/serial_motor_msgs__rosidl_typesupport_introspection_cExport-noconfig.cmake
[9.933s] -- Up-to-date: /home/cowbot/cowbot_ws/install/serial_motor_msgs/share/serial_motor_msgs/cmake/serial_motor_msgs__rosidl_typesupport_cExport.cmake
[9.936s] -- Up-to-date: /home/cowbot/cowbot_ws/install/serial_motor_msgs/share/serial_motor_msgs/cmake/serial_motor_msgs__rosidl_typesupport_cExport-noconfig.cmake
[9.938s] -- Up-to-date: /home/cowbot/cowbot_ws/install/serial_motor_msgs/share/serial_motor_msgs/cmake/export_serial_motor_msgs__rosidl_generator_cppExport.cmake
[9.940s] -- Up-to-date: /home/cowbot/cowbot_ws/install/serial_motor_msgs/share/serial_motor_msgs/cmake/export_serial_motor_msgs__rosidl_typesupport_fastrtps_cppExport.cmake
[9.943s] -- Up-to-date: /home/cowbot/cowbot_ws/install/serial_motor_msgs/share/serial_motor_msgs/cmake/export_serial_motor_msgs__rosidl_typesupport_fastrtps_cppExport-noconfig.cmake
[9.944s] -- Up-to-date: /home/cowbot/cowbot_ws/install/serial_motor_msgs/share/serial_motor_msgs/cmake/serial_motor_msgs__rosidl_typesupport_introspection_cppExport.cmake
[9.947s] -- Up-to-date: /home/cowbot/cowbot_ws/install/serial_motor_msgs/share/serial_motor_msgs/cmake/serial_motor_msgs__rosidl_typesupport_introspection_cppExport-noconfig.cmake
[9.947s] -- Up-to-date: /home/cowbot/cowbot_ws/install/serial_motor_msgs/share/serial_motor_msgs/cmake/serial_motor_msgs__rosidl_typesupport_cppExport.cmake
[9.949s] -- Up-to-date: /home/cowbot/cowbot_ws/install/serial_motor_msgs/share/serial_motor_msgs/cmake/serial_motor_msgs__rosidl_typesupport_cppExport-noconfig.cmake
[9.951s] -- Up-to-date: /home/cowbot/cowbot_ws/install/serial_motor_msgs/share/serial_motor_msgs/cmake/export_serial_motor_msgs__rosidl_generator_pyExport.cmake
[9.954s] -- Up-to-date: /home/cowbot/cowbot_ws/install/serial_motor_msgs/share/serial_motor_msgs/cmake/export_serial_motor_msgs__rosidl_generator_pyExport-noconfig.cmake
[9.967s] Invoked command in '/home/cowbot/cowbot_ws/build/serial_motor_msgs' returned '0': CMAKE_PREFIX_PATH=${CMAKE_PREFIX_PATH}:/home/cowbot/cowbot_ws/install/serial_motor:/opt/ros/jazzy /usr/bin/cmake --install /home/cowbot/cowbot_ws/build/serial_motor_msgs
