[0.462s] DEBUG:colcon:Command line arguments: ['/usr/bin/colcon', 'build', '--symlink-install']
[0.462s] DEBUG:colcon:Parsed command line arguments: Namespace(log_base=None, log_level=None, verb_name='build', build_base='build', install_base='install', merge_install=False, symlink_install=True, test_result_base=None, continue_on_error=False, executor='parallel', parallel_workers=4, event_handlers=None, ignore_user_meta=False, metas=['./colcon.meta'], base_paths=['.'], packages_ignore=None, packages_ignore_regex=None, paths=None, packages_up_to=None, packages_up_to_regex=None, packages_above=None, packages_above_and_dependencies=None, packages_above_depth=None, packages_select_by_dep=None, packages_skip_by_dep=None, packages_skip_up_to=None, packages_select_build_failed=False, packages_skip_build_finished=False, packages_select_test_failures=False, packages_skip_test_passed=False, packages_select=None, packages_skip=None, packages_select_regex=None, packages_skip_regex=None, packages_start=None, packages_end=None, allow_overriding=[], cmake_args=None, cmake_target=None, cmake_target_skip_unavailable=False, cmake_clean_cache=False, cmake_clean_first=False, cmake_force_configure=False, ament_cmake_args=None, catkin_cmake_args=None, catkin_skip_building_tests=False, mixin_files=None, mixin=None, verb_parser=<colcon_mixin.mixin.mixin_argument.MixinArgumentDecorator object at 0xffff91f094f0>, verb_extension=<colcon_core.verb.build.BuildVerb object at 0xffff920c1a60>, main=<bound method BuildVerb.main of <colcon_core.verb.build.BuildVerb object at 0xffff920c1a60>>, mixin_verb=('build',))
[0.634s] Level 1:colcon.colcon_core.package_discovery:discover_packages(colcon_meta) check parameters
[0.634s] Level 1:colcon.colcon_core.package_discovery:discover_packages(recursive) check parameters
[0.634s] Level 1:colcon.colcon_core.package_discovery:discover_packages(ignore) check parameters
[0.634s] Level 1:colcon.colcon_core.package_discovery:discover_packages(path) check parameters
[0.634s] Level 1:colcon.colcon_core.package_discovery:discover_packages(colcon_meta) discover
[0.635s] Level 1:colcon.colcon_core.package_discovery:discover_packages(recursive) discover
[0.635s] INFO:colcon.colcon_core.package_discovery:Crawling recursively for packages in '/home/cowbot/cowbot_ws'
[0.635s] Level 1:colcon.colcon_core.package_identification:_identify(.) by extensions ['ignore', 'ignore_ament_install']
[0.635s] Level 1:colcon.colcon_core.package_identification:_identify(.) by extension 'ignore'
[0.636s] Level 1:colcon.colcon_core.package_identification:_identify(.) by extension 'ignore_ament_install'
[0.636s] Level 1:colcon.colcon_core.package_identification:_identify(.) by extensions ['colcon_pkg']
[0.636s] Level 1:colcon.colcon_core.package_identification:_identify(.) by extension 'colcon_pkg'
[0.636s] Level 1:colcon.colcon_core.package_identification:_identify(.) by extensions ['colcon_meta']
[0.636s] Level 1:colcon.colcon_core.package_identification:_identify(.) by extension 'colcon_meta'
[0.636s] Level 1:colcon.colcon_core.package_identification:_identify(.) by extensions ['ros']
[0.637s] Level 1:colcon.colcon_core.package_identification:_identify(.) by extension 'ros'
[0.743s] Level 1:colcon.colcon_core.package_identification:_identify(.) by extensions ['cmake', 'python']
[0.743s] Level 1:colcon.colcon_core.package_identification:_identify(.) by extension 'cmake'
[0.743s] Level 1:colcon.colcon_core.package_identification:_identify(.) by extension 'python'
[0.743s] Level 1:colcon.colcon_core.package_identification:_identify(.) by extensions ['python_setup_py']
[0.743s] Level 1:colcon.colcon_core.package_identification:_identify(.) by extension 'python_setup_py'
[0.744s] Level 1:colcon.colcon_core.package_identification:_identify(build) by extensions ['ignore', 'ignore_ament_install']
[0.744s] Level 1:colcon.colcon_core.package_identification:_identify(build) by extension 'ignore'
[0.744s] Level 1:colcon.colcon_core.package_identification:_identify(build) ignored
[0.745s] Level 1:colcon.colcon_core.package_identification:_identify(install) by extensions ['ignore', 'ignore_ament_install']
[0.746s] Level 1:colcon.colcon_core.package_identification:_identify(install) by extension 'ignore'
[0.746s] Level 1:colcon.colcon_core.package_identification:_identify(install) ignored
[0.746s] Level 1:colcon.colcon_core.package_identification:_identify(log) by extensions ['ignore', 'ignore_ament_install']
[0.747s] Level 1:colcon.colcon_core.package_identification:_identify(log) by extension 'ignore'
[0.747s] Level 1:colcon.colcon_core.package_identification:_identify(log) ignored
[0.747s] Level 1:colcon.colcon_core.package_identification:_identify(src) by extensions ['ignore', 'ignore_ament_install']
[0.748s] Level 1:colcon.colcon_core.package_identification:_identify(src) by extension 'ignore'
[0.748s] Level 1:colcon.colcon_core.package_identification:_identify(src) by extension 'ignore_ament_install'
[0.748s] Level 1:colcon.colcon_core.package_identification:_identify(src) by extensions ['colcon_pkg']
[0.748s] Level 1:colcon.colcon_core.package_identification:_identify(src) by extension 'colcon_pkg'
[0.748s] Level 1:colcon.colcon_core.package_identification:_identify(src) by extensions ['colcon_meta']
[0.748s] Level 1:colcon.colcon_core.package_identification:_identify(src) by extension 'colcon_meta'
[0.748s] Level 1:colcon.colcon_core.package_identification:_identify(src) by extensions ['ros']
[0.749s] Level 1:colcon.colcon_core.package_identification:_identify(src) by extension 'ros'
[0.749s] Level 1:colcon.colcon_core.package_identification:_identify(src) by extensions ['cmake', 'python']
[0.749s] Level 1:colcon.colcon_core.package_identification:_identify(src) by extension 'cmake'
[0.749s] Level 1:colcon.colcon_core.package_identification:_identify(src) by extension 'python'
[0.749s] Level 1:colcon.colcon_core.package_identification:_identify(src) by extensions ['python_setup_py']
[0.749s] Level 1:colcon.colcon_core.package_identification:_identify(src) by extension 'python_setup_py'
[0.750s] Level 1:colcon.colcon_core.package_identification:_identify(src/Lslidar_ROS2_driver) by extensions ['ignore', 'ignore_ament_install']
[0.750s] Level 1:colcon.colcon_core.package_identification:_identify(src/Lslidar_ROS2_driver) by extension 'ignore'
[0.750s] Level 1:colcon.colcon_core.package_identification:_identify(src/Lslidar_ROS2_driver) by extension 'ignore_ament_install'
[0.751s] Level 1:colcon.colcon_core.package_identification:_identify(src/Lslidar_ROS2_driver) by extensions ['colcon_pkg']
[0.751s] Level 1:colcon.colcon_core.package_identification:_identify(src/Lslidar_ROS2_driver) by extension 'colcon_pkg'
[0.751s] Level 1:colcon.colcon_core.package_identification:_identify(src/Lslidar_ROS2_driver) by extensions ['colcon_meta']
[0.751s] Level 1:colcon.colcon_core.package_identification:_identify(src/Lslidar_ROS2_driver) by extension 'colcon_meta'
[0.751s] Level 1:colcon.colcon_core.package_identification:_identify(src/Lslidar_ROS2_driver) by extensions ['ros']
[0.751s] Level 1:colcon.colcon_core.package_identification:_identify(src/Lslidar_ROS2_driver) by extension 'ros'
[0.752s] Level 1:colcon.colcon_core.package_identification:_identify(src/Lslidar_ROS2_driver) by extensions ['cmake', 'python']
[0.752s] Level 1:colcon.colcon_core.package_identification:_identify(src/Lslidar_ROS2_driver) by extension 'cmake'
[0.752s] Level 1:colcon.colcon_core.package_identification:_identify(src/Lslidar_ROS2_driver) by extension 'python'
[0.752s] Level 1:colcon.colcon_core.package_identification:_identify(src/Lslidar_ROS2_driver) by extensions ['python_setup_py']
[0.752s] Level 1:colcon.colcon_core.package_identification:_identify(src/Lslidar_ROS2_driver) by extension 'python_setup_py'
[0.753s] Level 1:colcon.colcon_core.package_identification:_identify(src/Lslidar_ROS2_driver/lslidar_driver) by extensions ['ignore', 'ignore_ament_install']
[0.753s] Level 1:colcon.colcon_core.package_identification:_identify(src/Lslidar_ROS2_driver/lslidar_driver) by extension 'ignore'
[0.753s] Level 1:colcon.colcon_core.package_identification:_identify(src/Lslidar_ROS2_driver/lslidar_driver) by extension 'ignore_ament_install'
[0.753s] Level 1:colcon.colcon_core.package_identification:_identify(src/Lslidar_ROS2_driver/lslidar_driver) by extensions ['colcon_pkg']
[0.754s] Level 1:colcon.colcon_core.package_identification:_identify(src/Lslidar_ROS2_driver/lslidar_driver) by extension 'colcon_pkg'
[0.754s] Level 1:colcon.colcon_core.package_identification:_identify(src/Lslidar_ROS2_driver/lslidar_driver) by extensions ['colcon_meta']
[0.754s] Level 1:colcon.colcon_core.package_identification:_identify(src/Lslidar_ROS2_driver/lslidar_driver) by extension 'colcon_meta'
[0.754s] Level 1:colcon.colcon_core.package_identification:_identify(src/Lslidar_ROS2_driver/lslidar_driver) by extensions ['ros']
[0.754s] Level 1:colcon.colcon_core.package_identification:_identify(src/Lslidar_ROS2_driver/lslidar_driver) by extension 'ros'
[0.763s] DEBUG:colcon.colcon_core.package_identification:Package 'src/Lslidar_ROS2_driver/lslidar_driver' with type 'ros.ament_cmake' and name 'lslidar_driver'
[0.764s] Level 1:colcon.colcon_core.package_identification:_identify(src/Lslidar_ROS2_driver/lslidar_msgs) by extensions ['ignore', 'ignore_ament_install']
[0.764s] Level 1:colcon.colcon_core.package_identification:_identify(src/Lslidar_ROS2_driver/lslidar_msgs) by extension 'ignore'
[0.764s] Level 1:colcon.colcon_core.package_identification:_identify(src/Lslidar_ROS2_driver/lslidar_msgs) by extension 'ignore_ament_install'
[0.765s] Level 1:colcon.colcon_core.package_identification:_identify(src/Lslidar_ROS2_driver/lslidar_msgs) by extensions ['colcon_pkg']
[0.765s] Level 1:colcon.colcon_core.package_identification:_identify(src/Lslidar_ROS2_driver/lslidar_msgs) by extension 'colcon_pkg'
[0.765s] Level 1:colcon.colcon_core.package_identification:_identify(src/Lslidar_ROS2_driver/lslidar_msgs) by extensions ['colcon_meta']
[0.765s] Level 1:colcon.colcon_core.package_identification:_identify(src/Lslidar_ROS2_driver/lslidar_msgs) by extension 'colcon_meta'
[0.765s] Level 1:colcon.colcon_core.package_identification:_identify(src/Lslidar_ROS2_driver/lslidar_msgs) by extensions ['ros']
[0.765s] Level 1:colcon.colcon_core.package_identification:_identify(src/Lslidar_ROS2_driver/lslidar_msgs) by extension 'ros'
[0.767s] DEBUG:colcon.colcon_core.package_identification:Package 'src/Lslidar_ROS2_driver/lslidar_msgs' with type 'ros.ament_cmake' and name 'lslidar_msgs'
[0.768s] Level 1:colcon.colcon_core.package_identification:_identify(src/build) by extensions ['ignore', 'ignore_ament_install']
[0.768s] Level 1:colcon.colcon_core.package_identification:_identify(src/build) by extension 'ignore'
[0.768s] Level 1:colcon.colcon_core.package_identification:_identify(src/build) ignored
[0.769s] Level 1:colcon.colcon_core.package_identification:_identify(src/cowbot_bringup) by extensions ['ignore', 'ignore_ament_install']
[0.769s] Level 1:colcon.colcon_core.package_identification:_identify(src/cowbot_bringup) by extension 'ignore'
[0.769s] Level 1:colcon.colcon_core.package_identification:_identify(src/cowbot_bringup) by extension 'ignore_ament_install'
[0.770s] Level 1:colcon.colcon_core.package_identification:_identify(src/cowbot_bringup) by extensions ['colcon_pkg']
[0.770s] Level 1:colcon.colcon_core.package_identification:_identify(src/cowbot_bringup) by extension 'colcon_pkg'
[0.770s] Level 1:colcon.colcon_core.package_identification:_identify(src/cowbot_bringup) by extensions ['colcon_meta']
[0.770s] Level 1:colcon.colcon_core.package_identification:_identify(src/cowbot_bringup) by extension 'colcon_meta'
[0.770s] Level 1:colcon.colcon_core.package_identification:_identify(src/cowbot_bringup) by extensions ['ros']
[0.770s] Level 1:colcon.colcon_core.package_identification:_identify(src/cowbot_bringup) by extension 'ros'
[0.772s] DEBUG:colcon.colcon_core.package_identification:Package 'src/cowbot_bringup' with type 'ros.ament_cmake' and name 'cowbot_bringup'
[0.772s] Level 1:colcon.colcon_core.package_identification:_identify(src/cowbot_description) by extensions ['ignore', 'ignore_ament_install']
[0.773s] Level 1:colcon.colcon_core.package_identification:_identify(src/cowbot_description) by extension 'ignore'
[0.773s] Level 1:colcon.colcon_core.package_identification:_identify(src/cowbot_description) by extension 'ignore_ament_install'
[0.773s] Level 1:colcon.colcon_core.package_identification:_identify(src/cowbot_description) by extensions ['colcon_pkg']
[0.773s] Level 1:colcon.colcon_core.package_identification:_identify(src/cowbot_description) by extension 'colcon_pkg'
[0.773s] Level 1:colcon.colcon_core.package_identification:_identify(src/cowbot_description) by extensions ['colcon_meta']
[0.773s] Level 1:colcon.colcon_core.package_identification:_identify(src/cowbot_description) by extension 'colcon_meta'
[0.774s] Level 1:colcon.colcon_core.package_identification:_identify(src/cowbot_description) by extensions ['ros']
[0.774s] Level 1:colcon.colcon_core.package_identification:_identify(src/cowbot_description) by extension 'ros'
[0.776s] DEBUG:colcon.colcon_core.package_identification:Package 'src/cowbot_description' with type 'ros.ament_cmake' and name 'cowbot_description'
[0.777s] Level 1:colcon.colcon_core.package_identification:_identify(src/cowbot_gazebo) by extensions ['ignore', 'ignore_ament_install']
[0.777s] Level 1:colcon.colcon_core.package_identification:_identify(src/cowbot_gazebo) by extension 'ignore'
[0.777s] Level 1:colcon.colcon_core.package_identification:_identify(src/cowbot_gazebo) by extension 'ignore_ament_install'
[0.778s] Level 1:colcon.colcon_core.package_identification:_identify(src/cowbot_gazebo) by extensions ['colcon_pkg']
[0.778s] Level 1:colcon.colcon_core.package_identification:_identify(src/cowbot_gazebo) by extension 'colcon_pkg'
[0.778s] Level 1:colcon.colcon_core.package_identification:_identify(src/cowbot_gazebo) by extensions ['colcon_meta']
[0.778s] Level 1:colcon.colcon_core.package_identification:_identify(src/cowbot_gazebo) by extension 'colcon_meta'
[0.778s] Level 1:colcon.colcon_core.package_identification:_identify(src/cowbot_gazebo) by extensions ['ros']
[0.778s] Level 1:colcon.colcon_core.package_identification:_identify(src/cowbot_gazebo) by extension 'ros'
[0.780s] DEBUG:colcon.colcon_core.package_identification:Package 'src/cowbot_gazebo' with type 'ros.ament_cmake' and name 'cowbot_gazebo'
[0.780s] Level 1:colcon.colcon_core.package_identification:_identify(src/install) by extensions ['ignore', 'ignore_ament_install']
[0.781s] Level 1:colcon.colcon_core.package_identification:_identify(src/install) by extension 'ignore'
[0.781s] Level 1:colcon.colcon_core.package_identification:_identify(src/install) ignored
[0.781s] Level 1:colcon.colcon_core.package_identification:_identify(src/log) by extensions ['ignore', 'ignore_ament_install']
[0.782s] Level 1:colcon.colcon_core.package_identification:_identify(src/log) by extension 'ignore'
[0.782s] Level 1:colcon.colcon_core.package_identification:_identify(src/log) ignored
[0.782s] Level 1:colcon.colcon_core.package_identification:_identify(src/msg) by extensions ['ignore', 'ignore_ament_install']
[0.782s] Level 1:colcon.colcon_core.package_identification:_identify(src/msg) by extension 'ignore'
[0.782s] Level 1:colcon.colcon_core.package_identification:_identify(src/msg) by extension 'ignore_ament_install'
[0.783s] Level 1:colcon.colcon_core.package_identification:_identify(src/msg) by extensions ['colcon_pkg']
[0.783s] Level 1:colcon.colcon_core.package_identification:_identify(src/msg) by extension 'colcon_pkg'
[0.783s] Level 1:colcon.colcon_core.package_identification:_identify(src/msg) by extensions ['colcon_meta']
[0.783s] Level 1:colcon.colcon_core.package_identification:_identify(src/msg) by extension 'colcon_meta'
[0.783s] Level 1:colcon.colcon_core.package_identification:_identify(src/msg) by extensions ['ros']
[0.783s] Level 1:colcon.colcon_core.package_identification:_identify(src/msg) by extension 'ros'
[0.784s] Level 1:colcon.colcon_core.package_identification:_identify(src/msg) by extensions ['cmake', 'python']
[0.784s] Level 1:colcon.colcon_core.package_identification:_identify(src/msg) by extension 'cmake'
[0.784s] Level 1:colcon.colcon_core.package_identification:_identify(src/msg) by extension 'python'
[0.784s] Level 1:colcon.colcon_core.package_identification:_identify(src/msg) by extensions ['python_setup_py']
[0.784s] Level 1:colcon.colcon_core.package_identification:_identify(src/msg) by extension 'python_setup_py'
[0.785s] Level 1:colcon.colcon_core.package_identification:_identify(src/serial_motor) by extensions ['ignore', 'ignore_ament_install']
[0.785s] Level 1:colcon.colcon_core.package_identification:_identify(src/serial_motor) by extension 'ignore'
[0.785s] Level 1:colcon.colcon_core.package_identification:_identify(src/serial_motor) by extension 'ignore_ament_install'
[0.785s] Level 1:colcon.colcon_core.package_identification:_identify(src/serial_motor) by extensions ['colcon_pkg']
[0.785s] Level 1:colcon.colcon_core.package_identification:_identify(src/serial_motor) by extension 'colcon_pkg'
[0.786s] Level 1:colcon.colcon_core.package_identification:_identify(src/serial_motor) by extensions ['colcon_meta']
[0.786s] Level 1:colcon.colcon_core.package_identification:_identify(src/serial_motor) by extension 'colcon_meta'
[0.786s] Level 1:colcon.colcon_core.package_identification:_identify(src/serial_motor) by extensions ['ros']
[0.786s] Level 1:colcon.colcon_core.package_identification:_identify(src/serial_motor) by extension 'ros'
[0.788s] DEBUG:colcon.colcon_core.package_identification:Package 'src/serial_motor' with type 'ros.ament_python' and name 'serial_motor'
[0.789s] Level 1:colcon.colcon_core.package_identification:_identify(src/serial_motor_msgs) by extensions ['ignore', 'ignore_ament_install']
[0.789s] Level 1:colcon.colcon_core.package_identification:_identify(src/serial_motor_msgs) by extension 'ignore'
[0.789s] Level 1:colcon.colcon_core.package_identification:_identify(src/serial_motor_msgs) by extension 'ignore_ament_install'
[0.789s] Level 1:colcon.colcon_core.package_identification:_identify(src/serial_motor_msgs) by extensions ['colcon_pkg']
[0.789s] Level 1:colcon.colcon_core.package_identification:_identify(src/serial_motor_msgs) by extension 'colcon_pkg'
[0.790s] Level 1:colcon.colcon_core.package_identification:_identify(src/serial_motor_msgs) by extensions ['colcon_meta']
[0.790s] Level 1:colcon.colcon_core.package_identification:_identify(src/serial_motor_msgs) by extension 'colcon_meta'
[0.790s] Level 1:colcon.colcon_core.package_identification:_identify(src/serial_motor_msgs) by extensions ['ros']
[0.790s] Level 1:colcon.colcon_core.package_identification:_identify(src/serial_motor_msgs) by extension 'ros'
[0.792s] DEBUG:colcon.colcon_core.package_identification:Package 'src/serial_motor_msgs' with type 'ros.ament_cmake' and name 'serial_motor_msgs'
[0.792s] Level 1:colcon.colcon_core.package_discovery:discover_packages(recursive) using defaults
[0.792s] Level 1:colcon.colcon_core.package_discovery:discover_packages(ignore) discover
[0.792s] Level 1:colcon.colcon_core.package_discovery:discover_packages(ignore) using defaults
[0.792s] Level 1:colcon.colcon_core.package_discovery:discover_packages(path) discover
[0.792s] Level 1:colcon.colcon_core.package_discovery:discover_packages(path) using defaults
[0.866s] Level 1:colcon.colcon_core.package_discovery:discover_packages(prefix_path) check parameters
[0.866s] Level 1:colcon.colcon_core.package_discovery:discover_packages(prefix_path) discover
[0.876s] DEBUG:colcon.colcon_installed_package_information.package_discovery:Found 7 installed packages in /home/cowbot/cowbot_ws/install
[0.885s] DEBUG:colcon.colcon_installed_package_information.package_discovery:Found 209 installed packages in /opt/ros/jazzy
[0.887s] Level 1:colcon.colcon_core.package_discovery:discover_packages(prefix_path) using defaults
[1.032s] Level 5:colcon.colcon_core.verb:set package 'cowbot_bringup' build argument 'cmake_args' from command line to 'None'
[1.032s] Level 5:colcon.colcon_core.verb:set package 'cowbot_bringup' build argument 'cmake_target' from command line to 'None'
[1.032s] Level 5:colcon.colcon_core.verb:set package 'cowbot_bringup' build argument 'cmake_target_skip_unavailable' from command line to 'False'
[1.032s] Level 5:colcon.colcon_core.verb:set package 'cowbot_bringup' build argument 'cmake_clean_cache' from command line to 'False'
[1.032s] Level 5:colcon.colcon_core.verb:set package 'cowbot_bringup' build argument 'cmake_clean_first' from command line to 'False'
[1.032s] Level 5:colcon.colcon_core.verb:set package 'cowbot_bringup' build argument 'cmake_force_configure' from command line to 'False'
[1.033s] Level 5:colcon.colcon_core.verb:set package 'cowbot_bringup' build argument 'ament_cmake_args' from command line to 'None'
[1.033s] Level 5:colcon.colcon_core.verb:set package 'cowbot_bringup' build argument 'catkin_cmake_args' from command line to 'None'
[1.033s] Level 5:colcon.colcon_core.verb:set package 'cowbot_bringup' build argument 'catkin_skip_building_tests' from command line to 'False'
[1.033s] DEBUG:colcon.colcon_core.verb:Building package 'cowbot_bringup' with the following arguments: {'ament_cmake_args': None, 'build_base': '/home/cowbot/cowbot_ws/build/cowbot_bringup', 'catkin_cmake_args': None, 'catkin_skip_building_tests': False, 'cmake_args': None, 'cmake_clean_cache': False, 'cmake_clean_first': False, 'cmake_force_configure': False, 'cmake_target': None, 'cmake_target_skip_unavailable': False, 'install_base': '/home/cowbot/cowbot_ws/install/cowbot_bringup', 'merge_install': False, 'path': '/home/cowbot/cowbot_ws/src/cowbot_bringup', 'symlink_install': True, 'test_result_base': None}
[1.034s] Level 5:colcon.colcon_core.verb:set package 'cowbot_description' build argument 'cmake_args' from command line to 'None'
[1.034s] Level 5:colcon.colcon_core.verb:set package 'cowbot_description' build argument 'cmake_target' from command line to 'None'
[1.034s] Level 5:colcon.colcon_core.verb:set package 'cowbot_description' build argument 'cmake_target_skip_unavailable' from command line to 'False'
[1.034s] Level 5:colcon.colcon_core.verb:set package 'cowbot_description' build argument 'cmake_clean_cache' from command line to 'False'
[1.034s] Level 5:colcon.colcon_core.verb:set package 'cowbot_description' build argument 'cmake_clean_first' from command line to 'False'
[1.035s] Level 5:colcon.colcon_core.verb:set package 'cowbot_description' build argument 'cmake_force_configure' from command line to 'False'
[1.035s] Level 5:colcon.colcon_core.verb:set package 'cowbot_description' build argument 'ament_cmake_args' from command line to 'None'
[1.035s] Level 5:colcon.colcon_core.verb:set package 'cowbot_description' build argument 'catkin_cmake_args' from command line to 'None'
[1.035s] Level 5:colcon.colcon_core.verb:set package 'cowbot_description' build argument 'catkin_skip_building_tests' from command line to 'False'
[1.035s] DEBUG:colcon.colcon_core.verb:Building package 'cowbot_description' with the following arguments: {'ament_cmake_args': None, 'build_base': '/home/cowbot/cowbot_ws/build/cowbot_description', 'catkin_cmake_args': None, 'catkin_skip_building_tests': False, 'cmake_args': None, 'cmake_clean_cache': False, 'cmake_clean_first': False, 'cmake_force_configure': False, 'cmake_target': None, 'cmake_target_skip_unavailable': False, 'install_base': '/home/cowbot/cowbot_ws/install/cowbot_description', 'merge_install': False, 'path': '/home/cowbot/cowbot_ws/src/cowbot_description', 'symlink_install': True, 'test_result_base': None}
[1.036s] Level 5:colcon.colcon_core.verb:set package 'cowbot_gazebo' build argument 'cmake_args' from command line to 'None'
[1.036s] Level 5:colcon.colcon_core.verb:set package 'cowbot_gazebo' build argument 'cmake_target' from command line to 'None'
[1.036s] Level 5:colcon.colcon_core.verb:set package 'cowbot_gazebo' build argument 'cmake_target_skip_unavailable' from command line to 'False'
[1.036s] Level 5:colcon.colcon_core.verb:set package 'cowbot_gazebo' build argument 'cmake_clean_cache' from command line to 'False'
[1.036s] Level 5:colcon.colcon_core.verb:set package 'cowbot_gazebo' build argument 'cmake_clean_first' from command line to 'False'
[1.037s] Level 5:colcon.colcon_core.verb:set package 'cowbot_gazebo' build argument 'cmake_force_configure' from command line to 'False'
[1.037s] Level 5:colcon.colcon_core.verb:set package 'cowbot_gazebo' build argument 'ament_cmake_args' from command line to 'None'
[1.037s] Level 5:colcon.colcon_core.verb:set package 'cowbot_gazebo' build argument 'catkin_cmake_args' from command line to 'None'
[1.037s] Level 5:colcon.colcon_core.verb:set package 'cowbot_gazebo' build argument 'catkin_skip_building_tests' from command line to 'False'
[1.037s] DEBUG:colcon.colcon_core.verb:Building package 'cowbot_gazebo' with the following arguments: {'ament_cmake_args': None, 'build_base': '/home/cowbot/cowbot_ws/build/cowbot_gazebo', 'catkin_cmake_args': None, 'catkin_skip_building_tests': False, 'cmake_args': None, 'cmake_clean_cache': False, 'cmake_clean_first': False, 'cmake_force_configure': False, 'cmake_target': None, 'cmake_target_skip_unavailable': False, 'install_base': '/home/cowbot/cowbot_ws/install/cowbot_gazebo', 'merge_install': False, 'path': '/home/cowbot/cowbot_ws/src/cowbot_gazebo', 'symlink_install': True, 'test_result_base': None}
[1.038s] Level 5:colcon.colcon_core.verb:set package 'lslidar_msgs' build argument 'cmake_args' from command line to 'None'
[1.038s] Level 5:colcon.colcon_core.verb:set package 'lslidar_msgs' build argument 'cmake_target' from command line to 'None'
[1.038s] Level 5:colcon.colcon_core.verb:set package 'lslidar_msgs' build argument 'cmake_target_skip_unavailable' from command line to 'False'
[1.038s] Level 5:colcon.colcon_core.verb:set package 'lslidar_msgs' build argument 'cmake_clean_cache' from command line to 'False'
[1.039s] Level 5:colcon.colcon_core.verb:set package 'lslidar_msgs' build argument 'cmake_clean_first' from command line to 'False'
[1.039s] Level 5:colcon.colcon_core.verb:set package 'lslidar_msgs' build argument 'cmake_force_configure' from command line to 'False'
[1.039s] Level 5:colcon.colcon_core.verb:set package 'lslidar_msgs' build argument 'ament_cmake_args' from command line to 'None'
[1.039s] Level 5:colcon.colcon_core.verb:set package 'lslidar_msgs' build argument 'catkin_cmake_args' from command line to 'None'
[1.039s] Level 5:colcon.colcon_core.verb:set package 'lslidar_msgs' build argument 'catkin_skip_building_tests' from command line to 'False'
[1.039s] DEBUG:colcon.colcon_core.verb:Building package 'lslidar_msgs' with the following arguments: {'ament_cmake_args': None, 'build_base': '/home/cowbot/cowbot_ws/build/lslidar_msgs', 'catkin_cmake_args': None, 'catkin_skip_building_tests': False, 'cmake_args': None, 'cmake_clean_cache': False, 'cmake_clean_first': False, 'cmake_force_configure': False, 'cmake_target': None, 'cmake_target_skip_unavailable': False, 'install_base': '/home/cowbot/cowbot_ws/install/lslidar_msgs', 'merge_install': False, 'path': '/home/cowbot/cowbot_ws/src/Lslidar_ROS2_driver/lslidar_msgs', 'symlink_install': True, 'test_result_base': None}
[1.040s] Level 5:colcon.colcon_core.verb:set package 'serial_motor_msgs' build argument 'cmake_args' from command line to 'None'
[1.040s] Level 5:colcon.colcon_core.verb:set package 'serial_motor_msgs' build argument 'cmake_target' from command line to 'None'
[1.040s] Level 5:colcon.colcon_core.verb:set package 'serial_motor_msgs' build argument 'cmake_target_skip_unavailable' from command line to 'False'
[1.040s] Level 5:colcon.colcon_core.verb:set package 'serial_motor_msgs' build argument 'cmake_clean_cache' from command line to 'False'
[1.041s] Level 5:colcon.colcon_core.verb:set package 'serial_motor_msgs' build argument 'cmake_clean_first' from command line to 'False'
[1.041s] Level 5:colcon.colcon_core.verb:set package 'serial_motor_msgs' build argument 'cmake_force_configure' from command line to 'False'
[1.041s] Level 5:colcon.colcon_core.verb:set package 'serial_motor_msgs' build argument 'ament_cmake_args' from command line to 'None'
[1.041s] Level 5:colcon.colcon_core.verb:set package 'serial_motor_msgs' build argument 'catkin_cmake_args' from command line to 'None'
[1.041s] Level 5:colcon.colcon_core.verb:set package 'serial_motor_msgs' build argument 'catkin_skip_building_tests' from command line to 'False'
[1.041s] DEBUG:colcon.colcon_core.verb:Building package 'serial_motor_msgs' with the following arguments: {'ament_cmake_args': None, 'build_base': '/home/cowbot/cowbot_ws/build/serial_motor_msgs', 'catkin_cmake_args': None, 'catkin_skip_building_tests': False, 'cmake_args': None, 'cmake_clean_cache': False, 'cmake_clean_first': False, 'cmake_force_configure': False, 'cmake_target': None, 'cmake_target_skip_unavailable': False, 'install_base': '/home/cowbot/cowbot_ws/install/serial_motor_msgs', 'merge_install': False, 'path': '/home/cowbot/cowbot_ws/src/serial_motor_msgs', 'symlink_install': True, 'test_result_base': None}
[1.042s] Level 5:colcon.colcon_core.verb:set package 'lslidar_driver' build argument 'cmake_args' from command line to 'None'
[1.042s] Level 5:colcon.colcon_core.verb:set package 'lslidar_driver' build argument 'cmake_target' from command line to 'None'
[1.042s] Level 5:colcon.colcon_core.verb:set package 'lslidar_driver' build argument 'cmake_target_skip_unavailable' from command line to 'False'
[1.043s] Level 5:colcon.colcon_core.verb:set package 'lslidar_driver' build argument 'cmake_clean_cache' from command line to 'False'
[1.043s] Level 5:colcon.colcon_core.verb:set package 'lslidar_driver' build argument 'cmake_clean_first' from command line to 'False'
[1.043s] Level 5:colcon.colcon_core.verb:set package 'lslidar_driver' build argument 'cmake_force_configure' from command line to 'False'
[1.043s] Level 5:colcon.colcon_core.verb:set package 'lslidar_driver' build argument 'ament_cmake_args' from command line to 'None'
[1.043s] Level 5:colcon.colcon_core.verb:set package 'lslidar_driver' build argument 'catkin_cmake_args' from command line to 'None'
[1.043s] Level 5:colcon.colcon_core.verb:set package 'lslidar_driver' build argument 'catkin_skip_building_tests' from command line to 'False'
[1.043s] DEBUG:colcon.colcon_core.verb:Building package 'lslidar_driver' with the following arguments: {'ament_cmake_args': None, 'build_base': '/home/cowbot/cowbot_ws/build/lslidar_driver', 'catkin_cmake_args': None, 'catkin_skip_building_tests': False, 'cmake_args': None, 'cmake_clean_cache': False, 'cmake_clean_first': False, 'cmake_force_configure': False, 'cmake_target': None, 'cmake_target_skip_unavailable': False, 'install_base': '/home/cowbot/cowbot_ws/install/lslidar_driver', 'merge_install': False, 'path': '/home/cowbot/cowbot_ws/src/Lslidar_ROS2_driver/lslidar_driver', 'symlink_install': True, 'test_result_base': None}
[1.044s] Level 5:colcon.colcon_core.verb:set package 'serial_motor' build argument 'cmake_args' from command line to 'None'
[1.044s] Level 5:colcon.colcon_core.verb:set package 'serial_motor' build argument 'cmake_target' from command line to 'None'
[1.044s] Level 5:colcon.colcon_core.verb:set package 'serial_motor' build argument 'cmake_target_skip_unavailable' from command line to 'False'
[1.045s] Level 5:colcon.colcon_core.verb:set package 'serial_motor' build argument 'cmake_clean_cache' from command line to 'False'
[1.045s] Level 5:colcon.colcon_core.verb:set package 'serial_motor' build argument 'cmake_clean_first' from command line to 'False'
[1.045s] Level 5:colcon.colcon_core.verb:set package 'serial_motor' build argument 'cmake_force_configure' from command line to 'False'
[1.045s] Level 5:colcon.colcon_core.verb:set package 'serial_motor' build argument 'ament_cmake_args' from command line to 'None'
[1.045s] Level 5:colcon.colcon_core.verb:set package 'serial_motor' build argument 'catkin_cmake_args' from command line to 'None'
[1.045s] Level 5:colcon.colcon_core.verb:set package 'serial_motor' build argument 'catkin_skip_building_tests' from command line to 'False'
[1.045s] DEBUG:colcon.colcon_core.verb:Building package 'serial_motor' with the following arguments: {'ament_cmake_args': None, 'build_base': '/home/cowbot/cowbot_ws/build/serial_motor', 'catkin_cmake_args': None, 'catkin_skip_building_tests': False, 'cmake_args': None, 'cmake_clean_cache': False, 'cmake_clean_first': False, 'cmake_force_configure': False, 'cmake_target': None, 'cmake_target_skip_unavailable': False, 'install_base': '/home/cowbot/cowbot_ws/install/serial_motor', 'merge_install': False, 'path': '/home/cowbot/cowbot_ws/src/serial_motor', 'symlink_install': True, 'test_result_base': None}
[1.045s] INFO:colcon.colcon_core.executor:Executing jobs using 'parallel' executor
[1.048s] DEBUG:colcon.colcon_parallel_executor.executor.parallel:run_until_complete
[1.050s] INFO:colcon.colcon_ros.task.ament_cmake.build:Building ROS package in '/home/cowbot/cowbot_ws/src/Lslidar_ROS2_driver/lslidar_msgs' with build type 'ament_cmake'
[1.050s] INFO:colcon.colcon_cmake.task.cmake.build:Building CMake package in '/home/cowbot/cowbot_ws/src/Lslidar_ROS2_driver/lslidar_msgs'
[1.058s] INFO:colcon.colcon_core.plugin_system:Skipping extension 'colcon_core.shell.bat': Not used on non-Windows systems
[1.059s] INFO:colcon.colcon_core.shell:Skip shell extension 'powershell' for command environment: Not usable outside of PowerShell
[1.059s] DEBUG:colcon.colcon_core.shell:Skip shell extension 'dsv' for command environment
[1.079s] INFO:colcon.colcon_ros.task.ament_cmake.build:Building ROS package in '/home/cowbot/cowbot_ws/src/serial_motor_msgs' with build type 'ament_cmake'
[1.079s] INFO:colcon.colcon_cmake.task.cmake.build:Building CMake package in '/home/cowbot/cowbot_ws/src/serial_motor_msgs'
[1.080s] INFO:colcon.colcon_core.shell:Skip shell extension 'powershell' for command environment: Not usable outside of PowerShell
[1.080s] DEBUG:colcon.colcon_core.shell:Skip shell extension 'dsv' for command environment
[1.100s] INFO:colcon.colcon_ros.task.ament_cmake.build:Building ROS package in '/home/cowbot/cowbot_ws/src/cowbot_bringup' with build type 'ament_cmake'
[1.101s] INFO:colcon.colcon_cmake.task.cmake.build:Building CMake package in '/home/cowbot/cowbot_ws/src/cowbot_bringup'
[1.101s] INFO:colcon.colcon_core.shell:Skip shell extension 'powershell' for command environment: Not usable outside of PowerShell
[1.102s] DEBUG:colcon.colcon_core.shell:Skip shell extension 'dsv' for command environment
[1.121s] INFO:colcon.colcon_ros.task.ament_cmake.build:Building ROS package in '/home/cowbot/cowbot_ws/src/cowbot_description' with build type 'ament_cmake'
[1.122s] INFO:colcon.colcon_cmake.task.cmake.build:Building CMake package in '/home/cowbot/cowbot_ws/src/cowbot_description'
[1.123s] INFO:colcon.colcon_core.shell:Skip shell extension 'powershell' for command environment: Not usable outside of PowerShell
[1.124s] DEBUG:colcon.colcon_core.shell:Skip shell extension 'dsv' for command environment
[1.162s] DEBUG:colcon.colcon_core.event_handler.log_command:Invoking command in '/home/cowbot/cowbot_ws/build/lslidar_msgs': CMAKE_PREFIX_PATH=${CMAKE_PREFIX_PATH}:/home/cowbot/cowbot_ws/install/serial_motor:/opt/ros/jazzy /usr/bin/cmake --build /home/cowbot/cowbot_ws/build/lslidar_msgs -- -j4 -l4
[1.181s] DEBUG:colcon.colcon_core.event_handler.log_command:Invoking command in '/home/cowbot/cowbot_ws/build/serial_motor_msgs': CMAKE_PREFIX_PATH=${CMAKE_PREFIX_PATH}:/home/cowbot/cowbot_ws/install/serial_motor:/opt/ros/jazzy /usr/bin/cmake --build /home/cowbot/cowbot_ws/build/serial_motor_msgs -- -j4 -l4
[1.194s] DEBUG:colcon.colcon_core.event_handler.log_command:Invoking command in '/home/cowbot/cowbot_ws/build/cowbot_bringup': CMAKE_PREFIX_PATH=${CMAKE_PREFIX_PATH}:/home/cowbot/cowbot_ws/install/serial_motor:/opt/ros/jazzy /usr/bin/cmake --build /home/cowbot/cowbot_ws/build/cowbot_bringup -- -j4 -l4
[1.224s] DEBUG:colcon.colcon_core.event_handler.log_command:Invoking command in '/home/cowbot/cowbot_ws/build/cowbot_description': CMAKE_PREFIX_PATH=${CMAKE_PREFIX_PATH}:/home/cowbot/cowbot_ws/install/serial_motor:/opt/ros/jazzy /usr/bin/cmake --build /home/cowbot/cowbot_ws/build/cowbot_description -- -j4 -l4
[1.451s] DEBUG:colcon.colcon_core.event_handler.log_command:Invoked command in '/home/cowbot/cowbot_ws/build/cowbot_bringup' returned '0': CMAKE_PREFIX_PATH=${CMAKE_PREFIX_PATH}:/home/cowbot/cowbot_ws/install/serial_motor:/opt/ros/jazzy /usr/bin/cmake --build /home/cowbot/cowbot_ws/build/cowbot_bringup -- -j4 -l4
[1.548s] DEBUG:colcon.colcon_core.event_handler.log_command:Invoking command in '/home/cowbot/cowbot_ws/build/cowbot_bringup': CMAKE_PREFIX_PATH=${CMAKE_PREFIX_PATH}:/home/cowbot/cowbot_ws/install/serial_motor:/opt/ros/jazzy /usr/bin/cmake --install /home/cowbot/cowbot_ws/build/cowbot_bringup
[1.565s] DEBUG:colcon.colcon_core.event_handler.log_command:Invoked command in '/home/cowbot/cowbot_ws/build/cowbot_description' returned '0': CMAKE_PREFIX_PATH=${CMAKE_PREFIX_PATH}:/home/cowbot/cowbot_ws/install/serial_motor:/opt/ros/jazzy /usr/bin/cmake --build /home/cowbot/cowbot_ws/build/cowbot_description -- -j4 -l4
[1.578s] DEBUG:colcon.colcon_core.event_handler.log_command:Invoking command in '/home/cowbot/cowbot_ws/build/cowbot_description': CMAKE_PREFIX_PATH=${CMAKE_PREFIX_PATH}:/home/cowbot/cowbot_ws/install/serial_motor:/opt/ros/jazzy /usr/bin/cmake --install /home/cowbot/cowbot_ws/build/cowbot_description
[1.902s] Level 1:colcon.colcon_core.environment:create_environment_scripts_only(cowbot_bringup)
[1.912s] DEBUG:colcon.colcon_core.event_handler.log_command:Invoked command in '/home/cowbot/cowbot_ws/build/cowbot_bringup' returned '0': CMAKE_PREFIX_PATH=${CMAKE_PREFIX_PATH}:/home/cowbot/cowbot_ws/install/serial_motor:/opt/ros/jazzy /usr/bin/cmake --install /home/cowbot/cowbot_ws/build/cowbot_bringup
[1.968s] Level 1:colcon.colcon_core.environment:checking '/home/cowbot/cowbot_ws/install/cowbot_bringup' for CMake module files
[1.985s] Level 1:colcon.colcon_core.environment:checking '/home/cowbot/cowbot_ws/install/cowbot_bringup' for CMake config files
[1.987s] Level 1:colcon.colcon_core.shell:create_environment_hook('cowbot_bringup', 'cmake_prefix_path')
[1.989s] INFO:colcon.colcon_core.shell:Creating environment hook '/home/cowbot/cowbot_ws/install/cowbot_bringup/share/cowbot_bringup/hook/cmake_prefix_path.ps1'
[1.998s] INFO:colcon.colcon_core.shell:Creating environment descriptor '/home/cowbot/cowbot_ws/install/cowbot_bringup/share/cowbot_bringup/hook/cmake_prefix_path.dsv'
[2.004s] INFO:colcon.colcon_core.shell:Creating environment hook '/home/cowbot/cowbot_ws/install/cowbot_bringup/share/cowbot_bringup/hook/cmake_prefix_path.sh'
[2.014s] Level 1:colcon.colcon_core.environment:checking '/home/cowbot/cowbot_ws/install/cowbot_bringup/bin'
[2.014s] Level 1:colcon.colcon_core.environment:checking '/home/cowbot/cowbot_ws/install/cowbot_bringup/lib/pkgconfig/cowbot_bringup.pc'
[2.021s] Level 1:colcon.colcon_core.environment:checking '/home/cowbot/cowbot_ws/install/cowbot_bringup/lib/python3.12/site-packages'
[2.026s] Level 1:colcon.colcon_core.environment:checking '/home/cowbot/cowbot_ws/install/cowbot_bringup/bin'
[2.027s] INFO:colcon.colcon_core.shell:Creating package script '/home/cowbot/cowbot_ws/install/cowbot_bringup/share/cowbot_bringup/package.ps1'
[2.035s] INFO:colcon.colcon_core.shell:Creating package descriptor '/home/cowbot/cowbot_ws/install/cowbot_bringup/share/cowbot_bringup/package.dsv'
[2.044s] INFO:colcon.colcon_core.shell:Creating package script '/home/cowbot/cowbot_ws/install/cowbot_bringup/share/cowbot_bringup/package.sh'
[2.051s] INFO:colcon.colcon_core.shell:Creating package script '/home/cowbot/cowbot_ws/install/cowbot_bringup/share/cowbot_bringup/package.bash'
[2.061s] INFO:colcon.colcon_core.shell:Creating package script '/home/cowbot/cowbot_ws/install/cowbot_bringup/share/cowbot_bringup/package.zsh'
[2.074s] Level 1:colcon.colcon_core.environment:create_file_with_runtime_dependencies(/home/cowbot/cowbot_ws/install/cowbot_bringup/share/colcon-core/packages/cowbot_bringup)
[2.087s] Level 1:colcon.colcon_core.environment:create_environment_scripts_only(cowbot_bringup)
[2.088s] Level 1:colcon.colcon_core.environment:checking '/home/cowbot/cowbot_ws/install/cowbot_bringup' for CMake module files
[2.105s] Level 1:colcon.colcon_core.environment:checking '/home/cowbot/cowbot_ws/install/cowbot_bringup' for CMake config files
[2.113s] Level 1:colcon.colcon_core.shell:create_environment_hook('cowbot_bringup', 'cmake_prefix_path')
[2.114s] INFO:colcon.colcon_core.shell:Creating environment hook '/home/cowbot/cowbot_ws/install/cowbot_bringup/share/cowbot_bringup/hook/cmake_prefix_path.ps1'
[2.125s] INFO:colcon.colcon_core.shell:Creating environment descriptor '/home/cowbot/cowbot_ws/install/cowbot_bringup/share/cowbot_bringup/hook/cmake_prefix_path.dsv'
[2.134s] INFO:colcon.colcon_core.shell:Creating environment hook '/home/cowbot/cowbot_ws/install/cowbot_bringup/share/cowbot_bringup/hook/cmake_prefix_path.sh'
[2.147s] Level 1:colcon.colcon_core.environment:checking '/home/cowbot/cowbot_ws/install/cowbot_bringup/bin'
[2.148s] Level 1:colcon.colcon_core.environment:checking '/home/cowbot/cowbot_ws/install/cowbot_bringup/lib/pkgconfig/cowbot_bringup.pc'
[2.152s] Level 1:colcon.colcon_core.environment:checking '/home/cowbot/cowbot_ws/install/cowbot_bringup/lib/python3.12/site-packages'
[2.158s] Level 1:colcon.colcon_core.environment:checking '/home/cowbot/cowbot_ws/install/cowbot_bringup/bin'
[2.161s] INFO:colcon.colcon_core.shell:Creating package script '/home/cowbot/cowbot_ws/install/cowbot_bringup/share/cowbot_bringup/package.ps1'
[2.169s] INFO:colcon.colcon_core.shell:Creating package descriptor '/home/cowbot/cowbot_ws/install/cowbot_bringup/share/cowbot_bringup/package.dsv'
[2.179s] INFO:colcon.colcon_core.shell:Creating package script '/home/cowbot/cowbot_ws/install/cowbot_bringup/share/cowbot_bringup/package.sh'
[2.187s] INFO:colcon.colcon_core.shell:Creating package script '/home/cowbot/cowbot_ws/install/cowbot_bringup/share/cowbot_bringup/package.bash'
[2.198s] INFO:colcon.colcon_core.shell:Creating package script '/home/cowbot/cowbot_ws/install/cowbot_bringup/share/cowbot_bringup/package.zsh'
[2.205s] Level 1:colcon.colcon_core.environment:create_file_with_runtime_dependencies(/home/cowbot/cowbot_ws/install/cowbot_bringup/share/colcon-core/packages/cowbot_bringup)
[2.212s] INFO:colcon.colcon_ros.task.ament_cmake.build:Building ROS package in '/home/cowbot/cowbot_ws/src/cowbot_gazebo' with build type 'ament_cmake'
[2.217s] INFO:colcon.colcon_cmake.task.cmake.build:Building CMake package in '/home/cowbot/cowbot_ws/src/cowbot_gazebo'
[2.218s] INFO:colcon.colcon_core.shell:Skip shell extension 'powershell' for command environment: Not usable outside of PowerShell
[2.218s] DEBUG:colcon.colcon_core.shell:Skip shell extension 'dsv' for command environment
[2.292s] Level 1:colcon.colcon_core.environment:create_environment_scripts_only(cowbot_description)
[2.293s] Level 1:colcon.colcon_core.environment:checking '/home/cowbot/cowbot_ws/install/cowbot_description' for CMake module files
[2.305s] Level 1:colcon.colcon_core.environment:checking '/home/cowbot/cowbot_ws/install/cowbot_description' for CMake config files
[2.314s] DEBUG:colcon.colcon_core.event_handler.log_command:Invoked command in '/home/cowbot/cowbot_ws/build/cowbot_description' returned '0': CMAKE_PREFIX_PATH=${CMAKE_PREFIX_PATH}:/home/cowbot/cowbot_ws/install/serial_motor:/opt/ros/jazzy /usr/bin/cmake --install /home/cowbot/cowbot_ws/build/cowbot_description
[2.316s] Level 1:colcon.colcon_core.shell:create_environment_hook('cowbot_description', 'cmake_prefix_path')
[2.325s] INFO:colcon.colcon_core.shell:Creating environment hook '/home/cowbot/cowbot_ws/install/cowbot_description/share/cowbot_description/hook/cmake_prefix_path.ps1'
[2.328s] INFO:colcon.colcon_core.shell:Creating environment descriptor '/home/cowbot/cowbot_ws/install/cowbot_description/share/cowbot_description/hook/cmake_prefix_path.dsv'
[2.336s] INFO:colcon.colcon_core.shell:Creating environment hook '/home/cowbot/cowbot_ws/install/cowbot_description/share/cowbot_description/hook/cmake_prefix_path.sh'
[2.353s] Level 1:colcon.colcon_core.environment:checking '/home/cowbot/cowbot_ws/install/cowbot_description/bin'
[2.354s] Level 1:colcon.colcon_core.environment:checking '/home/cowbot/cowbot_ws/install/cowbot_description/lib/pkgconfig/cowbot_description.pc'
[2.355s] Level 1:colcon.colcon_core.environment:checking '/home/cowbot/cowbot_ws/install/cowbot_description/lib/python3.12/site-packages'
[2.366s] Level 1:colcon.colcon_core.environment:checking '/home/cowbot/cowbot_ws/install/cowbot_description/bin'
[2.371s] INFO:colcon.colcon_core.shell:Creating package script '/home/cowbot/cowbot_ws/install/cowbot_description/share/cowbot_description/package.ps1'
[2.380s] INFO:colcon.colcon_core.shell:Creating package descriptor '/home/cowbot/cowbot_ws/install/cowbot_description/share/cowbot_description/package.dsv'
[2.386s] INFO:colcon.colcon_core.shell:Creating package script '/home/cowbot/cowbot_ws/install/cowbot_description/share/cowbot_description/package.sh'
[2.396s] INFO:colcon.colcon_core.shell:Creating package script '/home/cowbot/cowbot_ws/install/cowbot_description/share/cowbot_description/package.bash'
[2.404s] INFO:colcon.colcon_core.shell:Creating package script '/home/cowbot/cowbot_ws/install/cowbot_description/share/cowbot_description/package.zsh'
[2.410s] Level 1:colcon.colcon_core.environment:create_file_with_runtime_dependencies(/home/cowbot/cowbot_ws/install/cowbot_description/share/colcon-core/packages/cowbot_description)
[2.413s] Level 1:colcon.colcon_core.environment:create_environment_scripts_only(cowbot_description)
[2.414s] Level 1:colcon.colcon_core.environment:checking '/home/cowbot/cowbot_ws/install/cowbot_description' for CMake module files
[2.425s] Level 1:colcon.colcon_core.environment:checking '/home/cowbot/cowbot_ws/install/cowbot_description' for CMake config files
[2.430s] Level 1:colcon.colcon_core.shell:create_environment_hook('cowbot_description', 'cmake_prefix_path')
[2.431s] INFO:colcon.colcon_core.shell:Creating environment hook '/home/cowbot/cowbot_ws/install/cowbot_description/share/cowbot_description/hook/cmake_prefix_path.ps1'
[2.433s] INFO:colcon.colcon_core.shell:Creating environment descriptor '/home/cowbot/cowbot_ws/install/cowbot_description/share/cowbot_description/hook/cmake_prefix_path.dsv'
[2.436s] INFO:colcon.colcon_core.shell:Creating environment hook '/home/cowbot/cowbot_ws/install/cowbot_description/share/cowbot_description/hook/cmake_prefix_path.sh'
[2.440s] Level 1:colcon.colcon_core.environment:checking '/home/cowbot/cowbot_ws/install/cowbot_description/bin'
[2.440s] Level 1:colcon.colcon_core.environment:checking '/home/cowbot/cowbot_ws/install/cowbot_description/lib/pkgconfig/cowbot_description.pc'
[2.441s] Level 1:colcon.colcon_core.environment:checking '/home/cowbot/cowbot_ws/install/cowbot_description/lib/python3.12/site-packages'
[2.444s] Level 1:colcon.colcon_core.environment:checking '/home/cowbot/cowbot_ws/install/cowbot_description/bin'
[2.445s] INFO:colcon.colcon_core.shell:Creating package script '/home/cowbot/cowbot_ws/install/cowbot_description/share/cowbot_description/package.ps1'
[2.448s] INFO:colcon.colcon_core.shell:Creating package descriptor '/home/cowbot/cowbot_ws/install/cowbot_description/share/cowbot_description/package.dsv'
[2.452s] INFO:colcon.colcon_core.shell:Creating package script '/home/cowbot/cowbot_ws/install/cowbot_description/share/cowbot_description/package.sh'
[2.456s] INFO:colcon.colcon_core.shell:Creating package script '/home/cowbot/cowbot_ws/install/cowbot_description/share/cowbot_description/package.bash'
[2.460s] INFO:colcon.colcon_core.shell:Creating package script '/home/cowbot/cowbot_ws/install/cowbot_description/share/cowbot_description/package.zsh'
[2.463s] Level 1:colcon.colcon_core.environment:create_file_with_runtime_dependencies(/home/cowbot/cowbot_ws/install/cowbot_description/share/colcon-core/packages/cowbot_description)
[2.496s] DEBUG:colcon.colcon_core.event_handler.log_command:Invoking command in '/home/cowbot/cowbot_ws/build/cowbot_gazebo': CMAKE_PREFIX_PATH=${CMAKE_PREFIX_PATH}:/home/cowbot/cowbot_ws/install/serial_motor:/opt/ros/jazzy /usr/bin/cmake --build /home/cowbot/cowbot_ws/build/cowbot_gazebo -- -j4 -l4
[2.848s] DEBUG:colcon.colcon_core.event_handler.log_command:Invoked command in '/home/cowbot/cowbot_ws/build/cowbot_gazebo' returned '0': CMAKE_PREFIX_PATH=${CMAKE_PREFIX_PATH}:/home/cowbot/cowbot_ws/install/serial_motor:/opt/ros/jazzy /usr/bin/cmake --build /home/cowbot/cowbot_ws/build/cowbot_gazebo -- -j4 -l4
[2.853s] DEBUG:colcon.colcon_core.event_handler.log_command:Invoking command in '/home/cowbot/cowbot_ws/build/cowbot_gazebo': CMAKE_PREFIX_PATH=${CMAKE_PREFIX_PATH}:/home/cowbot/cowbot_ws/install/serial_motor:/opt/ros/jazzy /usr/bin/cmake --install /home/cowbot/cowbot_ws/build/cowbot_gazebo
[3.028s] Level 1:colcon.colcon_core.environment:create_environment_scripts_only(cowbot_gazebo)
[3.029s] Level 1:colcon.colcon_core.environment:checking '/home/cowbot/cowbot_ws/install/cowbot_gazebo' for CMake module files
[3.031s] DEBUG:colcon.colcon_core.event_handler.log_command:Invoked command in '/home/cowbot/cowbot_ws/build/cowbot_gazebo' returned '0': CMAKE_PREFIX_PATH=${CMAKE_PREFIX_PATH}:/home/cowbot/cowbot_ws/install/serial_motor:/opt/ros/jazzy /usr/bin/cmake --install /home/cowbot/cowbot_ws/build/cowbot_gazebo
[3.037s] Level 1:colcon.colcon_core.environment:checking '/home/cowbot/cowbot_ws/install/cowbot_gazebo' for CMake config files
[3.044s] Level 1:colcon.colcon_core.shell:create_environment_hook('cowbot_gazebo', 'cmake_prefix_path')
[3.045s] INFO:colcon.colcon_core.shell:Creating environment hook '/home/cowbot/cowbot_ws/install/cowbot_gazebo/share/cowbot_gazebo/hook/cmake_prefix_path.ps1'
[3.053s] INFO:colcon.colcon_core.shell:Creating environment descriptor '/home/cowbot/cowbot_ws/install/cowbot_gazebo/share/cowbot_gazebo/hook/cmake_prefix_path.dsv'
[3.055s] INFO:colcon.colcon_core.shell:Creating environment hook '/home/cowbot/cowbot_ws/install/cowbot_gazebo/share/cowbot_gazebo/hook/cmake_prefix_path.sh'
[3.066s] Level 1:colcon.colcon_core.environment:checking '/home/cowbot/cowbot_ws/install/cowbot_gazebo/bin'
[3.066s] Level 1:colcon.colcon_core.environment:checking '/home/cowbot/cowbot_ws/install/cowbot_gazebo/lib/pkgconfig/cowbot_gazebo.pc'
[3.068s] Level 1:colcon.colcon_core.environment:checking '/home/cowbot/cowbot_ws/install/cowbot_gazebo/lib/python3.12/site-packages'
[3.073s] Level 1:colcon.colcon_core.environment:checking '/home/cowbot/cowbot_ws/install/cowbot_gazebo/bin'
[3.074s] INFO:colcon.colcon_core.shell:Creating package script '/home/cowbot/cowbot_ws/install/cowbot_gazebo/share/cowbot_gazebo/package.ps1'
[3.080s] INFO:colcon.colcon_core.shell:Creating package descriptor '/home/cowbot/cowbot_ws/install/cowbot_gazebo/share/cowbot_gazebo/package.dsv'
[3.085s] INFO:colcon.colcon_core.shell:Creating package script '/home/cowbot/cowbot_ws/install/cowbot_gazebo/share/cowbot_gazebo/package.sh'
[3.090s] INFO:colcon.colcon_core.shell:Creating package script '/home/cowbot/cowbot_ws/install/cowbot_gazebo/share/cowbot_gazebo/package.bash'
[3.097s] INFO:colcon.colcon_core.shell:Creating package script '/home/cowbot/cowbot_ws/install/cowbot_gazebo/share/cowbot_gazebo/package.zsh'
[3.101s] Level 1:colcon.colcon_core.environment:create_file_with_runtime_dependencies(/home/cowbot/cowbot_ws/install/cowbot_gazebo/share/colcon-core/packages/cowbot_gazebo)
[3.107s] Level 1:colcon.colcon_core.environment:create_environment_scripts_only(cowbot_gazebo)
[3.108s] Level 1:colcon.colcon_core.environment:checking '/home/cowbot/cowbot_ws/install/cowbot_gazebo' for CMake module files
[3.115s] Level 1:colcon.colcon_core.environment:checking '/home/cowbot/cowbot_ws/install/cowbot_gazebo' for CMake config files
[3.121s] Level 1:colcon.colcon_core.shell:create_environment_hook('cowbot_gazebo', 'cmake_prefix_path')
[3.125s] INFO:colcon.colcon_core.shell:Creating environment hook '/home/cowbot/cowbot_ws/install/cowbot_gazebo/share/cowbot_gazebo/hook/cmake_prefix_path.ps1'
[3.130s] INFO:colcon.colcon_core.shell:Creating environment descriptor '/home/cowbot/cowbot_ws/install/cowbot_gazebo/share/cowbot_gazebo/hook/cmake_prefix_path.dsv'
[3.136s] INFO:colcon.colcon_core.shell:Creating environment hook '/home/cowbot/cowbot_ws/install/cowbot_gazebo/share/cowbot_gazebo/hook/cmake_prefix_path.sh'
[3.143s] Level 1:colcon.colcon_core.environment:checking '/home/cowbot/cowbot_ws/install/cowbot_gazebo/bin'
[3.143s] Level 1:colcon.colcon_core.environment:checking '/home/cowbot/cowbot_ws/install/cowbot_gazebo/lib/pkgconfig/cowbot_gazebo.pc'
[3.145s] Level 1:colcon.colcon_core.environment:checking '/home/cowbot/cowbot_ws/install/cowbot_gazebo/lib/python3.12/site-packages'
[3.151s] Level 1:colcon.colcon_core.environment:checking '/home/cowbot/cowbot_ws/install/cowbot_gazebo/bin'
[3.153s] INFO:colcon.colcon_core.shell:Creating package script '/home/cowbot/cowbot_ws/install/cowbot_gazebo/share/cowbot_gazebo/package.ps1'
[3.159s] INFO:colcon.colcon_core.shell:Creating package descriptor '/home/cowbot/cowbot_ws/install/cowbot_gazebo/share/cowbot_gazebo/package.dsv'
[3.165s] INFO:colcon.colcon_core.shell:Creating package script '/home/cowbot/cowbot_ws/install/cowbot_gazebo/share/cowbot_gazebo/package.sh'
[3.171s] INFO:colcon.colcon_core.shell:Creating package script '/home/cowbot/cowbot_ws/install/cowbot_gazebo/share/cowbot_gazebo/package.bash'
[3.176s] INFO:colcon.colcon_core.shell:Creating package script '/home/cowbot/cowbot_ws/install/cowbot_gazebo/share/cowbot_gazebo/package.zsh'
[3.182s] Level 1:colcon.colcon_core.environment:create_file_with_runtime_dependencies(/home/cowbot/cowbot_ws/install/cowbot_gazebo/share/colcon-core/packages/cowbot_gazebo)
[4.291s] DEBUG:colcon.colcon_core.event_handler.log_command:Invoked command in '/home/cowbot/cowbot_ws/build/lslidar_msgs' returned '0': CMAKE_PREFIX_PATH=${CMAKE_PREFIX_PATH}:/home/cowbot/cowbot_ws/install/serial_motor:/opt/ros/jazzy /usr/bin/cmake --build /home/cowbot/cowbot_ws/build/lslidar_msgs -- -j4 -l4
[4.297s] DEBUG:colcon.colcon_core.event_handler.log_command:Invoking command in '/home/cowbot/cowbot_ws/build/lslidar_msgs': CMAKE_PREFIX_PATH=${CMAKE_PREFIX_PATH}:/home/cowbot/cowbot_ws/install/serial_motor:/opt/ros/jazzy /usr/bin/cmake --install /home/cowbot/cowbot_ws/build/lslidar_msgs
[4.383s] DEBUG:colcon.colcon_core.event_handler.log_command:Invoked command in '/home/cowbot/cowbot_ws/build/serial_motor_msgs' returned '0': CMAKE_PREFIX_PATH=${CMAKE_PREFIX_PATH}:/home/cowbot/cowbot_ws/install/serial_motor:/opt/ros/jazzy /usr/bin/cmake --build /home/cowbot/cowbot_ws/build/serial_motor_msgs -- -j4 -l4
[4.391s] DEBUG:colcon.colcon_core.event_handler.log_command:Invoking command in '/home/cowbot/cowbot_ws/build/serial_motor_msgs': CMAKE_PREFIX_PATH=${CMAKE_PREFIX_PATH}:/home/cowbot/cowbot_ws/install/serial_motor:/opt/ros/jazzy /usr/bin/cmake --install /home/cowbot/cowbot_ws/build/serial_motor_msgs
[4.839s] Level 1:colcon.colcon_core.environment:create_environment_scripts_only(lslidar_msgs)
[4.840s] Level 1:colcon.colcon_core.environment:checking '/home/cowbot/cowbot_ws/install/lslidar_msgs' for CMake module files
[4.840s] DEBUG:colcon.colcon_core.event_handler.log_command:Invoked command in '/home/cowbot/cowbot_ws/build/lslidar_msgs' returned '0': CMAKE_PREFIX_PATH=${CMAKE_PREFIX_PATH}:/home/cowbot/cowbot_ws/install/serial_motor:/opt/ros/jazzy /usr/bin/cmake --install /home/cowbot/cowbot_ws/build/lslidar_msgs
[4.851s] Level 1:colcon.colcon_core.environment:checking '/home/cowbot/cowbot_ws/install/lslidar_msgs' for CMake config files
[4.858s] Level 1:colcon.colcon_core.shell:create_environment_hook('lslidar_msgs', 'cmake_prefix_path')
[4.859s] INFO:colcon.colcon_core.shell:Creating environment hook '/home/cowbot/cowbot_ws/install/lslidar_msgs/share/lslidar_msgs/hook/cmake_prefix_path.ps1'
[4.862s] INFO:colcon.colcon_core.shell:Creating environment descriptor '/home/cowbot/cowbot_ws/install/lslidar_msgs/share/lslidar_msgs/hook/cmake_prefix_path.dsv'
[4.865s] INFO:colcon.colcon_core.shell:Creating environment hook '/home/cowbot/cowbot_ws/install/lslidar_msgs/share/lslidar_msgs/hook/cmake_prefix_path.sh'
[4.869s] Level 1:colcon.colcon_core.environment:checking '/home/cowbot/cowbot_ws/install/lslidar_msgs/lib'
[4.870s] Level 1:colcon.colcon_core.shell:create_environment_hook('lslidar_msgs', 'ld_library_path_lib')
[4.871s] INFO:colcon.colcon_core.shell:Creating environment hook '/home/cowbot/cowbot_ws/install/lslidar_msgs/share/lslidar_msgs/hook/ld_library_path_lib.ps1'
[4.874s] INFO:colcon.colcon_core.shell:Creating environment descriptor '/home/cowbot/cowbot_ws/install/lslidar_msgs/share/lslidar_msgs/hook/ld_library_path_lib.dsv'
[4.876s] INFO:colcon.colcon_core.shell:Creating environment hook '/home/cowbot/cowbot_ws/install/lslidar_msgs/share/lslidar_msgs/hook/ld_library_path_lib.sh'
[4.880s] Level 1:colcon.colcon_core.environment:checking '/home/cowbot/cowbot_ws/install/lslidar_msgs/bin'
[4.881s] Level 1:colcon.colcon_core.environment:checking '/home/cowbot/cowbot_ws/install/lslidar_msgs/lib/pkgconfig/lslidar_msgs.pc'
[4.882s] Level 1:colcon.colcon_core.environment:checking '/home/cowbot/cowbot_ws/install/lslidar_msgs/lib/python3.12/site-packages'
[4.884s] Level 1:colcon.colcon_core.shell:create_environment_hook('lslidar_msgs', 'pythonpath')
[4.885s] INFO:colcon.colcon_core.shell:Creating environment hook '/home/cowbot/cowbot_ws/install/lslidar_msgs/share/lslidar_msgs/hook/pythonpath.ps1'
[4.893s] INFO:colcon.colcon_core.shell:Creating environment descriptor '/home/cowbot/cowbot_ws/install/lslidar_msgs/share/lslidar_msgs/hook/pythonpath.dsv'
[4.895s] INFO:colcon.colcon_core.shell:Creating environment hook '/home/cowbot/cowbot_ws/install/lslidar_msgs/share/lslidar_msgs/hook/pythonpath.sh'
[4.898s] Level 1:colcon.colcon_core.environment:checking '/home/cowbot/cowbot_ws/install/lslidar_msgs/bin'
[4.900s] INFO:colcon.colcon_core.shell:Creating package script '/home/cowbot/cowbot_ws/install/lslidar_msgs/share/lslidar_msgs/package.ps1'
[4.902s] INFO:colcon.colcon_core.shell:Creating package descriptor '/home/cowbot/cowbot_ws/install/lslidar_msgs/share/lslidar_msgs/package.dsv'
[4.905s] INFO:colcon.colcon_core.shell:Creating package script '/home/cowbot/cowbot_ws/install/lslidar_msgs/share/lslidar_msgs/package.sh'
[4.907s] INFO:colcon.colcon_core.shell:Creating package script '/home/cowbot/cowbot_ws/install/lslidar_msgs/share/lslidar_msgs/package.bash'
[4.909s] INFO:colcon.colcon_core.shell:Creating package script '/home/cowbot/cowbot_ws/install/lslidar_msgs/share/lslidar_msgs/package.zsh'
[4.911s] Level 1:colcon.colcon_core.environment:create_file_with_runtime_dependencies(/home/cowbot/cowbot_ws/install/lslidar_msgs/share/colcon-core/packages/lslidar_msgs)
[4.913s] Level 1:colcon.colcon_core.environment:create_environment_scripts_only(lslidar_msgs)
[4.914s] Level 1:colcon.colcon_core.environment:checking '/home/cowbot/cowbot_ws/install/lslidar_msgs' for CMake module files
[4.919s] Level 1:colcon.colcon_core.environment:checking '/home/cowbot/cowbot_ws/install/lslidar_msgs' for CMake config files
[4.923s] Level 1:colcon.colcon_core.shell:create_environment_hook('lslidar_msgs', 'cmake_prefix_path')
[4.924s] INFO:colcon.colcon_core.shell:Creating environment hook '/home/cowbot/cowbot_ws/install/lslidar_msgs/share/lslidar_msgs/hook/cmake_prefix_path.ps1'
[4.926s] INFO:colcon.colcon_core.shell:Creating environment descriptor '/home/cowbot/cowbot_ws/install/lslidar_msgs/share/lslidar_msgs/hook/cmake_prefix_path.dsv'
[4.927s] INFO:colcon.colcon_core.shell:Creating environment hook '/home/cowbot/cowbot_ws/install/lslidar_msgs/share/lslidar_msgs/hook/cmake_prefix_path.sh'
[4.930s] Level 1:colcon.colcon_core.environment:checking '/home/cowbot/cowbot_ws/install/lslidar_msgs/lib'
[4.930s] Level 1:colcon.colcon_core.shell:create_environment_hook('lslidar_msgs', 'ld_library_path_lib')
[4.931s] INFO:colcon.colcon_core.shell:Creating environment hook '/home/cowbot/cowbot_ws/install/lslidar_msgs/share/lslidar_msgs/hook/ld_library_path_lib.ps1'
[4.933s] INFO:colcon.colcon_core.shell:Creating environment descriptor '/home/cowbot/cowbot_ws/install/lslidar_msgs/share/lslidar_msgs/hook/ld_library_path_lib.dsv'
[4.934s] INFO:colcon.colcon_core.shell:Creating environment hook '/home/cowbot/cowbot_ws/install/lslidar_msgs/share/lslidar_msgs/hook/ld_library_path_lib.sh'
[4.936s] Level 1:colcon.colcon_core.environment:checking '/home/cowbot/cowbot_ws/install/lslidar_msgs/bin'
[4.936s] Level 1:colcon.colcon_core.environment:checking '/home/cowbot/cowbot_ws/install/lslidar_msgs/lib/pkgconfig/lslidar_msgs.pc'
[4.937s] Level 1:colcon.colcon_core.environment:checking '/home/cowbot/cowbot_ws/install/lslidar_msgs/lib/python3.12/site-packages'
[4.937s] Level 1:colcon.colcon_core.shell:create_environment_hook('lslidar_msgs', 'pythonpath')
[4.938s] INFO:colcon.colcon_core.shell:Creating environment hook '/home/cowbot/cowbot_ws/install/lslidar_msgs/share/lslidar_msgs/hook/pythonpath.ps1'
[4.940s] INFO:colcon.colcon_core.shell:Creating environment descriptor '/home/cowbot/cowbot_ws/install/lslidar_msgs/share/lslidar_msgs/hook/pythonpath.dsv'
[4.941s] INFO:colcon.colcon_core.shell:Creating environment hook '/home/cowbot/cowbot_ws/install/lslidar_msgs/share/lslidar_msgs/hook/pythonpath.sh'
[4.945s] Level 1:colcon.colcon_core.environment:checking '/home/cowbot/cowbot_ws/install/lslidar_msgs/bin'
[4.946s] INFO:colcon.colcon_core.shell:Creating package script '/home/cowbot/cowbot_ws/install/lslidar_msgs/share/lslidar_msgs/package.ps1'
[4.949s] INFO:colcon.colcon_core.shell:Creating package descriptor '/home/cowbot/cowbot_ws/install/lslidar_msgs/share/lslidar_msgs/package.dsv'
[4.951s] INFO:colcon.colcon_core.shell:Creating package script '/home/cowbot/cowbot_ws/install/lslidar_msgs/share/lslidar_msgs/package.sh'
[4.953s] INFO:colcon.colcon_core.shell:Creating package script '/home/cowbot/cowbot_ws/install/lslidar_msgs/share/lslidar_msgs/package.bash'
[4.955s] INFO:colcon.colcon_core.shell:Creating package script '/home/cowbot/cowbot_ws/install/lslidar_msgs/share/lslidar_msgs/package.zsh'
[4.957s] Level 1:colcon.colcon_core.environment:create_file_with_runtime_dependencies(/home/cowbot/cowbot_ws/install/lslidar_msgs/share/colcon-core/packages/lslidar_msgs)
[4.959s] INFO:colcon.colcon_ros.task.ament_cmake.build:Building ROS package in '/home/cowbot/cowbot_ws/src/Lslidar_ROS2_driver/lslidar_driver' with build type 'ament_cmake'
[4.960s] INFO:colcon.colcon_cmake.task.cmake.build:Building CMake package in '/home/cowbot/cowbot_ws/src/Lslidar_ROS2_driver/lslidar_driver'
[4.960s] INFO:colcon.colcon_core.shell:Skip shell extension 'powershell' for command environment: Not usable outside of PowerShell
[4.961s] DEBUG:colcon.colcon_core.shell:Skip shell extension 'dsv' for command environment
[4.981s] Level 1:colcon.colcon_core.environment:create_environment_scripts_only(serial_motor_msgs)
[4.982s] Level 1:colcon.colcon_core.environment:checking '/home/cowbot/cowbot_ws/install/serial_motor_msgs' for CMake module files
[4.983s] DEBUG:colcon.colcon_core.event_handler.log_command:Invoked command in '/home/cowbot/cowbot_ws/build/serial_motor_msgs' returned '0': CMAKE_PREFIX_PATH=${CMAKE_PREFIX_PATH}:/home/cowbot/cowbot_ws/install/serial_motor:/opt/ros/jazzy /usr/bin/cmake --install /home/cowbot/cowbot_ws/build/serial_motor_msgs
[4.989s] Level 1:colcon.colcon_core.environment:checking '/home/cowbot/cowbot_ws/install/serial_motor_msgs' for CMake config files
[4.996s] Level 1:colcon.colcon_core.shell:create_environment_hook('serial_motor_msgs', 'cmake_prefix_path')
[4.997s] INFO:colcon.colcon_core.shell:Creating environment hook '/home/cowbot/cowbot_ws/install/serial_motor_msgs/share/serial_motor_msgs/hook/cmake_prefix_path.ps1'
[4.999s] INFO:colcon.colcon_core.shell:Creating environment descriptor '/home/cowbot/cowbot_ws/install/serial_motor_msgs/share/serial_motor_msgs/hook/cmake_prefix_path.dsv'
[5.001s] INFO:colcon.colcon_core.shell:Creating environment hook '/home/cowbot/cowbot_ws/install/serial_motor_msgs/share/serial_motor_msgs/hook/cmake_prefix_path.sh'
[5.004s] Level 1:colcon.colcon_core.environment:checking '/home/cowbot/cowbot_ws/install/serial_motor_msgs/lib'
[5.005s] Level 1:colcon.colcon_core.shell:create_environment_hook('serial_motor_msgs', 'ld_library_path_lib')
[5.005s] INFO:colcon.colcon_core.shell:Creating environment hook '/home/cowbot/cowbot_ws/install/serial_motor_msgs/share/serial_motor_msgs/hook/ld_library_path_lib.ps1'
[5.007s] INFO:colcon.colcon_core.shell:Creating environment descriptor '/home/cowbot/cowbot_ws/install/serial_motor_msgs/share/serial_motor_msgs/hook/ld_library_path_lib.dsv'
[5.009s] INFO:colcon.colcon_core.shell:Creating environment hook '/home/cowbot/cowbot_ws/install/serial_motor_msgs/share/serial_motor_msgs/hook/ld_library_path_lib.sh'
[5.011s] Level 1:colcon.colcon_core.environment:checking '/home/cowbot/cowbot_ws/install/serial_motor_msgs/bin'
[5.011s] Level 1:colcon.colcon_core.environment:checking '/home/cowbot/cowbot_ws/install/serial_motor_msgs/lib/pkgconfig/serial_motor_msgs.pc'
[5.012s] Level 1:colcon.colcon_core.environment:checking '/home/cowbot/cowbot_ws/install/serial_motor_msgs/lib/python3.12/site-packages'
[5.012s] Level 1:colcon.colcon_core.shell:create_environment_hook('serial_motor_msgs', 'pythonpath')
[5.013s] INFO:colcon.colcon_core.shell:Creating environment hook '/home/cowbot/cowbot_ws/install/serial_motor_msgs/share/serial_motor_msgs/hook/pythonpath.ps1'
[5.015s] INFO:colcon.colcon_core.shell:Creating environment descriptor '/home/cowbot/cowbot_ws/install/serial_motor_msgs/share/serial_motor_msgs/hook/pythonpath.dsv'
[5.016s] INFO:colcon.colcon_core.shell:Creating environment hook '/home/cowbot/cowbot_ws/install/serial_motor_msgs/share/serial_motor_msgs/hook/pythonpath.sh'
[5.019s] Level 1:colcon.colcon_core.environment:checking '/home/cowbot/cowbot_ws/install/serial_motor_msgs/bin'
[5.020s] INFO:colcon.colcon_core.shell:Creating package script '/home/cowbot/cowbot_ws/install/serial_motor_msgs/share/serial_motor_msgs/package.ps1'
[5.023s] INFO:colcon.colcon_core.shell:Creating package descriptor '/home/cowbot/cowbot_ws/install/serial_motor_msgs/share/serial_motor_msgs/package.dsv'
[5.025s] INFO:colcon.colcon_core.shell:Creating package script '/home/cowbot/cowbot_ws/install/serial_motor_msgs/share/serial_motor_msgs/package.sh'
[5.027s] INFO:colcon.colcon_core.shell:Creating package script '/home/cowbot/cowbot_ws/install/serial_motor_msgs/share/serial_motor_msgs/package.bash'
[5.028s] INFO:colcon.colcon_core.shell:Creating package script '/home/cowbot/cowbot_ws/install/serial_motor_msgs/share/serial_motor_msgs/package.zsh'
[5.030s] Level 1:colcon.colcon_core.environment:create_file_with_runtime_dependencies(/home/cowbot/cowbot_ws/install/serial_motor_msgs/share/colcon-core/packages/serial_motor_msgs)
[5.033s] Level 1:colcon.colcon_core.environment:create_environment_scripts_only(serial_motor_msgs)
[5.033s] Level 1:colcon.colcon_core.environment:checking '/home/cowbot/cowbot_ws/install/serial_motor_msgs' for CMake module files
[5.038s] Level 1:colcon.colcon_core.environment:checking '/home/cowbot/cowbot_ws/install/serial_motor_msgs' for CMake config files
[5.043s] Level 1:colcon.colcon_core.shell:create_environment_hook('serial_motor_msgs', 'cmake_prefix_path')
[5.044s] INFO:colcon.colcon_core.shell:Creating environment hook '/home/cowbot/cowbot_ws/install/serial_motor_msgs/share/serial_motor_msgs/hook/cmake_prefix_path.ps1'
[5.046s] INFO:colcon.colcon_core.shell:Creating environment descriptor '/home/cowbot/cowbot_ws/install/serial_motor_msgs/share/serial_motor_msgs/hook/cmake_prefix_path.dsv'
[5.047s] INFO:colcon.colcon_core.shell:Creating environment hook '/home/cowbot/cowbot_ws/install/serial_motor_msgs/share/serial_motor_msgs/hook/cmake_prefix_path.sh'
[5.050s] Level 1:colcon.colcon_core.environment:checking '/home/cowbot/cowbot_ws/install/serial_motor_msgs/lib'
[5.050s] Level 1:colcon.colcon_core.shell:create_environment_hook('serial_motor_msgs', 'ld_library_path_lib')
[5.051s] INFO:colcon.colcon_core.shell:Creating environment hook '/home/cowbot/cowbot_ws/install/serial_motor_msgs/share/serial_motor_msgs/hook/ld_library_path_lib.ps1'
[5.053s] INFO:colcon.colcon_core.shell:Creating environment descriptor '/home/cowbot/cowbot_ws/install/serial_motor_msgs/share/serial_motor_msgs/hook/ld_library_path_lib.dsv'
[5.054s] INFO:colcon.colcon_core.shell:Creating environment hook '/home/cowbot/cowbot_ws/install/serial_motor_msgs/share/serial_motor_msgs/hook/ld_library_path_lib.sh'
[5.056s] Level 1:colcon.colcon_core.environment:checking '/home/cowbot/cowbot_ws/install/serial_motor_msgs/bin'
[5.056s] Level 1:colcon.colcon_core.environment:checking '/home/cowbot/cowbot_ws/install/serial_motor_msgs/lib/pkgconfig/serial_motor_msgs.pc'
[5.057s] Level 1:colcon.colcon_core.environment:checking '/home/cowbot/cowbot_ws/install/serial_motor_msgs/lib/python3.12/site-packages'
[5.058s] Level 1:colcon.colcon_core.shell:create_environment_hook('serial_motor_msgs', 'pythonpath')
[5.058s] INFO:colcon.colcon_core.shell:Creating environment hook '/home/cowbot/cowbot_ws/install/serial_motor_msgs/share/serial_motor_msgs/hook/pythonpath.ps1'
[5.060s] INFO:colcon.colcon_core.shell:Creating environment descriptor '/home/cowbot/cowbot_ws/install/serial_motor_msgs/share/serial_motor_msgs/hook/pythonpath.dsv'
[5.062s] INFO:colcon.colcon_core.shell:Creating environment hook '/home/cowbot/cowbot_ws/install/serial_motor_msgs/share/serial_motor_msgs/hook/pythonpath.sh'
[5.065s] Level 1:colcon.colcon_core.environment:checking '/home/cowbot/cowbot_ws/install/serial_motor_msgs/bin'
[5.066s] INFO:colcon.colcon_core.shell:Creating package script '/home/cowbot/cowbot_ws/install/serial_motor_msgs/share/serial_motor_msgs/package.ps1'
[5.068s] INFO:colcon.colcon_core.shell:Creating package descriptor '/home/cowbot/cowbot_ws/install/serial_motor_msgs/share/serial_motor_msgs/package.dsv'
[5.070s] INFO:colcon.colcon_core.shell:Creating package script '/home/cowbot/cowbot_ws/install/serial_motor_msgs/share/serial_motor_msgs/package.sh'
[5.073s] INFO:colcon.colcon_core.shell:Creating package script '/home/cowbot/cowbot_ws/install/serial_motor_msgs/share/serial_motor_msgs/package.bash'
[5.074s] INFO:colcon.colcon_core.shell:Creating package script '/home/cowbot/cowbot_ws/install/serial_motor_msgs/share/serial_motor_msgs/package.zsh'
[5.076s] Level 1:colcon.colcon_core.environment:create_file_with_runtime_dependencies(/home/cowbot/cowbot_ws/install/serial_motor_msgs/share/colcon-core/packages/serial_motor_msgs)
[5.079s] INFO:colcon.colcon_ros.task.ament_python.build:Building ROS package in '/home/cowbot/cowbot_ws/src/serial_motor' with build type 'ament_python'
[5.080s] Level 1:colcon.colcon_core.shell:create_environment_hook('serial_motor', 'ament_prefix_path')
[5.080s] INFO:colcon.colcon_core.shell:Creating environment hook '/home/cowbot/cowbot_ws/install/serial_motor/share/serial_motor/hook/ament_prefix_path.ps1'
[5.083s] INFO:colcon.colcon_core.shell:Creating environment descriptor '/home/cowbot/cowbot_ws/install/serial_motor/share/serial_motor/hook/ament_prefix_path.dsv'
[5.084s] INFO:colcon.colcon_core.shell:Creating environment hook '/home/cowbot/cowbot_ws/install/serial_motor/share/serial_motor/hook/ament_prefix_path.sh'
[5.086s] INFO:colcon.colcon_core.shell:Skip shell extension 'powershell' for command environment: Not usable outside of PowerShell
[5.087s] DEBUG:colcon.colcon_core.shell:Skip shell extension 'dsv' for command environment
[5.121s] DEBUG:colcon.colcon_core.event_handler.log_command:Invoking command in '/home/cowbot/cowbot_ws/build/lslidar_driver': CMAKE_PREFIX_PATH=/home/cowbot/cowbot_ws/install/lslidar_msgs:/home/cowbot/cowbot_ws/install/serial_motor_msgs:/home/cowbot/cowbot_ws/install/lslidar_driver:/home/cowbot/cowbot_ws/install/cowbot_gazebo:/home/cowbot/cowbot_ws/install/cowbot_description:/home/cowbot/cowbot_ws/install/cowbot_bringup:/home/cowbot/cowbot_ws/install/serial_motor:/opt/ros/jazzy LD_LIBRARY_PATH=/home/cowbot/cowbot_ws/install/lslidar_msgs/lib:/home/cowbot/cowbot_ws/install/serial_motor_msgs/lib:/opt/ros/jazzy/lib/aarch64-linux-gnu:/opt/ros/jazzy/lib PYTHONPATH=/home/cowbot/cowbot_ws/install/lslidar_msgs/lib/python3.12/site-packages:/home/cowbot/cowbot_ws/build/serial_motor:/home/cowbot/cowbot_ws/install/serial_motor/lib/python3.12/site-packages:/home/cowbot/cowbot_ws/install/serial_motor_msgs/lib/python3.12/site-packages:/opt/ros/jazzy/lib/python3.12/site-packages /usr/bin/cmake --build /home/cowbot/cowbot_ws/build/lslidar_driver -- -j4 -l4
[6.081s] INFO:colcon.colcon_core.task.python.build:Building Python package in '/home/cowbot/cowbot_ws/src/serial_motor'
[6.082s] INFO:colcon.colcon_core.shell:Skip shell extension 'powershell' for command environment: Not usable outside of PowerShell
[6.082s] DEBUG:colcon.colcon_core.shell:Skip shell extension 'dsv' for command environment
[6.103s] DEBUG:colcon.colcon_core.event_handler.log_command:Invoked command in '/home/cowbot/cowbot_ws/build/lslidar_driver' returned '0': CMAKE_PREFIX_PATH=/home/cowbot/cowbot_ws/install/lslidar_msgs:/home/cowbot/cowbot_ws/install/serial_motor_msgs:/home/cowbot/cowbot_ws/install/lslidar_driver:/home/cowbot/cowbot_ws/install/cowbot_gazebo:/home/cowbot/cowbot_ws/install/cowbot_description:/home/cowbot/cowbot_ws/install/cowbot_bringup:/home/cowbot/cowbot_ws/install/serial_motor:/opt/ros/jazzy LD_LIBRARY_PATH=/home/cowbot/cowbot_ws/install/lslidar_msgs/lib:/home/cowbot/cowbot_ws/install/serial_motor_msgs/lib:/opt/ros/jazzy/lib/aarch64-linux-gnu:/opt/ros/jazzy/lib PYTHONPATH=/home/cowbot/cowbot_ws/install/lslidar_msgs/lib/python3.12/site-packages:/home/cowbot/cowbot_ws/build/serial_motor:/home/cowbot/cowbot_ws/install/serial_motor/lib/python3.12/site-packages:/home/cowbot/cowbot_ws/install/serial_motor_msgs/lib/python3.12/site-packages:/opt/ros/jazzy/lib/python3.12/site-packages /usr/bin/cmake --build /home/cowbot/cowbot_ws/build/lslidar_driver -- -j4 -l4
[6.110s] DEBUG:colcon.colcon_core.event_handler.log_command:Invoking command in '/home/cowbot/cowbot_ws/build/lslidar_driver': CMAKE_PREFIX_PATH=/home/cowbot/cowbot_ws/install/lslidar_msgs:/home/cowbot/cowbot_ws/install/serial_motor_msgs:/home/cowbot/cowbot_ws/install/lslidar_driver:/home/cowbot/cowbot_ws/install/cowbot_gazebo:/home/cowbot/cowbot_ws/install/cowbot_description:/home/cowbot/cowbot_ws/install/cowbot_bringup:/home/cowbot/cowbot_ws/install/serial_motor:/opt/ros/jazzy LD_LIBRARY_PATH=/home/cowbot/cowbot_ws/install/lslidar_msgs/lib:/home/cowbot/cowbot_ws/install/serial_motor_msgs/lib:/opt/ros/jazzy/lib/aarch64-linux-gnu:/opt/ros/jazzy/lib PYTHONPATH=/home/cowbot/cowbot_ws/install/lslidar_msgs/lib/python3.12/site-packages:/home/cowbot/cowbot_ws/build/serial_motor:/home/cowbot/cowbot_ws/install/serial_motor/lib/python3.12/site-packages:/home/cowbot/cowbot_ws/install/serial_motor_msgs/lib/python3.12/site-packages:/opt/ros/jazzy/lib/python3.12/site-packages /usr/bin/cmake --install /home/cowbot/cowbot_ws/build/lslidar_driver
[6.241s] Level 1:colcon.colcon_core.environment:create_environment_scripts_only(lslidar_driver)
[6.242s] Level 1:colcon.colcon_core.environment:checking '/home/cowbot/cowbot_ws/install/lslidar_driver' for CMake module files
[6.244s] DEBUG:colcon.colcon_core.event_handler.log_command:Invoked command in '/home/cowbot/cowbot_ws/build/lslidar_driver' returned '0': CMAKE_PREFIX_PATH=/home/cowbot/cowbot_ws/install/lslidar_msgs:/home/cowbot/cowbot_ws/install/serial_motor_msgs:/home/cowbot/cowbot_ws/install/lslidar_driver:/home/cowbot/cowbot_ws/install/cowbot_gazebo:/home/cowbot/cowbot_ws/install/cowbot_description:/home/cowbot/cowbot_ws/install/cowbot_bringup:/home/cowbot/cowbot_ws/install/serial_motor:/opt/ros/jazzy LD_LIBRARY_PATH=/home/cowbot/cowbot_ws/install/lslidar_msgs/lib:/home/cowbot/cowbot_ws/install/serial_motor_msgs/lib:/opt/ros/jazzy/lib/aarch64-linux-gnu:/opt/ros/jazzy/lib PYTHONPATH=/home/cowbot/cowbot_ws/install/lslidar_msgs/lib/python3.12/site-packages:/home/cowbot/cowbot_ws/build/serial_motor:/home/cowbot/cowbot_ws/install/serial_motor/lib/python3.12/site-packages:/home/cowbot/cowbot_ws/install/serial_motor_msgs/lib/python3.12/site-packages:/opt/ros/jazzy/lib/python3.12/site-packages /usr/bin/cmake --install /home/cowbot/cowbot_ws/build/lslidar_driver
[6.247s] Level 1:colcon.colcon_core.environment:checking '/home/cowbot/cowbot_ws/install/lslidar_driver' for CMake config files
[6.250s] Level 1:colcon.colcon_core.shell:create_environment_hook('lslidar_driver', 'cmake_prefix_path')
[6.251s] INFO:colcon.colcon_core.shell:Creating environment hook '/home/cowbot/cowbot_ws/install/lslidar_driver/share/lslidar_driver/hook/cmake_prefix_path.ps1'
[6.253s] INFO:colcon.colcon_core.shell:Creating environment descriptor '/home/cowbot/cowbot_ws/install/lslidar_driver/share/lslidar_driver/hook/cmake_prefix_path.dsv'
[6.255s] INFO:colcon.colcon_core.shell:Creating environment hook '/home/cowbot/cowbot_ws/install/lslidar_driver/share/lslidar_driver/hook/cmake_prefix_path.sh'
[6.259s] Level 1:colcon.colcon_core.environment:checking '/home/cowbot/cowbot_ws/install/lslidar_driver/lib'
[6.260s] Level 1:colcon.colcon_core.environment:checking '/home/cowbot/cowbot_ws/install/lslidar_driver/bin'
[6.261s] Level 1:colcon.colcon_core.environment:checking '/home/cowbot/cowbot_ws/install/lslidar_driver/lib/pkgconfig/lslidar_driver.pc'
[6.262s] Level 1:colcon.colcon_core.environment:checking '/home/cowbot/cowbot_ws/install/lslidar_driver/lib/python3.12/site-packages'
[6.264s] Level 1:colcon.colcon_core.environment:checking '/home/cowbot/cowbot_ws/install/lslidar_driver/bin'
[6.265s] INFO:colcon.colcon_core.shell:Creating package script '/home/cowbot/cowbot_ws/install/lslidar_driver/share/lslidar_driver/package.ps1'
[6.267s] INFO:colcon.colcon_core.shell:Creating package descriptor '/home/cowbot/cowbot_ws/install/lslidar_driver/share/lslidar_driver/package.dsv'
[6.269s] INFO:colcon.colcon_core.shell:Creating package script '/home/cowbot/cowbot_ws/install/lslidar_driver/share/lslidar_driver/package.sh'
[6.271s] INFO:colcon.colcon_core.shell:Creating package script '/home/cowbot/cowbot_ws/install/lslidar_driver/share/lslidar_driver/package.bash'
[6.273s] INFO:colcon.colcon_core.shell:Creating package script '/home/cowbot/cowbot_ws/install/lslidar_driver/share/lslidar_driver/package.zsh'
[6.275s] Level 1:colcon.colcon_core.environment:create_file_with_runtime_dependencies(/home/cowbot/cowbot_ws/install/lslidar_driver/share/colcon-core/packages/lslidar_driver)
[6.278s] Level 1:colcon.colcon_core.environment:create_environment_scripts_only(lslidar_driver)
[6.278s] Level 1:colcon.colcon_core.environment:checking '/home/cowbot/cowbot_ws/install/lslidar_driver' for CMake module files
[6.282s] Level 1:colcon.colcon_core.environment:checking '/home/cowbot/cowbot_ws/install/lslidar_driver' for CMake config files
[6.285s] Level 1:colcon.colcon_core.shell:create_environment_hook('lslidar_driver', 'cmake_prefix_path')
[6.286s] INFO:colcon.colcon_core.shell:Creating environment hook '/home/cowbot/cowbot_ws/install/lslidar_driver/share/lslidar_driver/hook/cmake_prefix_path.ps1'
[6.288s] INFO:colcon.colcon_core.shell:Creating environment descriptor '/home/cowbot/cowbot_ws/install/lslidar_driver/share/lslidar_driver/hook/cmake_prefix_path.dsv'
[6.290s] INFO:colcon.colcon_core.shell:Creating environment hook '/home/cowbot/cowbot_ws/install/lslidar_driver/share/lslidar_driver/hook/cmake_prefix_path.sh'
[6.293s] Level 1:colcon.colcon_core.environment:checking '/home/cowbot/cowbot_ws/install/lslidar_driver/lib'
[6.293s] Level 1:colcon.colcon_core.environment:checking '/home/cowbot/cowbot_ws/install/lslidar_driver/bin'
[6.294s] Level 1:colcon.colcon_core.environment:checking '/home/cowbot/cowbot_ws/install/lslidar_driver/lib/pkgconfig/lslidar_driver.pc'
[6.294s] Level 1:colcon.colcon_core.environment:checking '/home/cowbot/cowbot_ws/install/lslidar_driver/lib/python3.12/site-packages'
[6.296s] Level 1:colcon.colcon_core.environment:checking '/home/cowbot/cowbot_ws/install/lslidar_driver/bin'
[6.297s] INFO:colcon.colcon_core.shell:Creating package script '/home/cowbot/cowbot_ws/install/lslidar_driver/share/lslidar_driver/package.ps1'
[6.300s] INFO:colcon.colcon_core.shell:Creating package descriptor '/home/cowbot/cowbot_ws/install/lslidar_driver/share/lslidar_driver/package.dsv'
[6.302s] INFO:colcon.colcon_core.shell:Creating package script '/home/cowbot/cowbot_ws/install/lslidar_driver/share/lslidar_driver/package.sh'
[6.304s] INFO:colcon.colcon_core.shell:Creating package script '/home/cowbot/cowbot_ws/install/lslidar_driver/share/lslidar_driver/package.bash'
[6.307s] INFO:colcon.colcon_core.shell:Creating package script '/home/cowbot/cowbot_ws/install/lslidar_driver/share/lslidar_driver/package.zsh'
[6.309s] Level 1:colcon.colcon_core.environment:create_file_with_runtime_dependencies(/home/cowbot/cowbot_ws/install/lslidar_driver/share/colcon-core/packages/lslidar_driver)
[8.567s] DEBUG:colcon.colcon_core.event_handler.log_command:Invoking command in '/home/cowbot/cowbot_ws/build/serial_motor': PYTHONPATH=/home/cowbot/cowbot_ws/build/serial_motor/prefix_override:/usr/lib/python3/dist-packages/colcon_core/task/python/colcon_distutils_commands:/home/cowbot/cowbot_ws/install/serial_motor/lib/python3.12/site-packages:/home/cowbot/cowbot_ws/install/serial_motor_msgs/lib/python3.12/site-packages:/home/cowbot/cowbot_ws/build/serial_motor:/home/cowbot/cowbot_ws/install/serial_motor/lib/python3.12/site-packages:/home/cowbot/cowbot_ws/install/lslidar_msgs/lib/python3.12/site-packages:/opt/ros/jazzy/lib/python3.12/site-packages /usr/bin/python3 -W ignore:setup.py install is deprecated -W ignore:easy_install command is deprecated setup.py develop --editable --build-directory /home/cowbot/cowbot_ws/build/serial_motor/build --no-deps symlink_data
[11.244s] Level 1:colcon.colcon_core.shell:create_environment_hook('serial_motor', 'pythonpath_develop')
[11.245s] INFO:colcon.colcon_core.shell:Creating environment hook '/home/cowbot/cowbot_ws/build/serial_motor/share/serial_motor/hook/pythonpath_develop.ps1'
[11.246s] DEBUG:colcon.colcon_core.event_handler.log_command:Invoked command in '/home/cowbot/cowbot_ws/build/serial_motor' returned '0': PYTHONPATH=/home/cowbot/cowbot_ws/build/serial_motor/prefix_override:/usr/lib/python3/dist-packages/colcon_core/task/python/colcon_distutils_commands:/home/cowbot/cowbot_ws/install/serial_motor/lib/python3.12/site-packages:/home/cowbot/cowbot_ws/install/serial_motor_msgs/lib/python3.12/site-packages:/home/cowbot/cowbot_ws/build/serial_motor:/home/cowbot/cowbot_ws/install/serial_motor/lib/python3.12/site-packages:/home/cowbot/cowbot_ws/install/lslidar_msgs/lib/python3.12/site-packages:/opt/ros/jazzy/lib/python3.12/site-packages /usr/bin/python3 -W ignore:setup.py install is deprecated -W ignore:easy_install command is deprecated setup.py develop --editable --build-directory /home/cowbot/cowbot_ws/build/serial_motor/build --no-deps symlink_data
[11.248s] INFO:colcon.colcon_core.shell:Creating environment descriptor '/home/cowbot/cowbot_ws/build/serial_motor/share/serial_motor/hook/pythonpath_develop.dsv'
[11.249s] INFO:colcon.colcon_core.shell:Creating environment hook '/home/cowbot/cowbot_ws/build/serial_motor/share/serial_motor/hook/pythonpath_develop.sh'
[11.252s] Level 1:colcon.colcon_core.environment:checking '/home/cowbot/cowbot_ws/install/serial_motor' for CMake module files
[11.254s] Level 1:colcon.colcon_core.environment:checking '/home/cowbot/cowbot_ws/install/serial_motor' for CMake config files
[11.258s] Level 1:colcon.colcon_core.environment:checking '/home/cowbot/cowbot_ws/install/serial_motor/lib'
[11.258s] Level 1:colcon.colcon_core.environment:checking '/home/cowbot/cowbot_ws/install/serial_motor/bin'
[11.258s] Level 1:colcon.colcon_core.environment:checking '/home/cowbot/cowbot_ws/install/serial_motor/lib/pkgconfig/serial_motor.pc'
[11.259s] Level 1:colcon.colcon_core.environment:checking '/home/cowbot/cowbot_ws/install/serial_motor/lib/python3.12/site-packages'
[11.260s] Level 1:colcon.colcon_core.shell:create_environment_hook('serial_motor', 'pythonpath')
[11.260s] INFO:colcon.colcon_core.shell:Creating environment hook '/home/cowbot/cowbot_ws/install/serial_motor/share/serial_motor/hook/pythonpath.ps1'
[11.262s] INFO:colcon.colcon_core.shell:Creating environment descriptor '/home/cowbot/cowbot_ws/install/serial_motor/share/serial_motor/hook/pythonpath.dsv'
[11.264s] INFO:colcon.colcon_core.shell:Creating environment hook '/home/cowbot/cowbot_ws/install/serial_motor/share/serial_motor/hook/pythonpath.sh'
[11.267s] Level 1:colcon.colcon_core.environment:checking '/home/cowbot/cowbot_ws/install/serial_motor/bin'
[11.267s] Level 1:colcon.colcon_core.environment:create_environment_scripts_only(serial_motor)
[11.268s] INFO:colcon.colcon_core.shell:Creating package script '/home/cowbot/cowbot_ws/install/serial_motor/share/serial_motor/package.ps1'
[11.271s] INFO:colcon.colcon_core.shell:Creating package descriptor '/home/cowbot/cowbot_ws/install/serial_motor/share/serial_motor/package.dsv'
[11.273s] INFO:colcon.colcon_core.shell:Creating package script '/home/cowbot/cowbot_ws/install/serial_motor/share/serial_motor/package.sh'
[11.275s] INFO:colcon.colcon_core.shell:Creating package script '/home/cowbot/cowbot_ws/install/serial_motor/share/serial_motor/package.bash'
[11.276s] INFO:colcon.colcon_core.shell:Creating package script '/home/cowbot/cowbot_ws/install/serial_motor/share/serial_motor/package.zsh'
[11.278s] Level 1:colcon.colcon_core.environment:create_file_with_runtime_dependencies(/home/cowbot/cowbot_ws/install/serial_motor/share/colcon-core/packages/serial_motor)
[11.279s] DEBUG:colcon.colcon_parallel_executor.executor.parallel:closing loop
[11.280s] DEBUG:colcon.colcon_parallel_executor.executor.parallel:loop closed
[11.281s] DEBUG:colcon.colcon_parallel_executor.executor.parallel:run_until_complete finished with '0'
[11.282s] DEBUG:colcon.colcon_core.event_reactor:joining thread
[11.306s] INFO:colcon.colcon_core.plugin_system:Skipping extension 'colcon_notification.desktop_notification.notify_send': Could not find 'notify-send'
[11.307s] INFO:colcon.colcon_core.plugin_system:Skipping extension 'colcon_notification.desktop_notification.terminal_notifier': Not used on non-Darwin systems
[11.307s] INFO:colcon.colcon_core.plugin_system:Skipping extension 'colcon_notification.desktop_notification.win32': Not used on non-Windows systems
[11.307s] INFO:colcon.colcon_notification.desktop_notification:Sending desktop notification using 'notify2'
[11.310s] DEBUG:colcon.colcon_notification.desktop_notification.notify2:Failed to initialize notify2: org.freedesktop.DBus.Error.ServiceUnknown: The name org.freedesktop.Notifications was not provided by any .service files
[11.311s] DEBUG:colcon.colcon_core.event_reactor:joined thread
[11.311s] INFO:colcon.colcon_core.shell:Creating prefix script '/home/cowbot/cowbot_ws/install/local_setup.ps1'
[11.314s] INFO:colcon.colcon_core.shell:Creating prefix util module '/home/cowbot/cowbot_ws/install/_local_setup_util_ps1.py'
[11.319s] INFO:colcon.colcon_core.shell:Creating prefix chain script '/home/cowbot/cowbot_ws/install/setup.ps1'
[11.325s] INFO:colcon.colcon_core.shell:Creating prefix script '/home/cowbot/cowbot_ws/install/local_setup.sh'
[11.328s] INFO:colcon.colcon_core.shell:Creating prefix util module '/home/cowbot/cowbot_ws/install/_local_setup_util_sh.py'
[11.331s] INFO:colcon.colcon_core.shell:Creating prefix chain script '/home/cowbot/cowbot_ws/install/setup.sh'
[11.336s] INFO:colcon.colcon_core.shell:Creating prefix script '/home/cowbot/cowbot_ws/install/local_setup.bash'
[11.338s] INFO:colcon.colcon_core.shell:Creating prefix chain script '/home/cowbot/cowbot_ws/install/setup.bash'
[11.343s] INFO:colcon.colcon_core.shell:Creating prefix script '/home/cowbot/cowbot_ws/install/local_setup.zsh'
[11.345s] INFO:colcon.colcon_core.shell:Creating prefix chain script '/home/cowbot/cowbot_ws/install/setup.zsh'
