[0.465s] DEBUG:colcon:Command line arguments: ['/usr/bin/colcon', 'build', '--symlink-install', '--packages-select', 'cowbot_description', 'cowbot_bringup']
[0.466s] DEBUG:colcon:Parsed command line arguments: Namespace(log_base=None, log_level=None, verb_name='build', build_base='build', install_base='install', merge_install=False, symlink_install=True, test_result_base=None, continue_on_error=False, executor='parallel', parallel_workers=4, event_handlers=None, ignore_user_meta=False, metas=['./colcon.meta'], base_paths=['.'], packages_ignore=None, packages_ignore_regex=None, paths=None, packages_up_to=None, packages_up_to_regex=None, packages_above=None, packages_above_and_dependencies=None, packages_above_depth=None, packages_select_by_dep=None, packages_skip_by_dep=None, packages_skip_up_to=None, packages_select_build_failed=False, packages_skip_build_finished=False, packages_select_test_failures=False, packages_skip_test_passed=False, packages_select=['cowbot_description', 'cowbot_bringup'], packages_skip=None, packages_select_regex=None, packages_skip_regex=None, packages_start=None, packages_end=None, allow_overriding=[], cmake_args=None, cmake_target=None, cmake_target_skip_unavailable=False, cmake_clean_cache=False, cmake_clean_first=False, cmake_force_configure=False, ament_cmake_args=None, catkin_cmake_args=None, catkin_skip_building_tests=False, mixin_files=None, mixin=None, verb_parser=<colcon_mixin.mixin.mixin_argument.MixinArgumentDecorator object at 0xffff9e8796a0>, verb_extension=<colcon_core.verb.build.BuildVerb object at 0xffff9ea2dd00>, main=<bound method BuildVerb.main of <colcon_core.verb.build.BuildVerb object at 0xffff9ea2dd00>>, mixin_verb=('build',))
[0.637s] Level 1:colcon.colcon_core.package_discovery:discover_packages(colcon_meta) check parameters
[0.637s] Level 1:colcon.colcon_core.package_discovery:discover_packages(recursive) check parameters
[0.637s] Level 1:colcon.colcon_core.package_discovery:discover_packages(ignore) check parameters
[0.637s] Level 1:colcon.colcon_core.package_discovery:discover_packages(path) check parameters
[0.638s] Level 1:colcon.colcon_core.package_discovery:discover_packages(colcon_meta) discover
[0.638s] Level 1:colcon.colcon_core.package_discovery:discover_packages(recursive) discover
[0.638s] INFO:colcon.colcon_core.package_discovery:Crawling recursively for packages in '/home/cowbot/cowbot_ws'
[0.638s] Level 1:colcon.colcon_core.package_identification:_identify(.) by extensions ['ignore', 'ignore_ament_install']
[0.639s] Level 1:colcon.colcon_core.package_identification:_identify(.) by extension 'ignore'
[0.639s] Level 1:colcon.colcon_core.package_identification:_identify(.) by extension 'ignore_ament_install'
[0.639s] Level 1:colcon.colcon_core.package_identification:_identify(.) by extensions ['colcon_pkg']
[0.639s] Level 1:colcon.colcon_core.package_identification:_identify(.) by extension 'colcon_pkg'
[0.639s] Level 1:colcon.colcon_core.package_identification:_identify(.) by extensions ['colcon_meta']
[0.640s] Level 1:colcon.colcon_core.package_identification:_identify(.) by extension 'colcon_meta'
[0.640s] Level 1:colcon.colcon_core.package_identification:_identify(.) by extensions ['ros']
[0.640s] Level 1:colcon.colcon_core.package_identification:_identify(.) by extension 'ros'
[0.748s] Level 1:colcon.colcon_core.package_identification:_identify(.) by extensions ['cmake', 'python']
[0.748s] Level 1:colcon.colcon_core.package_identification:_identify(.) by extension 'cmake'
[0.748s] Level 1:colcon.colcon_core.package_identification:_identify(.) by extension 'python'
[0.748s] Level 1:colcon.colcon_core.package_identification:_identify(.) by extensions ['python_setup_py']
[0.748s] Level 1:colcon.colcon_core.package_identification:_identify(.) by extension 'python_setup_py'
[0.749s] Level 1:colcon.colcon_core.package_identification:_identify(build) by extensions ['ignore', 'ignore_ament_install']
[0.749s] Level 1:colcon.colcon_core.package_identification:_identify(build) by extension 'ignore'
[0.749s] Level 1:colcon.colcon_core.package_identification:_identify(build) ignored
[0.750s] Level 1:colcon.colcon_core.package_identification:_identify(install) by extensions ['ignore', 'ignore_ament_install']
[0.750s] Level 1:colcon.colcon_core.package_identification:_identify(install) by extension 'ignore'
[0.751s] Level 1:colcon.colcon_core.package_identification:_identify(install) ignored
[0.751s] Level 1:colcon.colcon_core.package_identification:_identify(log) by extensions ['ignore', 'ignore_ament_install']
[0.751s] Level 1:colcon.colcon_core.package_identification:_identify(log) by extension 'ignore'
[0.751s] Level 1:colcon.colcon_core.package_identification:_identify(log) ignored
[0.752s] Level 1:colcon.colcon_core.package_identification:_identify(src) by extensions ['ignore', 'ignore_ament_install']
[0.752s] Level 1:colcon.colcon_core.package_identification:_identify(src) by extension 'ignore'
[0.752s] Level 1:colcon.colcon_core.package_identification:_identify(src) by extension 'ignore_ament_install'
[0.752s] Level 1:colcon.colcon_core.package_identification:_identify(src) by extensions ['colcon_pkg']
[0.753s] Level 1:colcon.colcon_core.package_identification:_identify(src) by extension 'colcon_pkg'
[0.753s] Level 1:colcon.colcon_core.package_identification:_identify(src) by extensions ['colcon_meta']
[0.753s] Level 1:colcon.colcon_core.package_identification:_identify(src) by extension 'colcon_meta'
[0.753s] Level 1:colcon.colcon_core.package_identification:_identify(src) by extensions ['ros']
[0.753s] Level 1:colcon.colcon_core.package_identification:_identify(src) by extension 'ros'
[0.753s] Level 1:colcon.colcon_core.package_identification:_identify(src) by extensions ['cmake', 'python']
[0.754s] Level 1:colcon.colcon_core.package_identification:_identify(src) by extension 'cmake'
[0.754s] Level 1:colcon.colcon_core.package_identification:_identify(src) by extension 'python'
[0.754s] Level 1:colcon.colcon_core.package_identification:_identify(src) by extensions ['python_setup_py']
[0.754s] Level 1:colcon.colcon_core.package_identification:_identify(src) by extension 'python_setup_py'
[0.754s] Level 1:colcon.colcon_core.package_identification:_identify(src/Lslidar_ROS2_driver) by extensions ['ignore', 'ignore_ament_install']
[0.755s] Level 1:colcon.colcon_core.package_identification:_identify(src/Lslidar_ROS2_driver) by extension 'ignore'
[0.755s] Level 1:colcon.colcon_core.package_identification:_identify(src/Lslidar_ROS2_driver) by extension 'ignore_ament_install'
[0.755s] Level 1:colcon.colcon_core.package_identification:_identify(src/Lslidar_ROS2_driver) by extensions ['colcon_pkg']
[0.755s] Level 1:colcon.colcon_core.package_identification:_identify(src/Lslidar_ROS2_driver) by extension 'colcon_pkg'
[0.755s] Level 1:colcon.colcon_core.package_identification:_identify(src/Lslidar_ROS2_driver) by extensions ['colcon_meta']
[0.755s] Level 1:colcon.colcon_core.package_identification:_identify(src/Lslidar_ROS2_driver) by extension 'colcon_meta'
[0.756s] Level 1:colcon.colcon_core.package_identification:_identify(src/Lslidar_ROS2_driver) by extensions ['ros']
[0.756s] Level 1:colcon.colcon_core.package_identification:_identify(src/Lslidar_ROS2_driver) by extension 'ros'
[0.756s] Level 1:colcon.colcon_core.package_identification:_identify(src/Lslidar_ROS2_driver) by extensions ['cmake', 'python']
[0.756s] Level 1:colcon.colcon_core.package_identification:_identify(src/Lslidar_ROS2_driver) by extension 'cmake'
[0.756s] Level 1:colcon.colcon_core.package_identification:_identify(src/Lslidar_ROS2_driver) by extension 'python'
[0.757s] Level 1:colcon.colcon_core.package_identification:_identify(src/Lslidar_ROS2_driver) by extensions ['python_setup_py']
[0.757s] Level 1:colcon.colcon_core.package_identification:_identify(src/Lslidar_ROS2_driver) by extension 'python_setup_py'
[0.757s] Level 1:colcon.colcon_core.package_identification:_identify(src/Lslidar_ROS2_driver/lslidar_driver) by extensions ['ignore', 'ignore_ament_install']
[0.757s] Level 1:colcon.colcon_core.package_identification:_identify(src/Lslidar_ROS2_driver/lslidar_driver) by extension 'ignore'
[0.758s] Level 1:colcon.colcon_core.package_identification:_identify(src/Lslidar_ROS2_driver/lslidar_driver) by extension 'ignore_ament_install'
[0.758s] Level 1:colcon.colcon_core.package_identification:_identify(src/Lslidar_ROS2_driver/lslidar_driver) by extensions ['colcon_pkg']
[0.758s] Level 1:colcon.colcon_core.package_identification:_identify(src/Lslidar_ROS2_driver/lslidar_driver) by extension 'colcon_pkg'
[0.758s] Level 1:colcon.colcon_core.package_identification:_identify(src/Lslidar_ROS2_driver/lslidar_driver) by extensions ['colcon_meta']
[0.758s] Level 1:colcon.colcon_core.package_identification:_identify(src/Lslidar_ROS2_driver/lslidar_driver) by extension 'colcon_meta'
[0.758s] Level 1:colcon.colcon_core.package_identification:_identify(src/Lslidar_ROS2_driver/lslidar_driver) by extensions ['ros']
[0.759s] Level 1:colcon.colcon_core.package_identification:_identify(src/Lslidar_ROS2_driver/lslidar_driver) by extension 'ros'
[0.768s] DEBUG:colcon.colcon_core.package_identification:Package 'src/Lslidar_ROS2_driver/lslidar_driver' with type 'ros.ament_cmake' and name 'lslidar_driver'
[0.768s] Level 1:colcon.colcon_core.package_identification:_identify(src/Lslidar_ROS2_driver/lslidar_msgs) by extensions ['ignore', 'ignore_ament_install']
[0.768s] Level 1:colcon.colcon_core.package_identification:_identify(src/Lslidar_ROS2_driver/lslidar_msgs) by extension 'ignore'
[0.769s] Level 1:colcon.colcon_core.package_identification:_identify(src/Lslidar_ROS2_driver/lslidar_msgs) by extension 'ignore_ament_install'
[0.769s] Level 1:colcon.colcon_core.package_identification:_identify(src/Lslidar_ROS2_driver/lslidar_msgs) by extensions ['colcon_pkg']
[0.769s] Level 1:colcon.colcon_core.package_identification:_identify(src/Lslidar_ROS2_driver/lslidar_msgs) by extension 'colcon_pkg'
[0.769s] Level 1:colcon.colcon_core.package_identification:_identify(src/Lslidar_ROS2_driver/lslidar_msgs) by extensions ['colcon_meta']
[0.769s] Level 1:colcon.colcon_core.package_identification:_identify(src/Lslidar_ROS2_driver/lslidar_msgs) by extension 'colcon_meta'
[0.770s] Level 1:colcon.colcon_core.package_identification:_identify(src/Lslidar_ROS2_driver/lslidar_msgs) by extensions ['ros']
[0.770s] Level 1:colcon.colcon_core.package_identification:_identify(src/Lslidar_ROS2_driver/lslidar_msgs) by extension 'ros'
[0.772s] DEBUG:colcon.colcon_core.package_identification:Package 'src/Lslidar_ROS2_driver/lslidar_msgs' with type 'ros.ament_cmake' and name 'lslidar_msgs'
[0.772s] Level 1:colcon.colcon_core.package_identification:_identify(src/build) by extensions ['ignore', 'ignore_ament_install']
[0.773s] Level 1:colcon.colcon_core.package_identification:_identify(src/build) by extension 'ignore'
[0.773s] Level 1:colcon.colcon_core.package_identification:_identify(src/build) ignored
[0.773s] Level 1:colcon.colcon_core.package_identification:_identify(src/cowbot_bringup) by extensions ['ignore', 'ignore_ament_install']
[0.773s] Level 1:colcon.colcon_core.package_identification:_identify(src/cowbot_bringup) by extension 'ignore'
[0.774s] Level 1:colcon.colcon_core.package_identification:_identify(src/cowbot_bringup) by extension 'ignore_ament_install'
[0.774s] Level 1:colcon.colcon_core.package_identification:_identify(src/cowbot_bringup) by extensions ['colcon_pkg']
[0.774s] Level 1:colcon.colcon_core.package_identification:_identify(src/cowbot_bringup) by extension 'colcon_pkg'
[0.774s] Level 1:colcon.colcon_core.package_identification:_identify(src/cowbot_bringup) by extensions ['colcon_meta']
[0.774s] Level 1:colcon.colcon_core.package_identification:_identify(src/cowbot_bringup) by extension 'colcon_meta'
[0.774s] Level 1:colcon.colcon_core.package_identification:_identify(src/cowbot_bringup) by extensions ['ros']
[0.775s] Level 1:colcon.colcon_core.package_identification:_identify(src/cowbot_bringup) by extension 'ros'
[0.776s] DEBUG:colcon.colcon_core.package_identification:Package 'src/cowbot_bringup' with type 'ros.ament_cmake' and name 'cowbot_bringup'
[0.777s] Level 1:colcon.colcon_core.package_identification:_identify(src/cowbot_description) by extensions ['ignore', 'ignore_ament_install']
[0.777s] Level 1:colcon.colcon_core.package_identification:_identify(src/cowbot_description) by extension 'ignore'
[0.777s] Level 1:colcon.colcon_core.package_identification:_identify(src/cowbot_description) by extension 'ignore_ament_install'
[0.777s] Level 1:colcon.colcon_core.package_identification:_identify(src/cowbot_description) by extensions ['colcon_pkg']
[0.777s] Level 1:colcon.colcon_core.package_identification:_identify(src/cowbot_description) by extension 'colcon_pkg'
[0.778s] Level 1:colcon.colcon_core.package_identification:_identify(src/cowbot_description) by extensions ['colcon_meta']
[0.778s] Level 1:colcon.colcon_core.package_identification:_identify(src/cowbot_description) by extension 'colcon_meta'
[0.778s] Level 1:colcon.colcon_core.package_identification:_identify(src/cowbot_description) by extensions ['ros']
[0.778s] Level 1:colcon.colcon_core.package_identification:_identify(src/cowbot_description) by extension 'ros'
[0.781s] DEBUG:colcon.colcon_core.package_identification:Package 'src/cowbot_description' with type 'ros.ament_cmake' and name 'cowbot_description'
[0.781s] Level 1:colcon.colcon_core.package_identification:_identify(src/install) by extensions ['ignore', 'ignore_ament_install']
[0.782s] Level 1:colcon.colcon_core.package_identification:_identify(src/install) by extension 'ignore'
[0.782s] Level 1:colcon.colcon_core.package_identification:_identify(src/install) ignored
[0.782s] Level 1:colcon.colcon_core.package_identification:_identify(src/log) by extensions ['ignore', 'ignore_ament_install']
[0.783s] Level 1:colcon.colcon_core.package_identification:_identify(src/log) by extension 'ignore'
[0.783s] Level 1:colcon.colcon_core.package_identification:_identify(src/log) ignored
[0.783s] Level 1:colcon.colcon_core.package_identification:_identify(src/msg) by extensions ['ignore', 'ignore_ament_install']
[0.783s] Level 1:colcon.colcon_core.package_identification:_identify(src/msg) by extension 'ignore'
[0.784s] Level 1:colcon.colcon_core.package_identification:_identify(src/msg) by extension 'ignore_ament_install'
[0.784s] Level 1:colcon.colcon_core.package_identification:_identify(src/msg) by extensions ['colcon_pkg']
[0.784s] Level 1:colcon.colcon_core.package_identification:_identify(src/msg) by extension 'colcon_pkg'
[0.784s] Level 1:colcon.colcon_core.package_identification:_identify(src/msg) by extensions ['colcon_meta']
[0.784s] Level 1:colcon.colcon_core.package_identification:_identify(src/msg) by extension 'colcon_meta'
[0.784s] Level 1:colcon.colcon_core.package_identification:_identify(src/msg) by extensions ['ros']
[0.784s] Level 1:colcon.colcon_core.package_identification:_identify(src/msg) by extension 'ros'
[0.785s] Level 1:colcon.colcon_core.package_identification:_identify(src/msg) by extensions ['cmake', 'python']
[0.785s] Level 1:colcon.colcon_core.package_identification:_identify(src/msg) by extension 'cmake'
[0.785s] Level 1:colcon.colcon_core.package_identification:_identify(src/msg) by extension 'python'
[0.785s] Level 1:colcon.colcon_core.package_identification:_identify(src/msg) by extensions ['python_setup_py']
[0.785s] Level 1:colcon.colcon_core.package_identification:_identify(src/msg) by extension 'python_setup_py'
[0.786s] Level 1:colcon.colcon_core.package_identification:_identify(src/serial_motor) by extensions ['ignore', 'ignore_ament_install']
[0.786s] Level 1:colcon.colcon_core.package_identification:_identify(src/serial_motor) by extension 'ignore'
[0.786s] Level 1:colcon.colcon_core.package_identification:_identify(src/serial_motor) by extension 'ignore_ament_install'
[0.786s] Level 1:colcon.colcon_core.package_identification:_identify(src/serial_motor) by extensions ['colcon_pkg']
[0.786s] Level 1:colcon.colcon_core.package_identification:_identify(src/serial_motor) by extension 'colcon_pkg'
[0.787s] Level 1:colcon.colcon_core.package_identification:_identify(src/serial_motor) by extensions ['colcon_meta']
[0.787s] Level 1:colcon.colcon_core.package_identification:_identify(src/serial_motor) by extension 'colcon_meta'
[0.787s] Level 1:colcon.colcon_core.package_identification:_identify(src/serial_motor) by extensions ['ros']
[0.787s] Level 1:colcon.colcon_core.package_identification:_identify(src/serial_motor) by extension 'ros'
[0.789s] DEBUG:colcon.colcon_core.package_identification:Package 'src/serial_motor' with type 'ros.ament_python' and name 'serial_motor'
[0.789s] Level 1:colcon.colcon_core.package_identification:_identify(src/serial_motor_msgs) by extensions ['ignore', 'ignore_ament_install']
[0.790s] Level 1:colcon.colcon_core.package_identification:_identify(src/serial_motor_msgs) by extension 'ignore'
[0.790s] Level 1:colcon.colcon_core.package_identification:_identify(src/serial_motor_msgs) by extension 'ignore_ament_install'
[0.790s] Level 1:colcon.colcon_core.package_identification:_identify(src/serial_motor_msgs) by extensions ['colcon_pkg']
[0.790s] Level 1:colcon.colcon_core.package_identification:_identify(src/serial_motor_msgs) by extension 'colcon_pkg'
[0.791s] Level 1:colcon.colcon_core.package_identification:_identify(src/serial_motor_msgs) by extensions ['colcon_meta']
[0.791s] Level 1:colcon.colcon_core.package_identification:_identify(src/serial_motor_msgs) by extension 'colcon_meta'
[0.791s] Level 1:colcon.colcon_core.package_identification:_identify(src/serial_motor_msgs) by extensions ['ros']
[0.791s] Level 1:colcon.colcon_core.package_identification:_identify(src/serial_motor_msgs) by extension 'ros'
[0.792s] DEBUG:colcon.colcon_core.package_identification:Package 'src/serial_motor_msgs' with type 'ros.ament_cmake' and name 'serial_motor_msgs'
[0.793s] Level 1:colcon.colcon_core.package_discovery:discover_packages(recursive) using defaults
[0.793s] Level 1:colcon.colcon_core.package_discovery:discover_packages(ignore) discover
[0.793s] Level 1:colcon.colcon_core.package_discovery:discover_packages(ignore) using defaults
[0.793s] Level 1:colcon.colcon_core.package_discovery:discover_packages(path) discover
[0.793s] Level 1:colcon.colcon_core.package_discovery:discover_packages(path) using defaults
[0.866s] INFO:colcon.colcon_core.package_selection:Skipping not selected package 'lslidar_msgs' in 'src/Lslidar_ROS2_driver/lslidar_msgs'
[0.866s] INFO:colcon.colcon_core.package_selection:Skipping not selected package 'serial_motor_msgs' in 'src/serial_motor_msgs'
[0.866s] INFO:colcon.colcon_core.package_selection:Skipping not selected package 'lslidar_driver' in 'src/Lslidar_ROS2_driver/lslidar_driver'
[0.866s] INFO:colcon.colcon_core.package_selection:Skipping not selected package 'serial_motor' in 'src/serial_motor'
[0.868s] Level 1:colcon.colcon_core.package_discovery:discover_packages(prefix_path) check parameters
[0.868s] Level 1:colcon.colcon_core.package_discovery:discover_packages(prefix_path) discover
[0.878s] DEBUG:colcon.colcon_installed_package_information.package_discovery:Found 6 installed packages in /home/cowbot/cowbot_ws/install
[0.886s] DEBUG:colcon.colcon_installed_package_information.package_discovery:Found 209 installed packages in /opt/ros/jazzy
[0.888s] Level 1:colcon.colcon_core.package_discovery:discover_packages(prefix_path) using defaults
[1.035s] Level 5:colcon.colcon_core.verb:set package 'cowbot_bringup' build argument 'cmake_args' from command line to 'None'
[1.036s] Level 5:colcon.colcon_core.verb:set package 'cowbot_bringup' build argument 'cmake_target' from command line to 'None'
[1.036s] Level 5:colcon.colcon_core.verb:set package 'cowbot_bringup' build argument 'cmake_target_skip_unavailable' from command line to 'False'
[1.036s] Level 5:colcon.colcon_core.verb:set package 'cowbot_bringup' build argument 'cmake_clean_cache' from command line to 'False'
[1.036s] Level 5:colcon.colcon_core.verb:set package 'cowbot_bringup' build argument 'cmake_clean_first' from command line to 'False'
[1.036s] Level 5:colcon.colcon_core.verb:set package 'cowbot_bringup' build argument 'cmake_force_configure' from command line to 'False'
[1.036s] Level 5:colcon.colcon_core.verb:set package 'cowbot_bringup' build argument 'ament_cmake_args' from command line to 'None'
[1.036s] Level 5:colcon.colcon_core.verb:set package 'cowbot_bringup' build argument 'catkin_cmake_args' from command line to 'None'
[1.036s] Level 5:colcon.colcon_core.verb:set package 'cowbot_bringup' build argument 'catkin_skip_building_tests' from command line to 'False'
[1.037s] DEBUG:colcon.colcon_core.verb:Building package 'cowbot_bringup' with the following arguments: {'ament_cmake_args': None, 'build_base': '/home/cowbot/cowbot_ws/build/cowbot_bringup', 'catkin_cmake_args': None, 'catkin_skip_building_tests': False, 'cmake_args': None, 'cmake_clean_cache': False, 'cmake_clean_first': False, 'cmake_force_configure': False, 'cmake_target': None, 'cmake_target_skip_unavailable': False, 'install_base': '/home/cowbot/cowbot_ws/install/cowbot_bringup', 'merge_install': False, 'path': '/home/cowbot/cowbot_ws/src/cowbot_bringup', 'symlink_install': True, 'test_result_base': None}
[1.038s] Level 5:colcon.colcon_core.verb:set package 'cowbot_description' build argument 'cmake_args' from command line to 'None'
[1.038s] Level 5:colcon.colcon_core.verb:set package 'cowbot_description' build argument 'cmake_target' from command line to 'None'
[1.038s] Level 5:colcon.colcon_core.verb:set package 'cowbot_description' build argument 'cmake_target_skip_unavailable' from command line to 'False'
[1.038s] Level 5:colcon.colcon_core.verb:set package 'cowbot_description' build argument 'cmake_clean_cache' from command line to 'False'
[1.038s] Level 5:colcon.colcon_core.verb:set package 'cowbot_description' build argument 'cmake_clean_first' from command line to 'False'
[1.038s] Level 5:colcon.colcon_core.verb:set package 'cowbot_description' build argument 'cmake_force_configure' from command line to 'False'
[1.038s] Level 5:colcon.colcon_core.verb:set package 'cowbot_description' build argument 'ament_cmake_args' from command line to 'None'
[1.039s] Level 5:colcon.colcon_core.verb:set package 'cowbot_description' build argument 'catkin_cmake_args' from command line to 'None'
[1.039s] Level 5:colcon.colcon_core.verb:set package 'cowbot_description' build argument 'catkin_skip_building_tests' from command line to 'False'
[1.039s] DEBUG:colcon.colcon_core.verb:Building package 'cowbot_description' with the following arguments: {'ament_cmake_args': None, 'build_base': '/home/cowbot/cowbot_ws/build/cowbot_description', 'catkin_cmake_args': None, 'catkin_skip_building_tests': False, 'cmake_args': None, 'cmake_clean_cache': False, 'cmake_clean_first': False, 'cmake_force_configure': False, 'cmake_target': None, 'cmake_target_skip_unavailable': False, 'install_base': '/home/cowbot/cowbot_ws/install/cowbot_description', 'merge_install': False, 'path': '/home/cowbot/cowbot_ws/src/cowbot_description', 'symlink_install': True, 'test_result_base': None}
[1.039s] INFO:colcon.colcon_core.executor:Executing jobs using 'parallel' executor
[1.042s] DEBUG:colcon.colcon_parallel_executor.executor.parallel:run_until_complete
[1.043s] INFO:colcon.colcon_ros.task.ament_cmake.build:Building ROS package in '/home/cowbot/cowbot_ws/src/cowbot_bringup' with build type 'ament_cmake'
[1.044s] INFO:colcon.colcon_cmake.task.cmake.build:Building CMake package in '/home/cowbot/cowbot_ws/src/cowbot_bringup'
[1.052s] INFO:colcon.colcon_core.plugin_system:Skipping extension 'colcon_core.shell.bat': Not used on non-Windows systems
[1.053s] INFO:colcon.colcon_core.shell:Skip shell extension 'powershell' for command environment: Not usable outside of PowerShell
[1.053s] DEBUG:colcon.colcon_core.shell:Skip shell extension 'dsv' for command environment
[1.071s] INFO:colcon.colcon_ros.task.ament_cmake.build:Building ROS package in '/home/cowbot/cowbot_ws/src/cowbot_description' with build type 'ament_cmake'
[1.072s] INFO:colcon.colcon_cmake.task.cmake.build:Building CMake package in '/home/cowbot/cowbot_ws/src/cowbot_description'
[1.072s] INFO:colcon.colcon_core.shell:Skip shell extension 'powershell' for command environment: Not usable outside of PowerShell
[1.073s] DEBUG:colcon.colcon_core.shell:Skip shell extension 'dsv' for command environment
[1.111s] DEBUG:colcon.colcon_core.event_handler.log_command:Invoking command in '/home/cowbot/cowbot_ws/build/cowbot_bringup': CMAKE_PREFIX_PATH=${CMAKE_PREFIX_PATH}:/home/cowbot/cowbot_ws/install/serial_motor:/opt/ros/jazzy /usr/bin/cmake --build /home/cowbot/cowbot_ws/build/cowbot_bringup -- -j4 -l4
[1.128s] DEBUG:colcon.colcon_core.event_handler.log_command:Invoking command in '/home/cowbot/cowbot_ws/build/cowbot_description': CMAKE_PREFIX_PATH=${CMAKE_PREFIX_PATH}:/home/cowbot/cowbot_ws/install/serial_motor:/opt/ros/jazzy /usr/bin/cmake --build /home/cowbot/cowbot_ws/build/cowbot_description -- -j4 -l4
[1.309s] DEBUG:colcon.colcon_core.event_handler.log_command:Invoked command in '/home/cowbot/cowbot_ws/build/cowbot_bringup' returned '0': CMAKE_PREFIX_PATH=${CMAKE_PREFIX_PATH}:/home/cowbot/cowbot_ws/install/serial_motor:/opt/ros/jazzy /usr/bin/cmake --build /home/cowbot/cowbot_ws/build/cowbot_bringup -- -j4 -l4
[1.356s] DEBUG:colcon.colcon_core.event_handler.log_command:Invoking command in '/home/cowbot/cowbot_ws/build/cowbot_bringup': CMAKE_PREFIX_PATH=${CMAKE_PREFIX_PATH}:/home/cowbot/cowbot_ws/install/serial_motor:/opt/ros/jazzy /usr/bin/cmake --install /home/cowbot/cowbot_ws/build/cowbot_bringup
[1.363s] DEBUG:colcon.colcon_core.event_handler.log_command:Invoked command in '/home/cowbot/cowbot_ws/build/cowbot_description' returned '0': CMAKE_PREFIX_PATH=${CMAKE_PREFIX_PATH}:/home/cowbot/cowbot_ws/install/serial_motor:/opt/ros/jazzy /usr/bin/cmake --build /home/cowbot/cowbot_ws/build/cowbot_description -- -j4 -l4
[1.370s] DEBUG:colcon.colcon_core.event_handler.log_command:Invoking command in '/home/cowbot/cowbot_ws/build/cowbot_description': CMAKE_PREFIX_PATH=${CMAKE_PREFIX_PATH}:/home/cowbot/cowbot_ws/install/serial_motor:/opt/ros/jazzy /usr/bin/cmake --install /home/cowbot/cowbot_ws/build/cowbot_description
[1.474s] Level 1:colcon.colcon_core.environment:create_environment_scripts_only(cowbot_bringup)
[1.476s] DEBUG:colcon.colcon_core.event_handler.log_command:Invoked command in '/home/cowbot/cowbot_ws/build/cowbot_bringup' returned '0': CMAKE_PREFIX_PATH=${CMAKE_PREFIX_PATH}:/home/cowbot/cowbot_ws/install/serial_motor:/opt/ros/jazzy /usr/bin/cmake --install /home/cowbot/cowbot_ws/build/cowbot_bringup
[1.487s] Level 1:colcon.colcon_core.environment:checking '/home/cowbot/cowbot_ws/install/cowbot_bringup' for CMake module files
[1.491s] Level 1:colcon.colcon_core.environment:checking '/home/cowbot/cowbot_ws/install/cowbot_bringup' for CMake config files
[1.493s] Level 1:colcon.colcon_core.shell:create_environment_hook('cowbot_bringup', 'cmake_prefix_path')
[1.494s] INFO:colcon.colcon_core.shell:Creating environment hook '/home/cowbot/cowbot_ws/install/cowbot_bringup/share/cowbot_bringup/hook/cmake_prefix_path.ps1'
[1.499s] INFO:colcon.colcon_core.shell:Creating environment descriptor '/home/cowbot/cowbot_ws/install/cowbot_bringup/share/cowbot_bringup/hook/cmake_prefix_path.dsv'
[1.501s] INFO:colcon.colcon_core.shell:Creating environment hook '/home/cowbot/cowbot_ws/install/cowbot_bringup/share/cowbot_bringup/hook/cmake_prefix_path.sh'
[1.506s] Level 1:colcon.colcon_core.environment:checking '/home/cowbot/cowbot_ws/install/cowbot_bringup/bin'
[1.506s] Level 1:colcon.colcon_core.environment:checking '/home/cowbot/cowbot_ws/install/cowbot_bringup/lib/pkgconfig/cowbot_bringup.pc'
[1.507s] Level 1:colcon.colcon_core.environment:checking '/home/cowbot/cowbot_ws/install/cowbot_bringup/lib/python3.12/site-packages'
[1.508s] Level 1:colcon.colcon_core.environment:checking '/home/cowbot/cowbot_ws/install/cowbot_bringup/bin'
[1.510s] INFO:colcon.colcon_core.shell:Creating package script '/home/cowbot/cowbot_ws/install/cowbot_bringup/share/cowbot_bringup/package.ps1'
[1.513s] INFO:colcon.colcon_core.shell:Creating package descriptor '/home/cowbot/cowbot_ws/install/cowbot_bringup/share/cowbot_bringup/package.dsv'
[1.515s] INFO:colcon.colcon_core.shell:Creating package script '/home/cowbot/cowbot_ws/install/cowbot_bringup/share/cowbot_bringup/package.sh'
[1.518s] INFO:colcon.colcon_core.shell:Creating package script '/home/cowbot/cowbot_ws/install/cowbot_bringup/share/cowbot_bringup/package.bash'
[1.521s] INFO:colcon.colcon_core.shell:Creating package script '/home/cowbot/cowbot_ws/install/cowbot_bringup/share/cowbot_bringup/package.zsh'
[1.523s] Level 1:colcon.colcon_core.environment:create_file_with_runtime_dependencies(/home/cowbot/cowbot_ws/install/cowbot_bringup/share/colcon-core/packages/cowbot_bringup)
[1.525s] Level 1:colcon.colcon_core.environment:create_environment_scripts_only(cowbot_bringup)
[1.526s] Level 1:colcon.colcon_core.environment:checking '/home/cowbot/cowbot_ws/install/cowbot_bringup' for CMake module files
[1.529s] Level 1:colcon.colcon_core.environment:checking '/home/cowbot/cowbot_ws/install/cowbot_bringup' for CMake config files
[1.531s] Level 1:colcon.colcon_core.shell:create_environment_hook('cowbot_bringup', 'cmake_prefix_path')
[1.531s] INFO:colcon.colcon_core.shell:Creating environment hook '/home/cowbot/cowbot_ws/install/cowbot_bringup/share/cowbot_bringup/hook/cmake_prefix_path.ps1'
[1.533s] INFO:colcon.colcon_core.shell:Creating environment descriptor '/home/cowbot/cowbot_ws/install/cowbot_bringup/share/cowbot_bringup/hook/cmake_prefix_path.dsv'
[1.535s] INFO:colcon.colcon_core.shell:Creating environment hook '/home/cowbot/cowbot_ws/install/cowbot_bringup/share/cowbot_bringup/hook/cmake_prefix_path.sh'
[1.537s] Level 1:colcon.colcon_core.environment:checking '/home/cowbot/cowbot_ws/install/cowbot_bringup/bin'
[1.538s] Level 1:colcon.colcon_core.environment:checking '/home/cowbot/cowbot_ws/install/cowbot_bringup/lib/pkgconfig/cowbot_bringup.pc'
[1.539s] Level 1:colcon.colcon_core.environment:checking '/home/cowbot/cowbot_ws/install/cowbot_bringup/lib/python3.12/site-packages'
[1.540s] Level 1:colcon.colcon_core.environment:checking '/home/cowbot/cowbot_ws/install/cowbot_bringup/bin'
[1.541s] INFO:colcon.colcon_core.shell:Creating package script '/home/cowbot/cowbot_ws/install/cowbot_bringup/share/cowbot_bringup/package.ps1'
[1.544s] INFO:colcon.colcon_core.shell:Creating package descriptor '/home/cowbot/cowbot_ws/install/cowbot_bringup/share/cowbot_bringup/package.dsv'
[1.546s] INFO:colcon.colcon_core.shell:Creating package script '/home/cowbot/cowbot_ws/install/cowbot_bringup/share/cowbot_bringup/package.sh'
[1.548s] INFO:colcon.colcon_core.shell:Creating package script '/home/cowbot/cowbot_ws/install/cowbot_bringup/share/cowbot_bringup/package.bash'
[1.550s] INFO:colcon.colcon_core.shell:Creating package script '/home/cowbot/cowbot_ws/install/cowbot_bringup/share/cowbot_bringup/package.zsh'
[1.552s] Level 1:colcon.colcon_core.environment:create_file_with_runtime_dependencies(/home/cowbot/cowbot_ws/install/cowbot_bringup/share/colcon-core/packages/cowbot_bringup)
[1.555s] Level 1:colcon.colcon_core.environment:create_environment_scripts_only(cowbot_description)
[1.556s] Level 1:colcon.colcon_core.environment:checking '/home/cowbot/cowbot_ws/install/cowbot_description' for CMake module files
[1.558s] DEBUG:colcon.colcon_core.event_handler.log_command:Invoked command in '/home/cowbot/cowbot_ws/build/cowbot_description' returned '0': CMAKE_PREFIX_PATH=${CMAKE_PREFIX_PATH}:/home/cowbot/cowbot_ws/install/serial_motor:/opt/ros/jazzy /usr/bin/cmake --install /home/cowbot/cowbot_ws/build/cowbot_description
[1.560s] Level 1:colcon.colcon_core.environment:checking '/home/cowbot/cowbot_ws/install/cowbot_description' for CMake config files
[1.563s] Level 1:colcon.colcon_core.shell:create_environment_hook('cowbot_description', 'cmake_prefix_path')
[1.564s] INFO:colcon.colcon_core.shell:Creating environment hook '/home/cowbot/cowbot_ws/install/cowbot_description/share/cowbot_description/hook/cmake_prefix_path.ps1'
[1.566s] INFO:colcon.colcon_core.shell:Creating environment descriptor '/home/cowbot/cowbot_ws/install/cowbot_description/share/cowbot_description/hook/cmake_prefix_path.dsv'
[1.567s] INFO:colcon.colcon_core.shell:Creating environment hook '/home/cowbot/cowbot_ws/install/cowbot_description/share/cowbot_description/hook/cmake_prefix_path.sh'
[1.570s] Level 1:colcon.colcon_core.environment:checking '/home/cowbot/cowbot_ws/install/cowbot_description/bin'
[1.571s] Level 1:colcon.colcon_core.environment:checking '/home/cowbot/cowbot_ws/install/cowbot_description/lib/pkgconfig/cowbot_description.pc'
[1.572s] Level 1:colcon.colcon_core.environment:checking '/home/cowbot/cowbot_ws/install/cowbot_description/lib/python3.12/site-packages'
[1.573s] Level 1:colcon.colcon_core.environment:checking '/home/cowbot/cowbot_ws/install/cowbot_description/bin'
[1.574s] INFO:colcon.colcon_core.shell:Creating package script '/home/cowbot/cowbot_ws/install/cowbot_description/share/cowbot_description/package.ps1'
[1.576s] INFO:colcon.colcon_core.shell:Creating package descriptor '/home/cowbot/cowbot_ws/install/cowbot_description/share/cowbot_description/package.dsv'
[1.578s] INFO:colcon.colcon_core.shell:Creating package script '/home/cowbot/cowbot_ws/install/cowbot_description/share/cowbot_description/package.sh'
[1.580s] INFO:colcon.colcon_core.shell:Creating package script '/home/cowbot/cowbot_ws/install/cowbot_description/share/cowbot_description/package.bash'
[1.581s] INFO:colcon.colcon_core.shell:Creating package script '/home/cowbot/cowbot_ws/install/cowbot_description/share/cowbot_description/package.zsh'
[1.583s] Level 1:colcon.colcon_core.environment:create_file_with_runtime_dependencies(/home/cowbot/cowbot_ws/install/cowbot_description/share/colcon-core/packages/cowbot_description)
[1.585s] Level 1:colcon.colcon_core.environment:create_environment_scripts_only(cowbot_description)
[1.586s] Level 1:colcon.colcon_core.environment:checking '/home/cowbot/cowbot_ws/install/cowbot_description' for CMake module files
[1.589s] Level 1:colcon.colcon_core.environment:checking '/home/cowbot/cowbot_ws/install/cowbot_description' for CMake config files
[1.591s] Level 1:colcon.colcon_core.shell:create_environment_hook('cowbot_description', 'cmake_prefix_path')
[1.592s] INFO:colcon.colcon_core.shell:Creating environment hook '/home/cowbot/cowbot_ws/install/cowbot_description/share/cowbot_description/hook/cmake_prefix_path.ps1'
[1.594s] INFO:colcon.colcon_core.shell:Creating environment descriptor '/home/cowbot/cowbot_ws/install/cowbot_description/share/cowbot_description/hook/cmake_prefix_path.dsv'
[1.595s] INFO:colcon.colcon_core.shell:Creating environment hook '/home/cowbot/cowbot_ws/install/cowbot_description/share/cowbot_description/hook/cmake_prefix_path.sh'
[1.598s] Level 1:colcon.colcon_core.environment:checking '/home/cowbot/cowbot_ws/install/cowbot_description/bin'
[1.598s] Level 1:colcon.colcon_core.environment:checking '/home/cowbot/cowbot_ws/install/cowbot_description/lib/pkgconfig/cowbot_description.pc'
[1.599s] Level 1:colcon.colcon_core.environment:checking '/home/cowbot/cowbot_ws/install/cowbot_description/lib/python3.12/site-packages'
[1.600s] Level 1:colcon.colcon_core.environment:checking '/home/cowbot/cowbot_ws/install/cowbot_description/bin'
[1.602s] INFO:colcon.colcon_core.shell:Creating package script '/home/cowbot/cowbot_ws/install/cowbot_description/share/cowbot_description/package.ps1'
[1.604s] INFO:colcon.colcon_core.shell:Creating package descriptor '/home/cowbot/cowbot_ws/install/cowbot_description/share/cowbot_description/package.dsv'
[1.606s] INFO:colcon.colcon_core.shell:Creating package script '/home/cowbot/cowbot_ws/install/cowbot_description/share/cowbot_description/package.sh'
[1.608s] INFO:colcon.colcon_core.shell:Creating package script '/home/cowbot/cowbot_ws/install/cowbot_description/share/cowbot_description/package.bash'
[1.610s] INFO:colcon.colcon_core.shell:Creating package script '/home/cowbot/cowbot_ws/install/cowbot_description/share/cowbot_description/package.zsh'
[1.612s] Level 1:colcon.colcon_core.environment:create_file_with_runtime_dependencies(/home/cowbot/cowbot_ws/install/cowbot_description/share/colcon-core/packages/cowbot_description)
[1.614s] DEBUG:colcon.colcon_parallel_executor.executor.parallel:closing loop
[1.615s] DEBUG:colcon.colcon_parallel_executor.executor.parallel:loop closed
[1.616s] DEBUG:colcon.colcon_parallel_executor.executor.parallel:run_until_complete finished with '0'
[1.616s] DEBUG:colcon.colcon_core.event_reactor:joining thread
[1.639s] INFO:colcon.colcon_core.plugin_system:Skipping extension 'colcon_notification.desktop_notification.notify_send': Could not find 'notify-send'
[1.639s] INFO:colcon.colcon_core.plugin_system:Skipping extension 'colcon_notification.desktop_notification.terminal_notifier': Not used on non-Darwin systems
[1.639s] INFO:colcon.colcon_core.plugin_system:Skipping extension 'colcon_notification.desktop_notification.win32': Not used on non-Windows systems
[1.639s] INFO:colcon.colcon_notification.desktop_notification:Sending desktop notification using 'notify2'
[1.642s] DEBUG:colcon.colcon_notification.desktop_notification.notify2:Failed to initialize notify2: org.freedesktop.DBus.Error.ServiceUnknown: The name org.freedesktop.Notifications was not provided by any .service files
[1.643s] DEBUG:colcon.colcon_core.event_reactor:joined thread
[1.644s] INFO:colcon.colcon_core.shell:Creating prefix script '/home/cowbot/cowbot_ws/install/local_setup.ps1'
[1.646s] INFO:colcon.colcon_core.shell:Creating prefix util module '/home/cowbot/cowbot_ws/install/_local_setup_util_ps1.py'
[1.651s] INFO:colcon.colcon_core.shell:Creating prefix chain script '/home/cowbot/cowbot_ws/install/setup.ps1'
[1.657s] INFO:colcon.colcon_core.shell:Creating prefix script '/home/cowbot/cowbot_ws/install/local_setup.sh'
[1.659s] INFO:colcon.colcon_core.shell:Creating prefix util module '/home/cowbot/cowbot_ws/install/_local_setup_util_sh.py'
[1.662s] INFO:colcon.colcon_core.shell:Creating prefix chain script '/home/cowbot/cowbot_ws/install/setup.sh'
[1.667s] INFO:colcon.colcon_core.shell:Creating prefix script '/home/cowbot/cowbot_ws/install/local_setup.bash'
[1.669s] INFO:colcon.colcon_core.shell:Creating prefix chain script '/home/cowbot/cowbot_ws/install/setup.bash'
[1.674s] INFO:colcon.colcon_core.shell:Creating prefix script '/home/cowbot/cowbot_ws/install/local_setup.zsh'
[1.676s] INFO:colcon.colcon_core.shell:Creating prefix chain script '/home/cowbot/cowbot_ws/install/setup.zsh'
