[0.107s] Invoking command in '/home/cowbot/cowbot_ws/build/cowbot_description': CMAKE_PREFIX_PATH=${CMAKE_PREFIX_PATH}:/home/cowbot/cowbot_ws/install/serial_motor:/opt/ros/jazzy /usr/bin/cmake --build /home/cowbot/cowbot_ws/build/cowbot_description -- -j4 -l4
[0.253s] -- Found ament_cmake: 2.5.4 (/opt/ros/jazzy/share/ament_cmake/cmake)
[2.942s] -- Override CMake install command with custom implementation using symlinks instead of copying resources
[3.002s] -- Found urdf: 2.10.0 (/opt/ros/jazzy/share/urdf/cmake)
[3.162s] -- Found TinyXML2 via Config file: /usr/lib/aarch64-linux-gnu/cmake/tinyxml2
[3.207s] -- Found xacro: 2.1.1 (/opt/ros/jazzy/share/xacro/cmake)
[3.210s] -- Found ament_lint_auto: 0.17.3 (/opt/ros/jazzy/share/ament_lint_auto/cmake)
[3.947s] -- Added test 'flake8' to check Python code syntax and style conventions
[3.948s] -- Configured 'flake8' exclude dirs and/or files: 
[3.952s] -- Added test 'lint_cmake' to check CMake code style
[3.963s] -- Added test 'pep257' to check Python code against some of the docstring style conventions in PEP 257
[3.982s] -- Added test 'xmllint' to check XML markup files
[3.992s] -- Configuring done (3.8s)
[4.026s] -- Generating done (0.0s)
[4.041s] -- Build files have been written to: /home/cowbot/cowbot_ws/build/cowbot_description
[4.295s] Invoked command in '/home/cowbot/cowbot_ws/build/cowbot_description' returned '0': CMAKE_PREFIX_PATH=${CMAKE_PREFIX_PATH}:/home/cowbot/cowbot_ws/install/serial_motor:/opt/ros/jazzy /usr/bin/cmake --build /home/cowbot/cowbot_ws/build/cowbot_description -- -j4 -l4
[4.306s] Invoking command in '/home/cowbot/cowbot_ws/build/cowbot_description': CMAKE_PREFIX_PATH=${CMAKE_PREFIX_PATH}:/home/cowbot/cowbot_ws/install/serial_motor:/opt/ros/jazzy /usr/bin/cmake --install /home/cowbot/cowbot_ws/build/cowbot_description
[4.375s] -- Install configuration: ""
[4.381s] -- Execute custom install script
[4.386s] -- Up-to-date symlink: /home/cowbot/cowbot_ws/install/cowbot_description/share/cowbot_description/launch/robot_state_publisher.launch.py
[4.387s] -- Symlinking: /home/cowbot/cowbot_ws/install/cowbot_description/share/cowbot_description/launch/robot_state_publisher_hardware.launch.py
[4.449s] -- Up-to-date symlink: /home/cowbot/cowbot_ws/install/cowbot_description/share/cowbot_description/onshape/api-keys.sh
[4.451s] -- Up-to-date symlink: /home/cowbot/cowbot_ws/install/cowbot_description/share/cowbot_description/onshape/assets/base_link.part
[4.456s] -- Up-to-date symlink: /home/cowbot/cowbot_ws/install/cowbot_description/share/cowbot_description/onshape/assets/base_link.stl
[4.457s] -- Up-to-date symlink: /home/cowbot/cowbot_ws/install/cowbot_description/share/cowbot_description/onshape/assets/fastbot_motor.part
[4.460s] -- Up-to-date symlink: /home/cowbot/cowbot_ws/install/cowbot_description/share/cowbot_description/onshape/assets/fastbot_motor.stl
[4.461s] -- Up-to-date symlink: /home/cowbot/cowbot_ws/install/cowbot_description/share/cowbot_description/onshape/assets/lslidar_n10.part
[4.464s] -- Up-to-date symlink: /home/cowbot/cowbot_ws/install/cowbot_description/share/cowbot_description/onshape/assets/lslidar_n10.stl
[4.464s] -- Up-to-date symlink: /home/cowbot/cowbot_ws/install/cowbot_description/share/cowbot_description/onshape/assets/pololu_ball_caster.part
[4.469s] -- Up-to-date symlink: /home/cowbot/cowbot_ws/install/cowbot_description/share/cowbot_description/onshape/assets/pololu_ball_caster.stl
[4.470s] -- Up-to-date symlink: /home/cowbot/cowbot_ws/install/cowbot_description/share/cowbot_description/onshape/assets/raspicam.part
[4.470s] -- Up-to-date symlink: /home/cowbot/cowbot_ws/install/cowbot_description/share/cowbot_description/onshape/assets/raspicam.stl
[4.476s] -- Up-to-date symlink: /home/cowbot/cowbot_ws/install/cowbot_description/share/cowbot_description/onshape/assets/tire_d65x25_v1.part
[4.481s] -- Up-to-date symlink: /home/cowbot/cowbot_ws/install/cowbot_description/share/cowbot_description/onshape/assets/tire_d65x25_v1.stl
[4.485s] -- Up-to-date symlink: /home/cowbot/cowbot_ws/install/cowbot_description/share/cowbot_description/onshape/assets/wheel_d65x25_v1.part
[4.488s] -- Up-to-date symlink: /home/cowbot/cowbot_ws/install/cowbot_description/share/cowbot_description/onshape/assets/wheel_d65x25_v1.stl
[4.489s] -- Up-to-date symlink: /home/cowbot/cowbot_ws/install/cowbot_description/share/cowbot_description/onshape/config.json
[4.494s] -- Symlinking: /home/cowbot/cowbot_ws/install/cowbot_description/share/cowbot_description/onshape/cowbot.xacro
[4.582s] -- Up-to-date symlink: /home/cowbot/cowbot_ws/install/cowbot_description/share/cowbot_description/onshape/cowbot_multi.xacro
[4.583s] -- Up-to-date symlink: /home/cowbot/cowbot_ws/install/cowbot_description/share/cowbot_description/onshape/robot.urdf
[4.588s] -- Symlinking: /home/cowbot/cowbot_ws/install/cowbot_description/share/cowbot_description/models/urdf/cowbot_multi_sim.xacro
[4.693s] -- Up-to-date symlink: /home/cowbot/cowbot_ws/install/cowbot_description/share/ament_index/resource_index/package_run_dependencies/cowbot_description
[4.694s] -- Up-to-date symlink: /home/cowbot/cowbot_ws/install/cowbot_description/share/ament_index/resource_index/parent_prefix_path/cowbot_description
[4.707s] -- Up-to-date symlink: /home/cowbot/cowbot_ws/install/cowbot_description/share/cowbot_description/environment/ament_prefix_path.sh
[4.709s] -- Up-to-date symlink: /home/cowbot/cowbot_ws/install/cowbot_description/share/cowbot_description/environment/ament_prefix_path.dsv
[4.715s] -- Up-to-date symlink: /home/cowbot/cowbot_ws/install/cowbot_description/share/cowbot_description/environment/path.sh
[4.717s] -- Up-to-date symlink: /home/cowbot/cowbot_ws/install/cowbot_description/share/cowbot_description/environment/path.dsv
[4.718s] -- Up-to-date symlink: /home/cowbot/cowbot_ws/install/cowbot_description/share/cowbot_description/local_setup.bash
[4.718s] -- Up-to-date symlink: /home/cowbot/cowbot_ws/install/cowbot_description/share/cowbot_description/local_setup.sh
[4.720s] -- Up-to-date symlink: /home/cowbot/cowbot_ws/install/cowbot_description/share/cowbot_description/local_setup.zsh
[4.720s] -- Up-to-date symlink: /home/cowbot/cowbot_ws/install/cowbot_description/share/cowbot_description/local_setup.dsv
[4.721s] -- Symlinking: /home/cowbot/cowbot_ws/install/cowbot_description/share/cowbot_description/package.dsv
[4.774s] -- Up-to-date symlink: /home/cowbot/cowbot_ws/install/cowbot_description/share/ament_index/resource_index/packages/cowbot_description
[4.775s] -- Up-to-date symlink: /home/cowbot/cowbot_ws/install/cowbot_description/share/cowbot_description/cmake/cowbot_descriptionConfig.cmake
[4.776s] -- Up-to-date symlink: /home/cowbot/cowbot_ws/install/cowbot_description/share/cowbot_description/cmake/cowbot_descriptionConfig-version.cmake
[4.779s] -- Up-to-date symlink: /home/cowbot/cowbot_ws/install/cowbot_description/share/cowbot_description/package.xml
[4.938s] Invoked command in '/home/cowbot/cowbot_ws/build/cowbot_description' returned '0': CMAKE_PREFIX_PATH=${CMAKE_PREFIX_PATH}:/home/cowbot/cowbot_ws/install/serial_motor:/opt/ros/jazzy /usr/bin/cmake --install /home/cowbot/cowbot_ws/build/cowbot_description
