[0.688s] DEBUG:colcon:Command line arguments: ['/usr/bin/colcon', 'build', '--symlink-install']
[0.688s] DEBUG:colcon:Parsed command line arguments: Namespace(log_base=None, log_level=None, verb_name='build', build_base='build', install_base='install', merge_install=False, symlink_install=True, test_result_base=None, continue_on_error=False, executor='parallel', parallel_workers=4, event_handlers=None, ignore_user_meta=False, metas=['./colcon.meta'], base_paths=['.'], packages_ignore=None, packages_ignore_regex=None, paths=None, packages_up_to=None, packages_up_to_regex=None, packages_above=None, packages_above_and_dependencies=None, packages_above_depth=None, packages_select_by_dep=None, packages_skip_by_dep=None, packages_skip_up_to=None, packages_select_build_failed=False, packages_skip_build_finished=False, packages_select_test_failures=False, packages_skip_test_passed=False, packages_select=None, packages_skip=None, packages_select_regex=None, packages_skip_regex=None, packages_start=None, packages_end=None, allow_overriding=[], cmake_args=None, cmake_target=None, cmake_target_skip_unavailable=False, cmake_clean_cache=False, cmake_clean_first=False, cmake_force_configure=False, ament_cmake_args=None, catkin_cmake_args=None, catkin_skip_building_tests=False, mixin_files=None, mixin=None, verb_parser=<colcon_mixin.mixin.mixin_argument.MixinArgumentDecorator object at 0xffff87cd5460>, verb_extension=<colcon_core.verb.build.BuildVerb object at 0xffff87e89130>, main=<bound method BuildVerb.main of <colcon_core.verb.build.BuildVerb object at 0xffff87e89130>>, mixin_verb=('build',))
[0.966s] Level 1:colcon.colcon_core.package_discovery:discover_packages(colcon_meta) check parameters
[0.967s] Level 1:colcon.colcon_core.package_discovery:discover_packages(recursive) check parameters
[0.967s] Level 1:colcon.colcon_core.package_discovery:discover_packages(ignore) check parameters
[0.967s] Level 1:colcon.colcon_core.package_discovery:discover_packages(path) check parameters
[0.967s] Level 1:colcon.colcon_core.package_discovery:discover_packages(colcon_meta) discover
[0.967s] Level 1:colcon.colcon_core.package_discovery:discover_packages(recursive) discover
[0.967s] INFO:colcon.colcon_core.package_discovery:Crawling recursively for packages in '/home/cowbot/cowbot_ws'
[0.968s] Level 1:colcon.colcon_core.package_identification:_identify(.) by extensions ['ignore', 'ignore_ament_install']
[0.968s] Level 1:colcon.colcon_core.package_identification:_identify(.) by extension 'ignore'
[0.969s] Level 1:colcon.colcon_core.package_identification:_identify(.) by extension 'ignore_ament_install'
[0.969s] Level 1:colcon.colcon_core.package_identification:_identify(.) by extensions ['colcon_pkg']
[0.969s] Level 1:colcon.colcon_core.package_identification:_identify(.) by extension 'colcon_pkg'
[0.969s] Level 1:colcon.colcon_core.package_identification:_identify(.) by extensions ['colcon_meta']
[0.970s] Level 1:colcon.colcon_core.package_identification:_identify(.) by extension 'colcon_meta'
[0.970s] Level 1:colcon.colcon_core.package_identification:_identify(.) by extensions ['ros']
[0.970s] Level 1:colcon.colcon_core.package_identification:_identify(.) by extension 'ros'
[1.115s] Level 1:colcon.colcon_core.package_identification:_identify(.) by extensions ['cmake', 'python']
[1.116s] Level 1:colcon.colcon_core.package_identification:_identify(.) by extension 'cmake'
[1.116s] Level 1:colcon.colcon_core.package_identification:_identify(.) by extension 'python'
[1.116s] Level 1:colcon.colcon_core.package_identification:_identify(.) by extensions ['python_setup_py']
[1.116s] Level 1:colcon.colcon_core.package_identification:_identify(.) by extension 'python_setup_py'
[1.117s] Level 1:colcon.colcon_core.package_identification:_identify(build) by extensions ['ignore', 'ignore_ament_install']
[1.117s] Level 1:colcon.colcon_core.package_identification:_identify(build) by extension 'ignore'
[1.117s] Level 1:colcon.colcon_core.package_identification:_identify(build) ignored
[1.118s] Level 1:colcon.colcon_core.package_identification:_identify(install) by extensions ['ignore', 'ignore_ament_install']
[1.118s] Level 1:colcon.colcon_core.package_identification:_identify(install) by extension 'ignore'
[1.118s] Level 1:colcon.colcon_core.package_identification:_identify(install) ignored
[1.119s] Level 1:colcon.colcon_core.package_identification:_identify(log) by extensions ['ignore', 'ignore_ament_install']
[1.119s] Level 1:colcon.colcon_core.package_identification:_identify(log) by extension 'ignore'
[1.119s] Level 1:colcon.colcon_core.package_identification:_identify(log) ignored
[1.120s] Level 1:colcon.colcon_core.package_identification:_identify(src) by extensions ['ignore', 'ignore_ament_install']
[1.120s] Level 1:colcon.colcon_core.package_identification:_identify(src) by extension 'ignore'
[1.120s] Level 1:colcon.colcon_core.package_identification:_identify(src) by extension 'ignore_ament_install'
[1.120s] Level 1:colcon.colcon_core.package_identification:_identify(src) by extensions ['colcon_pkg']
[1.121s] Level 1:colcon.colcon_core.package_identification:_identify(src) by extension 'colcon_pkg'
[1.121s] Level 1:colcon.colcon_core.package_identification:_identify(src) by extensions ['colcon_meta']
[1.121s] Level 1:colcon.colcon_core.package_identification:_identify(src) by extension 'colcon_meta'
[1.121s] Level 1:colcon.colcon_core.package_identification:_identify(src) by extensions ['ros']
[1.121s] Level 1:colcon.colcon_core.package_identification:_identify(src) by extension 'ros'
[1.121s] Level 1:colcon.colcon_core.package_identification:_identify(src) by extensions ['cmake', 'python']
[1.122s] Level 1:colcon.colcon_core.package_identification:_identify(src) by extension 'cmake'
[1.122s] Level 1:colcon.colcon_core.package_identification:_identify(src) by extension 'python'
[1.122s] Level 1:colcon.colcon_core.package_identification:_identify(src) by extensions ['python_setup_py']
[1.122s] Level 1:colcon.colcon_core.package_identification:_identify(src) by extension 'python_setup_py'
[1.122s] Level 1:colcon.colcon_core.package_identification:_identify(src/Lslidar_ROS2_driver) by extensions ['ignore', 'ignore_ament_install']
[1.123s] Level 1:colcon.colcon_core.package_identification:_identify(src/Lslidar_ROS2_driver) by extension 'ignore'
[1.123s] Level 1:colcon.colcon_core.package_identification:_identify(src/Lslidar_ROS2_driver) by extension 'ignore_ament_install'
[1.123s] Level 1:colcon.colcon_core.package_identification:_identify(src/Lslidar_ROS2_driver) by extensions ['colcon_pkg']
[1.123s] Level 1:colcon.colcon_core.package_identification:_identify(src/Lslidar_ROS2_driver) by extension 'colcon_pkg'
[1.123s] Level 1:colcon.colcon_core.package_identification:_identify(src/Lslidar_ROS2_driver) by extensions ['colcon_meta']
[1.124s] Level 1:colcon.colcon_core.package_identification:_identify(src/Lslidar_ROS2_driver) by extension 'colcon_meta'
[1.124s] Level 1:colcon.colcon_core.package_identification:_identify(src/Lslidar_ROS2_driver) by extensions ['ros']
[1.124s] Level 1:colcon.colcon_core.package_identification:_identify(src/Lslidar_ROS2_driver) by extension 'ros'
[1.124s] Level 1:colcon.colcon_core.package_identification:_identify(src/Lslidar_ROS2_driver) by extensions ['cmake', 'python']
[1.124s] Level 1:colcon.colcon_core.package_identification:_identify(src/Lslidar_ROS2_driver) by extension 'cmake'
[1.125s] Level 1:colcon.colcon_core.package_identification:_identify(src/Lslidar_ROS2_driver) by extension 'python'
[1.125s] Level 1:colcon.colcon_core.package_identification:_identify(src/Lslidar_ROS2_driver) by extensions ['python_setup_py']
[1.125s] Level 1:colcon.colcon_core.package_identification:_identify(src/Lslidar_ROS2_driver) by extension 'python_setup_py'
[1.125s] Level 1:colcon.colcon_core.package_identification:_identify(src/Lslidar_ROS2_driver/lslidar_driver) by extensions ['ignore', 'ignore_ament_install']
[1.126s] Level 1:colcon.colcon_core.package_identification:_identify(src/Lslidar_ROS2_driver/lslidar_driver) by extension 'ignore'
[1.126s] Level 1:colcon.colcon_core.package_identification:_identify(src/Lslidar_ROS2_driver/lslidar_driver) by extension 'ignore_ament_install'
[1.126s] Level 1:colcon.colcon_core.package_identification:_identify(src/Lslidar_ROS2_driver/lslidar_driver) by extensions ['colcon_pkg']
[1.126s] Level 1:colcon.colcon_core.package_identification:_identify(src/Lslidar_ROS2_driver/lslidar_driver) by extension 'colcon_pkg'
[1.126s] Level 1:colcon.colcon_core.package_identification:_identify(src/Lslidar_ROS2_driver/lslidar_driver) by extensions ['colcon_meta']
[1.127s] Level 1:colcon.colcon_core.package_identification:_identify(src/Lslidar_ROS2_driver/lslidar_driver) by extension 'colcon_meta'
[1.127s] Level 1:colcon.colcon_core.package_identification:_identify(src/Lslidar_ROS2_driver/lslidar_driver) by extensions ['ros']
[1.127s] Level 1:colcon.colcon_core.package_identification:_identify(src/Lslidar_ROS2_driver/lslidar_driver) by extension 'ros'
[1.140s] DEBUG:colcon.colcon_core.package_identification:Package 'src/Lslidar_ROS2_driver/lslidar_driver' with type 'ros.ament_cmake' and name 'lslidar_driver'
[1.140s] Level 1:colcon.colcon_core.package_identification:_identify(src/Lslidar_ROS2_driver/lslidar_msgs) by extensions ['ignore', 'ignore_ament_install']
[1.141s] Level 1:colcon.colcon_core.package_identification:_identify(src/Lslidar_ROS2_driver/lslidar_msgs) by extension 'ignore'
[1.141s] Level 1:colcon.colcon_core.package_identification:_identify(src/Lslidar_ROS2_driver/lslidar_msgs) by extension 'ignore_ament_install'
[1.141s] Level 1:colcon.colcon_core.package_identification:_identify(src/Lslidar_ROS2_driver/lslidar_msgs) by extensions ['colcon_pkg']
[1.142s] Level 1:colcon.colcon_core.package_identification:_identify(src/Lslidar_ROS2_driver/lslidar_msgs) by extension 'colcon_pkg'
[1.142s] Level 1:colcon.colcon_core.package_identification:_identify(src/Lslidar_ROS2_driver/lslidar_msgs) by extensions ['colcon_meta']
[1.142s] Level 1:colcon.colcon_core.package_identification:_identify(src/Lslidar_ROS2_driver/lslidar_msgs) by extension 'colcon_meta'
[1.142s] Level 1:colcon.colcon_core.package_identification:_identify(src/Lslidar_ROS2_driver/lslidar_msgs) by extensions ['ros']
[1.142s] Level 1:colcon.colcon_core.package_identification:_identify(src/Lslidar_ROS2_driver/lslidar_msgs) by extension 'ros'
[1.145s] DEBUG:colcon.colcon_core.package_identification:Package 'src/Lslidar_ROS2_driver/lslidar_msgs' with type 'ros.ament_cmake' and name 'lslidar_msgs'
[1.146s] Level 1:colcon.colcon_core.package_identification:_identify(src/build) by extensions ['ignore', 'ignore_ament_install']
[1.146s] Level 1:colcon.colcon_core.package_identification:_identify(src/build) by extension 'ignore'
[1.147s] Level 1:colcon.colcon_core.package_identification:_identify(src/build) ignored
[1.147s] Level 1:colcon.colcon_core.package_identification:_identify(src/cowbot_bringup) by extensions ['ignore', 'ignore_ament_install']
[1.147s] Level 1:colcon.colcon_core.package_identification:_identify(src/cowbot_bringup) by extension 'ignore'
[1.148s] Level 1:colcon.colcon_core.package_identification:_identify(src/cowbot_bringup) by extension 'ignore_ament_install'
[1.148s] Level 1:colcon.colcon_core.package_identification:_identify(src/cowbot_bringup) by extensions ['colcon_pkg']
[1.148s] Level 1:colcon.colcon_core.package_identification:_identify(src/cowbot_bringup) by extension 'colcon_pkg'
[1.149s] Level 1:colcon.colcon_core.package_identification:_identify(src/cowbot_bringup) by extensions ['colcon_meta']
[1.149s] Level 1:colcon.colcon_core.package_identification:_identify(src/cowbot_bringup) by extension 'colcon_meta'
[1.149s] Level 1:colcon.colcon_core.package_identification:_identify(src/cowbot_bringup) by extensions ['ros']
[1.149s] Level 1:colcon.colcon_core.package_identification:_identify(src/cowbot_bringup) by extension 'ros'
[1.151s] DEBUG:colcon.colcon_core.package_identification:Package 'src/cowbot_bringup' with type 'ros.ament_cmake' and name 'cowbot_bringup'
[1.152s] Level 1:colcon.colcon_core.package_identification:_identify(src/cowbot_description) by extensions ['ignore', 'ignore_ament_install']
[1.152s] Level 1:colcon.colcon_core.package_identification:_identify(src/cowbot_description) by extension 'ignore'
[1.153s] Level 1:colcon.colcon_core.package_identification:_identify(src/cowbot_description) by extension 'ignore_ament_install'
[1.153s] Level 1:colcon.colcon_core.package_identification:_identify(src/cowbot_description) by extensions ['colcon_pkg']
[1.153s] Level 1:colcon.colcon_core.package_identification:_identify(src/cowbot_description) by extension 'colcon_pkg'
[1.153s] Level 1:colcon.colcon_core.package_identification:_identify(src/cowbot_description) by extensions ['colcon_meta']
[1.153s] Level 1:colcon.colcon_core.package_identification:_identify(src/cowbot_description) by extension 'colcon_meta'
[1.154s] Level 1:colcon.colcon_core.package_identification:_identify(src/cowbot_description) by extensions ['ros']
[1.154s] Level 1:colcon.colcon_core.package_identification:_identify(src/cowbot_description) by extension 'ros'
[1.157s] DEBUG:colcon.colcon_core.package_identification:Package 'src/cowbot_description' with type 'ros.ament_cmake' and name 'cowbot_description'
[1.158s] Level 1:colcon.colcon_core.package_identification:_identify(src/cowbot_gazebo) by extensions ['ignore', 'ignore_ament_install']
[1.158s] Level 1:colcon.colcon_core.package_identification:_identify(src/cowbot_gazebo) by extension 'ignore'
[1.158s] Level 1:colcon.colcon_core.package_identification:_identify(src/cowbot_gazebo) by extension 'ignore_ament_install'
[1.159s] Level 1:colcon.colcon_core.package_identification:_identify(src/cowbot_gazebo) by extensions ['colcon_pkg']
[1.159s] Level 1:colcon.colcon_core.package_identification:_identify(src/cowbot_gazebo) by extension 'colcon_pkg'
[1.159s] Level 1:colcon.colcon_core.package_identification:_identify(src/cowbot_gazebo) by extensions ['colcon_meta']
[1.159s] Level 1:colcon.colcon_core.package_identification:_identify(src/cowbot_gazebo) by extension 'colcon_meta'
[1.159s] Level 1:colcon.colcon_core.package_identification:_identify(src/cowbot_gazebo) by extensions ['ros']
[1.159s] Level 1:colcon.colcon_core.package_identification:_identify(src/cowbot_gazebo) by extension 'ros'
[1.162s] DEBUG:colcon.colcon_core.package_identification:Package 'src/cowbot_gazebo' with type 'ros.ament_cmake' and name 'cowbot_gazebo'
[1.162s] Level 1:colcon.colcon_core.package_identification:_identify(src/install) by extensions ['ignore', 'ignore_ament_install']
[1.163s] Level 1:colcon.colcon_core.package_identification:_identify(src/install) by extension 'ignore'
[1.163s] Level 1:colcon.colcon_core.package_identification:_identify(src/install) ignored
[1.163s] Level 1:colcon.colcon_core.package_identification:_identify(src/log) by extensions ['ignore', 'ignore_ament_install']
[1.164s] Level 1:colcon.colcon_core.package_identification:_identify(src/log) by extension 'ignore'
[1.164s] Level 1:colcon.colcon_core.package_identification:_identify(src/log) ignored
[1.164s] Level 1:colcon.colcon_core.package_identification:_identify(src/msg) by extensions ['ignore', 'ignore_ament_install']
[1.164s] Level 1:colcon.colcon_core.package_identification:_identify(src/msg) by extension 'ignore'
[1.165s] Level 1:colcon.colcon_core.package_identification:_identify(src/msg) by extension 'ignore_ament_install'
[1.165s] Level 1:colcon.colcon_core.package_identification:_identify(src/msg) by extensions ['colcon_pkg']
[1.165s] Level 1:colcon.colcon_core.package_identification:_identify(src/msg) by extension 'colcon_pkg'
[1.165s] Level 1:colcon.colcon_core.package_identification:_identify(src/msg) by extensions ['colcon_meta']
[1.165s] Level 1:colcon.colcon_core.package_identification:_identify(src/msg) by extension 'colcon_meta'
[1.166s] Level 1:colcon.colcon_core.package_identification:_identify(src/msg) by extensions ['ros']
[1.166s] Level 1:colcon.colcon_core.package_identification:_identify(src/msg) by extension 'ros'
[1.166s] Level 1:colcon.colcon_core.package_identification:_identify(src/msg) by extensions ['cmake', 'python']
[1.166s] Level 1:colcon.colcon_core.package_identification:_identify(src/msg) by extension 'cmake'
[1.166s] Level 1:colcon.colcon_core.package_identification:_identify(src/msg) by extension 'python'
[1.167s] Level 1:colcon.colcon_core.package_identification:_identify(src/msg) by extensions ['python_setup_py']
[1.167s] Level 1:colcon.colcon_core.package_identification:_identify(src/msg) by extension 'python_setup_py'
[1.167s] Level 1:colcon.colcon_core.package_identification:_identify(src/serial_motor) by extensions ['ignore', 'ignore_ament_install']
[1.167s] Level 1:colcon.colcon_core.package_identification:_identify(src/serial_motor) by extension 'ignore'
[1.168s] Level 1:colcon.colcon_core.package_identification:_identify(src/serial_motor) by extension 'ignore_ament_install'
[1.168s] Level 1:colcon.colcon_core.package_identification:_identify(src/serial_motor) by extensions ['colcon_pkg']
[1.168s] Level 1:colcon.colcon_core.package_identification:_identify(src/serial_motor) by extension 'colcon_pkg'
[1.168s] Level 1:colcon.colcon_core.package_identification:_identify(src/serial_motor) by extensions ['colcon_meta']
[1.168s] Level 1:colcon.colcon_core.package_identification:_identify(src/serial_motor) by extension 'colcon_meta'
[1.168s] Level 1:colcon.colcon_core.package_identification:_identify(src/serial_motor) by extensions ['ros']
[1.169s] Level 1:colcon.colcon_core.package_identification:_identify(src/serial_motor) by extension 'ros'
[1.171s] DEBUG:colcon.colcon_core.package_identification:Package 'src/serial_motor' with type 'ros.ament_python' and name 'serial_motor'
[1.172s] Level 1:colcon.colcon_core.package_identification:_identify(src/serial_motor_msgs) by extensions ['ignore', 'ignore_ament_install']
[1.172s] Level 1:colcon.colcon_core.package_identification:_identify(src/serial_motor_msgs) by extension 'ignore'
[1.173s] Level 1:colcon.colcon_core.package_identification:_identify(src/serial_motor_msgs) by extension 'ignore_ament_install'
[1.173s] Level 1:colcon.colcon_core.package_identification:_identify(src/serial_motor_msgs) by extensions ['colcon_pkg']
[1.173s] Level 1:colcon.colcon_core.package_identification:_identify(src/serial_motor_msgs) by extension 'colcon_pkg'
[1.173s] Level 1:colcon.colcon_core.package_identification:_identify(src/serial_motor_msgs) by extensions ['colcon_meta']
[1.173s] Level 1:colcon.colcon_core.package_identification:_identify(src/serial_motor_msgs) by extension 'colcon_meta'
[1.173s] Level 1:colcon.colcon_core.package_identification:_identify(src/serial_motor_msgs) by extensions ['ros']
[1.174s] Level 1:colcon.colcon_core.package_identification:_identify(src/serial_motor_msgs) by extension 'ros'
[1.176s] DEBUG:colcon.colcon_core.package_identification:Package 'src/serial_motor_msgs' with type 'ros.ament_cmake' and name 'serial_motor_msgs'
[1.176s] Level 1:colcon.colcon_core.package_discovery:discover_packages(recursive) using defaults
[1.176s] Level 1:colcon.colcon_core.package_discovery:discover_packages(ignore) discover
[1.176s] Level 1:colcon.colcon_core.package_discovery:discover_packages(ignore) using defaults
[1.176s] Level 1:colcon.colcon_core.package_discovery:discover_packages(path) discover
[1.177s] Level 1:colcon.colcon_core.package_discovery:discover_packages(path) using defaults
[1.284s] Level 1:colcon.colcon_core.package_discovery:discover_packages(prefix_path) check parameters
[1.284s] Level 1:colcon.colcon_core.package_discovery:discover_packages(prefix_path) discover
[1.301s] DEBUG:colcon.colcon_installed_package_information.package_discovery:Found 7 installed packages in /home/cowbot/cowbot_ws/install
[1.310s] DEBUG:colcon.colcon_installed_package_information.package_discovery:Found 209 installed packages in /opt/ros/jazzy
[1.313s] Level 1:colcon.colcon_core.package_discovery:discover_packages(prefix_path) using defaults
[1.479s] Level 5:colcon.colcon_core.verb:set package 'cowbot_bringup' build argument 'cmake_args' from command line to 'None'
[1.479s] Level 5:colcon.colcon_core.verb:set package 'cowbot_bringup' build argument 'cmake_target' from command line to 'None'
[1.479s] Level 5:colcon.colcon_core.verb:set package 'cowbot_bringup' build argument 'cmake_target_skip_unavailable' from command line to 'False'
[1.479s] Level 5:colcon.colcon_core.verb:set package 'cowbot_bringup' build argument 'cmake_clean_cache' from command line to 'False'
[1.480s] Level 5:colcon.colcon_core.verb:set package 'cowbot_bringup' build argument 'cmake_clean_first' from command line to 'False'
[1.480s] Level 5:colcon.colcon_core.verb:set package 'cowbot_bringup' build argument 'cmake_force_configure' from command line to 'False'
[1.480s] Level 5:colcon.colcon_core.verb:set package 'cowbot_bringup' build argument 'ament_cmake_args' from command line to 'None'
[1.480s] Level 5:colcon.colcon_core.verb:set package 'cowbot_bringup' build argument 'catkin_cmake_args' from command line to 'None'
[1.480s] Level 5:colcon.colcon_core.verb:set package 'cowbot_bringup' build argument 'catkin_skip_building_tests' from command line to 'False'
[1.480s] DEBUG:colcon.colcon_core.verb:Building package 'cowbot_bringup' with the following arguments: {'ament_cmake_args': None, 'build_base': '/home/cowbot/cowbot_ws/build/cowbot_bringup', 'catkin_cmake_args': None, 'catkin_skip_building_tests': False, 'cmake_args': None, 'cmake_clean_cache': False, 'cmake_clean_first': False, 'cmake_force_configure': False, 'cmake_target': None, 'cmake_target_skip_unavailable': False, 'install_base': '/home/cowbot/cowbot_ws/install/cowbot_bringup', 'merge_install': False, 'path': '/home/cowbot/cowbot_ws/src/cowbot_bringup', 'symlink_install': True, 'test_result_base': None}
[1.481s] Level 5:colcon.colcon_core.verb:set package 'cowbot_description' build argument 'cmake_args' from command line to 'None'
[1.481s] Level 5:colcon.colcon_core.verb:set package 'cowbot_description' build argument 'cmake_target' from command line to 'None'
[1.482s] Level 5:colcon.colcon_core.verb:set package 'cowbot_description' build argument 'cmake_target_skip_unavailable' from command line to 'False'
[1.482s] Level 5:colcon.colcon_core.verb:set package 'cowbot_description' build argument 'cmake_clean_cache' from command line to 'False'
[1.482s] Level 5:colcon.colcon_core.verb:set package 'cowbot_description' build argument 'cmake_clean_first' from command line to 'False'
[1.482s] Level 5:colcon.colcon_core.verb:set package 'cowbot_description' build argument 'cmake_force_configure' from command line to 'False'
[1.482s] Level 5:colcon.colcon_core.verb:set package 'cowbot_description' build argument 'ament_cmake_args' from command line to 'None'
[1.482s] Level 5:colcon.colcon_core.verb:set package 'cowbot_description' build argument 'catkin_cmake_args' from command line to 'None'
[1.482s] Level 5:colcon.colcon_core.verb:set package 'cowbot_description' build argument 'catkin_skip_building_tests' from command line to 'False'
[1.482s] DEBUG:colcon.colcon_core.verb:Building package 'cowbot_description' with the following arguments: {'ament_cmake_args': None, 'build_base': '/home/cowbot/cowbot_ws/build/cowbot_description', 'catkin_cmake_args': None, 'catkin_skip_building_tests': False, 'cmake_args': None, 'cmake_clean_cache': False, 'cmake_clean_first': False, 'cmake_force_configure': False, 'cmake_target': None, 'cmake_target_skip_unavailable': False, 'install_base': '/home/cowbot/cowbot_ws/install/cowbot_description', 'merge_install': False, 'path': '/home/cowbot/cowbot_ws/src/cowbot_description', 'symlink_install': True, 'test_result_base': None}
[1.483s] Level 5:colcon.colcon_core.verb:set package 'cowbot_gazebo' build argument 'cmake_args' from command line to 'None'
[1.484s] Level 5:colcon.colcon_core.verb:set package 'cowbot_gazebo' build argument 'cmake_target' from command line to 'None'
[1.484s] Level 5:colcon.colcon_core.verb:set package 'cowbot_gazebo' build argument 'cmake_target_skip_unavailable' from command line to 'False'
[1.484s] Level 5:colcon.colcon_core.verb:set package 'cowbot_gazebo' build argument 'cmake_clean_cache' from command line to 'False'
[1.484s] Level 5:colcon.colcon_core.verb:set package 'cowbot_gazebo' build argument 'cmake_clean_first' from command line to 'False'
[1.484s] Level 5:colcon.colcon_core.verb:set package 'cowbot_gazebo' build argument 'cmake_force_configure' from command line to 'False'
[1.484s] Level 5:colcon.colcon_core.verb:set package 'cowbot_gazebo' build argument 'ament_cmake_args' from command line to 'None'
[1.484s] Level 5:colcon.colcon_core.verb:set package 'cowbot_gazebo' build argument 'catkin_cmake_args' from command line to 'None'
[1.484s] Level 5:colcon.colcon_core.verb:set package 'cowbot_gazebo' build argument 'catkin_skip_building_tests' from command line to 'False'
[1.484s] DEBUG:colcon.colcon_core.verb:Building package 'cowbot_gazebo' with the following arguments: {'ament_cmake_args': None, 'build_base': '/home/cowbot/cowbot_ws/build/cowbot_gazebo', 'catkin_cmake_args': None, 'catkin_skip_building_tests': False, 'cmake_args': None, 'cmake_clean_cache': False, 'cmake_clean_first': False, 'cmake_force_configure': False, 'cmake_target': None, 'cmake_target_skip_unavailable': False, 'install_base': '/home/cowbot/cowbot_ws/install/cowbot_gazebo', 'merge_install': False, 'path': '/home/cowbot/cowbot_ws/src/cowbot_gazebo', 'symlink_install': True, 'test_result_base': None}
[1.486s] Level 5:colcon.colcon_core.verb:set package 'lslidar_msgs' build argument 'cmake_args' from command line to 'None'
[1.486s] Level 5:colcon.colcon_core.verb:set package 'lslidar_msgs' build argument 'cmake_target' from command line to 'None'
[1.486s] Level 5:colcon.colcon_core.verb:set package 'lslidar_msgs' build argument 'cmake_target_skip_unavailable' from command line to 'False'
[1.486s] Level 5:colcon.colcon_core.verb:set package 'lslidar_msgs' build argument 'cmake_clean_cache' from command line to 'False'
[1.486s] Level 5:colcon.colcon_core.verb:set package 'lslidar_msgs' build argument 'cmake_clean_first' from command line to 'False'
[1.486s] Level 5:colcon.colcon_core.verb:set package 'lslidar_msgs' build argument 'cmake_force_configure' from command line to 'False'
[1.486s] Level 5:colcon.colcon_core.verb:set package 'lslidar_msgs' build argument 'ament_cmake_args' from command line to 'None'
[1.486s] Level 5:colcon.colcon_core.verb:set package 'lslidar_msgs' build argument 'catkin_cmake_args' from command line to 'None'
[1.486s] Level 5:colcon.colcon_core.verb:set package 'lslidar_msgs' build argument 'catkin_skip_building_tests' from command line to 'False'
[1.487s] DEBUG:colcon.colcon_core.verb:Building package 'lslidar_msgs' with the following arguments: {'ament_cmake_args': None, 'build_base': '/home/cowbot/cowbot_ws/build/lslidar_msgs', 'catkin_cmake_args': None, 'catkin_skip_building_tests': False, 'cmake_args': None, 'cmake_clean_cache': False, 'cmake_clean_first': False, 'cmake_force_configure': False, 'cmake_target': None, 'cmake_target_skip_unavailable': False, 'install_base': '/home/cowbot/cowbot_ws/install/lslidar_msgs', 'merge_install': False, 'path': '/home/cowbot/cowbot_ws/src/Lslidar_ROS2_driver/lslidar_msgs', 'symlink_install': True, 'test_result_base': None}
[1.488s] Level 5:colcon.colcon_core.verb:set package 'serial_motor_msgs' build argument 'cmake_args' from command line to 'None'
[1.488s] Level 5:colcon.colcon_core.verb:set package 'serial_motor_msgs' build argument 'cmake_target' from command line to 'None'
[1.488s] Level 5:colcon.colcon_core.verb:set package 'serial_motor_msgs' build argument 'cmake_target_skip_unavailable' from command line to 'False'
[1.488s] Level 5:colcon.colcon_core.verb:set package 'serial_motor_msgs' build argument 'cmake_clean_cache' from command line to 'False'
[1.488s] Level 5:colcon.colcon_core.verb:set package 'serial_motor_msgs' build argument 'cmake_clean_first' from command line to 'False'
[1.488s] Level 5:colcon.colcon_core.verb:set package 'serial_motor_msgs' build argument 'cmake_force_configure' from command line to 'False'
[1.488s] Level 5:colcon.colcon_core.verb:set package 'serial_motor_msgs' build argument 'ament_cmake_args' from command line to 'None'
[1.488s] Level 5:colcon.colcon_core.verb:set package 'serial_motor_msgs' build argument 'catkin_cmake_args' from command line to 'None'
[1.488s] Level 5:colcon.colcon_core.verb:set package 'serial_motor_msgs' build argument 'catkin_skip_building_tests' from command line to 'False'
[1.489s] DEBUG:colcon.colcon_core.verb:Building package 'serial_motor_msgs' with the following arguments: {'ament_cmake_args': None, 'build_base': '/home/cowbot/cowbot_ws/build/serial_motor_msgs', 'catkin_cmake_args': None, 'catkin_skip_building_tests': False, 'cmake_args': None, 'cmake_clean_cache': False, 'cmake_clean_first': False, 'cmake_force_configure': False, 'cmake_target': None, 'cmake_target_skip_unavailable': False, 'install_base': '/home/cowbot/cowbot_ws/install/serial_motor_msgs', 'merge_install': False, 'path': '/home/cowbot/cowbot_ws/src/serial_motor_msgs', 'symlink_install': True, 'test_result_base': None}
[1.490s] Level 5:colcon.colcon_core.verb:set package 'lslidar_driver' build argument 'cmake_args' from command line to 'None'
[1.490s] Level 5:colcon.colcon_core.verb:set package 'lslidar_driver' build argument 'cmake_target' from command line to 'None'
[1.490s] Level 5:colcon.colcon_core.verb:set package 'lslidar_driver' build argument 'cmake_target_skip_unavailable' from command line to 'False'
[1.490s] Level 5:colcon.colcon_core.verb:set package 'lslidar_driver' build argument 'cmake_clean_cache' from command line to 'False'
[1.490s] Level 5:colcon.colcon_core.verb:set package 'lslidar_driver' build argument 'cmake_clean_first' from command line to 'False'
[1.490s] Level 5:colcon.colcon_core.verb:set package 'lslidar_driver' build argument 'cmake_force_configure' from command line to 'False'
[1.490s] Level 5:colcon.colcon_core.verb:set package 'lslidar_driver' build argument 'ament_cmake_args' from command line to 'None'
[1.490s] Level 5:colcon.colcon_core.verb:set package 'lslidar_driver' build argument 'catkin_cmake_args' from command line to 'None'
[1.491s] Level 5:colcon.colcon_core.verb:set package 'lslidar_driver' build argument 'catkin_skip_building_tests' from command line to 'False'
[1.491s] DEBUG:colcon.colcon_core.verb:Building package 'lslidar_driver' with the following arguments: {'ament_cmake_args': None, 'build_base': '/home/cowbot/cowbot_ws/build/lslidar_driver', 'catkin_cmake_args': None, 'catkin_skip_building_tests': False, 'cmake_args': None, 'cmake_clean_cache': False, 'cmake_clean_first': False, 'cmake_force_configure': False, 'cmake_target': None, 'cmake_target_skip_unavailable': False, 'install_base': '/home/cowbot/cowbot_ws/install/lslidar_driver', 'merge_install': False, 'path': '/home/cowbot/cowbot_ws/src/Lslidar_ROS2_driver/lslidar_driver', 'symlink_install': True, 'test_result_base': None}
[1.492s] Level 5:colcon.colcon_core.verb:set package 'serial_motor' build argument 'cmake_args' from command line to 'None'
[1.492s] Level 5:colcon.colcon_core.verb:set package 'serial_motor' build argument 'cmake_target' from command line to 'None'
[1.492s] Level 5:colcon.colcon_core.verb:set package 'serial_motor' build argument 'cmake_target_skip_unavailable' from command line to 'False'
[1.492s] Level 5:colcon.colcon_core.verb:set package 'serial_motor' build argument 'cmake_clean_cache' from command line to 'False'
[1.492s] Level 5:colcon.colcon_core.verb:set package 'serial_motor' build argument 'cmake_clean_first' from command line to 'False'
[1.492s] Level 5:colcon.colcon_core.verb:set package 'serial_motor' build argument 'cmake_force_configure' from command line to 'False'
[1.492s] Level 5:colcon.colcon_core.verb:set package 'serial_motor' build argument 'ament_cmake_args' from command line to 'None'
[1.492s] Level 5:colcon.colcon_core.verb:set package 'serial_motor' build argument 'catkin_cmake_args' from command line to 'None'
[1.493s] Level 5:colcon.colcon_core.verb:set package 'serial_motor' build argument 'catkin_skip_building_tests' from command line to 'False'
[1.493s] DEBUG:colcon.colcon_core.verb:Building package 'serial_motor' with the following arguments: {'ament_cmake_args': None, 'build_base': '/home/cowbot/cowbot_ws/build/serial_motor', 'catkin_cmake_args': None, 'catkin_skip_building_tests': False, 'cmake_args': None, 'cmake_clean_cache': False, 'cmake_clean_first': False, 'cmake_force_configure': False, 'cmake_target': None, 'cmake_target_skip_unavailable': False, 'install_base': '/home/cowbot/cowbot_ws/install/serial_motor', 'merge_install': False, 'path': '/home/cowbot/cowbot_ws/src/serial_motor', 'symlink_install': True, 'test_result_base': None}
[1.493s] INFO:colcon.colcon_core.executor:Executing jobs using 'parallel' executor
[1.497s] DEBUG:colcon.colcon_parallel_executor.executor.parallel:run_until_complete
[1.498s] INFO:colcon.colcon_ros.task.ament_cmake.build:Building ROS package in '/home/cowbot/cowbot_ws/src/Lslidar_ROS2_driver/lslidar_msgs' with build type 'ament_cmake'
[1.498s] INFO:colcon.colcon_cmake.task.cmake.build:Building CMake package in '/home/cowbot/cowbot_ws/src/Lslidar_ROS2_driver/lslidar_msgs'
[1.516s] INFO:colcon.colcon_core.plugin_system:Skipping extension 'colcon_core.shell.bat': Not used on non-Windows systems
[1.517s] INFO:colcon.colcon_core.shell:Skip shell extension 'powershell' for command environment: Not usable outside of PowerShell
[1.518s] DEBUG:colcon.colcon_core.shell:Skip shell extension 'dsv' for command environment
[1.540s] INFO:colcon.colcon_ros.task.ament_cmake.build:Building ROS package in '/home/cowbot/cowbot_ws/src/serial_motor_msgs' with build type 'ament_cmake'
[1.540s] INFO:colcon.colcon_cmake.task.cmake.build:Building CMake package in '/home/cowbot/cowbot_ws/src/serial_motor_msgs'
[1.541s] INFO:colcon.colcon_core.shell:Skip shell extension 'powershell' for command environment: Not usable outside of PowerShell
[1.541s] DEBUG:colcon.colcon_core.shell:Skip shell extension 'dsv' for command environment
[1.562s] INFO:colcon.colcon_ros.task.ament_cmake.build:Building ROS package in '/home/cowbot/cowbot_ws/src/cowbot_bringup' with build type 'ament_cmake'
[1.563s] INFO:colcon.colcon_cmake.task.cmake.build:Building CMake package in '/home/cowbot/cowbot_ws/src/cowbot_bringup'
[1.564s] INFO:colcon.colcon_core.shell:Skip shell extension 'powershell' for command environment: Not usable outside of PowerShell
[1.564s] DEBUG:colcon.colcon_core.shell:Skip shell extension 'dsv' for command environment
[1.584s] INFO:colcon.colcon_ros.task.ament_cmake.build:Building ROS package in '/home/cowbot/cowbot_ws/src/cowbot_description' with build type 'ament_cmake'
[1.585s] INFO:colcon.colcon_cmake.task.cmake.build:Building CMake package in '/home/cowbot/cowbot_ws/src/cowbot_description'
[1.586s] INFO:colcon.colcon_core.shell:Skip shell extension 'powershell' for command environment: Not usable outside of PowerShell
[1.587s] DEBUG:colcon.colcon_core.shell:Skip shell extension 'dsv' for command environment
[1.624s] DEBUG:colcon.colcon_core.event_handler.log_command:Invoking command in '/home/cowbot/cowbot_ws/build/lslidar_msgs': CMAKE_PREFIX_PATH=${CMAKE_PREFIX_PATH}:/home/cowbot/cowbot_ws/install/serial_motor:/opt/ros/jazzy /usr/bin/cmake --build /home/cowbot/cowbot_ws/build/lslidar_msgs -- -j4 -l4
[1.651s] DEBUG:colcon.colcon_core.event_handler.log_command:Invoking command in '/home/cowbot/cowbot_ws/build/serial_motor_msgs': CMAKE_PREFIX_PATH=${CMAKE_PREFIX_PATH}:/home/cowbot/cowbot_ws/install/serial_motor:/opt/ros/jazzy /usr/bin/cmake --build /home/cowbot/cowbot_ws/build/serial_motor_msgs -- -j4 -l4
[1.669s] DEBUG:colcon.colcon_core.event_handler.log_command:Invoking command in '/home/cowbot/cowbot_ws/build/cowbot_bringup': CMAKE_PREFIX_PATH=${CMAKE_PREFIX_PATH}:/home/cowbot/cowbot_ws/install/serial_motor:/opt/ros/jazzy /usr/bin/cmake --build /home/cowbot/cowbot_ws/build/cowbot_bringup -- -j4 -l4
[1.703s] DEBUG:colcon.colcon_core.event_handler.log_command:Invoking command in '/home/cowbot/cowbot_ws/build/cowbot_description': CMAKE_PREFIX_PATH=${CMAKE_PREFIX_PATH}:/home/cowbot/cowbot_ws/install/serial_motor:/opt/ros/jazzy /usr/bin/cmake --build /home/cowbot/cowbot_ws/build/cowbot_description -- -j4 -l4
[2.134s] DEBUG:colcon.colcon_core.event_handler.log_command:Invoked command in '/home/cowbot/cowbot_ws/build/cowbot_bringup' returned '0': CMAKE_PREFIX_PATH=${CMAKE_PREFIX_PATH}:/home/cowbot/cowbot_ws/install/serial_motor:/opt/ros/jazzy /usr/bin/cmake --build /home/cowbot/cowbot_ws/build/cowbot_bringup -- -j4 -l4
[2.205s] DEBUG:colcon.colcon_core.event_handler.log_command:Invoking command in '/home/cowbot/cowbot_ws/build/cowbot_bringup': CMAKE_PREFIX_PATH=${CMAKE_PREFIX_PATH}:/home/cowbot/cowbot_ws/install/serial_motor:/opt/ros/jazzy /usr/bin/cmake --install /home/cowbot/cowbot_ws/build/cowbot_bringup
[2.223s] DEBUG:colcon.colcon_core.event_handler.log_command:Invoked command in '/home/cowbot/cowbot_ws/build/cowbot_description' returned '0': CMAKE_PREFIX_PATH=${CMAKE_PREFIX_PATH}:/home/cowbot/cowbot_ws/install/serial_motor:/opt/ros/jazzy /usr/bin/cmake --build /home/cowbot/cowbot_ws/build/cowbot_description -- -j4 -l4
[2.237s] DEBUG:colcon.colcon_core.event_handler.log_command:Invoking command in '/home/cowbot/cowbot_ws/build/cowbot_description': CMAKE_PREFIX_PATH=${CMAKE_PREFIX_PATH}:/home/cowbot/cowbot_ws/install/serial_motor:/opt/ros/jazzy /usr/bin/cmake --install /home/cowbot/cowbot_ws/build/cowbot_description
[2.488s] Level 1:colcon.colcon_core.environment:create_environment_scripts_only(cowbot_bringup)
[2.494s] DEBUG:colcon.colcon_core.event_handler.log_command:Invoked command in '/home/cowbot/cowbot_ws/build/cowbot_bringup' returned '0': CMAKE_PREFIX_PATH=${CMAKE_PREFIX_PATH}:/home/cowbot/cowbot_ws/install/serial_motor:/opt/ros/jazzy /usr/bin/cmake --install /home/cowbot/cowbot_ws/build/cowbot_bringup
[2.556s] Level 1:colcon.colcon_core.environment:checking '/home/cowbot/cowbot_ws/install/cowbot_bringup' for CMake module files
[2.573s] Level 1:colcon.colcon_core.environment:checking '/home/cowbot/cowbot_ws/install/cowbot_bringup' for CMake config files
[2.585s] Level 1:colcon.colcon_core.shell:create_environment_hook('cowbot_bringup', 'cmake_prefix_path')
[2.593s] INFO:colcon.colcon_core.shell:Creating environment hook '/home/cowbot/cowbot_ws/install/cowbot_bringup/share/cowbot_bringup/hook/cmake_prefix_path.ps1'
[2.612s] INFO:colcon.colcon_core.shell:Creating environment descriptor '/home/cowbot/cowbot_ws/install/cowbot_bringup/share/cowbot_bringup/hook/cmake_prefix_path.dsv'
[2.623s] INFO:colcon.colcon_core.shell:Creating environment hook '/home/cowbot/cowbot_ws/install/cowbot_bringup/share/cowbot_bringup/hook/cmake_prefix_path.sh'
[2.630s] Level 1:colcon.colcon_core.environment:checking '/home/cowbot/cowbot_ws/install/cowbot_bringup/bin'
[2.630s] Level 1:colcon.colcon_core.environment:checking '/home/cowbot/cowbot_ws/install/cowbot_bringup/lib/pkgconfig/cowbot_bringup.pc'
[2.633s] Level 1:colcon.colcon_core.environment:checking '/home/cowbot/cowbot_ws/install/cowbot_bringup/lib/python3.12/site-packages'
[2.637s] Level 1:colcon.colcon_core.environment:checking '/home/cowbot/cowbot_ws/install/cowbot_bringup/bin'
[2.639s] INFO:colcon.colcon_core.shell:Creating package script '/home/cowbot/cowbot_ws/install/cowbot_bringup/share/cowbot_bringup/package.ps1'
[2.647s] INFO:colcon.colcon_core.shell:Creating package descriptor '/home/cowbot/cowbot_ws/install/cowbot_bringup/share/cowbot_bringup/package.dsv'
[2.653s] INFO:colcon.colcon_core.shell:Creating package script '/home/cowbot/cowbot_ws/install/cowbot_bringup/share/cowbot_bringup/package.sh'
[2.657s] INFO:colcon.colcon_core.shell:Creating package script '/home/cowbot/cowbot_ws/install/cowbot_bringup/share/cowbot_bringup/package.bash'
[2.665s] INFO:colcon.colcon_core.shell:Creating package script '/home/cowbot/cowbot_ws/install/cowbot_bringup/share/cowbot_bringup/package.zsh'
[2.673s] Level 1:colcon.colcon_core.environment:create_file_with_runtime_dependencies(/home/cowbot/cowbot_ws/install/cowbot_bringup/share/colcon-core/packages/cowbot_bringup)
[2.678s] Level 1:colcon.colcon_core.environment:create_environment_scripts_only(cowbot_bringup)
[2.681s] Level 1:colcon.colcon_core.environment:checking '/home/cowbot/cowbot_ws/install/cowbot_bringup' for CMake module files
[2.700s] Level 1:colcon.colcon_core.environment:checking '/home/cowbot/cowbot_ws/install/cowbot_bringup' for CMake config files
[2.704s] Level 1:colcon.colcon_core.shell:create_environment_hook('cowbot_bringup', 'cmake_prefix_path')
[2.705s] INFO:colcon.colcon_core.shell:Creating environment hook '/home/cowbot/cowbot_ws/install/cowbot_bringup/share/cowbot_bringup/hook/cmake_prefix_path.ps1'
[2.709s] INFO:colcon.colcon_core.shell:Creating environment descriptor '/home/cowbot/cowbot_ws/install/cowbot_bringup/share/cowbot_bringup/hook/cmake_prefix_path.dsv'
[2.715s] INFO:colcon.colcon_core.shell:Creating environment hook '/home/cowbot/cowbot_ws/install/cowbot_bringup/share/cowbot_bringup/hook/cmake_prefix_path.sh'
[2.722s] Level 1:colcon.colcon_core.environment:checking '/home/cowbot/cowbot_ws/install/cowbot_bringup/bin'
[2.722s] Level 1:colcon.colcon_core.environment:checking '/home/cowbot/cowbot_ws/install/cowbot_bringup/lib/pkgconfig/cowbot_bringup.pc'
[2.724s] Level 1:colcon.colcon_core.environment:checking '/home/cowbot/cowbot_ws/install/cowbot_bringup/lib/python3.12/site-packages'
[2.726s] Level 1:colcon.colcon_core.environment:checking '/home/cowbot/cowbot_ws/install/cowbot_bringup/bin'
[2.728s] INFO:colcon.colcon_core.shell:Creating package script '/home/cowbot/cowbot_ws/install/cowbot_bringup/share/cowbot_bringup/package.ps1'
[2.731s] INFO:colcon.colcon_core.shell:Creating package descriptor '/home/cowbot/cowbot_ws/install/cowbot_bringup/share/cowbot_bringup/package.dsv'
[2.734s] INFO:colcon.colcon_core.shell:Creating package script '/home/cowbot/cowbot_ws/install/cowbot_bringup/share/cowbot_bringup/package.sh'
[2.737s] INFO:colcon.colcon_core.shell:Creating package script '/home/cowbot/cowbot_ws/install/cowbot_bringup/share/cowbot_bringup/package.bash'
[2.740s] INFO:colcon.colcon_core.shell:Creating package script '/home/cowbot/cowbot_ws/install/cowbot_bringup/share/cowbot_bringup/package.zsh'
[2.743s] Level 1:colcon.colcon_core.environment:create_file_with_runtime_dependencies(/home/cowbot/cowbot_ws/install/cowbot_bringup/share/colcon-core/packages/cowbot_bringup)
[2.748s] INFO:colcon.colcon_ros.task.ament_cmake.build:Building ROS package in '/home/cowbot/cowbot_ws/src/cowbot_gazebo' with build type 'ament_cmake'
[2.748s] INFO:colcon.colcon_cmake.task.cmake.build:Building CMake package in '/home/cowbot/cowbot_ws/src/cowbot_gazebo'
[2.752s] INFO:colcon.colcon_core.shell:Skip shell extension 'powershell' for command environment: Not usable outside of PowerShell
[2.755s] DEBUG:colcon.colcon_core.shell:Skip shell extension 'dsv' for command environment
[2.813s] Level 1:colcon.colcon_core.environment:create_environment_scripts_only(cowbot_description)
[2.820s] Level 1:colcon.colcon_core.environment:checking '/home/cowbot/cowbot_ws/install/cowbot_description' for CMake module files
[2.824s] DEBUG:colcon.colcon_core.event_handler.log_command:Invoked command in '/home/cowbot/cowbot_ws/build/cowbot_description' returned '0': CMAKE_PREFIX_PATH=${CMAKE_PREFIX_PATH}:/home/cowbot/cowbot_ws/install/serial_motor:/opt/ros/jazzy /usr/bin/cmake --install /home/cowbot/cowbot_ws/build/cowbot_description
[2.832s] Level 1:colcon.colcon_core.environment:checking '/home/cowbot/cowbot_ws/install/cowbot_description' for CMake config files
[2.846s] Level 1:colcon.colcon_core.shell:create_environment_hook('cowbot_description', 'cmake_prefix_path')
[2.847s] INFO:colcon.colcon_core.shell:Creating environment hook '/home/cowbot/cowbot_ws/install/cowbot_description/share/cowbot_description/hook/cmake_prefix_path.ps1'
[2.855s] INFO:colcon.colcon_core.shell:Creating environment descriptor '/home/cowbot/cowbot_ws/install/cowbot_description/share/cowbot_description/hook/cmake_prefix_path.dsv'
[2.861s] INFO:colcon.colcon_core.shell:Creating environment hook '/home/cowbot/cowbot_ws/install/cowbot_description/share/cowbot_description/hook/cmake_prefix_path.sh'
[2.872s] Level 1:colcon.colcon_core.environment:checking '/home/cowbot/cowbot_ws/install/cowbot_description/bin'
[2.872s] Level 1:colcon.colcon_core.environment:checking '/home/cowbot/cowbot_ws/install/cowbot_description/lib/pkgconfig/cowbot_description.pc'
[2.873s] Level 1:colcon.colcon_core.environment:checking '/home/cowbot/cowbot_ws/install/cowbot_description/lib/python3.12/site-packages'
[2.879s] Level 1:colcon.colcon_core.environment:checking '/home/cowbot/cowbot_ws/install/cowbot_description/bin'
[2.883s] INFO:colcon.colcon_core.shell:Creating package script '/home/cowbot/cowbot_ws/install/cowbot_description/share/cowbot_description/package.ps1'
[2.889s] INFO:colcon.colcon_core.shell:Creating package descriptor '/home/cowbot/cowbot_ws/install/cowbot_description/share/cowbot_description/package.dsv'
[2.892s] INFO:colcon.colcon_core.shell:Creating package script '/home/cowbot/cowbot_ws/install/cowbot_description/share/cowbot_description/package.sh'
[2.895s] INFO:colcon.colcon_core.shell:Creating package script '/home/cowbot/cowbot_ws/install/cowbot_description/share/cowbot_description/package.bash'
[2.897s] INFO:colcon.colcon_core.shell:Creating package script '/home/cowbot/cowbot_ws/install/cowbot_description/share/cowbot_description/package.zsh'
[2.899s] Level 1:colcon.colcon_core.environment:create_file_with_runtime_dependencies(/home/cowbot/cowbot_ws/install/cowbot_description/share/colcon-core/packages/cowbot_description)
[2.902s] Level 1:colcon.colcon_core.environment:create_environment_scripts_only(cowbot_description)
[2.906s] Level 1:colcon.colcon_core.environment:checking '/home/cowbot/cowbot_ws/install/cowbot_description' for CMake module files
[2.911s] Level 1:colcon.colcon_core.environment:checking '/home/cowbot/cowbot_ws/install/cowbot_description' for CMake config files
[2.917s] Level 1:colcon.colcon_core.shell:create_environment_hook('cowbot_description', 'cmake_prefix_path')
[2.918s] INFO:colcon.colcon_core.shell:Creating environment hook '/home/cowbot/cowbot_ws/install/cowbot_description/share/cowbot_description/hook/cmake_prefix_path.ps1'
[2.924s] INFO:colcon.colcon_core.shell:Creating environment descriptor '/home/cowbot/cowbot_ws/install/cowbot_description/share/cowbot_description/hook/cmake_prefix_path.dsv'
[2.934s] INFO:colcon.colcon_core.shell:Creating environment hook '/home/cowbot/cowbot_ws/install/cowbot_description/share/cowbot_description/hook/cmake_prefix_path.sh'
[2.946s] Level 1:colcon.colcon_core.environment:checking '/home/cowbot/cowbot_ws/install/cowbot_description/bin'
[2.947s] Level 1:colcon.colcon_core.environment:checking '/home/cowbot/cowbot_ws/install/cowbot_description/lib/pkgconfig/cowbot_description.pc'
[2.948s] Level 1:colcon.colcon_core.environment:checking '/home/cowbot/cowbot_ws/install/cowbot_description/lib/python3.12/site-packages'
[2.950s] Level 1:colcon.colcon_core.environment:checking '/home/cowbot/cowbot_ws/install/cowbot_description/bin'
[2.954s] INFO:colcon.colcon_core.shell:Creating package script '/home/cowbot/cowbot_ws/install/cowbot_description/share/cowbot_description/package.ps1'
[2.963s] INFO:colcon.colcon_core.shell:Creating package descriptor '/home/cowbot/cowbot_ws/install/cowbot_description/share/cowbot_description/package.dsv'
[2.967s] INFO:colcon.colcon_core.shell:Creating package script '/home/cowbot/cowbot_ws/install/cowbot_description/share/cowbot_description/package.sh'
[2.974s] INFO:colcon.colcon_core.shell:Creating package script '/home/cowbot/cowbot_ws/install/cowbot_description/share/cowbot_description/package.bash'
[2.981s] INFO:colcon.colcon_core.shell:Creating package script '/home/cowbot/cowbot_ws/install/cowbot_description/share/cowbot_description/package.zsh'
[2.985s] Level 1:colcon.colcon_core.environment:create_file_with_runtime_dependencies(/home/cowbot/cowbot_ws/install/cowbot_description/share/colcon-core/packages/cowbot_description)
[3.033s] DEBUG:colcon.colcon_core.event_handler.log_command:Invoking command in '/home/cowbot/cowbot_ws/build/cowbot_gazebo': CMAKE_PREFIX_PATH=${CMAKE_PREFIX_PATH}:/home/cowbot/cowbot_ws/install/serial_motor:/opt/ros/jazzy /usr/bin/cmake --build /home/cowbot/cowbot_ws/build/cowbot_gazebo -- -j4 -l4
[3.559s] DEBUG:colcon.colcon_core.event_handler.log_command:Invoked command in '/home/cowbot/cowbot_ws/build/cowbot_gazebo' returned '0': CMAKE_PREFIX_PATH=${CMAKE_PREFIX_PATH}:/home/cowbot/cowbot_ws/install/serial_motor:/opt/ros/jazzy /usr/bin/cmake --build /home/cowbot/cowbot_ws/build/cowbot_gazebo -- -j4 -l4
[3.577s] DEBUG:colcon.colcon_core.event_handler.log_command:Invoking command in '/home/cowbot/cowbot_ws/build/cowbot_gazebo': CMAKE_PREFIX_PATH=${CMAKE_PREFIX_PATH}:/home/cowbot/cowbot_ws/install/serial_motor:/opt/ros/jazzy /usr/bin/cmake --install /home/cowbot/cowbot_ws/build/cowbot_gazebo
[3.808s] Level 1:colcon.colcon_core.environment:create_environment_scripts_only(cowbot_gazebo)
[3.809s] Level 1:colcon.colcon_core.environment:checking '/home/cowbot/cowbot_ws/install/cowbot_gazebo' for CMake module files
[3.810s] DEBUG:colcon.colcon_core.event_handler.log_command:Invoked command in '/home/cowbot/cowbot_ws/build/cowbot_gazebo' returned '0': CMAKE_PREFIX_PATH=${CMAKE_PREFIX_PATH}:/home/cowbot/cowbot_ws/install/serial_motor:/opt/ros/jazzy /usr/bin/cmake --install /home/cowbot/cowbot_ws/build/cowbot_gazebo
[3.817s] Level 1:colcon.colcon_core.environment:checking '/home/cowbot/cowbot_ws/install/cowbot_gazebo' for CMake config files
[3.822s] Level 1:colcon.colcon_core.shell:create_environment_hook('cowbot_gazebo', 'cmake_prefix_path')
[3.823s] INFO:colcon.colcon_core.shell:Creating environment hook '/home/cowbot/cowbot_ws/install/cowbot_gazebo/share/cowbot_gazebo/hook/cmake_prefix_path.ps1'
[3.830s] INFO:colcon.colcon_core.shell:Creating environment descriptor '/home/cowbot/cowbot_ws/install/cowbot_gazebo/share/cowbot_gazebo/hook/cmake_prefix_path.dsv'
[3.834s] INFO:colcon.colcon_core.shell:Creating environment hook '/home/cowbot/cowbot_ws/install/cowbot_gazebo/share/cowbot_gazebo/hook/cmake_prefix_path.sh'
[3.838s] Level 1:colcon.colcon_core.environment:checking '/home/cowbot/cowbot_ws/install/cowbot_gazebo/bin'
[3.838s] Level 1:colcon.colcon_core.environment:checking '/home/cowbot/cowbot_ws/install/cowbot_gazebo/lib/pkgconfig/cowbot_gazebo.pc'
[3.840s] Level 1:colcon.colcon_core.environment:checking '/home/cowbot/cowbot_ws/install/cowbot_gazebo/lib/python3.12/site-packages'
[3.841s] Level 1:colcon.colcon_core.environment:checking '/home/cowbot/cowbot_ws/install/cowbot_gazebo/bin'
[3.843s] INFO:colcon.colcon_core.shell:Creating package script '/home/cowbot/cowbot_ws/install/cowbot_gazebo/share/cowbot_gazebo/package.ps1'
[3.845s] INFO:colcon.colcon_core.shell:Creating package descriptor '/home/cowbot/cowbot_ws/install/cowbot_gazebo/share/cowbot_gazebo/package.dsv'
[3.849s] INFO:colcon.colcon_core.shell:Creating package script '/home/cowbot/cowbot_ws/install/cowbot_gazebo/share/cowbot_gazebo/package.sh'
[3.851s] INFO:colcon.colcon_core.shell:Creating package script '/home/cowbot/cowbot_ws/install/cowbot_gazebo/share/cowbot_gazebo/package.bash'
[3.854s] INFO:colcon.colcon_core.shell:Creating package script '/home/cowbot/cowbot_ws/install/cowbot_gazebo/share/cowbot_gazebo/package.zsh'
[3.857s] Level 1:colcon.colcon_core.environment:create_file_with_runtime_dependencies(/home/cowbot/cowbot_ws/install/cowbot_gazebo/share/colcon-core/packages/cowbot_gazebo)
[3.859s] Level 1:colcon.colcon_core.environment:create_environment_scripts_only(cowbot_gazebo)
[3.865s] Level 1:colcon.colcon_core.environment:checking '/home/cowbot/cowbot_ws/install/cowbot_gazebo' for CMake module files
[3.869s] Level 1:colcon.colcon_core.environment:checking '/home/cowbot/cowbot_ws/install/cowbot_gazebo' for CMake config files
[3.872s] Level 1:colcon.colcon_core.shell:create_environment_hook('cowbot_gazebo', 'cmake_prefix_path')
[3.873s] INFO:colcon.colcon_core.shell:Creating environment hook '/home/cowbot/cowbot_ws/install/cowbot_gazebo/share/cowbot_gazebo/hook/cmake_prefix_path.ps1'
[3.876s] INFO:colcon.colcon_core.shell:Creating environment descriptor '/home/cowbot/cowbot_ws/install/cowbot_gazebo/share/cowbot_gazebo/hook/cmake_prefix_path.dsv'
[3.878s] INFO:colcon.colcon_core.shell:Creating environment hook '/home/cowbot/cowbot_ws/install/cowbot_gazebo/share/cowbot_gazebo/hook/cmake_prefix_path.sh'
[3.882s] Level 1:colcon.colcon_core.environment:checking '/home/cowbot/cowbot_ws/install/cowbot_gazebo/bin'
[3.883s] Level 1:colcon.colcon_core.environment:checking '/home/cowbot/cowbot_ws/install/cowbot_gazebo/lib/pkgconfig/cowbot_gazebo.pc'
[3.884s] Level 1:colcon.colcon_core.environment:checking '/home/cowbot/cowbot_ws/install/cowbot_gazebo/lib/python3.12/site-packages'
[3.886s] Level 1:colcon.colcon_core.environment:checking '/home/cowbot/cowbot_ws/install/cowbot_gazebo/bin'
[3.887s] INFO:colcon.colcon_core.shell:Creating package script '/home/cowbot/cowbot_ws/install/cowbot_gazebo/share/cowbot_gazebo/package.ps1'
[3.889s] INFO:colcon.colcon_core.shell:Creating package descriptor '/home/cowbot/cowbot_ws/install/cowbot_gazebo/share/cowbot_gazebo/package.dsv'
[3.893s] INFO:colcon.colcon_core.shell:Creating package script '/home/cowbot/cowbot_ws/install/cowbot_gazebo/share/cowbot_gazebo/package.sh'
[3.896s] INFO:colcon.colcon_core.shell:Creating package script '/home/cowbot/cowbot_ws/install/cowbot_gazebo/share/cowbot_gazebo/package.bash'
[3.898s] INFO:colcon.colcon_core.shell:Creating package script '/home/cowbot/cowbot_ws/install/cowbot_gazebo/share/cowbot_gazebo/package.zsh'
[3.901s] Level 1:colcon.colcon_core.environment:create_file_with_runtime_dependencies(/home/cowbot/cowbot_ws/install/cowbot_gazebo/share/colcon-core/packages/cowbot_gazebo)
[5.166s] DEBUG:colcon.colcon_core.event_handler.log_command:Invoked command in '/home/cowbot/cowbot_ws/build/lslidar_msgs' returned '0': CMAKE_PREFIX_PATH=${CMAKE_PREFIX_PATH}:/home/cowbot/cowbot_ws/install/serial_motor:/opt/ros/jazzy /usr/bin/cmake --build /home/cowbot/cowbot_ws/build/lslidar_msgs -- -j4 -l4
[5.175s] DEBUG:colcon.colcon_core.event_handler.log_command:Invoking command in '/home/cowbot/cowbot_ws/build/lslidar_msgs': CMAKE_PREFIX_PATH=${CMAKE_PREFIX_PATH}:/home/cowbot/cowbot_ws/install/serial_motor:/opt/ros/jazzy /usr/bin/cmake --install /home/cowbot/cowbot_ws/build/lslidar_msgs
[5.194s] DEBUG:colcon.colcon_core.event_handler.log_command:Invoked command in '/home/cowbot/cowbot_ws/build/serial_motor_msgs' returned '0': CMAKE_PREFIX_PATH=${CMAKE_PREFIX_PATH}:/home/cowbot/cowbot_ws/install/serial_motor:/opt/ros/jazzy /usr/bin/cmake --build /home/cowbot/cowbot_ws/build/serial_motor_msgs -- -j4 -l4
[5.204s] DEBUG:colcon.colcon_core.event_handler.log_command:Invoking command in '/home/cowbot/cowbot_ws/build/serial_motor_msgs': CMAKE_PREFIX_PATH=${CMAKE_PREFIX_PATH}:/home/cowbot/cowbot_ws/install/serial_motor:/opt/ros/jazzy /usr/bin/cmake --install /home/cowbot/cowbot_ws/build/serial_motor_msgs
[5.813s] Level 1:colcon.colcon_core.environment:create_environment_scripts_only(serial_motor_msgs)
[5.814s] Level 1:colcon.colcon_core.environment:checking '/home/cowbot/cowbot_ws/install/serial_motor_msgs' for CMake module files
[5.817s] DEBUG:colcon.colcon_core.event_handler.log_command:Invoked command in '/home/cowbot/cowbot_ws/build/serial_motor_msgs' returned '0': CMAKE_PREFIX_PATH=${CMAKE_PREFIX_PATH}:/home/cowbot/cowbot_ws/install/serial_motor:/opt/ros/jazzy /usr/bin/cmake --install /home/cowbot/cowbot_ws/build/serial_motor_msgs
[5.828s] Level 1:colcon.colcon_core.environment:checking '/home/cowbot/cowbot_ws/install/serial_motor_msgs' for CMake config files
[5.836s] Level 1:colcon.colcon_core.shell:create_environment_hook('serial_motor_msgs', 'cmake_prefix_path')
[5.837s] INFO:colcon.colcon_core.shell:Creating environment hook '/home/cowbot/cowbot_ws/install/serial_motor_msgs/share/serial_motor_msgs/hook/cmake_prefix_path.ps1'
[5.840s] INFO:colcon.colcon_core.shell:Creating environment descriptor '/home/cowbot/cowbot_ws/install/serial_motor_msgs/share/serial_motor_msgs/hook/cmake_prefix_path.dsv'
[5.843s] INFO:colcon.colcon_core.shell:Creating environment hook '/home/cowbot/cowbot_ws/install/serial_motor_msgs/share/serial_motor_msgs/hook/cmake_prefix_path.sh'
[5.847s] Level 1:colcon.colcon_core.environment:checking '/home/cowbot/cowbot_ws/install/serial_motor_msgs/lib'
[5.848s] Level 1:colcon.colcon_core.shell:create_environment_hook('serial_motor_msgs', 'ld_library_path_lib')
[5.848s] INFO:colcon.colcon_core.shell:Creating environment hook '/home/cowbot/cowbot_ws/install/serial_motor_msgs/share/serial_motor_msgs/hook/ld_library_path_lib.ps1'
[5.851s] INFO:colcon.colcon_core.shell:Creating environment descriptor '/home/cowbot/cowbot_ws/install/serial_motor_msgs/share/serial_motor_msgs/hook/ld_library_path_lib.dsv'
[5.853s] INFO:colcon.colcon_core.shell:Creating environment hook '/home/cowbot/cowbot_ws/install/serial_motor_msgs/share/serial_motor_msgs/hook/ld_library_path_lib.sh'
[5.855s] Level 1:colcon.colcon_core.environment:checking '/home/cowbot/cowbot_ws/install/serial_motor_msgs/bin'
[5.857s] Level 1:colcon.colcon_core.environment:checking '/home/cowbot/cowbot_ws/install/serial_motor_msgs/lib/pkgconfig/serial_motor_msgs.pc'
[5.858s] Level 1:colcon.colcon_core.environment:checking '/home/cowbot/cowbot_ws/install/serial_motor_msgs/lib/python3.12/site-packages'
[5.859s] Level 1:colcon.colcon_core.shell:create_environment_hook('serial_motor_msgs', 'pythonpath')
[5.860s] INFO:colcon.colcon_core.shell:Creating environment hook '/home/cowbot/cowbot_ws/install/serial_motor_msgs/share/serial_motor_msgs/hook/pythonpath.ps1'
[5.864s] INFO:colcon.colcon_core.shell:Creating environment descriptor '/home/cowbot/cowbot_ws/install/serial_motor_msgs/share/serial_motor_msgs/hook/pythonpath.dsv'
[5.868s] INFO:colcon.colcon_core.shell:Creating environment hook '/home/cowbot/cowbot_ws/install/serial_motor_msgs/share/serial_motor_msgs/hook/pythonpath.sh'
[5.874s] Level 1:colcon.colcon_core.environment:checking '/home/cowbot/cowbot_ws/install/serial_motor_msgs/bin'
[5.876s] INFO:colcon.colcon_core.shell:Creating package script '/home/cowbot/cowbot_ws/install/serial_motor_msgs/share/serial_motor_msgs/package.ps1'
[5.880s] INFO:colcon.colcon_core.shell:Creating package descriptor '/home/cowbot/cowbot_ws/install/serial_motor_msgs/share/serial_motor_msgs/package.dsv'
[5.884s] INFO:colcon.colcon_core.shell:Creating package script '/home/cowbot/cowbot_ws/install/serial_motor_msgs/share/serial_motor_msgs/package.sh'
[5.888s] INFO:colcon.colcon_core.shell:Creating package script '/home/cowbot/cowbot_ws/install/serial_motor_msgs/share/serial_motor_msgs/package.bash'
[5.891s] INFO:colcon.colcon_core.shell:Creating package script '/home/cowbot/cowbot_ws/install/serial_motor_msgs/share/serial_motor_msgs/package.zsh'
[5.893s] Level 1:colcon.colcon_core.environment:create_file_with_runtime_dependencies(/home/cowbot/cowbot_ws/install/serial_motor_msgs/share/colcon-core/packages/serial_motor_msgs)
[5.897s] Level 1:colcon.colcon_core.environment:create_environment_scripts_only(serial_motor_msgs)
[5.897s] Level 1:colcon.colcon_core.environment:checking '/home/cowbot/cowbot_ws/install/serial_motor_msgs' for CMake module files
[5.903s] Level 1:colcon.colcon_core.environment:checking '/home/cowbot/cowbot_ws/install/serial_motor_msgs' for CMake config files
[5.909s] Level 1:colcon.colcon_core.shell:create_environment_hook('serial_motor_msgs', 'cmake_prefix_path')
[5.910s] INFO:colcon.colcon_core.shell:Creating environment hook '/home/cowbot/cowbot_ws/install/serial_motor_msgs/share/serial_motor_msgs/hook/cmake_prefix_path.ps1'
[5.912s] INFO:colcon.colcon_core.shell:Creating environment descriptor '/home/cowbot/cowbot_ws/install/serial_motor_msgs/share/serial_motor_msgs/hook/cmake_prefix_path.dsv'
[5.913s] INFO:colcon.colcon_core.shell:Creating environment hook '/home/cowbot/cowbot_ws/install/serial_motor_msgs/share/serial_motor_msgs/hook/cmake_prefix_path.sh'
[5.916s] Level 1:colcon.colcon_core.environment:checking '/home/cowbot/cowbot_ws/install/serial_motor_msgs/lib'
[5.916s] Level 1:colcon.colcon_core.shell:create_environment_hook('serial_motor_msgs', 'ld_library_path_lib')
[5.917s] INFO:colcon.colcon_core.shell:Creating environment hook '/home/cowbot/cowbot_ws/install/serial_motor_msgs/share/serial_motor_msgs/hook/ld_library_path_lib.ps1'
[5.918s] INFO:colcon.colcon_core.shell:Creating environment descriptor '/home/cowbot/cowbot_ws/install/serial_motor_msgs/share/serial_motor_msgs/hook/ld_library_path_lib.dsv'
[5.920s] INFO:colcon.colcon_core.shell:Creating environment hook '/home/cowbot/cowbot_ws/install/serial_motor_msgs/share/serial_motor_msgs/hook/ld_library_path_lib.sh'
[5.922s] Level 1:colcon.colcon_core.environment:checking '/home/cowbot/cowbot_ws/install/serial_motor_msgs/bin'
[5.922s] Level 1:colcon.colcon_core.environment:checking '/home/cowbot/cowbot_ws/install/serial_motor_msgs/lib/pkgconfig/serial_motor_msgs.pc'
[5.923s] Level 1:colcon.colcon_core.environment:checking '/home/cowbot/cowbot_ws/install/serial_motor_msgs/lib/python3.12/site-packages'
[5.923s] Level 1:colcon.colcon_core.shell:create_environment_hook('serial_motor_msgs', 'pythonpath')
[5.924s] INFO:colcon.colcon_core.shell:Creating environment hook '/home/cowbot/cowbot_ws/install/serial_motor_msgs/share/serial_motor_msgs/hook/pythonpath.ps1'
[5.926s] INFO:colcon.colcon_core.shell:Creating environment descriptor '/home/cowbot/cowbot_ws/install/serial_motor_msgs/share/serial_motor_msgs/hook/pythonpath.dsv'
[5.927s] INFO:colcon.colcon_core.shell:Creating environment hook '/home/cowbot/cowbot_ws/install/serial_motor_msgs/share/serial_motor_msgs/hook/pythonpath.sh'
[5.931s] Level 1:colcon.colcon_core.environment:checking '/home/cowbot/cowbot_ws/install/serial_motor_msgs/bin'
[5.932s] INFO:colcon.colcon_core.shell:Creating package script '/home/cowbot/cowbot_ws/install/serial_motor_msgs/share/serial_motor_msgs/package.ps1'
[5.935s] INFO:colcon.colcon_core.shell:Creating package descriptor '/home/cowbot/cowbot_ws/install/serial_motor_msgs/share/serial_motor_msgs/package.dsv'
[5.937s] INFO:colcon.colcon_core.shell:Creating package script '/home/cowbot/cowbot_ws/install/serial_motor_msgs/share/serial_motor_msgs/package.sh'
[5.939s] INFO:colcon.colcon_core.shell:Creating package script '/home/cowbot/cowbot_ws/install/serial_motor_msgs/share/serial_motor_msgs/package.bash'
[5.941s] INFO:colcon.colcon_core.shell:Creating package script '/home/cowbot/cowbot_ws/install/serial_motor_msgs/share/serial_motor_msgs/package.zsh'
[5.943s] Level 1:colcon.colcon_core.environment:create_file_with_runtime_dependencies(/home/cowbot/cowbot_ws/install/serial_motor_msgs/share/colcon-core/packages/serial_motor_msgs)
[5.946s] INFO:colcon.colcon_ros.task.ament_python.build:Building ROS package in '/home/cowbot/cowbot_ws/src/serial_motor' with build type 'ament_python'
[5.946s] Level 1:colcon.colcon_core.shell:create_environment_hook('serial_motor', 'ament_prefix_path')
[5.947s] INFO:colcon.colcon_core.shell:Creating environment hook '/home/cowbot/cowbot_ws/install/serial_motor/share/serial_motor/hook/ament_prefix_path.ps1'
[5.949s] INFO:colcon.colcon_core.shell:Creating environment descriptor '/home/cowbot/cowbot_ws/install/serial_motor/share/serial_motor/hook/ament_prefix_path.dsv'
[5.951s] INFO:colcon.colcon_core.shell:Creating environment hook '/home/cowbot/cowbot_ws/install/serial_motor/share/serial_motor/hook/ament_prefix_path.sh'
[5.953s] INFO:colcon.colcon_core.shell:Skip shell extension 'powershell' for command environment: Not usable outside of PowerShell
[5.953s] DEBUG:colcon.colcon_core.shell:Skip shell extension 'dsv' for command environment
[5.974s] Level 1:colcon.colcon_core.environment:create_environment_scripts_only(lslidar_msgs)
[5.976s] Level 1:colcon.colcon_core.environment:checking '/home/cowbot/cowbot_ws/install/lslidar_msgs' for CMake module files
[5.977s] DEBUG:colcon.colcon_core.event_handler.log_command:Invoked command in '/home/cowbot/cowbot_ws/build/lslidar_msgs' returned '0': CMAKE_PREFIX_PATH=${CMAKE_PREFIX_PATH}:/home/cowbot/cowbot_ws/install/serial_motor:/opt/ros/jazzy /usr/bin/cmake --install /home/cowbot/cowbot_ws/build/lslidar_msgs
[5.982s] Level 1:colcon.colcon_core.environment:checking '/home/cowbot/cowbot_ws/install/lslidar_msgs' for CMake config files
[5.988s] Level 1:colcon.colcon_core.shell:create_environment_hook('lslidar_msgs', 'cmake_prefix_path')
[5.989s] INFO:colcon.colcon_core.shell:Creating environment hook '/home/cowbot/cowbot_ws/install/lslidar_msgs/share/lslidar_msgs/hook/cmake_prefix_path.ps1'
[5.991s] INFO:colcon.colcon_core.shell:Creating environment descriptor '/home/cowbot/cowbot_ws/install/lslidar_msgs/share/lslidar_msgs/hook/cmake_prefix_path.dsv'
[5.993s] INFO:colcon.colcon_core.shell:Creating environment hook '/home/cowbot/cowbot_ws/install/lslidar_msgs/share/lslidar_msgs/hook/cmake_prefix_path.sh'
[5.996s] Level 1:colcon.colcon_core.environment:checking '/home/cowbot/cowbot_ws/install/lslidar_msgs/lib'
[5.996s] Level 1:colcon.colcon_core.shell:create_environment_hook('lslidar_msgs', 'ld_library_path_lib')
[5.997s] INFO:colcon.colcon_core.shell:Creating environment hook '/home/cowbot/cowbot_ws/install/lslidar_msgs/share/lslidar_msgs/hook/ld_library_path_lib.ps1'
[5.999s] INFO:colcon.colcon_core.shell:Creating environment descriptor '/home/cowbot/cowbot_ws/install/lslidar_msgs/share/lslidar_msgs/hook/ld_library_path_lib.dsv'
[6.001s] INFO:colcon.colcon_core.shell:Creating environment hook '/home/cowbot/cowbot_ws/install/lslidar_msgs/share/lslidar_msgs/hook/ld_library_path_lib.sh'
[6.003s] Level 1:colcon.colcon_core.environment:checking '/home/cowbot/cowbot_ws/install/lslidar_msgs/bin'
[6.003s] Level 1:colcon.colcon_core.environment:checking '/home/cowbot/cowbot_ws/install/lslidar_msgs/lib/pkgconfig/lslidar_msgs.pc'
[6.004s] Level 1:colcon.colcon_core.environment:checking '/home/cowbot/cowbot_ws/install/lslidar_msgs/lib/python3.12/site-packages'
[6.005s] Level 1:colcon.colcon_core.shell:create_environment_hook('lslidar_msgs', 'pythonpath')
[6.006s] INFO:colcon.colcon_core.shell:Creating environment hook '/home/cowbot/cowbot_ws/install/lslidar_msgs/share/lslidar_msgs/hook/pythonpath.ps1'
[6.008s] INFO:colcon.colcon_core.shell:Creating environment descriptor '/home/cowbot/cowbot_ws/install/lslidar_msgs/share/lslidar_msgs/hook/pythonpath.dsv'
[6.009s] INFO:colcon.colcon_core.shell:Creating environment hook '/home/cowbot/cowbot_ws/install/lslidar_msgs/share/lslidar_msgs/hook/pythonpath.sh'
[6.012s] Level 1:colcon.colcon_core.environment:checking '/home/cowbot/cowbot_ws/install/lslidar_msgs/bin'
[6.014s] INFO:colcon.colcon_core.shell:Creating package script '/home/cowbot/cowbot_ws/install/lslidar_msgs/share/lslidar_msgs/package.ps1'
[6.016s] INFO:colcon.colcon_core.shell:Creating package descriptor '/home/cowbot/cowbot_ws/install/lslidar_msgs/share/lslidar_msgs/package.dsv'
[6.018s] INFO:colcon.colcon_core.shell:Creating package script '/home/cowbot/cowbot_ws/install/lslidar_msgs/share/lslidar_msgs/package.sh'
[6.020s] INFO:colcon.colcon_core.shell:Creating package script '/home/cowbot/cowbot_ws/install/lslidar_msgs/share/lslidar_msgs/package.bash'
[6.022s] INFO:colcon.colcon_core.shell:Creating package script '/home/cowbot/cowbot_ws/install/lslidar_msgs/share/lslidar_msgs/package.zsh'
[6.023s] Level 1:colcon.colcon_core.environment:create_file_with_runtime_dependencies(/home/cowbot/cowbot_ws/install/lslidar_msgs/share/colcon-core/packages/lslidar_msgs)
[6.025s] Level 1:colcon.colcon_core.environment:create_environment_scripts_only(lslidar_msgs)
[6.026s] Level 1:colcon.colcon_core.environment:checking '/home/cowbot/cowbot_ws/install/lslidar_msgs' for CMake module files
[6.031s] Level 1:colcon.colcon_core.environment:checking '/home/cowbot/cowbot_ws/install/lslidar_msgs' for CMake config files
[6.035s] Level 1:colcon.colcon_core.shell:create_environment_hook('lslidar_msgs', 'cmake_prefix_path')
[6.036s] INFO:colcon.colcon_core.shell:Creating environment hook '/home/cowbot/cowbot_ws/install/lslidar_msgs/share/lslidar_msgs/hook/cmake_prefix_path.ps1'
[6.038s] INFO:colcon.colcon_core.shell:Creating environment descriptor '/home/cowbot/cowbot_ws/install/lslidar_msgs/share/lslidar_msgs/hook/cmake_prefix_path.dsv'
[6.039s] INFO:colcon.colcon_core.shell:Creating environment hook '/home/cowbot/cowbot_ws/install/lslidar_msgs/share/lslidar_msgs/hook/cmake_prefix_path.sh'
[6.042s] Level 1:colcon.colcon_core.environment:checking '/home/cowbot/cowbot_ws/install/lslidar_msgs/lib'
[6.042s] Level 1:colcon.colcon_core.shell:create_environment_hook('lslidar_msgs', 'ld_library_path_lib')
[6.043s] INFO:colcon.colcon_core.shell:Creating environment hook '/home/cowbot/cowbot_ws/install/lslidar_msgs/share/lslidar_msgs/hook/ld_library_path_lib.ps1'
[6.045s] INFO:colcon.colcon_core.shell:Creating environment descriptor '/home/cowbot/cowbot_ws/install/lslidar_msgs/share/lslidar_msgs/hook/ld_library_path_lib.dsv'
[6.046s] INFO:colcon.colcon_core.shell:Creating environment hook '/home/cowbot/cowbot_ws/install/lslidar_msgs/share/lslidar_msgs/hook/ld_library_path_lib.sh'
[6.048s] Level 1:colcon.colcon_core.environment:checking '/home/cowbot/cowbot_ws/install/lslidar_msgs/bin'
[6.048s] Level 1:colcon.colcon_core.environment:checking '/home/cowbot/cowbot_ws/install/lslidar_msgs/lib/pkgconfig/lslidar_msgs.pc'
[6.049s] Level 1:colcon.colcon_core.environment:checking '/home/cowbot/cowbot_ws/install/lslidar_msgs/lib/python3.12/site-packages'
[6.049s] Level 1:colcon.colcon_core.shell:create_environment_hook('lslidar_msgs', 'pythonpath')
[6.050s] INFO:colcon.colcon_core.shell:Creating environment hook '/home/cowbot/cowbot_ws/install/lslidar_msgs/share/lslidar_msgs/hook/pythonpath.ps1'
[6.052s] INFO:colcon.colcon_core.shell:Creating environment descriptor '/home/cowbot/cowbot_ws/install/lslidar_msgs/share/lslidar_msgs/hook/pythonpath.dsv'
[6.053s] INFO:colcon.colcon_core.shell:Creating environment hook '/home/cowbot/cowbot_ws/install/lslidar_msgs/share/lslidar_msgs/hook/pythonpath.sh'
[6.056s] Level 1:colcon.colcon_core.environment:checking '/home/cowbot/cowbot_ws/install/lslidar_msgs/bin'
[6.057s] INFO:colcon.colcon_core.shell:Creating package script '/home/cowbot/cowbot_ws/install/lslidar_msgs/share/lslidar_msgs/package.ps1'
[6.060s] INFO:colcon.colcon_core.shell:Creating package descriptor '/home/cowbot/cowbot_ws/install/lslidar_msgs/share/lslidar_msgs/package.dsv'
[6.062s] INFO:colcon.colcon_core.shell:Creating package script '/home/cowbot/cowbot_ws/install/lslidar_msgs/share/lslidar_msgs/package.sh'
[6.064s] INFO:colcon.colcon_core.shell:Creating package script '/home/cowbot/cowbot_ws/install/lslidar_msgs/share/lslidar_msgs/package.bash'
[6.067s] INFO:colcon.colcon_core.shell:Creating package script '/home/cowbot/cowbot_ws/install/lslidar_msgs/share/lslidar_msgs/package.zsh'
[6.068s] Level 1:colcon.colcon_core.environment:create_file_with_runtime_dependencies(/home/cowbot/cowbot_ws/install/lslidar_msgs/share/colcon-core/packages/lslidar_msgs)
[6.072s] INFO:colcon.colcon_ros.task.ament_cmake.build:Building ROS package in '/home/cowbot/cowbot_ws/src/Lslidar_ROS2_driver/lslidar_driver' with build type 'ament_cmake'
[6.072s] INFO:colcon.colcon_cmake.task.cmake.build:Building CMake package in '/home/cowbot/cowbot_ws/src/Lslidar_ROS2_driver/lslidar_driver'
[6.073s] INFO:colcon.colcon_core.shell:Skip shell extension 'powershell' for command environment: Not usable outside of PowerShell
[6.073s] DEBUG:colcon.colcon_core.shell:Skip shell extension 'dsv' for command environment
[7.018s] INFO:colcon.colcon_core.task.python.build:Building Python package in '/home/cowbot/cowbot_ws/src/serial_motor'
[7.019s] INFO:colcon.colcon_core.shell:Skip shell extension 'powershell' for command environment: Not usable outside of PowerShell
[7.019s] DEBUG:colcon.colcon_core.shell:Skip shell extension 'dsv' for command environment
[7.060s] DEBUG:colcon.colcon_core.event_handler.log_command:Invoking command in '/home/cowbot/cowbot_ws/build/lslidar_driver': CMAKE_PREFIX_PATH=/home/cowbot/cowbot_ws/install/lslidar_msgs:/home/cowbot/cowbot_ws/install/serial_motor_msgs:/home/cowbot/cowbot_ws/install/lslidar_driver:/home/cowbot/cowbot_ws/install/cowbot_gazebo:/home/cowbot/cowbot_ws/install/cowbot_description:/home/cowbot/cowbot_ws/install/cowbot_bringup:/home/cowbot/cowbot_ws/install/serial_motor:/opt/ros/jazzy LD_LIBRARY_PATH=/home/cowbot/cowbot_ws/install/lslidar_msgs/lib:/home/cowbot/cowbot_ws/install/serial_motor_msgs/lib:/opt/ros/jazzy/lib/aarch64-linux-gnu:/opt/ros/jazzy/lib PYTHONPATH=/home/cowbot/cowbot_ws/install/lslidar_msgs/lib/python3.12/site-packages:/home/cowbot/cowbot_ws/build/serial_motor:/home/cowbot/cowbot_ws/install/serial_motor/lib/python3.12/site-packages:/home/cowbot/cowbot_ws/install/serial_motor_msgs/lib/python3.12/site-packages:/opt/ros/jazzy/lib/python3.12/site-packages /usr/bin/cmake --build /home/cowbot/cowbot_ws/build/lslidar_driver -- -j4 -l4
[7.881s] DEBUG:colcon.colcon_core.event_handler.log_command:Invoked command in '/home/cowbot/cowbot_ws/build/lslidar_driver' returned '0': CMAKE_PREFIX_PATH=/home/cowbot/cowbot_ws/install/lslidar_msgs:/home/cowbot/cowbot_ws/install/serial_motor_msgs:/home/cowbot/cowbot_ws/install/lslidar_driver:/home/cowbot/cowbot_ws/install/cowbot_gazebo:/home/cowbot/cowbot_ws/install/cowbot_description:/home/cowbot/cowbot_ws/install/cowbot_bringup:/home/cowbot/cowbot_ws/install/serial_motor:/opt/ros/jazzy LD_LIBRARY_PATH=/home/cowbot/cowbot_ws/install/lslidar_msgs/lib:/home/cowbot/cowbot_ws/install/serial_motor_msgs/lib:/opt/ros/jazzy/lib/aarch64-linux-gnu:/opt/ros/jazzy/lib PYTHONPATH=/home/cowbot/cowbot_ws/install/lslidar_msgs/lib/python3.12/site-packages:/home/cowbot/cowbot_ws/build/serial_motor:/home/cowbot/cowbot_ws/install/serial_motor/lib/python3.12/site-packages:/home/cowbot/cowbot_ws/install/serial_motor_msgs/lib/python3.12/site-packages:/opt/ros/jazzy/lib/python3.12/site-packages /usr/bin/cmake --build /home/cowbot/cowbot_ws/build/lslidar_driver -- -j4 -l4
[7.891s] DEBUG:colcon.colcon_core.event_handler.log_command:Invoking command in '/home/cowbot/cowbot_ws/build/lslidar_driver': CMAKE_PREFIX_PATH=/home/cowbot/cowbot_ws/install/lslidar_msgs:/home/cowbot/cowbot_ws/install/serial_motor_msgs:/home/cowbot/cowbot_ws/install/lslidar_driver:/home/cowbot/cowbot_ws/install/cowbot_gazebo:/home/cowbot/cowbot_ws/install/cowbot_description:/home/cowbot/cowbot_ws/install/cowbot_bringup:/home/cowbot/cowbot_ws/install/serial_motor:/opt/ros/jazzy LD_LIBRARY_PATH=/home/cowbot/cowbot_ws/install/lslidar_msgs/lib:/home/cowbot/cowbot_ws/install/serial_motor_msgs/lib:/opt/ros/jazzy/lib/aarch64-linux-gnu:/opt/ros/jazzy/lib PYTHONPATH=/home/cowbot/cowbot_ws/install/lslidar_msgs/lib/python3.12/site-packages:/home/cowbot/cowbot_ws/build/serial_motor:/home/cowbot/cowbot_ws/install/serial_motor/lib/python3.12/site-packages:/home/cowbot/cowbot_ws/install/serial_motor_msgs/lib/python3.12/site-packages:/opt/ros/jazzy/lib/python3.12/site-packages /usr/bin/cmake --install /home/cowbot/cowbot_ws/build/lslidar_driver
[8.038s] Level 1:colcon.colcon_core.environment:create_environment_scripts_only(lslidar_driver)
[8.039s] Level 1:colcon.colcon_core.environment:checking '/home/cowbot/cowbot_ws/install/lslidar_driver' for CMake module files
[8.040s] DEBUG:colcon.colcon_core.event_handler.log_command:Invoked command in '/home/cowbot/cowbot_ws/build/lslidar_driver' returned '0': CMAKE_PREFIX_PATH=/home/cowbot/cowbot_ws/install/lslidar_msgs:/home/cowbot/cowbot_ws/install/serial_motor_msgs:/home/cowbot/cowbot_ws/install/lslidar_driver:/home/cowbot/cowbot_ws/install/cowbot_gazebo:/home/cowbot/cowbot_ws/install/cowbot_description:/home/cowbot/cowbot_ws/install/cowbot_bringup:/home/cowbot/cowbot_ws/install/serial_motor:/opt/ros/jazzy LD_LIBRARY_PATH=/home/cowbot/cowbot_ws/install/lslidar_msgs/lib:/home/cowbot/cowbot_ws/install/serial_motor_msgs/lib:/opt/ros/jazzy/lib/aarch64-linux-gnu:/opt/ros/jazzy/lib PYTHONPATH=/home/cowbot/cowbot_ws/install/lslidar_msgs/lib/python3.12/site-packages:/home/cowbot/cowbot_ws/build/serial_motor:/home/cowbot/cowbot_ws/install/serial_motor/lib/python3.12/site-packages:/home/cowbot/cowbot_ws/install/serial_motor_msgs/lib/python3.12/site-packages:/opt/ros/jazzy/lib/python3.12/site-packages /usr/bin/cmake --install /home/cowbot/cowbot_ws/build/lslidar_driver
[8.044s] Level 1:colcon.colcon_core.environment:checking '/home/cowbot/cowbot_ws/install/lslidar_driver' for CMake config files
[8.047s] Level 1:colcon.colcon_core.shell:create_environment_hook('lslidar_driver', 'cmake_prefix_path')
[8.048s] INFO:colcon.colcon_core.shell:Creating environment hook '/home/cowbot/cowbot_ws/install/lslidar_driver/share/lslidar_driver/hook/cmake_prefix_path.ps1'
[8.050s] INFO:colcon.colcon_core.shell:Creating environment descriptor '/home/cowbot/cowbot_ws/install/lslidar_driver/share/lslidar_driver/hook/cmake_prefix_path.dsv'
[8.052s] INFO:colcon.colcon_core.shell:Creating environment hook '/home/cowbot/cowbot_ws/install/lslidar_driver/share/lslidar_driver/hook/cmake_prefix_path.sh'
[8.056s] Level 1:colcon.colcon_core.environment:checking '/home/cowbot/cowbot_ws/install/lslidar_driver/lib'
[8.056s] Level 1:colcon.colcon_core.environment:checking '/home/cowbot/cowbot_ws/install/lslidar_driver/bin'
[8.057s] Level 1:colcon.colcon_core.environment:checking '/home/cowbot/cowbot_ws/install/lslidar_driver/lib/pkgconfig/lslidar_driver.pc'
[8.057s] Level 1:colcon.colcon_core.environment:checking '/home/cowbot/cowbot_ws/install/lslidar_driver/lib/python3.12/site-packages'
[8.059s] Level 1:colcon.colcon_core.environment:checking '/home/cowbot/cowbot_ws/install/lslidar_driver/bin'
[8.060s] INFO:colcon.colcon_core.shell:Creating package script '/home/cowbot/cowbot_ws/install/lslidar_driver/share/lslidar_driver/package.ps1'
[8.062s] INFO:colcon.colcon_core.shell:Creating package descriptor '/home/cowbot/cowbot_ws/install/lslidar_driver/share/lslidar_driver/package.dsv'
[8.064s] INFO:colcon.colcon_core.shell:Creating package script '/home/cowbot/cowbot_ws/install/lslidar_driver/share/lslidar_driver/package.sh'
[8.066s] INFO:colcon.colcon_core.shell:Creating package script '/home/cowbot/cowbot_ws/install/lslidar_driver/share/lslidar_driver/package.bash'
[8.068s] INFO:colcon.colcon_core.shell:Creating package script '/home/cowbot/cowbot_ws/install/lslidar_driver/share/lslidar_driver/package.zsh'
[8.070s] Level 1:colcon.colcon_core.environment:create_file_with_runtime_dependencies(/home/cowbot/cowbot_ws/install/lslidar_driver/share/colcon-core/packages/lslidar_driver)
[8.072s] Level 1:colcon.colcon_core.environment:create_environment_scripts_only(lslidar_driver)
[8.073s] Level 1:colcon.colcon_core.environment:checking '/home/cowbot/cowbot_ws/install/lslidar_driver' for CMake module files
[8.077s] Level 1:colcon.colcon_core.environment:checking '/home/cowbot/cowbot_ws/install/lslidar_driver' for CMake config files
[8.080s] Level 1:colcon.colcon_core.shell:create_environment_hook('lslidar_driver', 'cmake_prefix_path')
[8.081s] INFO:colcon.colcon_core.shell:Creating environment hook '/home/cowbot/cowbot_ws/install/lslidar_driver/share/lslidar_driver/hook/cmake_prefix_path.ps1'
[8.083s] INFO:colcon.colcon_core.shell:Creating environment descriptor '/home/cowbot/cowbot_ws/install/lslidar_driver/share/lslidar_driver/hook/cmake_prefix_path.dsv'
[8.085s] INFO:colcon.colcon_core.shell:Creating environment hook '/home/cowbot/cowbot_ws/install/lslidar_driver/share/lslidar_driver/hook/cmake_prefix_path.sh'
[8.088s] Level 1:colcon.colcon_core.environment:checking '/home/cowbot/cowbot_ws/install/lslidar_driver/lib'
[8.089s] Level 1:colcon.colcon_core.environment:checking '/home/cowbot/cowbot_ws/install/lslidar_driver/bin'
[8.089s] Level 1:colcon.colcon_core.environment:checking '/home/cowbot/cowbot_ws/install/lslidar_driver/lib/pkgconfig/lslidar_driver.pc'
[8.090s] Level 1:colcon.colcon_core.environment:checking '/home/cowbot/cowbot_ws/install/lslidar_driver/lib/python3.12/site-packages'
[8.091s] Level 1:colcon.colcon_core.environment:checking '/home/cowbot/cowbot_ws/install/lslidar_driver/bin'
[8.092s] INFO:colcon.colcon_core.shell:Creating package script '/home/cowbot/cowbot_ws/install/lslidar_driver/share/lslidar_driver/package.ps1'
[8.094s] INFO:colcon.colcon_core.shell:Creating package descriptor '/home/cowbot/cowbot_ws/install/lslidar_driver/share/lslidar_driver/package.dsv'
[8.097s] INFO:colcon.colcon_core.shell:Creating package script '/home/cowbot/cowbot_ws/install/lslidar_driver/share/lslidar_driver/package.sh'
[8.099s] INFO:colcon.colcon_core.shell:Creating package script '/home/cowbot/cowbot_ws/install/lslidar_driver/share/lslidar_driver/package.bash'
[8.102s] INFO:colcon.colcon_core.shell:Creating package script '/home/cowbot/cowbot_ws/install/lslidar_driver/share/lslidar_driver/package.zsh'
[8.104s] Level 1:colcon.colcon_core.environment:create_file_with_runtime_dependencies(/home/cowbot/cowbot_ws/install/lslidar_driver/share/colcon-core/packages/lslidar_driver)
[10.320s] DEBUG:colcon.colcon_core.event_handler.log_command:Invoking command in '/home/cowbot/cowbot_ws/build/serial_motor': PYTHONPATH=/home/cowbot/cowbot_ws/build/serial_motor/prefix_override:/usr/lib/python3/dist-packages/colcon_core/task/python/colcon_distutils_commands:/home/cowbot/cowbot_ws/install/serial_motor/lib/python3.12/site-packages:/home/cowbot/cowbot_ws/install/serial_motor_msgs/lib/python3.12/site-packages:/home/cowbot/cowbot_ws/build/serial_motor:/home/cowbot/cowbot_ws/install/serial_motor/lib/python3.12/site-packages:/home/cowbot/cowbot_ws/install/lslidar_msgs/lib/python3.12/site-packages:/opt/ros/jazzy/lib/python3.12/site-packages /usr/bin/python3 -W ignore:setup.py install is deprecated -W ignore:easy_install command is deprecated setup.py develop --editable --build-directory /home/cowbot/cowbot_ws/build/serial_motor/build --no-deps symlink_data
[13.044s] Level 1:colcon.colcon_core.shell:create_environment_hook('serial_motor', 'pythonpath_develop')
[13.045s] INFO:colcon.colcon_core.shell:Creating environment hook '/home/cowbot/cowbot_ws/build/serial_motor/share/serial_motor/hook/pythonpath_develop.ps1'
[13.046s] DEBUG:colcon.colcon_core.event_handler.log_command:Invoked command in '/home/cowbot/cowbot_ws/build/serial_motor' returned '0': PYTHONPATH=/home/cowbot/cowbot_ws/build/serial_motor/prefix_override:/usr/lib/python3/dist-packages/colcon_core/task/python/colcon_distutils_commands:/home/cowbot/cowbot_ws/install/serial_motor/lib/python3.12/site-packages:/home/cowbot/cowbot_ws/install/serial_motor_msgs/lib/python3.12/site-packages:/home/cowbot/cowbot_ws/build/serial_motor:/home/cowbot/cowbot_ws/install/serial_motor/lib/python3.12/site-packages:/home/cowbot/cowbot_ws/install/lslidar_msgs/lib/python3.12/site-packages:/opt/ros/jazzy/lib/python3.12/site-packages /usr/bin/python3 -W ignore:setup.py install is deprecated -W ignore:easy_install command is deprecated setup.py develop --editable --build-directory /home/cowbot/cowbot_ws/build/serial_motor/build --no-deps symlink_data
[13.048s] INFO:colcon.colcon_core.shell:Creating environment descriptor '/home/cowbot/cowbot_ws/build/serial_motor/share/serial_motor/hook/pythonpath_develop.dsv'
[13.050s] INFO:colcon.colcon_core.shell:Creating environment hook '/home/cowbot/cowbot_ws/build/serial_motor/share/serial_motor/hook/pythonpath_develop.sh'
[13.053s] Level 1:colcon.colcon_core.environment:checking '/home/cowbot/cowbot_ws/install/serial_motor' for CMake module files
[13.057s] Level 1:colcon.colcon_core.environment:checking '/home/cowbot/cowbot_ws/install/serial_motor' for CMake config files
[13.061s] Level 1:colcon.colcon_core.environment:checking '/home/cowbot/cowbot_ws/install/serial_motor/lib'
[13.061s] Level 1:colcon.colcon_core.environment:checking '/home/cowbot/cowbot_ws/install/serial_motor/bin'
[13.061s] Level 1:colcon.colcon_core.environment:checking '/home/cowbot/cowbot_ws/install/serial_motor/lib/pkgconfig/serial_motor.pc'
[13.062s] Level 1:colcon.colcon_core.environment:checking '/home/cowbot/cowbot_ws/install/serial_motor/lib/python3.12/site-packages'
[13.063s] Level 1:colcon.colcon_core.shell:create_environment_hook('serial_motor', 'pythonpath')
[13.063s] INFO:colcon.colcon_core.shell:Creating environment hook '/home/cowbot/cowbot_ws/install/serial_motor/share/serial_motor/hook/pythonpath.ps1'
[13.065s] INFO:colcon.colcon_core.shell:Creating environment descriptor '/home/cowbot/cowbot_ws/install/serial_motor/share/serial_motor/hook/pythonpath.dsv'
[13.067s] INFO:colcon.colcon_core.shell:Creating environment hook '/home/cowbot/cowbot_ws/install/serial_motor/share/serial_motor/hook/pythonpath.sh'
[13.070s] Level 1:colcon.colcon_core.environment:checking '/home/cowbot/cowbot_ws/install/serial_motor/bin'
[13.070s] Level 1:colcon.colcon_core.environment:create_environment_scripts_only(serial_motor)
[13.071s] INFO:colcon.colcon_core.shell:Creating package script '/home/cowbot/cowbot_ws/install/serial_motor/share/serial_motor/package.ps1'
[13.074s] INFO:colcon.colcon_core.shell:Creating package descriptor '/home/cowbot/cowbot_ws/install/serial_motor/share/serial_motor/package.dsv'
[13.076s] INFO:colcon.colcon_core.shell:Creating package script '/home/cowbot/cowbot_ws/install/serial_motor/share/serial_motor/package.sh'
[13.078s] INFO:colcon.colcon_core.shell:Creating package script '/home/cowbot/cowbot_ws/install/serial_motor/share/serial_motor/package.bash'
[13.080s] INFO:colcon.colcon_core.shell:Creating package script '/home/cowbot/cowbot_ws/install/serial_motor/share/serial_motor/package.zsh'
[13.081s] Level 1:colcon.colcon_core.environment:create_file_with_runtime_dependencies(/home/cowbot/cowbot_ws/install/serial_motor/share/colcon-core/packages/serial_motor)
[13.083s] DEBUG:colcon.colcon_parallel_executor.executor.parallel:closing loop
[13.084s] DEBUG:colcon.colcon_parallel_executor.executor.parallel:loop closed
[13.084s] DEBUG:colcon.colcon_parallel_executor.executor.parallel:run_until_complete finished with '0'
[13.085s] DEBUG:colcon.colcon_core.event_reactor:joining thread
[13.115s] INFO:colcon.colcon_core.plugin_system:Skipping extension 'colcon_notification.desktop_notification.notify_send': Could not find 'notify-send'
[13.115s] INFO:colcon.colcon_core.plugin_system:Skipping extension 'colcon_notification.desktop_notification.terminal_notifier': Not used on non-Darwin systems
[13.116s] INFO:colcon.colcon_core.plugin_system:Skipping extension 'colcon_notification.desktop_notification.win32': Not used on non-Windows systems
[13.116s] INFO:colcon.colcon_notification.desktop_notification:Sending desktop notification using 'notify2'
[13.178s] DEBUG:colcon.colcon_notification.desktop_notification.notify2:Failed to initialize notify2: org.freedesktop.DBus.Error.ServiceUnknown: The name org.freedesktop.Notifications was not provided by any .service files
[13.179s] DEBUG:colcon.colcon_core.event_reactor:joined thread
[13.180s] INFO:colcon.colcon_core.shell:Creating prefix script '/home/cowbot/cowbot_ws/install/local_setup.ps1'
[13.184s] INFO:colcon.colcon_core.shell:Creating prefix util module '/home/cowbot/cowbot_ws/install/_local_setup_util_ps1.py'
[13.191s] INFO:colcon.colcon_core.shell:Creating prefix chain script '/home/cowbot/cowbot_ws/install/setup.ps1'
[13.198s] INFO:colcon.colcon_core.shell:Creating prefix script '/home/cowbot/cowbot_ws/install/local_setup.sh'
[13.201s] INFO:colcon.colcon_core.shell:Creating prefix util module '/home/cowbot/cowbot_ws/install/_local_setup_util_sh.py'
[13.204s] INFO:colcon.colcon_core.shell:Creating prefix chain script '/home/cowbot/cowbot_ws/install/setup.sh'
[13.211s] INFO:colcon.colcon_core.shell:Creating prefix script '/home/cowbot/cowbot_ws/install/local_setup.bash'
[13.214s] INFO:colcon.colcon_core.shell:Creating prefix chain script '/home/cowbot/cowbot_ws/install/setup.bash'
[13.220s] INFO:colcon.colcon_core.shell:Creating prefix script '/home/cowbot/cowbot_ws/install/local_setup.zsh'
[13.223s] INFO:colcon.colcon_core.shell:Creating prefix chain script '/home/cowbot/cowbot_ws/install/setup.zsh'
