[0.056s] Invoking command in '/home/cowbot/cowbot_ws/build/lslidar_driver': CMAKE_PREFIX_PATH=/home/cowbot/cowbot_ws/install/lslidar_msgs:/home/cowbot/cowbot_ws/install/serial_motor_msgs:/home/cowbot/cowbot_ws/install/lslidar_driver:/home/cowbot/cowbot_ws/install/cowbot_description:/home/cowbot/cowbot_ws/install/cowbot_bringup:/home/cowbot/cowbot_ws/install/serial_motor:/opt/ros/jazzy LD_LIBRARY_PATH=/home/cowbot/cowbot_ws/install/lslidar_msgs/lib:/home/cowbot/cowbot_ws/install/serial_motor_msgs/lib:/opt/ros/jazzy/lib/aarch64-linux-gnu:/opt/ros/jazzy/lib PYTHONPATH=/home/cowbot/cowbot_ws/install/lslidar_msgs/lib/python3.12/site-packages:/home/cowbot/cowbot_ws/build/serial_motor:/home/cowbot/cowbot_ws/install/serial_motor/lib/python3.12/site-packages:/home/cowbot/cowbot_ws/install/serial_motor_msgs/lib/python3.12/site-packages:/opt/ros/jazzy/lib/python3.12/site-packages /usr/bin/cmake --build /home/cowbot/cowbot_ws/build/lslidar_driver -- -j4 -l4
[0.542s] [100%] Built target lslidar_driver_node
[0.596s] Invoked command in '/home/cowbot/cowbot_ws/build/lslidar_driver' returned '0': CMAKE_PREFIX_PATH=/home/cowbot/cowbot_ws/install/lslidar_msgs:/home/cowbot/cowbot_ws/install/serial_motor_msgs:/home/cowbot/cowbot_ws/install/lslidar_driver:/home/cowbot/cowbot_ws/install/cowbot_description:/home/cowbot/cowbot_ws/install/cowbot_bringup:/home/cowbot/cowbot_ws/install/serial_motor:/opt/ros/jazzy LD_LIBRARY_PATH=/home/cowbot/cowbot_ws/install/lslidar_msgs/lib:/home/cowbot/cowbot_ws/install/serial_motor_msgs/lib:/opt/ros/jazzy/lib/aarch64-linux-gnu:/opt/ros/jazzy/lib PYTHONPATH=/home/cowbot/cowbot_ws/install/lslidar_msgs/lib/python3.12/site-packages:/home/cowbot/cowbot_ws/build/serial_motor:/home/cowbot/cowbot_ws/install/serial_motor/lib/python3.12/site-packages:/home/cowbot/cowbot_ws/install/serial_motor_msgs/lib/python3.12/site-packages:/opt/ros/jazzy/lib/python3.12/site-packages /usr/bin/cmake --build /home/cowbot/cowbot_ws/build/lslidar_driver -- -j4 -l4
[0.602s] Invoking command in '/home/cowbot/cowbot_ws/build/lslidar_driver': CMAKE_PREFIX_PATH=/home/cowbot/cowbot_ws/install/lslidar_msgs:/home/cowbot/cowbot_ws/install/serial_motor_msgs:/home/cowbot/cowbot_ws/install/lslidar_driver:/home/cowbot/cowbot_ws/install/cowbot_description:/home/cowbot/cowbot_ws/install/cowbot_bringup:/home/cowbot/cowbot_ws/install/serial_motor:/opt/ros/jazzy LD_LIBRARY_PATH=/home/cowbot/cowbot_ws/install/lslidar_msgs/lib:/home/cowbot/cowbot_ws/install/serial_motor_msgs/lib:/opt/ros/jazzy/lib/aarch64-linux-gnu:/opt/ros/jazzy/lib PYTHONPATH=/home/cowbot/cowbot_ws/install/lslidar_msgs/lib/python3.12/site-packages:/home/cowbot/cowbot_ws/build/serial_motor:/home/cowbot/cowbot_ws/install/serial_motor/lib/python3.12/site-packages:/home/cowbot/cowbot_ws/install/serial_motor_msgs/lib/python3.12/site-packages:/opt/ros/jazzy/lib/python3.12/site-packages /usr/bin/cmake --install /home/cowbot/cowbot_ws/build/lslidar_driver
[0.642s] -- Install configuration: ""
[0.643s] -- Execute custom install script
[0.646s] -- Up-to-date symlink: /home/cowbot/cowbot_ws/install/lslidar_driver/share/lslidar_driver/launch/lslidar_double_launch.py
[0.647s] -- Up-to-date symlink: /home/cowbot/cowbot_ws/install/lslidar_driver/share/lslidar_driver/launch/lslidar_launch.py
[0.649s] -- Up-to-date symlink: /home/cowbot/cowbot_ws/install/lslidar_driver/share/lslidar_driver/params/lsx10.yaml
[0.649s] -- Up-to-date symlink: /home/cowbot/cowbot_ws/install/lslidar_driver/share/lslidar_driver/params/lsx10_1.yaml
[0.650s] -- Up-to-date symlink: /home/cowbot/cowbot_ws/install/lslidar_driver/share/lslidar_driver/params/lsx10_2.yaml
[0.652s] -- Up-to-date symlink: /home/cowbot/cowbot_ws/install/lslidar_driver/share/lslidar_driver/rviz/lslidar.rviz
[0.653s] -- Up-to-date symlink: /home/cowbot/cowbot_ws/install/lslidar_driver/lib/lslidar_driver/lslidar_driver_node
[0.655s] -- Up-to-date symlink: /home/cowbot/cowbot_ws/install/lslidar_driver/share/ament_index/resource_index/package_run_dependencies/lslidar_driver
[0.656s] -- Up-to-date symlink: /home/cowbot/cowbot_ws/install/lslidar_driver/share/ament_index/resource_index/parent_prefix_path/lslidar_driver
[0.657s] -- Up-to-date symlink: /home/cowbot/cowbot_ws/install/lslidar_driver/share/lslidar_driver/environment/ament_prefix_path.sh
[0.659s] -- Up-to-date symlink: /home/cowbot/cowbot_ws/install/lslidar_driver/share/lslidar_driver/environment/ament_prefix_path.dsv
[0.660s] -- Up-to-date symlink: /home/cowbot/cowbot_ws/install/lslidar_driver/share/lslidar_driver/environment/path.sh
[0.661s] -- Up-to-date symlink: /home/cowbot/cowbot_ws/install/lslidar_driver/share/lslidar_driver/environment/path.dsv
[0.662s] -- Up-to-date symlink: /home/cowbot/cowbot_ws/install/lslidar_driver/share/lslidar_driver/local_setup.bash
[0.663s] -- Up-to-date symlink: /home/cowbot/cowbot_ws/install/lslidar_driver/share/lslidar_driver/local_setup.sh
[0.664s] -- Up-to-date symlink: /home/cowbot/cowbot_ws/install/lslidar_driver/share/lslidar_driver/local_setup.zsh
[0.665s] -- Up-to-date symlink: /home/cowbot/cowbot_ws/install/lslidar_driver/share/lslidar_driver/local_setup.dsv
[0.666s] -- Symlinking: /home/cowbot/cowbot_ws/install/lslidar_driver/share/lslidar_driver/package.dsv
[0.714s] -- Up-to-date symlink: /home/cowbot/cowbot_ws/install/lslidar_driver/share/ament_index/resource_index/packages/lslidar_driver
[0.715s] -- Up-to-date symlink: /home/cowbot/cowbot_ws/install/lslidar_driver/share/lslidar_driver/cmake/ament_cmake_export_dependencies-extras.cmake
[0.716s] -- Up-to-date symlink: /home/cowbot/cowbot_ws/install/lslidar_driver/share/lslidar_driver/cmake/ament_cmake_export_include_directories-extras.cmake
[0.717s] -- Up-to-date symlink: /home/cowbot/cowbot_ws/install/lslidar_driver/share/lslidar_driver/cmake/lslidar_driverConfig.cmake
[0.718s] -- Up-to-date symlink: /home/cowbot/cowbot_ws/install/lslidar_driver/share/lslidar_driver/cmake/lslidar_driverConfig-version.cmake
[0.719s] -- Up-to-date symlink: /home/cowbot/cowbot_ws/install/lslidar_driver/share/lslidar_driver/package.xml
[0.727s] Invoked command in '/home/cowbot/cowbot_ws/build/lslidar_driver' returned '0': CMAKE_PREFIX_PATH=/home/cowbot/cowbot_ws/install/lslidar_msgs:/home/cowbot/cowbot_ws/install/serial_motor_msgs:/home/cowbot/cowbot_ws/install/lslidar_driver:/home/cowbot/cowbot_ws/install/cowbot_description:/home/cowbot/cowbot_ws/install/cowbot_bringup:/home/cowbot/cowbot_ws/install/serial_motor:/opt/ros/jazzy LD_LIBRARY_PATH=/home/cowbot/cowbot_ws/install/lslidar_msgs/lib:/home/cowbot/cowbot_ws/install/serial_motor_msgs/lib:/opt/ros/jazzy/lib/aarch64-linux-gnu:/opt/ros/jazzy/lib PYTHONPATH=/home/cowbot/cowbot_ws/install/lslidar_msgs/lib/python3.12/site-packages:/home/cowbot/cowbot_ws/build/serial_motor:/home/cowbot/cowbot_ws/install/serial_motor/lib/python3.12/site-packages:/home/cowbot/cowbot_ws/install/serial_motor_msgs/lib/python3.12/site-packages:/opt/ros/jazzy/lib/python3.12/site-packages /usr/bin/cmake --install /home/cowbot/cowbot_ws/build/lslidar_driver
