[0.049s] Invoking command in '/home/cowbot/cowbot_ws/build/cowbot_description': CMAKE_PREFIX_PATH=${CMAKE_PREFIX_PATH}:/home/cowbot/cowbot_ws/install/serial_motor:/opt/ros/jazzy /usr/bin/cmake --build /home/cowbot/cowbot_ws/build/cowbot_description -- -j4 -l4
[0.248s] Invoked command in '/home/cowbot/cowbot_ws/build/cowbot_description' returned '0': CMAKE_PREFIX_PATH=${CMAKE_PREFIX_PATH}:/home/cowbot/cowbot_ws/install/serial_motor:/opt/ros/jazzy /usr/bin/cmake --build /home/cowbot/cowbot_ws/build/cowbot_description -- -j4 -l4
[0.299s] Invoking command in '/home/cowbot/cowbot_ws/build/cowbot_description': CMAKE_PREFIX_PATH=${CMAKE_PREFIX_PATH}:/home/cowbot/cowbot_ws/install/serial_motor:/opt/ros/jazzy /usr/bin/cmake --install /home/cowbot/cowbot_ws/build/cowbot_description
[0.338s] -- Install configuration: ""
[0.339s] -- Execute custom install script
[0.341s] -- Up-to-date symlink: /home/cowbot/cowbot_ws/install/cowbot_description/share/cowbot_description/launch/robot_state_publisher.launch.py
[0.344s] -- Up-to-date symlink: /home/cowbot/cowbot_ws/install/cowbot_description/share/cowbot_description/onshape/api-keys.sh
[0.344s] -- Up-to-date symlink: /home/cowbot/cowbot_ws/install/cowbot_description/share/cowbot_description/onshape/assets/base_link.part
[0.345s] -- Up-to-date symlink: /home/cowbot/cowbot_ws/install/cowbot_description/share/cowbot_description/onshape/assets/base_link.stl
[0.346s] -- Up-to-date symlink: /home/cowbot/cowbot_ws/install/cowbot_description/share/cowbot_description/onshape/assets/fastbot_motor.part
[0.347s] -- Up-to-date symlink: /home/cowbot/cowbot_ws/install/cowbot_description/share/cowbot_description/onshape/assets/fastbot_motor.stl
[0.348s] -- Up-to-date symlink: /home/cowbot/cowbot_ws/install/cowbot_description/share/cowbot_description/onshape/assets/lslidar_n10.part
[0.348s] -- Up-to-date symlink: /home/cowbot/cowbot_ws/install/cowbot_description/share/cowbot_description/onshape/assets/lslidar_n10.stl
[0.349s] -- Up-to-date symlink: /home/cowbot/cowbot_ws/install/cowbot_description/share/cowbot_description/onshape/assets/pololu_ball_caster.part
[0.350s] -- Up-to-date symlink: /home/cowbot/cowbot_ws/install/cowbot_description/share/cowbot_description/onshape/assets/pololu_ball_caster.stl
[0.351s] -- Up-to-date symlink: /home/cowbot/cowbot_ws/install/cowbot_description/share/cowbot_description/onshape/assets/raspicam.part
[0.351s] -- Up-to-date symlink: /home/cowbot/cowbot_ws/install/cowbot_description/share/cowbot_description/onshape/assets/raspicam.stl
[0.352s] -- Up-to-date symlink: /home/cowbot/cowbot_ws/install/cowbot_description/share/cowbot_description/onshape/assets/tire_d65x25_v1.part
[0.353s] -- Up-to-date symlink: /home/cowbot/cowbot_ws/install/cowbot_description/share/cowbot_description/onshape/assets/tire_d65x25_v1.stl
[0.354s] -- Up-to-date symlink: /home/cowbot/cowbot_ws/install/cowbot_description/share/cowbot_description/onshape/assets/wheel_d65x25_v1.part
[0.355s] -- Up-to-date symlink: /home/cowbot/cowbot_ws/install/cowbot_description/share/cowbot_description/onshape/assets/wheel_d65x25_v1.stl
[0.355s] -- Up-to-date symlink: /home/cowbot/cowbot_ws/install/cowbot_description/share/cowbot_description/onshape/config.json
[0.356s] -- Up-to-date symlink: /home/cowbot/cowbot_ws/install/cowbot_description/share/cowbot_description/onshape/cowbot_multi.xacro
[0.357s] -- Up-to-date symlink: /home/cowbot/cowbot_ws/install/cowbot_description/share/cowbot_description/onshape/robot.urdf
[0.358s] -- Up-to-date symlink: /home/cowbot/cowbot_ws/install/cowbot_description/share/ament_index/resource_index/package_run_dependencies/cowbot_description
[0.360s] -- Up-to-date symlink: /home/cowbot/cowbot_ws/install/cowbot_description/share/ament_index/resource_index/parent_prefix_path/cowbot_description
[0.361s] -- Up-to-date symlink: /home/cowbot/cowbot_ws/install/cowbot_description/share/cowbot_description/environment/ament_prefix_path.sh
[0.362s] -- Up-to-date symlink: /home/cowbot/cowbot_ws/install/cowbot_description/share/cowbot_description/environment/ament_prefix_path.dsv
[0.363s] -- Up-to-date symlink: /home/cowbot/cowbot_ws/install/cowbot_description/share/cowbot_description/environment/path.sh
[0.364s] -- Up-to-date symlink: /home/cowbot/cowbot_ws/install/cowbot_description/share/cowbot_description/environment/path.dsv
[0.365s] -- Up-to-date symlink: /home/cowbot/cowbot_ws/install/cowbot_description/share/cowbot_description/local_setup.bash
[0.365s] -- Up-to-date symlink: /home/cowbot/cowbot_ws/install/cowbot_description/share/cowbot_description/local_setup.sh
[0.366s] -- Up-to-date symlink: /home/cowbot/cowbot_ws/install/cowbot_description/share/cowbot_description/local_setup.zsh
[0.367s] -- Up-to-date symlink: /home/cowbot/cowbot_ws/install/cowbot_description/share/cowbot_description/local_setup.dsv
[0.368s] -- Symlinking: /home/cowbot/cowbot_ws/install/cowbot_description/share/cowbot_description/package.dsv
[0.414s] -- Up-to-date symlink: /home/cowbot/cowbot_ws/install/cowbot_description/share/ament_index/resource_index/packages/cowbot_description
[0.415s] -- Up-to-date symlink: /home/cowbot/cowbot_ws/install/cowbot_description/share/cowbot_description/cmake/cowbot_descriptionConfig.cmake
[0.416s] -- Up-to-date symlink: /home/cowbot/cowbot_ws/install/cowbot_description/share/cowbot_description/cmake/cowbot_descriptionConfig-version.cmake
[0.417s] -- Up-to-date symlink: /home/cowbot/cowbot_ws/install/cowbot_description/share/cowbot_description/package.xml
[0.424s] Invoked command in '/home/cowbot/cowbot_ws/build/cowbot_description' returned '0': CMAKE_PREFIX_PATH=${CMAKE_PREFIX_PATH}:/home/cowbot/cowbot_ws/install/serial_motor:/opt/ros/jazzy /usr/bin/cmake --install /home/cowbot/cowbot_ws/build/cowbot_description
