[0.451s] DEBUG:colcon:Command line arguments: ['/usr/bin/colcon', 'build', '--packages-select', 'cowbot_bringup']
[0.451s] DEBUG:colcon:Parsed command line arguments: Namespace(log_base=None, log_level=None, verb_name='build', build_base='build', install_base='install', merge_install=False, symlink_install=False, test_result_base=None, continue_on_error=False, executor='parallel', parallel_workers=4, event_handlers=None, ignore_user_meta=False, metas=['./colcon.meta'], base_paths=['.'], packages_ignore=None, packages_ignore_regex=None, paths=None, packages_up_to=None, packages_up_to_regex=None, packages_above=None, packages_above_and_dependencies=None, packages_above_depth=None, packages_select_by_dep=None, packages_skip_by_dep=None, packages_skip_up_to=None, packages_select_build_failed=False, packages_skip_build_finished=False, packages_select_test_failures=False, packages_skip_test_passed=False, packages_select=['cowbot_bringup'], packages_skip=None, packages_select_regex=None, packages_skip_regex=None, packages_start=None, packages_end=None, allow_overriding=[], cmake_args=None, cmake_target=None, cmake_target_skip_unavailable=False, cmake_clean_cache=False, cmake_clean_first=False, cmake_force_configure=False, ament_cmake_args=None, catkin_cmake_args=None, catkin_skip_building_tests=False, mixin_files=None, mixin=None, verb_parser=<colcon_mixin.mixin.mixin_argument.MixinArgumentDecorator object at 0xffff84a14920>, verb_extension=<colcon_core.verb.build.BuildVerb object at 0xffff84bc4fb0>, main=<bound method BuildVerb.main of <colcon_core.verb.build.BuildVerb object at 0xffff84bc4fb0>>, mixin_verb=('build',))
[0.623s] Level 1:colcon.colcon_core.package_discovery:discover_packages(colcon_meta) check parameters
[0.623s] Level 1:colcon.colcon_core.package_discovery:discover_packages(recursive) check parameters
[0.623s] Level 1:colcon.colcon_core.package_discovery:discover_packages(ignore) check parameters
[0.623s] Level 1:colcon.colcon_core.package_discovery:discover_packages(path) check parameters
[0.623s] Level 1:colcon.colcon_core.package_discovery:discover_packages(colcon_meta) discover
[0.624s] Level 1:colcon.colcon_core.package_discovery:discover_packages(recursive) discover
[0.624s] INFO:colcon.colcon_core.package_discovery:Crawling recursively for packages in '/home/cowbot/cowbot_ws/src'
[0.624s] Level 1:colcon.colcon_core.package_identification:_identify(.) by extensions ['ignore', 'ignore_ament_install']
[0.625s] Level 1:colcon.colcon_core.package_identification:_identify(.) by extension 'ignore'
[0.625s] Level 1:colcon.colcon_core.package_identification:_identify(.) by extension 'ignore_ament_install'
[0.625s] Level 1:colcon.colcon_core.package_identification:_identify(.) by extensions ['colcon_pkg']
[0.625s] Level 1:colcon.colcon_core.package_identification:_identify(.) by extension 'colcon_pkg'
[0.625s] Level 1:colcon.colcon_core.package_identification:_identify(.) by extensions ['colcon_meta']
[0.625s] Level 1:colcon.colcon_core.package_identification:_identify(.) by extension 'colcon_meta'
[0.626s] Level 1:colcon.colcon_core.package_identification:_identify(.) by extensions ['ros']
[0.626s] Level 1:colcon.colcon_core.package_identification:_identify(.) by extension 'ros'
[0.731s] Level 1:colcon.colcon_core.package_identification:_identify(.) by extensions ['cmake', 'python']
[0.732s] Level 1:colcon.colcon_core.package_identification:_identify(.) by extension 'cmake'
[0.732s] Level 1:colcon.colcon_core.package_identification:_identify(.) by extension 'python'
[0.732s] Level 1:colcon.colcon_core.package_identification:_identify(.) by extensions ['python_setup_py']
[0.732s] Level 1:colcon.colcon_core.package_identification:_identify(.) by extension 'python_setup_py'
[0.733s] Level 1:colcon.colcon_core.package_identification:_identify(Lslidar_ROS2_driver) by extensions ['ignore', 'ignore_ament_install']
[0.733s] Level 1:colcon.colcon_core.package_identification:_identify(Lslidar_ROS2_driver) by extension 'ignore'
[0.733s] Level 1:colcon.colcon_core.package_identification:_identify(Lslidar_ROS2_driver) by extension 'ignore_ament_install'
[0.733s] Level 1:colcon.colcon_core.package_identification:_identify(Lslidar_ROS2_driver) by extensions ['colcon_pkg']
[0.733s] Level 1:colcon.colcon_core.package_identification:_identify(Lslidar_ROS2_driver) by extension 'colcon_pkg'
[0.734s] Level 1:colcon.colcon_core.package_identification:_identify(Lslidar_ROS2_driver) by extensions ['colcon_meta']
[0.734s] Level 1:colcon.colcon_core.package_identification:_identify(Lslidar_ROS2_driver) by extension 'colcon_meta'
[0.734s] Level 1:colcon.colcon_core.package_identification:_identify(Lslidar_ROS2_driver) by extensions ['ros']
[0.734s] Level 1:colcon.colcon_core.package_identification:_identify(Lslidar_ROS2_driver) by extension 'ros'
[0.734s] Level 1:colcon.colcon_core.package_identification:_identify(Lslidar_ROS2_driver) by extensions ['cmake', 'python']
[0.734s] Level 1:colcon.colcon_core.package_identification:_identify(Lslidar_ROS2_driver) by extension 'cmake'
[0.735s] Level 1:colcon.colcon_core.package_identification:_identify(Lslidar_ROS2_driver) by extension 'python'
[0.735s] Level 1:colcon.colcon_core.package_identification:_identify(Lslidar_ROS2_driver) by extensions ['python_setup_py']
[0.735s] Level 1:colcon.colcon_core.package_identification:_identify(Lslidar_ROS2_driver) by extension 'python_setup_py'
[0.735s] Level 1:colcon.colcon_core.package_identification:_identify(Lslidar_ROS2_driver/lslidar_driver) by extensions ['ignore', 'ignore_ament_install']
[0.736s] Level 1:colcon.colcon_core.package_identification:_identify(Lslidar_ROS2_driver/lslidar_driver) by extension 'ignore'
[0.736s] Level 1:colcon.colcon_core.package_identification:_identify(Lslidar_ROS2_driver/lslidar_driver) by extension 'ignore_ament_install'
[0.736s] Level 1:colcon.colcon_core.package_identification:_identify(Lslidar_ROS2_driver/lslidar_driver) by extensions ['colcon_pkg']
[0.736s] Level 1:colcon.colcon_core.package_identification:_identify(Lslidar_ROS2_driver/lslidar_driver) by extension 'colcon_pkg'
[0.736s] Level 1:colcon.colcon_core.package_identification:_identify(Lslidar_ROS2_driver/lslidar_driver) by extensions ['colcon_meta']
[0.736s] Level 1:colcon.colcon_core.package_identification:_identify(Lslidar_ROS2_driver/lslidar_driver) by extension 'colcon_meta'
[0.737s] Level 1:colcon.colcon_core.package_identification:_identify(Lslidar_ROS2_driver/lslidar_driver) by extensions ['ros']
[0.737s] Level 1:colcon.colcon_core.package_identification:_identify(Lslidar_ROS2_driver/lslidar_driver) by extension 'ros'
[0.745s] DEBUG:colcon.colcon_core.package_identification:Package 'Lslidar_ROS2_driver/lslidar_driver' with type 'ros.ament_cmake' and name 'lslidar_driver'
[0.746s] Level 1:colcon.colcon_core.package_identification:_identify(Lslidar_ROS2_driver/lslidar_msgs) by extensions ['ignore', 'ignore_ament_install']
[0.746s] Level 1:colcon.colcon_core.package_identification:_identify(Lslidar_ROS2_driver/lslidar_msgs) by extension 'ignore'
[0.747s] Level 1:colcon.colcon_core.package_identification:_identify(Lslidar_ROS2_driver/lslidar_msgs) by extension 'ignore_ament_install'
[0.747s] Level 1:colcon.colcon_core.package_identification:_identify(Lslidar_ROS2_driver/lslidar_msgs) by extensions ['colcon_pkg']
[0.747s] Level 1:colcon.colcon_core.package_identification:_identify(Lslidar_ROS2_driver/lslidar_msgs) by extension 'colcon_pkg'
[0.747s] Level 1:colcon.colcon_core.package_identification:_identify(Lslidar_ROS2_driver/lslidar_msgs) by extensions ['colcon_meta']
[0.747s] Level 1:colcon.colcon_core.package_identification:_identify(Lslidar_ROS2_driver/lslidar_msgs) by extension 'colcon_meta'
[0.747s] Level 1:colcon.colcon_core.package_identification:_identify(Lslidar_ROS2_driver/lslidar_msgs) by extensions ['ros']
[0.748s] Level 1:colcon.colcon_core.package_identification:_identify(Lslidar_ROS2_driver/lslidar_msgs) by extension 'ros'
[0.750s] DEBUG:colcon.colcon_core.package_identification:Package 'Lslidar_ROS2_driver/lslidar_msgs' with type 'ros.ament_cmake' and name 'lslidar_msgs'
[0.750s] Level 1:colcon.colcon_core.package_identification:_identify(build) by extensions ['ignore', 'ignore_ament_install']
[0.750s] Level 1:colcon.colcon_core.package_identification:_identify(build) by extension 'ignore'
[0.751s] Level 1:colcon.colcon_core.package_identification:_identify(build) ignored
[0.751s] Level 1:colcon.colcon_core.package_identification:_identify(cowbot_bringup) by extensions ['ignore', 'ignore_ament_install']
[0.751s] Level 1:colcon.colcon_core.package_identification:_identify(cowbot_bringup) by extension 'ignore'
[0.752s] Level 1:colcon.colcon_core.package_identification:_identify(cowbot_bringup) by extension 'ignore_ament_install'
[0.752s] Level 1:colcon.colcon_core.package_identification:_identify(cowbot_bringup) by extensions ['colcon_pkg']
[0.752s] Level 1:colcon.colcon_core.package_identification:_identify(cowbot_bringup) by extension 'colcon_pkg'
[0.752s] Level 1:colcon.colcon_core.package_identification:_identify(cowbot_bringup) by extensions ['colcon_meta']
[0.752s] Level 1:colcon.colcon_core.package_identification:_identify(cowbot_bringup) by extension 'colcon_meta'
[0.752s] Level 1:colcon.colcon_core.package_identification:_identify(cowbot_bringup) by extensions ['ros']
[0.752s] Level 1:colcon.colcon_core.package_identification:_identify(cowbot_bringup) by extension 'ros'
[0.754s] DEBUG:colcon.colcon_core.package_identification:Package 'cowbot_bringup' with type 'ros.ament_cmake' and name 'cowbot_bringup'
[0.754s] Level 1:colcon.colcon_core.package_identification:_identify(install) by extensions ['ignore', 'ignore_ament_install']
[0.755s] Level 1:colcon.colcon_core.package_identification:_identify(install) by extension 'ignore'
[0.755s] Level 1:colcon.colcon_core.package_identification:_identify(install) ignored
[0.755s] Level 1:colcon.colcon_core.package_identification:_identify(log) by extensions ['ignore', 'ignore_ament_install']
[0.756s] Level 1:colcon.colcon_core.package_identification:_identify(log) by extension 'ignore'
[0.756s] Level 1:colcon.colcon_core.package_identification:_identify(log) ignored
[0.756s] Level 1:colcon.colcon_core.package_identification:_identify(msg) by extensions ['ignore', 'ignore_ament_install']
[0.756s] Level 1:colcon.colcon_core.package_identification:_identify(msg) by extension 'ignore'
[0.757s] Level 1:colcon.colcon_core.package_identification:_identify(msg) by extension 'ignore_ament_install'
[0.757s] Level 1:colcon.colcon_core.package_identification:_identify(msg) by extensions ['colcon_pkg']
[0.757s] Level 1:colcon.colcon_core.package_identification:_identify(msg) by extension 'colcon_pkg'
[0.757s] Level 1:colcon.colcon_core.package_identification:_identify(msg) by extensions ['colcon_meta']
[0.757s] Level 1:colcon.colcon_core.package_identification:_identify(msg) by extension 'colcon_meta'
[0.757s] Level 1:colcon.colcon_core.package_identification:_identify(msg) by extensions ['ros']
[0.757s] Level 1:colcon.colcon_core.package_identification:_identify(msg) by extension 'ros'
[0.758s] Level 1:colcon.colcon_core.package_identification:_identify(msg) by extensions ['cmake', 'python']
[0.758s] Level 1:colcon.colcon_core.package_identification:_identify(msg) by extension 'cmake'
[0.758s] Level 1:colcon.colcon_core.package_identification:_identify(msg) by extension 'python'
[0.758s] Level 1:colcon.colcon_core.package_identification:_identify(msg) by extensions ['python_setup_py']
[0.758s] Level 1:colcon.colcon_core.package_identification:_identify(msg) by extension 'python_setup_py'
[0.759s] Level 1:colcon.colcon_core.package_identification:_identify(serial_motor) by extensions ['ignore', 'ignore_ament_install']
[0.759s] Level 1:colcon.colcon_core.package_identification:_identify(serial_motor) by extension 'ignore'
[0.759s] Level 1:colcon.colcon_core.package_identification:_identify(serial_motor) by extension 'ignore_ament_install'
[0.759s] Level 1:colcon.colcon_core.package_identification:_identify(serial_motor) by extensions ['colcon_pkg']
[0.759s] Level 1:colcon.colcon_core.package_identification:_identify(serial_motor) by extension 'colcon_pkg'
[0.759s] Level 1:colcon.colcon_core.package_identification:_identify(serial_motor) by extensions ['colcon_meta']
[0.760s] Level 1:colcon.colcon_core.package_identification:_identify(serial_motor) by extension 'colcon_meta'
[0.760s] Level 1:colcon.colcon_core.package_identification:_identify(serial_motor) by extensions ['ros']
[0.760s] Level 1:colcon.colcon_core.package_identification:_identify(serial_motor) by extension 'ros'
[0.762s] DEBUG:colcon.colcon_core.package_identification:Package 'serial_motor' with type 'ros.ament_python' and name 'serial_motor'
[0.763s] Level 1:colcon.colcon_core.package_identification:_identify(serial_motor_msgs) by extensions ['ignore', 'ignore_ament_install']
[0.763s] Level 1:colcon.colcon_core.package_identification:_identify(serial_motor_msgs) by extension 'ignore'
[0.763s] Level 1:colcon.colcon_core.package_identification:_identify(serial_motor_msgs) by extension 'ignore_ament_install'
[0.764s] Level 1:colcon.colcon_core.package_identification:_identify(serial_motor_msgs) by extensions ['colcon_pkg']
[0.764s] Level 1:colcon.colcon_core.package_identification:_identify(serial_motor_msgs) by extension 'colcon_pkg'
[0.764s] Level 1:colcon.colcon_core.package_identification:_identify(serial_motor_msgs) by extensions ['colcon_meta']
[0.764s] Level 1:colcon.colcon_core.package_identification:_identify(serial_motor_msgs) by extension 'colcon_meta'
[0.764s] Level 1:colcon.colcon_core.package_identification:_identify(serial_motor_msgs) by extensions ['ros']
[0.764s] Level 1:colcon.colcon_core.package_identification:_identify(serial_motor_msgs) by extension 'ros'
[0.766s] DEBUG:colcon.colcon_core.package_identification:Package 'serial_motor_msgs' with type 'ros.ament_cmake' and name 'serial_motor_msgs'
[0.766s] Level 1:colcon.colcon_core.package_discovery:discover_packages(recursive) using defaults
[0.766s] Level 1:colcon.colcon_core.package_discovery:discover_packages(ignore) discover
[0.766s] Level 1:colcon.colcon_core.package_discovery:discover_packages(ignore) using defaults
[0.766s] Level 1:colcon.colcon_core.package_discovery:discover_packages(path) discover
[0.766s] Level 1:colcon.colcon_core.package_discovery:discover_packages(path) using defaults
[0.837s] INFO:colcon.colcon_core.package_selection:Skipping not selected package 'lslidar_msgs' in 'Lslidar_ROS2_driver/lslidar_msgs'
[0.837s] INFO:colcon.colcon_core.package_selection:Skipping not selected package 'serial_motor_msgs' in 'serial_motor_msgs'
[0.837s] INFO:colcon.colcon_core.package_selection:Skipping not selected package 'lslidar_driver' in 'Lslidar_ROS2_driver/lslidar_driver'
[0.837s] INFO:colcon.colcon_core.package_selection:Skipping not selected package 'serial_motor' in 'serial_motor'
[0.839s] Level 1:colcon.colcon_core.package_discovery:discover_packages(prefix_path) check parameters
[0.839s] Level 1:colcon.colcon_core.package_discovery:discover_packages(prefix_path) discover
[0.849s] DEBUG:colcon.colcon_installed_package_information.package_discovery:Found 5 installed packages in /home/cowbot/cowbot_ws/install
[0.856s] DEBUG:colcon.colcon_installed_package_information.package_discovery:Found 198 installed packages in /opt/ros/jazzy
[0.858s] Level 1:colcon.colcon_core.package_discovery:discover_packages(prefix_path) using defaults
[0.998s] Level 5:colcon.colcon_core.verb:set package 'cowbot_bringup' build argument 'cmake_args' from command line to 'None'
[0.998s] Level 5:colcon.colcon_core.verb:set package 'cowbot_bringup' build argument 'cmake_target' from command line to 'None'
[0.998s] Level 5:colcon.colcon_core.verb:set package 'cowbot_bringup' build argument 'cmake_target_skip_unavailable' from command line to 'False'
[0.998s] Level 5:colcon.colcon_core.verb:set package 'cowbot_bringup' build argument 'cmake_clean_cache' from command line to 'False'
[0.998s] Level 5:colcon.colcon_core.verb:set package 'cowbot_bringup' build argument 'cmake_clean_first' from command line to 'False'
[0.998s] Level 5:colcon.colcon_core.verb:set package 'cowbot_bringup' build argument 'cmake_force_configure' from command line to 'False'
[0.999s] Level 5:colcon.colcon_core.verb:set package 'cowbot_bringup' build argument 'ament_cmake_args' from command line to 'None'
[0.999s] Level 5:colcon.colcon_core.verb:set package 'cowbot_bringup' build argument 'catkin_cmake_args' from command line to 'None'
[0.999s] Level 5:colcon.colcon_core.verb:set package 'cowbot_bringup' build argument 'catkin_skip_building_tests' from command line to 'False'
[0.999s] DEBUG:colcon.colcon_core.verb:Building package 'cowbot_bringup' with the following arguments: {'ament_cmake_args': None, 'build_base': '/home/cowbot/cowbot_ws/src/build/cowbot_bringup', 'catkin_cmake_args': None, 'catkin_skip_building_tests': False, 'cmake_args': None, 'cmake_clean_cache': False, 'cmake_clean_first': False, 'cmake_force_configure': False, 'cmake_target': None, 'cmake_target_skip_unavailable': False, 'install_base': '/home/cowbot/cowbot_ws/src/install/cowbot_bringup', 'merge_install': False, 'path': '/home/cowbot/cowbot_ws/src/cowbot_bringup', 'symlink_install': False, 'test_result_base': None}
[0.999s] INFO:colcon.colcon_core.executor:Executing jobs using 'parallel' executor
[1.002s] DEBUG:colcon.colcon_parallel_executor.executor.parallel:run_until_complete
[1.003s] INFO:colcon.colcon_ros.task.ament_cmake.build:Building ROS package in '/home/cowbot/cowbot_ws/src/cowbot_bringup' with build type 'ament_cmake'
[1.004s] INFO:colcon.colcon_cmake.task.cmake.build:Building CMake package in '/home/cowbot/cowbot_ws/src/cowbot_bringup'
[1.012s] INFO:colcon.colcon_core.plugin_system:Skipping extension 'colcon_core.shell.bat': Not used on non-Windows systems
[1.013s] INFO:colcon.colcon_core.shell:Skip shell extension 'powershell' for command environment: Not usable outside of PowerShell
[1.013s] DEBUG:colcon.colcon_core.shell:Skip shell extension 'dsv' for command environment
[1.049s] DEBUG:colcon.colcon_core.event_handler.log_command:Invoking command in '/home/cowbot/cowbot_ws/src/build/cowbot_bringup': CMAKE_PREFIX_PATH=${CMAKE_PREFIX_PATH}:/home/cowbot/cowbot_ws/install/serial_motor:/opt/ros/jazzy /usr/bin/cmake /home/cowbot/cowbot_ws/src/cowbot_bringup -DCMAKE_INSTALL_PREFIX=/home/cowbot/cowbot_ws/src/install/cowbot_bringup
[4.891s] DEBUG:colcon.colcon_core.event_handler.log_command:Invoked command in '/home/cowbot/cowbot_ws/src/build/cowbot_bringup' returned '0': CMAKE_PREFIX_PATH=${CMAKE_PREFIX_PATH}:/home/cowbot/cowbot_ws/install/serial_motor:/opt/ros/jazzy /usr/bin/cmake /home/cowbot/cowbot_ws/src/cowbot_bringup -DCMAKE_INSTALL_PREFIX=/home/cowbot/cowbot_ws/src/install/cowbot_bringup
[4.898s] DEBUG:colcon.colcon_core.event_handler.log_command:Invoking command in '/home/cowbot/cowbot_ws/src/build/cowbot_bringup': CMAKE_PREFIX_PATH=${CMAKE_PREFIX_PATH}:/home/cowbot/cowbot_ws/install/serial_motor:/opt/ros/jazzy /usr/bin/cmake --build /home/cowbot/cowbot_ws/src/build/cowbot_bringup -- -j4 -l4
[5.089s] DEBUG:colcon.colcon_core.event_handler.log_command:Invoked command in '/home/cowbot/cowbot_ws/src/build/cowbot_bringup' returned '0': CMAKE_PREFIX_PATH=${CMAKE_PREFIX_PATH}:/home/cowbot/cowbot_ws/install/serial_motor:/opt/ros/jazzy /usr/bin/cmake --build /home/cowbot/cowbot_ws/src/build/cowbot_bringup -- -j4 -l4
[5.138s] DEBUG:colcon.colcon_core.event_handler.log_command:Invoking command in '/home/cowbot/cowbot_ws/src/build/cowbot_bringup': CMAKE_PREFIX_PATH=${CMAKE_PREFIX_PATH}:/home/cowbot/cowbot_ws/install/serial_motor:/opt/ros/jazzy /usr/bin/cmake --install /home/cowbot/cowbot_ws/src/build/cowbot_bringup
[5.202s] Level 1:colcon.colcon_core.environment:create_environment_scripts_only(cowbot_bringup)
[5.203s] DEBUG:colcon.colcon_core.event_handler.log_command:Invoked command in '/home/cowbot/cowbot_ws/src/build/cowbot_bringup' returned '0': CMAKE_PREFIX_PATH=${CMAKE_PREFIX_PATH}:/home/cowbot/cowbot_ws/install/serial_motor:/opt/ros/jazzy /usr/bin/cmake --install /home/cowbot/cowbot_ws/src/build/cowbot_bringup
[5.212s] Level 1:colcon.colcon_core.environment:checking '/home/cowbot/cowbot_ws/src/install/cowbot_bringup' for CMake module files
[5.215s] Level 1:colcon.colcon_core.environment:checking '/home/cowbot/cowbot_ws/src/install/cowbot_bringup' for CMake config files
[5.216s] Level 1:colcon.colcon_core.shell:create_environment_hook('cowbot_bringup', 'cmake_prefix_path')
[5.217s] INFO:colcon.colcon_core.shell:Creating environment hook '/home/cowbot/cowbot_ws/src/install/cowbot_bringup/share/cowbot_bringup/hook/cmake_prefix_path.ps1'
[5.219s] INFO:colcon.colcon_core.shell:Creating environment descriptor '/home/cowbot/cowbot_ws/src/install/cowbot_bringup/share/cowbot_bringup/hook/cmake_prefix_path.dsv'
[5.221s] INFO:colcon.colcon_core.shell:Creating environment hook '/home/cowbot/cowbot_ws/src/install/cowbot_bringup/share/cowbot_bringup/hook/cmake_prefix_path.sh'
[5.224s] Level 1:colcon.colcon_core.environment:checking '/home/cowbot/cowbot_ws/src/install/cowbot_bringup/bin'
[5.224s] Level 1:colcon.colcon_core.environment:checking '/home/cowbot/cowbot_ws/src/install/cowbot_bringup/lib/pkgconfig/cowbot_bringup.pc'
[5.225s] Level 1:colcon.colcon_core.environment:checking '/home/cowbot/cowbot_ws/src/install/cowbot_bringup/lib/python3.12/site-packages'
[5.227s] Level 1:colcon.colcon_core.environment:checking '/home/cowbot/cowbot_ws/src/install/cowbot_bringup/bin'
[5.228s] INFO:colcon.colcon_core.shell:Creating package script '/home/cowbot/cowbot_ws/src/install/cowbot_bringup/share/cowbot_bringup/package.ps1'
[5.231s] INFO:colcon.colcon_core.shell:Creating package descriptor '/home/cowbot/cowbot_ws/src/install/cowbot_bringup/share/cowbot_bringup/package.dsv'
[5.233s] INFO:colcon.colcon_core.shell:Creating package script '/home/cowbot/cowbot_ws/src/install/cowbot_bringup/share/cowbot_bringup/package.sh'
[5.235s] INFO:colcon.colcon_core.shell:Creating package script '/home/cowbot/cowbot_ws/src/install/cowbot_bringup/share/cowbot_bringup/package.bash'
[5.238s] INFO:colcon.colcon_core.shell:Creating package script '/home/cowbot/cowbot_ws/src/install/cowbot_bringup/share/cowbot_bringup/package.zsh'
[5.240s] Level 1:colcon.colcon_core.environment:create_file_with_runtime_dependencies(/home/cowbot/cowbot_ws/src/install/cowbot_bringup/share/colcon-core/packages/cowbot_bringup)
[5.242s] Level 1:colcon.colcon_core.environment:create_environment_scripts_only(cowbot_bringup)
[5.243s] Level 1:colcon.colcon_core.environment:checking '/home/cowbot/cowbot_ws/src/install/cowbot_bringup' for CMake module files
[5.246s] Level 1:colcon.colcon_core.environment:checking '/home/cowbot/cowbot_ws/src/install/cowbot_bringup' for CMake config files
[5.247s] Level 1:colcon.colcon_core.shell:create_environment_hook('cowbot_bringup', 'cmake_prefix_path')
[5.247s] INFO:colcon.colcon_core.shell:Creating environment hook '/home/cowbot/cowbot_ws/src/install/cowbot_bringup/share/cowbot_bringup/hook/cmake_prefix_path.ps1'
[5.249s] INFO:colcon.colcon_core.shell:Creating environment descriptor '/home/cowbot/cowbot_ws/src/install/cowbot_bringup/share/cowbot_bringup/hook/cmake_prefix_path.dsv'
[5.251s] INFO:colcon.colcon_core.shell:Creating environment hook '/home/cowbot/cowbot_ws/src/install/cowbot_bringup/share/cowbot_bringup/hook/cmake_prefix_path.sh'
[5.254s] Level 1:colcon.colcon_core.environment:checking '/home/cowbot/cowbot_ws/src/install/cowbot_bringup/bin'
[5.254s] Level 1:colcon.colcon_core.environment:checking '/home/cowbot/cowbot_ws/src/install/cowbot_bringup/lib/pkgconfig/cowbot_bringup.pc'
[5.255s] Level 1:colcon.colcon_core.environment:checking '/home/cowbot/cowbot_ws/src/install/cowbot_bringup/lib/python3.12/site-packages'
[5.257s] Level 1:colcon.colcon_core.environment:checking '/home/cowbot/cowbot_ws/src/install/cowbot_bringup/bin'
[5.257s] INFO:colcon.colcon_core.shell:Creating package script '/home/cowbot/cowbot_ws/src/install/cowbot_bringup/share/cowbot_bringup/package.ps1'
[5.259s] INFO:colcon.colcon_core.shell:Creating package descriptor '/home/cowbot/cowbot_ws/src/install/cowbot_bringup/share/cowbot_bringup/package.dsv'
[5.262s] INFO:colcon.colcon_core.shell:Creating package script '/home/cowbot/cowbot_ws/src/install/cowbot_bringup/share/cowbot_bringup/package.sh'
[5.264s] INFO:colcon.colcon_core.shell:Creating package script '/home/cowbot/cowbot_ws/src/install/cowbot_bringup/share/cowbot_bringup/package.bash'
[5.265s] INFO:colcon.colcon_core.shell:Creating package script '/home/cowbot/cowbot_ws/src/install/cowbot_bringup/share/cowbot_bringup/package.zsh'
[5.267s] Level 1:colcon.colcon_core.environment:create_file_with_runtime_dependencies(/home/cowbot/cowbot_ws/src/install/cowbot_bringup/share/colcon-core/packages/cowbot_bringup)
[5.268s] DEBUG:colcon.colcon_parallel_executor.executor.parallel:closing loop
[5.269s] DEBUG:colcon.colcon_parallel_executor.executor.parallel:loop closed
[5.270s] DEBUG:colcon.colcon_parallel_executor.executor.parallel:run_until_complete finished with '0'
[5.270s] DEBUG:colcon.colcon_core.event_reactor:joining thread
[5.293s] INFO:colcon.colcon_core.plugin_system:Skipping extension 'colcon_notification.desktop_notification.notify_send': Could not find 'notify-send'
[5.294s] INFO:colcon.colcon_core.plugin_system:Skipping extension 'colcon_notification.desktop_notification.terminal_notifier': Not used on non-Darwin systems
[5.294s] INFO:colcon.colcon_core.plugin_system:Skipping extension 'colcon_notification.desktop_notification.win32': Not used on non-Windows systems
[5.294s] INFO:colcon.colcon_notification.desktop_notification:Sending desktop notification using 'notify2'
[5.297s] DEBUG:colcon.colcon_notification.desktop_notification.notify2:Failed to initialize notify2: org.freedesktop.DBus.Error.ServiceUnknown: The name org.freedesktop.Notifications was not provided by any .service files
[5.298s] DEBUG:colcon.colcon_core.event_reactor:joined thread
[5.298s] INFO:colcon.colcon_core.shell:Creating prefix script '/home/cowbot/cowbot_ws/src/install/local_setup.ps1'
[5.301s] INFO:colcon.colcon_core.shell:Creating prefix util module '/home/cowbot/cowbot_ws/src/install/_local_setup_util_ps1.py'
[5.306s] INFO:colcon.colcon_core.shell:Creating prefix chain script '/home/cowbot/cowbot_ws/src/install/setup.ps1'
[5.312s] INFO:colcon.colcon_core.shell:Creating prefix script '/home/cowbot/cowbot_ws/src/install/local_setup.sh'
[5.314s] INFO:colcon.colcon_core.shell:Creating prefix util module '/home/cowbot/cowbot_ws/src/install/_local_setup_util_sh.py'
[5.317s] INFO:colcon.colcon_core.shell:Creating prefix chain script '/home/cowbot/cowbot_ws/src/install/setup.sh'
[5.322s] INFO:colcon.colcon_core.shell:Creating prefix script '/home/cowbot/cowbot_ws/src/install/local_setup.bash'
[5.324s] INFO:colcon.colcon_core.shell:Creating prefix chain script '/home/cowbot/cowbot_ws/src/install/setup.bash'
[5.328s] INFO:colcon.colcon_core.shell:Creating prefix script '/home/cowbot/cowbot_ws/src/install/local_setup.zsh'
[5.330s] INFO:colcon.colcon_core.shell:Creating prefix chain script '/home/cowbot/cowbot_ws/src/install/setup.zsh'
