[0.102s] Invoking command in '/home/cowbot/cowbot_ws/build/serial_motor_msgs': CMAKE_PREFIX_PATH=${CMAKE_PREFIX_PATH}:/home/cowbot/cowbot_ws/install/serial_motor:/opt/ros/jazzy /usr/bin/cmake --build /home/cowbot/cowbot_ws/build/serial_motor_msgs -- -j4 -l4
[0.453s] [  1%] Built target serial_motor_msgs__rosidl_generator_type_description
[0.622s] [  1%] Built target ament_cmake_python_symlink_serial_motor_msgs
[0.729s] [  3%] Built target serial_motor_msgs__cpp
[0.748s] [ 24%] Built target serial_motor_msgs__rosidl_generator_c
[1.007s] [ 33%] Built target serial_motor_msgs__rosidl_typesupport_introspection_c
[1.115s] [ 42%] Built target serial_motor_msgs__rosidl_typesupport_c
[1.144s] [ 51%] Built target serial_motor_msgs__rosidl_typesupport_fastrtps_cpp
[1.295s] [ 61%] Built target serial_motor_msgs__rosidl_typesupport_introspection_cpp
[1.445s] [ 70%] Built target serial_motor_msgs__rosidl_typesupport_cpp
[1.476s] [ 79%] Built target serial_motor_msgs__rosidl_typesupport_fastrtps_c
[1.680s] [ 79%] Built target serial_motor_msgs
[1.932s] [ 81%] Built target serial_motor_msgs__py
[2.230s] [ 88%] Built target serial_motor_msgs__rosidl_generator_py
[2.448s] [ 92%] Built target serial_motor_msgs_s__rosidl_typesupport_fastrtps_c
[2.469s] [ 96%] Built target serial_motor_msgs_s__rosidl_typesupport_c
[2.492s] [100%] Built target serial_motor_msgs_s__rosidl_typesupport_introspection_c
[2.661s] running egg_info
[2.751s] writing serial_motor_msgs.egg-info/PKG-INFO
[2.752s] writing dependency_links to serial_motor_msgs.egg-info/dependency_links.txt
[2.754s] writing top-level names to serial_motor_msgs.egg-info/top_level.txt
[3.076s] reading manifest file 'serial_motor_msgs.egg-info/SOURCES.txt'
[3.079s] writing manifest file 'serial_motor_msgs.egg-info/SOURCES.txt'
[3.241s] [100%] Built target ament_cmake_python_build_serial_motor_msgs_egg
[3.304s] Invoked command in '/home/cowbot/cowbot_ws/build/serial_motor_msgs' returned '0': CMAKE_PREFIX_PATH=${CMAKE_PREFIX_PATH}:/home/cowbot/cowbot_ws/install/serial_motor:/opt/ros/jazzy /usr/bin/cmake --build /home/cowbot/cowbot_ws/build/serial_motor_msgs -- -j4 -l4
[3.312s] Invoking command in '/home/cowbot/cowbot_ws/build/serial_motor_msgs': CMAKE_PREFIX_PATH=${CMAKE_PREFIX_PATH}:/home/cowbot/cowbot_ws/install/serial_motor:/opt/ros/jazzy /usr/bin/cmake --install /home/cowbot/cowbot_ws/build/serial_motor_msgs
[3.356s] -- Install configuration: ""
[3.358s] -- Execute custom install script
[3.359s] -- Up-to-date symlink: /home/cowbot/cowbot_ws/install/serial_motor_msgs/share/ament_index/resource_index/rosidl_interfaces/serial_motor_msgs
[3.361s] -- Up-to-date symlink: /home/cowbot/cowbot_ws/install/serial_motor_msgs/share/serial_motor_msgs/msg/MotorVels.json
[3.362s] -- Up-to-date symlink: /home/cowbot/cowbot_ws/install/serial_motor_msgs/share/serial_motor_msgs/msg/MotorCommands.json
[3.363s] -- Up-to-date symlink: /home/cowbot/cowbot_ws/install/serial_motor_msgs/share/serial_motor_msgs/msg/EncoderVals.json
[3.367s] -- Up-to-date symlink: /home/cowbot/cowbot_ws/install/serial_motor_msgs/include/serial_motor_msgs/serial_motor_msgs/msg/detail/encoder_vals__functions.h
[3.368s] -- Up-to-date symlink: /home/cowbot/cowbot_ws/install/serial_motor_msgs/include/serial_motor_msgs/serial_motor_msgs/msg/detail/encoder_vals__struct.h
[3.369s] -- Up-to-date symlink: /home/cowbot/cowbot_ws/install/serial_motor_msgs/include/serial_motor_msgs/serial_motor_msgs/msg/detail/encoder_vals__type_support.h
[3.370s] -- Up-to-date symlink: /home/cowbot/cowbot_ws/install/serial_motor_msgs/include/serial_motor_msgs/serial_motor_msgs/msg/detail/motor_commands__functions.h
[3.371s] -- Up-to-date symlink: /home/cowbot/cowbot_ws/install/serial_motor_msgs/include/serial_motor_msgs/serial_motor_msgs/msg/detail/motor_commands__struct.h
[3.373s] -- Up-to-date symlink: /home/cowbot/cowbot_ws/install/serial_motor_msgs/include/serial_motor_msgs/serial_motor_msgs/msg/detail/motor_commands__type_support.h
[3.374s] -- Up-to-date symlink: /home/cowbot/cowbot_ws/install/serial_motor_msgs/include/serial_motor_msgs/serial_motor_msgs/msg/detail/motor_vels__functions.h
[3.375s] -- Up-to-date symlink: /home/cowbot/cowbot_ws/install/serial_motor_msgs/include/serial_motor_msgs/serial_motor_msgs/msg/detail/motor_vels__struct.h
[3.376s] -- Up-to-date symlink: /home/cowbot/cowbot_ws/install/serial_motor_msgs/include/serial_motor_msgs/serial_motor_msgs/msg/detail/motor_vels__type_support.h
[3.377s] -- Up-to-date symlink: /home/cowbot/cowbot_ws/install/serial_motor_msgs/include/serial_motor_msgs/serial_motor_msgs/msg/encoder_vals.h
[3.378s] -- Up-to-date symlink: /home/cowbot/cowbot_ws/install/serial_motor_msgs/include/serial_motor_msgs/serial_motor_msgs/msg/motor_commands.h
[3.379s] -- Up-to-date symlink: /home/cowbot/cowbot_ws/install/serial_motor_msgs/include/serial_motor_msgs/serial_motor_msgs/msg/motor_vels.h
[3.380s] -- Up-to-date symlink: /home/cowbot/cowbot_ws/install/serial_motor_msgs/include/serial_motor_msgs/serial_motor_msgs/msg/rosidl_generator_c__visibility_control.h
[3.381s] -- Up-to-date symlink: /home/cowbot/cowbot_ws/install/serial_motor_msgs/share/serial_motor_msgs/environment/library_path.sh
[3.382s] -- Up-to-date symlink: /home/cowbot/cowbot_ws/install/serial_motor_msgs/share/serial_motor_msgs/environment/library_path.dsv
[3.387s] -- Up-to-date symlink: /home/cowbot/cowbot_ws/install/serial_motor_msgs/include/serial_motor_msgs/serial_motor_msgs/msg/detail/encoder_vals__rosidl_typesupport_fastrtps_c.h
[3.388s] -- Up-to-date symlink: /home/cowbot/cowbot_ws/install/serial_motor_msgs/include/serial_motor_msgs/serial_motor_msgs/msg/detail/motor_commands__rosidl_typesupport_fastrtps_c.h
[3.388s] -- Up-to-date symlink: /home/cowbot/cowbot_ws/install/serial_motor_msgs/include/serial_motor_msgs/serial_motor_msgs/msg/detail/motor_vels__rosidl_typesupport_fastrtps_c.h
[3.390s] -- Up-to-date symlink: /home/cowbot/cowbot_ws/install/serial_motor_msgs/include/serial_motor_msgs/serial_motor_msgs/msg/rosidl_typesupport_fastrtps_c__visibility_control.h
[3.392s] -- Up-to-date symlink: /home/cowbot/cowbot_ws/install/serial_motor_msgs/include/serial_motor_msgs/serial_motor_msgs/msg/detail/encoder_vals__rosidl_typesupport_introspection_c.h
[3.393s] -- Up-to-date symlink: /home/cowbot/cowbot_ws/install/serial_motor_msgs/include/serial_motor_msgs/serial_motor_msgs/msg/detail/motor_commands__rosidl_typesupport_introspection_c.h
[3.394s] -- Up-to-date symlink: /home/cowbot/cowbot_ws/install/serial_motor_msgs/include/serial_motor_msgs/serial_motor_msgs/msg/detail/motor_vels__rosidl_typesupport_introspection_c.h
[3.396s] -- Up-to-date symlink: /home/cowbot/cowbot_ws/install/serial_motor_msgs/include/serial_motor_msgs/serial_motor_msgs/msg/rosidl_typesupport_introspection_c__visibility_control.h
[3.399s] -- Up-to-date symlink: /home/cowbot/cowbot_ws/install/serial_motor_msgs/include/serial_motor_msgs/serial_motor_msgs/msg/detail/encoder_vals__builder.hpp
[3.400s] -- Up-to-date symlink: /home/cowbot/cowbot_ws/install/serial_motor_msgs/include/serial_motor_msgs/serial_motor_msgs/msg/detail/encoder_vals__struct.hpp
[3.401s] -- Up-to-date symlink: /home/cowbot/cowbot_ws/install/serial_motor_msgs/include/serial_motor_msgs/serial_motor_msgs/msg/detail/encoder_vals__traits.hpp
[3.402s] -- Up-to-date symlink: /home/cowbot/cowbot_ws/install/serial_motor_msgs/include/serial_motor_msgs/serial_motor_msgs/msg/detail/encoder_vals__type_support.hpp
[3.403s] -- Up-to-date symlink: /home/cowbot/cowbot_ws/install/serial_motor_msgs/include/serial_motor_msgs/serial_motor_msgs/msg/detail/motor_commands__builder.hpp
[3.404s] -- Up-to-date symlink: /home/cowbot/cowbot_ws/install/serial_motor_msgs/include/serial_motor_msgs/serial_motor_msgs/msg/detail/motor_commands__struct.hpp
[3.405s] -- Up-to-date symlink: /home/cowbot/cowbot_ws/install/serial_motor_msgs/include/serial_motor_msgs/serial_motor_msgs/msg/detail/motor_commands__traits.hpp
[3.406s] -- Up-to-date symlink: /home/cowbot/cowbot_ws/install/serial_motor_msgs/include/serial_motor_msgs/serial_motor_msgs/msg/detail/motor_commands__type_support.hpp
[3.408s] -- Up-to-date symlink: /home/cowbot/cowbot_ws/install/serial_motor_msgs/include/serial_motor_msgs/serial_motor_msgs/msg/detail/motor_vels__builder.hpp
[3.409s] -- Up-to-date symlink: /home/cowbot/cowbot_ws/install/serial_motor_msgs/include/serial_motor_msgs/serial_motor_msgs/msg/detail/motor_vels__struct.hpp
[3.410s] -- Up-to-date symlink: /home/cowbot/cowbot_ws/install/serial_motor_msgs/include/serial_motor_msgs/serial_motor_msgs/msg/detail/motor_vels__traits.hpp
[3.411s] -- Up-to-date symlink: /home/cowbot/cowbot_ws/install/serial_motor_msgs/include/serial_motor_msgs/serial_motor_msgs/msg/detail/motor_vels__type_support.hpp
[3.412s] -- Up-to-date symlink: /home/cowbot/cowbot_ws/install/serial_motor_msgs/include/serial_motor_msgs/serial_motor_msgs/msg/encoder_vals.hpp
[3.414s] -- Up-to-date symlink: /home/cowbot/cowbot_ws/install/serial_motor_msgs/include/serial_motor_msgs/serial_motor_msgs/msg/motor_commands.hpp
[3.415s] -- Up-to-date symlink: /home/cowbot/cowbot_ws/install/serial_motor_msgs/include/serial_motor_msgs/serial_motor_msgs/msg/motor_vels.hpp
[3.416s] -- Up-to-date symlink: /home/cowbot/cowbot_ws/install/serial_motor_msgs/include/serial_motor_msgs/serial_motor_msgs/msg/rosidl_generator_cpp__visibility_control.hpp
[3.420s] -- Up-to-date symlink: /home/cowbot/cowbot_ws/install/serial_motor_msgs/include/serial_motor_msgs/serial_motor_msgs/msg/detail/encoder_vals__rosidl_typesupport_fastrtps_cpp.hpp
[3.421s] -- Up-to-date symlink: /home/cowbot/cowbot_ws/install/serial_motor_msgs/include/serial_motor_msgs/serial_motor_msgs/msg/detail/motor_commands__rosidl_typesupport_fastrtps_cpp.hpp
[3.422s] -- Up-to-date symlink: /home/cowbot/cowbot_ws/install/serial_motor_msgs/include/serial_motor_msgs/serial_motor_msgs/msg/detail/motor_vels__rosidl_typesupport_fastrtps_cpp.hpp
[3.423s] -- Up-to-date symlink: /home/cowbot/cowbot_ws/install/serial_motor_msgs/include/serial_motor_msgs/serial_motor_msgs/msg/rosidl_typesupport_fastrtps_cpp__visibility_control.h
[3.426s] -- Up-to-date symlink: /home/cowbot/cowbot_ws/install/serial_motor_msgs/include/serial_motor_msgs/serial_motor_msgs/msg/detail/encoder_vals__rosidl_typesupport_introspection_cpp.hpp
[3.427s] -- Up-to-date symlink: /home/cowbot/cowbot_ws/install/serial_motor_msgs/include/serial_motor_msgs/serial_motor_msgs/msg/detail/motor_commands__rosidl_typesupport_introspection_cpp.hpp
[3.429s] -- Up-to-date symlink: /home/cowbot/cowbot_ws/install/serial_motor_msgs/include/serial_motor_msgs/serial_motor_msgs/msg/detail/motor_vels__rosidl_typesupport_introspection_cpp.hpp
[3.430s] -- Up-to-date symlink: /home/cowbot/cowbot_ws/install/serial_motor_msgs/share/serial_motor_msgs/environment/pythonpath.sh
[3.432s] -- Up-to-date symlink: /home/cowbot/cowbot_ws/install/serial_motor_msgs/share/serial_motor_msgs/environment/pythonpath.dsv
[3.433s] -- Up-to-date symlink: /home/cowbot/cowbot_ws/install/serial_motor_msgs/lib/python3.12/site-packages/serial_motor_msgs-0.0.0-py3.12.egg-info/PKG-INFO
[3.435s] -- Up-to-date symlink: /home/cowbot/cowbot_ws/install/serial_motor_msgs/lib/python3.12/site-packages/serial_motor_msgs-0.0.0-py3.12.egg-info/SOURCES.txt
[3.436s] -- Up-to-date symlink: /home/cowbot/cowbot_ws/install/serial_motor_msgs/lib/python3.12/site-packages/serial_motor_msgs-0.0.0-py3.12.egg-info/dependency_links.txt
[3.436s] -- Up-to-date symlink: /home/cowbot/cowbot_ws/install/serial_motor_msgs/lib/python3.12/site-packages/serial_motor_msgs-0.0.0-py3.12.egg-info/top_level.txt
[3.442s] -- Up-to-date symlink: /home/cowbot/cowbot_ws/install/serial_motor_msgs/lib/python3.12/site-packages/serial_motor_msgs/__init__.py
[3.443s] -- Up-to-date symlink: /home/cowbot/cowbot_ws/install/serial_motor_msgs/lib/python3.12/site-packages/serial_motor_msgs/_serial_motor_msgs_s.ep.rosidl_typesupport_c.c
[3.444s] -- Up-to-date symlink: /home/cowbot/cowbot_ws/install/serial_motor_msgs/lib/python3.12/site-packages/serial_motor_msgs/_serial_motor_msgs_s.ep.rosidl_typesupport_fastrtps_c.c
[3.445s] -- Up-to-date symlink: /home/cowbot/cowbot_ws/install/serial_motor_msgs/lib/python3.12/site-packages/serial_motor_msgs/_serial_motor_msgs_s.ep.rosidl_typesupport_introspection_c.c
[3.446s] -- Up-to-date symlink: /home/cowbot/cowbot_ws/install/serial_motor_msgs/lib/python3.12/site-packages/serial_motor_msgs/msg/__init__.py
[3.447s] -- Up-to-date symlink: /home/cowbot/cowbot_ws/install/serial_motor_msgs/lib/python3.12/site-packages/serial_motor_msgs/msg/_encoder_vals.py
[3.448s] -- Up-to-date symlink: /home/cowbot/cowbot_ws/install/serial_motor_msgs/lib/python3.12/site-packages/serial_motor_msgs/msg/_encoder_vals_s.c
[3.449s] -- Up-to-date symlink: /home/cowbot/cowbot_ws/install/serial_motor_msgs/lib/python3.12/site-packages/serial_motor_msgs/msg/_motor_commands.py
[3.451s] -- Up-to-date symlink: /home/cowbot/cowbot_ws/install/serial_motor_msgs/lib/python3.12/site-packages/serial_motor_msgs/msg/_motor_commands_s.c
[3.452s] -- Up-to-date symlink: /home/cowbot/cowbot_ws/install/serial_motor_msgs/lib/python3.12/site-packages/serial_motor_msgs/msg/_motor_vels.py
[3.453s] -- Up-to-date symlink: /home/cowbot/cowbot_ws/install/serial_motor_msgs/lib/python3.12/site-packages/serial_motor_msgs/msg/_motor_vels_s.c
[3.454s] -- Up-to-date symlink: /home/cowbot/cowbot_ws/install/serial_motor_msgs/lib/python3.12/site-packages/serial_motor_msgs/serial_motor_msgs_s__rosidl_typesupport_c.so
[3.455s] -- Up-to-date symlink: /home/cowbot/cowbot_ws/install/serial_motor_msgs/lib/python3.12/site-packages/serial_motor_msgs/serial_motor_msgs_s__rosidl_typesupport_fastrtps_c.so
[3.456s] -- Up-to-date symlink: /home/cowbot/cowbot_ws/install/serial_motor_msgs/lib/python3.12/site-packages/serial_motor_msgs/serial_motor_msgs_s__rosidl_typesupport_introspection_c.so
[3.458s] -- Up-to-date symlink: /home/cowbot/cowbot_ws/install/serial_motor_msgs/lib/python3.12/site-packages/serial_motor_msgs/serial_motor_msgs_s__rosidl_typesupport_fastrtps_c.so
[3.460s] -- Up-to-date symlink: /home/cowbot/cowbot_ws/install/serial_motor_msgs/lib/python3.12/site-packages/serial_motor_msgs/serial_motor_msgs_s__rosidl_typesupport_introspection_c.so
[3.462s] -- Up-to-date symlink: /home/cowbot/cowbot_ws/install/serial_motor_msgs/lib/python3.12/site-packages/serial_motor_msgs/serial_motor_msgs_s__rosidl_typesupport_c.so
[3.464s] -- Up-to-date symlink: /home/cowbot/cowbot_ws/install/serial_motor_msgs/share/serial_motor_msgs/msg/MotorVels.idl
[3.465s] -- Up-to-date symlink: /home/cowbot/cowbot_ws/install/serial_motor_msgs/share/serial_motor_msgs/msg/MotorCommands.idl
[3.466s] -- Up-to-date symlink: /home/cowbot/cowbot_ws/install/serial_motor_msgs/share/serial_motor_msgs/msg/EncoderVals.idl
[3.468s] -- Up-to-date symlink: /home/cowbot/cowbot_ws/install/serial_motor_msgs/share/serial_motor_msgs/msg/MotorVels.msg
[3.469s] -- Up-to-date symlink: /home/cowbot/cowbot_ws/install/serial_motor_msgs/share/serial_motor_msgs/msg/MotorCommands.msg
[3.470s] -- Up-to-date symlink: /home/cowbot/cowbot_ws/install/serial_motor_msgs/share/serial_motor_msgs/msg/EncoderVals.msg
[3.472s] -- Up-to-date symlink: /home/cowbot/cowbot_ws/install/serial_motor_msgs/share/ament_index/resource_index/package_run_dependencies/serial_motor_msgs
[3.473s] -- Up-to-date symlink: /home/cowbot/cowbot_ws/install/serial_motor_msgs/share/ament_index/resource_index/parent_prefix_path/serial_motor_msgs
[3.474s] -- Up-to-date symlink: /home/cowbot/cowbot_ws/install/serial_motor_msgs/share/serial_motor_msgs/environment/ament_prefix_path.sh
[3.476s] -- Up-to-date symlink: /home/cowbot/cowbot_ws/install/serial_motor_msgs/share/serial_motor_msgs/environment/ament_prefix_path.dsv
[3.477s] -- Up-to-date symlink: /home/cowbot/cowbot_ws/install/serial_motor_msgs/share/serial_motor_msgs/environment/path.sh
[3.478s] -- Up-to-date symlink: /home/cowbot/cowbot_ws/install/serial_motor_msgs/share/serial_motor_msgs/environment/path.dsv
[3.480s] -- Up-to-date symlink: /home/cowbot/cowbot_ws/install/serial_motor_msgs/share/serial_motor_msgs/local_setup.bash
[3.481s] -- Up-to-date symlink: /home/cowbot/cowbot_ws/install/serial_motor_msgs/share/serial_motor_msgs/local_setup.sh
[3.482s] -- Up-to-date symlink: /home/cowbot/cowbot_ws/install/serial_motor_msgs/share/serial_motor_msgs/local_setup.zsh
[3.483s] -- Up-to-date symlink: /home/cowbot/cowbot_ws/install/serial_motor_msgs/share/serial_motor_msgs/local_setup.dsv
[3.484s] -- Symlinking: /home/cowbot/cowbot_ws/install/serial_motor_msgs/share/serial_motor_msgs/package.dsv
[3.535s] -- Up-to-date symlink: /home/cowbot/cowbot_ws/install/serial_motor_msgs/share/ament_index/resource_index/packages/serial_motor_msgs
[3.536s] -- Up-to-date symlink: /home/cowbot/cowbot_ws/install/serial_motor_msgs/share/serial_motor_msgs/cmake/rosidl_cmake-extras.cmake
[3.537s] -- Up-to-date symlink: /home/cowbot/cowbot_ws/install/serial_motor_msgs/share/serial_motor_msgs/cmake/ament_cmake_export_include_directories-extras.cmake
[3.539s] -- Up-to-date symlink: /home/cowbot/cowbot_ws/install/serial_motor_msgs/share/serial_motor_msgs/cmake/ament_cmake_export_libraries-extras.cmake
[3.540s] -- Up-to-date symlink: /home/cowbot/cowbot_ws/install/serial_motor_msgs/share/serial_motor_msgs/cmake/ament_cmake_export_targets-extras.cmake
[3.541s] -- Up-to-date symlink: /home/cowbot/cowbot_ws/install/serial_motor_msgs/share/serial_motor_msgs/cmake/rosidl_cmake_export_typesupport_targets-extras.cmake
[3.543s] -- Up-to-date symlink: /home/cowbot/cowbot_ws/install/serial_motor_msgs/share/serial_motor_msgs/cmake/ament_cmake_export_dependencies-extras.cmake
[3.544s] -- Up-to-date symlink: /home/cowbot/cowbot_ws/install/serial_motor_msgs/share/serial_motor_msgs/cmake/rosidl_cmake_export_typesupport_libraries-extras.cmake
[3.545s] -- Up-to-date symlink: /home/cowbot/cowbot_ws/install/serial_motor_msgs/share/serial_motor_msgs/cmake/serial_motor_msgsConfig.cmake
[3.546s] -- Up-to-date symlink: /home/cowbot/cowbot_ws/install/serial_motor_msgs/share/serial_motor_msgs/cmake/serial_motor_msgsConfig-version.cmake
[3.547s] -- Up-to-date symlink: /home/cowbot/cowbot_ws/install/serial_motor_msgs/share/serial_motor_msgs/package.xml
[3.549s] -- Up-to-date: /home/cowbot/cowbot_ws/install/serial_motor_msgs/lib/libserial_motor_msgs__rosidl_generator_c.so
[3.551s] -- Up-to-date: /home/cowbot/cowbot_ws/install/serial_motor_msgs/lib/libserial_motor_msgs__rosidl_typesupport_fastrtps_c.so
[3.553s] -- Up-to-date: /home/cowbot/cowbot_ws/install/serial_motor_msgs/lib/libserial_motor_msgs__rosidl_typesupport_introspection_c.so
[3.555s] -- Up-to-date: /home/cowbot/cowbot_ws/install/serial_motor_msgs/lib/libserial_motor_msgs__rosidl_typesupport_c.so
[3.558s] -- Up-to-date: /home/cowbot/cowbot_ws/install/serial_motor_msgs/lib/libserial_motor_msgs__rosidl_typesupport_fastrtps_cpp.so
[3.560s] -- Up-to-date: /home/cowbot/cowbot_ws/install/serial_motor_msgs/lib/libserial_motor_msgs__rosidl_typesupport_introspection_cpp.so
[3.563s] -- Up-to-date: /home/cowbot/cowbot_ws/install/serial_motor_msgs/lib/libserial_motor_msgs__rosidl_typesupport_cpp.so
[3.765s] Listing '/home/cowbot/cowbot_ws/install/serial_motor_msgs/lib/python3.12/site-packages/serial_motor_msgs'...
[3.767s] Listing '/home/cowbot/cowbot_ws/install/serial_motor_msgs/lib/python3.12/site-packages/serial_motor_msgs/msg'...
[3.797s] -- Up-to-date: /home/cowbot/cowbot_ws/install/serial_motor_msgs/lib/libserial_motor_msgs__rosidl_generator_py.so
[3.799s] -- Up-to-date: /home/cowbot/cowbot_ws/install/serial_motor_msgs/share/serial_motor_msgs/cmake/export_serial_motor_msgs__rosidl_generator_cExport.cmake
[3.800s] -- Up-to-date: /home/cowbot/cowbot_ws/install/serial_motor_msgs/share/serial_motor_msgs/cmake/export_serial_motor_msgs__rosidl_generator_cExport-noconfig.cmake
[3.800s] -- Up-to-date: /home/cowbot/cowbot_ws/install/serial_motor_msgs/share/serial_motor_msgs/cmake/export_serial_motor_msgs__rosidl_typesupport_fastrtps_cExport.cmake
[3.801s] -- Up-to-date: /home/cowbot/cowbot_ws/install/serial_motor_msgs/share/serial_motor_msgs/cmake/export_serial_motor_msgs__rosidl_typesupport_fastrtps_cExport-noconfig.cmake
[3.803s] -- Up-to-date: /home/cowbot/cowbot_ws/install/serial_motor_msgs/share/serial_motor_msgs/cmake/serial_motor_msgs__rosidl_typesupport_introspection_cExport.cmake
[3.805s] -- Up-to-date: /home/cowbot/cowbot_ws/install/serial_motor_msgs/share/serial_motor_msgs/cmake/serial_motor_msgs__rosidl_typesupport_introspection_cExport-noconfig.cmake
[3.807s] -- Up-to-date: /home/cowbot/cowbot_ws/install/serial_motor_msgs/share/serial_motor_msgs/cmake/serial_motor_msgs__rosidl_typesupport_cExport.cmake
[3.808s] -- Up-to-date: /home/cowbot/cowbot_ws/install/serial_motor_msgs/share/serial_motor_msgs/cmake/serial_motor_msgs__rosidl_typesupport_cExport-noconfig.cmake
[3.808s] -- Up-to-date: /home/cowbot/cowbot_ws/install/serial_motor_msgs/share/serial_motor_msgs/cmake/export_serial_motor_msgs__rosidl_generator_cppExport.cmake
[3.809s] -- Up-to-date: /home/cowbot/cowbot_ws/install/serial_motor_msgs/share/serial_motor_msgs/cmake/export_serial_motor_msgs__rosidl_typesupport_fastrtps_cppExport.cmake
[3.809s] -- Up-to-date: /home/cowbot/cowbot_ws/install/serial_motor_msgs/share/serial_motor_msgs/cmake/export_serial_motor_msgs__rosidl_typesupport_fastrtps_cppExport-noconfig.cmake
[3.810s] -- Up-to-date: /home/cowbot/cowbot_ws/install/serial_motor_msgs/share/serial_motor_msgs/cmake/serial_motor_msgs__rosidl_typesupport_introspection_cppExport.cmake
[3.811s] -- Up-to-date: /home/cowbot/cowbot_ws/install/serial_motor_msgs/share/serial_motor_msgs/cmake/serial_motor_msgs__rosidl_typesupport_introspection_cppExport-noconfig.cmake
[3.812s] -- Up-to-date: /home/cowbot/cowbot_ws/install/serial_motor_msgs/share/serial_motor_msgs/cmake/serial_motor_msgs__rosidl_typesupport_cppExport.cmake
[3.812s] -- Up-to-date: /home/cowbot/cowbot_ws/install/serial_motor_msgs/share/serial_motor_msgs/cmake/serial_motor_msgs__rosidl_typesupport_cppExport-noconfig.cmake
[3.813s] -- Up-to-date: /home/cowbot/cowbot_ws/install/serial_motor_msgs/share/serial_motor_msgs/cmake/export_serial_motor_msgs__rosidl_generator_pyExport.cmake
[3.813s] -- Up-to-date: /home/cowbot/cowbot_ws/install/serial_motor_msgs/share/serial_motor_msgs/cmake/export_serial_motor_msgs__rosidl_generator_pyExport-noconfig.cmake
[3.904s] Invoked command in '/home/cowbot/cowbot_ws/build/serial_motor_msgs' returned '0': CMAKE_PREFIX_PATH=${CMAKE_PREFIX_PATH}:/home/cowbot/cowbot_ws/install/serial_motor:/opt/ros/jazzy /usr/bin/cmake --install /home/cowbot/cowbot_ws/build/serial_motor_msgs
