[3.416s] Invoking command in '/home/cowbot/cowbot_ws/src/serial_motor': PYTHONPATH=/home/cowbot/cowbot_ws/build/serial_motor/prefix_override:/usr/lib/python3/dist-packages/colcon_core/task/python/colcon_distutils_commands:/home/cowbot/cowbot_ws/install/serial_motor/lib/python3.12/site-packages:/home/cowbot/cowbot_ws/install/serial_motor_msgs/lib/python3.12/site-packages:/home/cowbot/cowbot_ws/install/serial_motor/lib/python3.12/site-packages:/home/cowbot/cowbot_ws/install/lslidar_msgs/lib/python3.12/site-packages:/opt/ros/jazzy/lib/python3.12/site-packages /usr/bin/python3 -W ignore:setup.py install is deprecated -W ignore:easy_install command is deprecated setup.py egg_info --egg-base ../../build/serial_motor build --build-base /home/cowbot/cowbot_ws/build/serial_motor/build install --record /home/cowbot/cowbot_ws/build/serial_motor/install.log --single-version-externally-managed install_data
[4.500s] running egg_info
[4.574s] writing ../../build/serial_motor/serial_motor.egg-info/PKG-INFO
[4.575s] writing dependency_links to ../../build/serial_motor/serial_motor.egg-info/dependency_links.txt
[4.577s] writing entry points to ../../build/serial_motor/serial_motor.egg-info/entry_points.txt
[4.578s] writing requirements to ../../build/serial_motor/serial_motor.egg-info/requires.txt
[4.579s] writing top-level names to ../../build/serial_motor/serial_motor.egg-info/top_level.txt
[4.730s] reading manifest file '../../build/serial_motor/serial_motor.egg-info/SOURCES.txt'
[4.733s] writing manifest file '../../build/serial_motor/serial_motor.egg-info/SOURCES.txt'
[4.734s] running build
[4.734s] running build_py
[4.736s] running install
[4.759s] running install_lib
[4.836s] running install_data
[4.836s] running install_egg_info
[4.916s] removing '/home/cowbot/cowbot_ws/install/serial_motor/lib/python3.12/site-packages/serial_motor-0.0.0-py3.12.egg-info' (and everything under it)
[4.918s] Copying ../../build/serial_motor/serial_motor.egg-info to /home/cowbot/cowbot_ws/install/serial_motor/lib/python3.12/site-packages/serial_motor-0.0.0-py3.12.egg-info
[4.923s] running install_scripts
[5.488s] Installing motor_driver script to /home/cowbot/cowbot_ws/install/serial_motor/lib/serial_motor
[5.490s] writing list of installed files to '/home/cowbot/cowbot_ws/build/serial_motor/install.log'
[5.633s] Invoked command in '/home/cowbot/cowbot_ws/src/serial_motor' returned '0': PYTHONPATH=/home/cowbot/cowbot_ws/build/serial_motor/prefix_override:/usr/lib/python3/dist-packages/colcon_core/task/python/colcon_distutils_commands:/home/cowbot/cowbot_ws/install/serial_motor/lib/python3.12/site-packages:/home/cowbot/cowbot_ws/install/serial_motor_msgs/lib/python3.12/site-packages:/home/cowbot/cowbot_ws/install/serial_motor/lib/python3.12/site-packages:/home/cowbot/cowbot_ws/install/lslidar_msgs/lib/python3.12/site-packages:/opt/ros/jazzy/lib/python3.12/site-packages /usr/bin/python3 -W ignore:setup.py install is deprecated -W ignore:easy_install command is deprecated setup.py egg_info --egg-base ../../build/serial_motor build --build-base /home/cowbot/cowbot_ws/build/serial_motor/build install --record /home/cowbot/cowbot_ws/build/serial_motor/install.log --single-version-externally-managed install_data
