[0.461s] DEBUG:colcon:Command line arguments: ['/usr/bin/colcon', 'build', '--symlink-install']
[0.462s] DEBUG:colcon:Parsed command line arguments: Namespace(log_base=None, log_level=None, verb_name='build', build_base='build', install_base='install', merge_install=False, symlink_install=True, test_result_base=None, continue_on_error=False, executor='parallel', parallel_workers=4, event_handlers=None, ignore_user_meta=False, metas=['./colcon.meta'], base_paths=['.'], packages_ignore=None, packages_ignore_regex=None, paths=None, packages_up_to=None, packages_up_to_regex=None, packages_above=None, packages_above_and_dependencies=None, packages_above_depth=None, packages_select_by_dep=None, packages_skip_by_dep=None, packages_skip_up_to=None, packages_select_build_failed=False, packages_skip_build_finished=False, packages_select_test_failures=False, packages_skip_test_passed=False, packages_select=None, packages_skip=None, packages_select_regex=None, packages_skip_regex=None, packages_start=None, packages_end=None, allow_overriding=[], cmake_args=None, cmake_target=None, cmake_target_skip_unavailable=False, cmake_clean_cache=False, cmake_clean_first=False, cmake_force_configure=False, ament_cmake_args=None, catkin_cmake_args=None, catkin_skip_building_tests=False, mixin_files=None, mixin=None, verb_parser=<colcon_mixin.mixin.mixin_argument.MixinArgumentDecorator object at 0xffff8751d430>, verb_extension=<colcon_core.verb.build.BuildVerb object at 0xffff876ddaf0>, main=<bound method BuildVerb.main of <colcon_core.verb.build.BuildVerb object at 0xffff876ddaf0>>, mixin_verb=('build',))
[0.633s] Level 1:colcon.colcon_core.package_discovery:discover_packages(colcon_meta) check parameters
[0.634s] Level 1:colcon.colcon_core.package_discovery:discover_packages(recursive) check parameters
[0.634s] Level 1:colcon.colcon_core.package_discovery:discover_packages(ignore) check parameters
[0.634s] Level 1:colcon.colcon_core.package_discovery:discover_packages(path) check parameters
[0.634s] Level 1:colcon.colcon_core.package_discovery:discover_packages(colcon_meta) discover
[0.635s] Level 1:colcon.colcon_core.package_discovery:discover_packages(recursive) discover
[0.635s] INFO:colcon.colcon_core.package_discovery:Crawling recursively for packages in '/home/cowbot/cowbot_ws'
[0.635s] Level 1:colcon.colcon_core.package_identification:_identify(.) by extensions ['ignore', 'ignore_ament_install']
[0.635s] Level 1:colcon.colcon_core.package_identification:_identify(.) by extension 'ignore'
[0.636s] Level 1:colcon.colcon_core.package_identification:_identify(.) by extension 'ignore_ament_install'
[0.636s] Level 1:colcon.colcon_core.package_identification:_identify(.) by extensions ['colcon_pkg']
[0.636s] Level 1:colcon.colcon_core.package_identification:_identify(.) by extension 'colcon_pkg'
[0.636s] Level 1:colcon.colcon_core.package_identification:_identify(.) by extensions ['colcon_meta']
[0.636s] Level 1:colcon.colcon_core.package_identification:_identify(.) by extension 'colcon_meta'
[0.636s] Level 1:colcon.colcon_core.package_identification:_identify(.) by extensions ['ros']
[0.636s] Level 1:colcon.colcon_core.package_identification:_identify(.) by extension 'ros'
[0.743s] Level 1:colcon.colcon_core.package_identification:_identify(.) by extensions ['cmake', 'python']
[0.743s] Level 1:colcon.colcon_core.package_identification:_identify(.) by extension 'cmake'
[0.743s] Level 1:colcon.colcon_core.package_identification:_identify(.) by extension 'python'
[0.744s] Level 1:colcon.colcon_core.package_identification:_identify(.) by extensions ['python_setup_py']
[0.744s] Level 1:colcon.colcon_core.package_identification:_identify(.) by extension 'python_setup_py'
[0.744s] Level 1:colcon.colcon_core.package_identification:_identify(build) by extensions ['ignore', 'ignore_ament_install']
[0.745s] Level 1:colcon.colcon_core.package_identification:_identify(build) by extension 'ignore'
[0.745s] Level 1:colcon.colcon_core.package_identification:_identify(build) ignored
[0.745s] Level 1:colcon.colcon_core.package_identification:_identify(install) by extensions ['ignore', 'ignore_ament_install']
[0.746s] Level 1:colcon.colcon_core.package_identification:_identify(install) by extension 'ignore'
[0.746s] Level 1:colcon.colcon_core.package_identification:_identify(install) ignored
[0.746s] Level 1:colcon.colcon_core.package_identification:_identify(log) by extensions ['ignore', 'ignore_ament_install']
[0.747s] Level 1:colcon.colcon_core.package_identification:_identify(log) by extension 'ignore'
[0.747s] Level 1:colcon.colcon_core.package_identification:_identify(log) ignored
[0.747s] Level 1:colcon.colcon_core.package_identification:_identify(src) by extensions ['ignore', 'ignore_ament_install']
[0.748s] Level 1:colcon.colcon_core.package_identification:_identify(src) by extension 'ignore'
[0.748s] Level 1:colcon.colcon_core.package_identification:_identify(src) by extension 'ignore_ament_install'
[0.748s] Level 1:colcon.colcon_core.package_identification:_identify(src) by extensions ['colcon_pkg']
[0.748s] Level 1:colcon.colcon_core.package_identification:_identify(src) by extension 'colcon_pkg'
[0.748s] Level 1:colcon.colcon_core.package_identification:_identify(src) by extensions ['colcon_meta']
[0.748s] Level 1:colcon.colcon_core.package_identification:_identify(src) by extension 'colcon_meta'
[0.749s] Level 1:colcon.colcon_core.package_identification:_identify(src) by extensions ['ros']
[0.749s] Level 1:colcon.colcon_core.package_identification:_identify(src) by extension 'ros'
[0.749s] Level 1:colcon.colcon_core.package_identification:_identify(src) by extensions ['cmake', 'python']
[0.749s] Level 1:colcon.colcon_core.package_identification:_identify(src) by extension 'cmake'
[0.749s] Level 1:colcon.colcon_core.package_identification:_identify(src) by extension 'python'
[0.749s] Level 1:colcon.colcon_core.package_identification:_identify(src) by extensions ['python_setup_py']
[0.749s] Level 1:colcon.colcon_core.package_identification:_identify(src) by extension 'python_setup_py'
[0.750s] Level 1:colcon.colcon_core.package_identification:_identify(src/Lslidar_ROS2_driver) by extensions ['ignore', 'ignore_ament_install']
[0.750s] Level 1:colcon.colcon_core.package_identification:_identify(src/Lslidar_ROS2_driver) by extension 'ignore'
[0.750s] Level 1:colcon.colcon_core.package_identification:_identify(src/Lslidar_ROS2_driver) by extension 'ignore_ament_install'
[0.751s] Level 1:colcon.colcon_core.package_identification:_identify(src/Lslidar_ROS2_driver) by extensions ['colcon_pkg']
[0.751s] Level 1:colcon.colcon_core.package_identification:_identify(src/Lslidar_ROS2_driver) by extension 'colcon_pkg'
[0.751s] Level 1:colcon.colcon_core.package_identification:_identify(src/Lslidar_ROS2_driver) by extensions ['colcon_meta']
[0.751s] Level 1:colcon.colcon_core.package_identification:_identify(src/Lslidar_ROS2_driver) by extension 'colcon_meta'
[0.751s] Level 1:colcon.colcon_core.package_identification:_identify(src/Lslidar_ROS2_driver) by extensions ['ros']
[0.751s] Level 1:colcon.colcon_core.package_identification:_identify(src/Lslidar_ROS2_driver) by extension 'ros'
[0.752s] Level 1:colcon.colcon_core.package_identification:_identify(src/Lslidar_ROS2_driver) by extensions ['cmake', 'python']
[0.752s] Level 1:colcon.colcon_core.package_identification:_identify(src/Lslidar_ROS2_driver) by extension 'cmake'
[0.752s] Level 1:colcon.colcon_core.package_identification:_identify(src/Lslidar_ROS2_driver) by extension 'python'
[0.752s] Level 1:colcon.colcon_core.package_identification:_identify(src/Lslidar_ROS2_driver) by extensions ['python_setup_py']
[0.752s] Level 1:colcon.colcon_core.package_identification:_identify(src/Lslidar_ROS2_driver) by extension 'python_setup_py'
[0.753s] Level 1:colcon.colcon_core.package_identification:_identify(src/Lslidar_ROS2_driver/lslidar_driver) by extensions ['ignore', 'ignore_ament_install']
[0.753s] Level 1:colcon.colcon_core.package_identification:_identify(src/Lslidar_ROS2_driver/lslidar_driver) by extension 'ignore'
[0.753s] Level 1:colcon.colcon_core.package_identification:_identify(src/Lslidar_ROS2_driver/lslidar_driver) by extension 'ignore_ament_install'
[0.753s] Level 1:colcon.colcon_core.package_identification:_identify(src/Lslidar_ROS2_driver/lslidar_driver) by extensions ['colcon_pkg']
[0.754s] Level 1:colcon.colcon_core.package_identification:_identify(src/Lslidar_ROS2_driver/lslidar_driver) by extension 'colcon_pkg'
[0.754s] Level 1:colcon.colcon_core.package_identification:_identify(src/Lslidar_ROS2_driver/lslidar_driver) by extensions ['colcon_meta']
[0.754s] Level 1:colcon.colcon_core.package_identification:_identify(src/Lslidar_ROS2_driver/lslidar_driver) by extension 'colcon_meta'
[0.754s] Level 1:colcon.colcon_core.package_identification:_identify(src/Lslidar_ROS2_driver/lslidar_driver) by extensions ['ros']
[0.754s] Level 1:colcon.colcon_core.package_identification:_identify(src/Lslidar_ROS2_driver/lslidar_driver) by extension 'ros'
[0.763s] DEBUG:colcon.colcon_core.package_identification:Package 'src/Lslidar_ROS2_driver/lslidar_driver' with type 'ros.ament_cmake' and name 'lslidar_driver'
[0.764s] Level 1:colcon.colcon_core.package_identification:_identify(src/Lslidar_ROS2_driver/lslidar_msgs) by extensions ['ignore', 'ignore_ament_install']
[0.764s] Level 1:colcon.colcon_core.package_identification:_identify(src/Lslidar_ROS2_driver/lslidar_msgs) by extension 'ignore'
[0.764s] Level 1:colcon.colcon_core.package_identification:_identify(src/Lslidar_ROS2_driver/lslidar_msgs) by extension 'ignore_ament_install'
[0.765s] Level 1:colcon.colcon_core.package_identification:_identify(src/Lslidar_ROS2_driver/lslidar_msgs) by extensions ['colcon_pkg']
[0.765s] Level 1:colcon.colcon_core.package_identification:_identify(src/Lslidar_ROS2_driver/lslidar_msgs) by extension 'colcon_pkg'
[0.765s] Level 1:colcon.colcon_core.package_identification:_identify(src/Lslidar_ROS2_driver/lslidar_msgs) by extensions ['colcon_meta']
[0.765s] Level 1:colcon.colcon_core.package_identification:_identify(src/Lslidar_ROS2_driver/lslidar_msgs) by extension 'colcon_meta'
[0.765s] Level 1:colcon.colcon_core.package_identification:_identify(src/Lslidar_ROS2_driver/lslidar_msgs) by extensions ['ros']
[0.765s] Level 1:colcon.colcon_core.package_identification:_identify(src/Lslidar_ROS2_driver/lslidar_msgs) by extension 'ros'
[0.767s] DEBUG:colcon.colcon_core.package_identification:Package 'src/Lslidar_ROS2_driver/lslidar_msgs' with type 'ros.ament_cmake' and name 'lslidar_msgs'
[0.768s] Level 1:colcon.colcon_core.package_identification:_identify(src/build) by extensions ['ignore', 'ignore_ament_install']
[0.768s] Level 1:colcon.colcon_core.package_identification:_identify(src/build) by extension 'ignore'
[0.768s] Level 1:colcon.colcon_core.package_identification:_identify(src/build) ignored
[0.769s] Level 1:colcon.colcon_core.package_identification:_identify(src/cowbot_bringup) by extensions ['ignore', 'ignore_ament_install']
[0.769s] Level 1:colcon.colcon_core.package_identification:_identify(src/cowbot_bringup) by extension 'ignore'
[0.769s] Level 1:colcon.colcon_core.package_identification:_identify(src/cowbot_bringup) by extension 'ignore_ament_install'
[0.770s] Level 1:colcon.colcon_core.package_identification:_identify(src/cowbot_bringup) by extensions ['colcon_pkg']
[0.770s] Level 1:colcon.colcon_core.package_identification:_identify(src/cowbot_bringup) by extension 'colcon_pkg'
[0.770s] Level 1:colcon.colcon_core.package_identification:_identify(src/cowbot_bringup) by extensions ['colcon_meta']
[0.770s] Level 1:colcon.colcon_core.package_identification:_identify(src/cowbot_bringup) by extension 'colcon_meta'
[0.770s] Level 1:colcon.colcon_core.package_identification:_identify(src/cowbot_bringup) by extensions ['ros']
[0.770s] Level 1:colcon.colcon_core.package_identification:_identify(src/cowbot_bringup) by extension 'ros'
[0.772s] DEBUG:colcon.colcon_core.package_identification:Package 'src/cowbot_bringup' with type 'ros.ament_cmake' and name 'cowbot_bringup'
[0.772s] Level 1:colcon.colcon_core.package_identification:_identify(src/cowbot_description) by extensions ['ignore', 'ignore_ament_install']
[0.773s] Level 1:colcon.colcon_core.package_identification:_identify(src/cowbot_description) by extension 'ignore'
[0.773s] Level 1:colcon.colcon_core.package_identification:_identify(src/cowbot_description) by extension 'ignore_ament_install'
[0.773s] Level 1:colcon.colcon_core.package_identification:_identify(src/cowbot_description) by extensions ['colcon_pkg']
[0.773s] Level 1:colcon.colcon_core.package_identification:_identify(src/cowbot_description) by extension 'colcon_pkg'
[0.773s] Level 1:colcon.colcon_core.package_identification:_identify(src/cowbot_description) by extensions ['colcon_meta']
[0.773s] Level 1:colcon.colcon_core.package_identification:_identify(src/cowbot_description) by extension 'colcon_meta'
[0.774s] Level 1:colcon.colcon_core.package_identification:_identify(src/cowbot_description) by extensions ['ros']
[0.774s] Level 1:colcon.colcon_core.package_identification:_identify(src/cowbot_description) by extension 'ros'
[0.776s] DEBUG:colcon.colcon_core.package_identification:Package 'src/cowbot_description' with type 'ros.ament_cmake' and name 'cowbot_description'
[0.777s] Level 1:colcon.colcon_core.package_identification:_identify(src/cowbot_gazebo) by extensions ['ignore', 'ignore_ament_install']
[0.777s] Level 1:colcon.colcon_core.package_identification:_identify(src/cowbot_gazebo) by extension 'ignore'
[0.778s] Level 1:colcon.colcon_core.package_identification:_identify(src/cowbot_gazebo) by extension 'ignore_ament_install'
[0.778s] Level 1:colcon.colcon_core.package_identification:_identify(src/cowbot_gazebo) by extensions ['colcon_pkg']
[0.778s] Level 1:colcon.colcon_core.package_identification:_identify(src/cowbot_gazebo) by extension 'colcon_pkg'
[0.778s] Level 1:colcon.colcon_core.package_identification:_identify(src/cowbot_gazebo) by extensions ['colcon_meta']
[0.778s] Level 1:colcon.colcon_core.package_identification:_identify(src/cowbot_gazebo) by extension 'colcon_meta'
[0.778s] Level 1:colcon.colcon_core.package_identification:_identify(src/cowbot_gazebo) by extensions ['ros']
[0.778s] Level 1:colcon.colcon_core.package_identification:_identify(src/cowbot_gazebo) by extension 'ros'
[0.780s] DEBUG:colcon.colcon_core.package_identification:Package 'src/cowbot_gazebo' with type 'ros.ament_cmake' and name 'cowbot_gazebo'
[0.781s] Level 1:colcon.colcon_core.package_identification:_identify(src/install) by extensions ['ignore', 'ignore_ament_install']
[0.781s] Level 1:colcon.colcon_core.package_identification:_identify(src/install) by extension 'ignore'
[0.781s] Level 1:colcon.colcon_core.package_identification:_identify(src/install) ignored
[0.781s] Level 1:colcon.colcon_core.package_identification:_identify(src/log) by extensions ['ignore', 'ignore_ament_install']
[0.782s] Level 1:colcon.colcon_core.package_identification:_identify(src/log) by extension 'ignore'
[0.782s] Level 1:colcon.colcon_core.package_identification:_identify(src/log) ignored
[0.782s] Level 1:colcon.colcon_core.package_identification:_identify(src/msg) by extensions ['ignore', 'ignore_ament_install']
[0.782s] Level 1:colcon.colcon_core.package_identification:_identify(src/msg) by extension 'ignore'
[0.783s] Level 1:colcon.colcon_core.package_identification:_identify(src/msg) by extension 'ignore_ament_install'
[0.783s] Level 1:colcon.colcon_core.package_identification:_identify(src/msg) by extensions ['colcon_pkg']
[0.783s] Level 1:colcon.colcon_core.package_identification:_identify(src/msg) by extension 'colcon_pkg'
[0.783s] Level 1:colcon.colcon_core.package_identification:_identify(src/msg) by extensions ['colcon_meta']
[0.783s] Level 1:colcon.colcon_core.package_identification:_identify(src/msg) by extension 'colcon_meta'
[0.783s] Level 1:colcon.colcon_core.package_identification:_identify(src/msg) by extensions ['ros']
[0.783s] Level 1:colcon.colcon_core.package_identification:_identify(src/msg) by extension 'ros'
[0.784s] Level 1:colcon.colcon_core.package_identification:_identify(src/msg) by extensions ['cmake', 'python']
[0.784s] Level 1:colcon.colcon_core.package_identification:_identify(src/msg) by extension 'cmake'
[0.784s] Level 1:colcon.colcon_core.package_identification:_identify(src/msg) by extension 'python'
[0.784s] Level 1:colcon.colcon_core.package_identification:_identify(src/msg) by extensions ['python_setup_py']
[0.784s] Level 1:colcon.colcon_core.package_identification:_identify(src/msg) by extension 'python_setup_py'
[0.785s] Level 1:colcon.colcon_core.package_identification:_identify(src/serial_motor) by extensions ['ignore', 'ignore_ament_install']
[0.785s] Level 1:colcon.colcon_core.package_identification:_identify(src/serial_motor) by extension 'ignore'
[0.785s] Level 1:colcon.colcon_core.package_identification:_identify(src/serial_motor) by extension 'ignore_ament_install'
[0.786s] Level 1:colcon.colcon_core.package_identification:_identify(src/serial_motor) by extensions ['colcon_pkg']
[0.786s] Level 1:colcon.colcon_core.package_identification:_identify(src/serial_motor) by extension 'colcon_pkg'
[0.786s] Level 1:colcon.colcon_core.package_identification:_identify(src/serial_motor) by extensions ['colcon_meta']
[0.786s] Level 1:colcon.colcon_core.package_identification:_identify(src/serial_motor) by extension 'colcon_meta'
[0.786s] Level 1:colcon.colcon_core.package_identification:_identify(src/serial_motor) by extensions ['ros']
[0.786s] Level 1:colcon.colcon_core.package_identification:_identify(src/serial_motor) by extension 'ros'
[0.788s] DEBUG:colcon.colcon_core.package_identification:Package 'src/serial_motor' with type 'ros.ament_python' and name 'serial_motor'
[0.789s] Level 1:colcon.colcon_core.package_identification:_identify(src/serial_motor_msgs) by extensions ['ignore', 'ignore_ament_install']
[0.789s] Level 1:colcon.colcon_core.package_identification:_identify(src/serial_motor_msgs) by extension 'ignore'
[0.789s] Level 1:colcon.colcon_core.package_identification:_identify(src/serial_motor_msgs) by extension 'ignore_ament_install'
[0.789s] Level 1:colcon.colcon_core.package_identification:_identify(src/serial_motor_msgs) by extensions ['colcon_pkg']
[0.789s] Level 1:colcon.colcon_core.package_identification:_identify(src/serial_motor_msgs) by extension 'colcon_pkg'
[0.790s] Level 1:colcon.colcon_core.package_identification:_identify(src/serial_motor_msgs) by extensions ['colcon_meta']
[0.790s] Level 1:colcon.colcon_core.package_identification:_identify(src/serial_motor_msgs) by extension 'colcon_meta'
[0.790s] Level 1:colcon.colcon_core.package_identification:_identify(src/serial_motor_msgs) by extensions ['ros']
[0.790s] Level 1:colcon.colcon_core.package_identification:_identify(src/serial_motor_msgs) by extension 'ros'
[0.792s] DEBUG:colcon.colcon_core.package_identification:Package 'src/serial_motor_msgs' with type 'ros.ament_cmake' and name 'serial_motor_msgs'
[0.792s] Level 1:colcon.colcon_core.package_discovery:discover_packages(recursive) using defaults
[0.792s] Level 1:colcon.colcon_core.package_discovery:discover_packages(ignore) discover
[0.792s] Level 1:colcon.colcon_core.package_discovery:discover_packages(ignore) using defaults
[0.792s] Level 1:colcon.colcon_core.package_discovery:discover_packages(path) discover
[0.792s] Level 1:colcon.colcon_core.package_discovery:discover_packages(path) using defaults
[0.866s] Level 1:colcon.colcon_core.package_discovery:discover_packages(prefix_path) check parameters
[0.866s] Level 1:colcon.colcon_core.package_discovery:discover_packages(prefix_path) discover
[0.877s] DEBUG:colcon.colcon_installed_package_information.package_discovery:Found 7 installed packages in /home/cowbot/cowbot_ws/install
[0.885s] DEBUG:colcon.colcon_installed_package_information.package_discovery:Found 209 installed packages in /opt/ros/jazzy
[0.887s] Level 1:colcon.colcon_core.package_discovery:discover_packages(prefix_path) using defaults
[1.031s] Level 5:colcon.colcon_core.verb:set package 'cowbot_bringup' build argument 'cmake_args' from command line to 'None'
[1.031s] Level 5:colcon.colcon_core.verb:set package 'cowbot_bringup' build argument 'cmake_target' from command line to 'None'
[1.031s] Level 5:colcon.colcon_core.verb:set package 'cowbot_bringup' build argument 'cmake_target_skip_unavailable' from command line to 'False'
[1.031s] Level 5:colcon.colcon_core.verb:set package 'cowbot_bringup' build argument 'cmake_clean_cache' from command line to 'False'
[1.031s] Level 5:colcon.colcon_core.verb:set package 'cowbot_bringup' build argument 'cmake_clean_first' from command line to 'False'
[1.031s] Level 5:colcon.colcon_core.verb:set package 'cowbot_bringup' build argument 'cmake_force_configure' from command line to 'False'
[1.031s] Level 5:colcon.colcon_core.verb:set package 'cowbot_bringup' build argument 'ament_cmake_args' from command line to 'None'
[1.032s] Level 5:colcon.colcon_core.verb:set package 'cowbot_bringup' build argument 'catkin_cmake_args' from command line to 'None'
[1.032s] Level 5:colcon.colcon_core.verb:set package 'cowbot_bringup' build argument 'catkin_skip_building_tests' from command line to 'False'
[1.032s] DEBUG:colcon.colcon_core.verb:Building package 'cowbot_bringup' with the following arguments: {'ament_cmake_args': None, 'build_base': '/home/cowbot/cowbot_ws/build/cowbot_bringup', 'catkin_cmake_args': None, 'catkin_skip_building_tests': False, 'cmake_args': None, 'cmake_clean_cache': False, 'cmake_clean_first': False, 'cmake_force_configure': False, 'cmake_target': None, 'cmake_target_skip_unavailable': False, 'install_base': '/home/cowbot/cowbot_ws/install/cowbot_bringup', 'merge_install': False, 'path': '/home/cowbot/cowbot_ws/src/cowbot_bringup', 'symlink_install': True, 'test_result_base': None}
[1.033s] Level 5:colcon.colcon_core.verb:set package 'cowbot_description' build argument 'cmake_args' from command line to 'None'
[1.033s] Level 5:colcon.colcon_core.verb:set package 'cowbot_description' build argument 'cmake_target' from command line to 'None'
[1.033s] Level 5:colcon.colcon_core.verb:set package 'cowbot_description' build argument 'cmake_target_skip_unavailable' from command line to 'False'
[1.033s] Level 5:colcon.colcon_core.verb:set package 'cowbot_description' build argument 'cmake_clean_cache' from command line to 'False'
[1.033s] Level 5:colcon.colcon_core.verb:set package 'cowbot_description' build argument 'cmake_clean_first' from command line to 'False'
[1.033s] Level 5:colcon.colcon_core.verb:set package 'cowbot_description' build argument 'cmake_force_configure' from command line to 'False'
[1.034s] Level 5:colcon.colcon_core.verb:set package 'cowbot_description' build argument 'ament_cmake_args' from command line to 'None'
[1.034s] Level 5:colcon.colcon_core.verb:set package 'cowbot_description' build argument 'catkin_cmake_args' from command line to 'None'
[1.034s] Level 5:colcon.colcon_core.verb:set package 'cowbot_description' build argument 'catkin_skip_building_tests' from command line to 'False'
[1.034s] DEBUG:colcon.colcon_core.verb:Building package 'cowbot_description' with the following arguments: {'ament_cmake_args': None, 'build_base': '/home/cowbot/cowbot_ws/build/cowbot_description', 'catkin_cmake_args': None, 'catkin_skip_building_tests': False, 'cmake_args': None, 'cmake_clean_cache': False, 'cmake_clean_first': False, 'cmake_force_configure': False, 'cmake_target': None, 'cmake_target_skip_unavailable': False, 'install_base': '/home/cowbot/cowbot_ws/install/cowbot_description', 'merge_install': False, 'path': '/home/cowbot/cowbot_ws/src/cowbot_description', 'symlink_install': True, 'test_result_base': None}
[1.035s] Level 5:colcon.colcon_core.verb:set package 'cowbot_gazebo' build argument 'cmake_args' from command line to 'None'
[1.035s] Level 5:colcon.colcon_core.verb:set package 'cowbot_gazebo' build argument 'cmake_target' from command line to 'None'
[1.035s] Level 5:colcon.colcon_core.verb:set package 'cowbot_gazebo' build argument 'cmake_target_skip_unavailable' from command line to 'False'
[1.035s] Level 5:colcon.colcon_core.verb:set package 'cowbot_gazebo' build argument 'cmake_clean_cache' from command line to 'False'
[1.035s] Level 5:colcon.colcon_core.verb:set package 'cowbot_gazebo' build argument 'cmake_clean_first' from command line to 'False'
[1.035s] Level 5:colcon.colcon_core.verb:set package 'cowbot_gazebo' build argument 'cmake_force_configure' from command line to 'False'
[1.036s] Level 5:colcon.colcon_core.verb:set package 'cowbot_gazebo' build argument 'ament_cmake_args' from command line to 'None'
[1.036s] Level 5:colcon.colcon_core.verb:set package 'cowbot_gazebo' build argument 'catkin_cmake_args' from command line to 'None'
[1.036s] Level 5:colcon.colcon_core.verb:set package 'cowbot_gazebo' build argument 'catkin_skip_building_tests' from command line to 'False'
[1.036s] DEBUG:colcon.colcon_core.verb:Building package 'cowbot_gazebo' with the following arguments: {'ament_cmake_args': None, 'build_base': '/home/cowbot/cowbot_ws/build/cowbot_gazebo', 'catkin_cmake_args': None, 'catkin_skip_building_tests': False, 'cmake_args': None, 'cmake_clean_cache': False, 'cmake_clean_first': False, 'cmake_force_configure': False, 'cmake_target': None, 'cmake_target_skip_unavailable': False, 'install_base': '/home/cowbot/cowbot_ws/install/cowbot_gazebo', 'merge_install': False, 'path': '/home/cowbot/cowbot_ws/src/cowbot_gazebo', 'symlink_install': True, 'test_result_base': None}
[1.037s] Level 5:colcon.colcon_core.verb:set package 'lslidar_msgs' build argument 'cmake_args' from command line to 'None'
[1.037s] Level 5:colcon.colcon_core.verb:set package 'lslidar_msgs' build argument 'cmake_target' from command line to 'None'
[1.037s] Level 5:colcon.colcon_core.verb:set package 'lslidar_msgs' build argument 'cmake_target_skip_unavailable' from command line to 'False'
[1.037s] Level 5:colcon.colcon_core.verb:set package 'lslidar_msgs' build argument 'cmake_clean_cache' from command line to 'False'
[1.037s] Level 5:colcon.colcon_core.verb:set package 'lslidar_msgs' build argument 'cmake_clean_first' from command line to 'False'
[1.038s] Level 5:colcon.colcon_core.verb:set package 'lslidar_msgs' build argument 'cmake_force_configure' from command line to 'False'
[1.038s] Level 5:colcon.colcon_core.verb:set package 'lslidar_msgs' build argument 'ament_cmake_args' from command line to 'None'
[1.038s] Level 5:colcon.colcon_core.verb:set package 'lslidar_msgs' build argument 'catkin_cmake_args' from command line to 'None'
[1.038s] Level 5:colcon.colcon_core.verb:set package 'lslidar_msgs' build argument 'catkin_skip_building_tests' from command line to 'False'
[1.038s] DEBUG:colcon.colcon_core.verb:Building package 'lslidar_msgs' with the following arguments: {'ament_cmake_args': None, 'build_base': '/home/cowbot/cowbot_ws/build/lslidar_msgs', 'catkin_cmake_args': None, 'catkin_skip_building_tests': False, 'cmake_args': None, 'cmake_clean_cache': False, 'cmake_clean_first': False, 'cmake_force_configure': False, 'cmake_target': None, 'cmake_target_skip_unavailable': False, 'install_base': '/home/cowbot/cowbot_ws/install/lslidar_msgs', 'merge_install': False, 'path': '/home/cowbot/cowbot_ws/src/Lslidar_ROS2_driver/lslidar_msgs', 'symlink_install': True, 'test_result_base': None}
[1.039s] Level 5:colcon.colcon_core.verb:set package 'serial_motor_msgs' build argument 'cmake_args' from command line to 'None'
[1.039s] Level 5:colcon.colcon_core.verb:set package 'serial_motor_msgs' build argument 'cmake_target' from command line to 'None'
[1.039s] Level 5:colcon.colcon_core.verb:set package 'serial_motor_msgs' build argument 'cmake_target_skip_unavailable' from command line to 'False'
[1.039s] Level 5:colcon.colcon_core.verb:set package 'serial_motor_msgs' build argument 'cmake_clean_cache' from command line to 'False'
[1.040s] Level 5:colcon.colcon_core.verb:set package 'serial_motor_msgs' build argument 'cmake_clean_first' from command line to 'False'
[1.040s] Level 5:colcon.colcon_core.verb:set package 'serial_motor_msgs' build argument 'cmake_force_configure' from command line to 'False'
[1.040s] Level 5:colcon.colcon_core.verb:set package 'serial_motor_msgs' build argument 'ament_cmake_args' from command line to 'None'
[1.040s] Level 5:colcon.colcon_core.verb:set package 'serial_motor_msgs' build argument 'catkin_cmake_args' from command line to 'None'
[1.040s] Level 5:colcon.colcon_core.verb:set package 'serial_motor_msgs' build argument 'catkin_skip_building_tests' from command line to 'False'
[1.040s] DEBUG:colcon.colcon_core.verb:Building package 'serial_motor_msgs' with the following arguments: {'ament_cmake_args': None, 'build_base': '/home/cowbot/cowbot_ws/build/serial_motor_msgs', 'catkin_cmake_args': None, 'catkin_skip_building_tests': False, 'cmake_args': None, 'cmake_clean_cache': False, 'cmake_clean_first': False, 'cmake_force_configure': False, 'cmake_target': None, 'cmake_target_skip_unavailable': False, 'install_base': '/home/cowbot/cowbot_ws/install/serial_motor_msgs', 'merge_install': False, 'path': '/home/cowbot/cowbot_ws/src/serial_motor_msgs', 'symlink_install': True, 'test_result_base': None}
[1.041s] Level 5:colcon.colcon_core.verb:set package 'lslidar_driver' build argument 'cmake_args' from command line to 'None'
[1.041s] Level 5:colcon.colcon_core.verb:set package 'lslidar_driver' build argument 'cmake_target' from command line to 'None'
[1.041s] Level 5:colcon.colcon_core.verb:set package 'lslidar_driver' build argument 'cmake_target_skip_unavailable' from command line to 'False'
[1.042s] Level 5:colcon.colcon_core.verb:set package 'lslidar_driver' build argument 'cmake_clean_cache' from command line to 'False'
[1.042s] Level 5:colcon.colcon_core.verb:set package 'lslidar_driver' build argument 'cmake_clean_first' from command line to 'False'
[1.042s] Level 5:colcon.colcon_core.verb:set package 'lslidar_driver' build argument 'cmake_force_configure' from command line to 'False'
[1.042s] Level 5:colcon.colcon_core.verb:set package 'lslidar_driver' build argument 'ament_cmake_args' from command line to 'None'
[1.042s] Level 5:colcon.colcon_core.verb:set package 'lslidar_driver' build argument 'catkin_cmake_args' from command line to 'None'
[1.042s] Level 5:colcon.colcon_core.verb:set package 'lslidar_driver' build argument 'catkin_skip_building_tests' from command line to 'False'
[1.042s] DEBUG:colcon.colcon_core.verb:Building package 'lslidar_driver' with the following arguments: {'ament_cmake_args': None, 'build_base': '/home/cowbot/cowbot_ws/build/lslidar_driver', 'catkin_cmake_args': None, 'catkin_skip_building_tests': False, 'cmake_args': None, 'cmake_clean_cache': False, 'cmake_clean_first': False, 'cmake_force_configure': False, 'cmake_target': None, 'cmake_target_skip_unavailable': False, 'install_base': '/home/cowbot/cowbot_ws/install/lslidar_driver', 'merge_install': False, 'path': '/home/cowbot/cowbot_ws/src/Lslidar_ROS2_driver/lslidar_driver', 'symlink_install': True, 'test_result_base': None}
[1.043s] Level 5:colcon.colcon_core.verb:set package 'serial_motor' build argument 'cmake_args' from command line to 'None'
[1.043s] Level 5:colcon.colcon_core.verb:set package 'serial_motor' build argument 'cmake_target' from command line to 'None'
[1.043s] Level 5:colcon.colcon_core.verb:set package 'serial_motor' build argument 'cmake_target_skip_unavailable' from command line to 'False'
[1.043s] Level 5:colcon.colcon_core.verb:set package 'serial_motor' build argument 'cmake_clean_cache' from command line to 'False'
[1.044s] Level 5:colcon.colcon_core.verb:set package 'serial_motor' build argument 'cmake_clean_first' from command line to 'False'
[1.044s] Level 5:colcon.colcon_core.verb:set package 'serial_motor' build argument 'cmake_force_configure' from command line to 'False'
[1.044s] Level 5:colcon.colcon_core.verb:set package 'serial_motor' build argument 'ament_cmake_args' from command line to 'None'
[1.044s] Level 5:colcon.colcon_core.verb:set package 'serial_motor' build argument 'catkin_cmake_args' from command line to 'None'
[1.044s] Level 5:colcon.colcon_core.verb:set package 'serial_motor' build argument 'catkin_skip_building_tests' from command line to 'False'
[1.044s] DEBUG:colcon.colcon_core.verb:Building package 'serial_motor' with the following arguments: {'ament_cmake_args': None, 'build_base': '/home/cowbot/cowbot_ws/build/serial_motor', 'catkin_cmake_args': None, 'catkin_skip_building_tests': False, 'cmake_args': None, 'cmake_clean_cache': False, 'cmake_clean_first': False, 'cmake_force_configure': False, 'cmake_target': None, 'cmake_target_skip_unavailable': False, 'install_base': '/home/cowbot/cowbot_ws/install/serial_motor', 'merge_install': False, 'path': '/home/cowbot/cowbot_ws/src/serial_motor', 'symlink_install': True, 'test_result_base': None}
[1.044s] INFO:colcon.colcon_core.executor:Executing jobs using 'parallel' executor
[1.048s] DEBUG:colcon.colcon_parallel_executor.executor.parallel:run_until_complete
[1.049s] INFO:colcon.colcon_ros.task.ament_cmake.build:Building ROS package in '/home/cowbot/cowbot_ws/src/Lslidar_ROS2_driver/lslidar_msgs' with build type 'ament_cmake'
[1.049s] INFO:colcon.colcon_cmake.task.cmake.build:Building CMake package in '/home/cowbot/cowbot_ws/src/Lslidar_ROS2_driver/lslidar_msgs'
[1.057s] INFO:colcon.colcon_core.plugin_system:Skipping extension 'colcon_core.shell.bat': Not used on non-Windows systems
[1.058s] INFO:colcon.colcon_core.shell:Skip shell extension 'powershell' for command environment: Not usable outside of PowerShell
[1.058s] DEBUG:colcon.colcon_core.shell:Skip shell extension 'dsv' for command environment
[1.078s] INFO:colcon.colcon_ros.task.ament_cmake.build:Building ROS package in '/home/cowbot/cowbot_ws/src/serial_motor_msgs' with build type 'ament_cmake'
[1.078s] INFO:colcon.colcon_cmake.task.cmake.build:Building CMake package in '/home/cowbot/cowbot_ws/src/serial_motor_msgs'
[1.079s] INFO:colcon.colcon_core.shell:Skip shell extension 'powershell' for command environment: Not usable outside of PowerShell
[1.079s] DEBUG:colcon.colcon_core.shell:Skip shell extension 'dsv' for command environment
[1.099s] INFO:colcon.colcon_ros.task.ament_cmake.build:Building ROS package in '/home/cowbot/cowbot_ws/src/cowbot_bringup' with build type 'ament_cmake'
[1.100s] INFO:colcon.colcon_cmake.task.cmake.build:Building CMake package in '/home/cowbot/cowbot_ws/src/cowbot_bringup'
[1.101s] INFO:colcon.colcon_core.shell:Skip shell extension 'powershell' for command environment: Not usable outside of PowerShell
[1.101s] DEBUG:colcon.colcon_core.shell:Skip shell extension 'dsv' for command environment
[1.121s] INFO:colcon.colcon_ros.task.ament_cmake.build:Building ROS package in '/home/cowbot/cowbot_ws/src/cowbot_description' with build type 'ament_cmake'
[1.122s] INFO:colcon.colcon_cmake.task.cmake.build:Building CMake package in '/home/cowbot/cowbot_ws/src/cowbot_description'
[1.123s] INFO:colcon.colcon_core.shell:Skip shell extension 'powershell' for command environment: Not usable outside of PowerShell
[1.123s] DEBUG:colcon.colcon_core.shell:Skip shell extension 'dsv' for command environment
[1.161s] DEBUG:colcon.colcon_core.event_handler.log_command:Invoking command in '/home/cowbot/cowbot_ws/build/lslidar_msgs': CMAKE_PREFIX_PATH=${CMAKE_PREFIX_PATH}:/home/cowbot/cowbot_ws/install/serial_motor:/opt/ros/jazzy /usr/bin/cmake --build /home/cowbot/cowbot_ws/build/lslidar_msgs -- -j4 -l4
[1.180s] DEBUG:colcon.colcon_core.event_handler.log_command:Invoking command in '/home/cowbot/cowbot_ws/build/serial_motor_msgs': CMAKE_PREFIX_PATH=${CMAKE_PREFIX_PATH}:/home/cowbot/cowbot_ws/install/serial_motor:/opt/ros/jazzy /usr/bin/cmake --build /home/cowbot/cowbot_ws/build/serial_motor_msgs -- -j4 -l4
[1.196s] DEBUG:colcon.colcon_core.event_handler.log_command:Invoking command in '/home/cowbot/cowbot_ws/build/cowbot_bringup': CMAKE_PREFIX_PATH=${CMAKE_PREFIX_PATH}:/home/cowbot/cowbot_ws/install/serial_motor:/opt/ros/jazzy /usr/bin/cmake --build /home/cowbot/cowbot_ws/build/cowbot_bringup -- -j4 -l4
[1.223s] DEBUG:colcon.colcon_core.event_handler.log_command:Invoking command in '/home/cowbot/cowbot_ws/build/cowbot_description': CMAKE_PREFIX_PATH=${CMAKE_PREFIX_PATH}:/home/cowbot/cowbot_ws/install/serial_motor:/opt/ros/jazzy /usr/bin/cmake --build /home/cowbot/cowbot_ws/build/cowbot_description -- -j4 -l4
[1.469s] DEBUG:colcon.colcon_core.event_handler.log_command:Invoked command in '/home/cowbot/cowbot_ws/build/cowbot_bringup' returned '0': CMAKE_PREFIX_PATH=${CMAKE_PREFIX_PATH}:/home/cowbot/cowbot_ws/install/serial_motor:/opt/ros/jazzy /usr/bin/cmake --build /home/cowbot/cowbot_ws/build/cowbot_bringup -- -j4 -l4
[1.545s] DEBUG:colcon.colcon_core.event_handler.log_command:Invoking command in '/home/cowbot/cowbot_ws/build/cowbot_bringup': CMAKE_PREFIX_PATH=${CMAKE_PREFIX_PATH}:/home/cowbot/cowbot_ws/install/serial_motor:/opt/ros/jazzy /usr/bin/cmake --install /home/cowbot/cowbot_ws/build/cowbot_bringup
[1.565s] DEBUG:colcon.colcon_core.event_handler.log_command:Invoked command in '/home/cowbot/cowbot_ws/build/cowbot_description' returned '0': CMAKE_PREFIX_PATH=${CMAKE_PREFIX_PATH}:/home/cowbot/cowbot_ws/install/serial_motor:/opt/ros/jazzy /usr/bin/cmake --build /home/cowbot/cowbot_ws/build/cowbot_description -- -j4 -l4
[1.578s] DEBUG:colcon.colcon_core.event_handler.log_command:Invoking command in '/home/cowbot/cowbot_ws/build/cowbot_description': CMAKE_PREFIX_PATH=${CMAKE_PREFIX_PATH}:/home/cowbot/cowbot_ws/install/serial_motor:/opt/ros/jazzy /usr/bin/cmake --install /home/cowbot/cowbot_ws/build/cowbot_description
[1.942s] Level 1:colcon.colcon_core.environment:create_environment_scripts_only(cowbot_bringup)
[1.950s] DEBUG:colcon.colcon_core.event_handler.log_command:Invoked command in '/home/cowbot/cowbot_ws/build/cowbot_bringup' returned '0': CMAKE_PREFIX_PATH=${CMAKE_PREFIX_PATH}:/home/cowbot/cowbot_ws/install/serial_motor:/opt/ros/jazzy /usr/bin/cmake --install /home/cowbot/cowbot_ws/build/cowbot_bringup
[1.996s] Level 1:colcon.colcon_core.environment:checking '/home/cowbot/cowbot_ws/install/cowbot_bringup' for CMake module files
[2.012s] Level 1:colcon.colcon_core.environment:checking '/home/cowbot/cowbot_ws/install/cowbot_bringup' for CMake config files
[2.024s] Level 1:colcon.colcon_core.shell:create_environment_hook('cowbot_bringup', 'cmake_prefix_path')
[2.025s] INFO:colcon.colcon_core.shell:Creating environment hook '/home/cowbot/cowbot_ws/install/cowbot_bringup/share/cowbot_bringup/hook/cmake_prefix_path.ps1'
[2.047s] INFO:colcon.colcon_core.shell:Creating environment descriptor '/home/cowbot/cowbot_ws/install/cowbot_bringup/share/cowbot_bringup/hook/cmake_prefix_path.dsv'
[2.059s] INFO:colcon.colcon_core.shell:Creating environment hook '/home/cowbot/cowbot_ws/install/cowbot_bringup/share/cowbot_bringup/hook/cmake_prefix_path.sh'
[2.080s] Level 1:colcon.colcon_core.environment:checking '/home/cowbot/cowbot_ws/install/cowbot_bringup/bin'
[2.081s] Level 1:colcon.colcon_core.environment:checking '/home/cowbot/cowbot_ws/install/cowbot_bringup/lib/pkgconfig/cowbot_bringup.pc'
[2.093s] Level 1:colcon.colcon_core.environment:checking '/home/cowbot/cowbot_ws/install/cowbot_bringup/lib/python3.12/site-packages'
[2.098s] Level 1:colcon.colcon_core.environment:checking '/home/cowbot/cowbot_ws/install/cowbot_bringup/bin'
[2.102s] INFO:colcon.colcon_core.shell:Creating package script '/home/cowbot/cowbot_ws/install/cowbot_bringup/share/cowbot_bringup/package.ps1'
[2.116s] INFO:colcon.colcon_core.shell:Creating package descriptor '/home/cowbot/cowbot_ws/install/cowbot_bringup/share/cowbot_bringup/package.dsv'
[2.127s] INFO:colcon.colcon_core.shell:Creating package script '/home/cowbot/cowbot_ws/install/cowbot_bringup/share/cowbot_bringup/package.sh'
[2.134s] INFO:colcon.colcon_core.shell:Creating package script '/home/cowbot/cowbot_ws/install/cowbot_bringup/share/cowbot_bringup/package.bash'
[2.151s] INFO:colcon.colcon_core.shell:Creating package script '/home/cowbot/cowbot_ws/install/cowbot_bringup/share/cowbot_bringup/package.zsh'
[2.161s] Level 1:colcon.colcon_core.environment:create_file_with_runtime_dependencies(/home/cowbot/cowbot_ws/install/cowbot_bringup/share/colcon-core/packages/cowbot_bringup)
[2.170s] Level 1:colcon.colcon_core.environment:create_environment_scripts_only(cowbot_bringup)
[2.176s] Level 1:colcon.colcon_core.environment:checking '/home/cowbot/cowbot_ws/install/cowbot_bringup' for CMake module files
[2.194s] Level 1:colcon.colcon_core.environment:checking '/home/cowbot/cowbot_ws/install/cowbot_bringup' for CMake config files
[2.197s] Level 1:colcon.colcon_core.shell:create_environment_hook('cowbot_bringup', 'cmake_prefix_path')
[2.204s] INFO:colcon.colcon_core.shell:Creating environment hook '/home/cowbot/cowbot_ws/install/cowbot_bringup/share/cowbot_bringup/hook/cmake_prefix_path.ps1'
[2.213s] INFO:colcon.colcon_core.shell:Creating environment descriptor '/home/cowbot/cowbot_ws/install/cowbot_bringup/share/cowbot_bringup/hook/cmake_prefix_path.dsv'
[2.219s] INFO:colcon.colcon_core.shell:Creating environment hook '/home/cowbot/cowbot_ws/install/cowbot_bringup/share/cowbot_bringup/hook/cmake_prefix_path.sh'
[2.228s] Level 1:colcon.colcon_core.environment:checking '/home/cowbot/cowbot_ws/install/cowbot_bringup/bin'
[2.229s] Level 1:colcon.colcon_core.environment:checking '/home/cowbot/cowbot_ws/install/cowbot_bringup/lib/pkgconfig/cowbot_bringup.pc'
[2.231s] Level 1:colcon.colcon_core.environment:checking '/home/cowbot/cowbot_ws/install/cowbot_bringup/lib/python3.12/site-packages'
[2.236s] Level 1:colcon.colcon_core.environment:checking '/home/cowbot/cowbot_ws/install/cowbot_bringup/bin'
[2.241s] INFO:colcon.colcon_core.shell:Creating package script '/home/cowbot/cowbot_ws/install/cowbot_bringup/share/cowbot_bringup/package.ps1'
[2.248s] INFO:colcon.colcon_core.shell:Creating package descriptor '/home/cowbot/cowbot_ws/install/cowbot_bringup/share/cowbot_bringup/package.dsv'
[2.254s] INFO:colcon.colcon_core.shell:Creating package script '/home/cowbot/cowbot_ws/install/cowbot_bringup/share/cowbot_bringup/package.sh'
[2.260s] INFO:colcon.colcon_core.shell:Creating package script '/home/cowbot/cowbot_ws/install/cowbot_bringup/share/cowbot_bringup/package.bash'
[2.266s] INFO:colcon.colcon_core.shell:Creating package script '/home/cowbot/cowbot_ws/install/cowbot_bringup/share/cowbot_bringup/package.zsh'
[2.278s] Level 1:colcon.colcon_core.environment:create_file_with_runtime_dependencies(/home/cowbot/cowbot_ws/install/cowbot_bringup/share/colcon-core/packages/cowbot_bringup)
[2.283s] INFO:colcon.colcon_ros.task.ament_cmake.build:Building ROS package in '/home/cowbot/cowbot_ws/src/cowbot_gazebo' with build type 'ament_cmake'
[2.284s] INFO:colcon.colcon_cmake.task.cmake.build:Building CMake package in '/home/cowbot/cowbot_ws/src/cowbot_gazebo'
[2.291s] INFO:colcon.colcon_core.shell:Skip shell extension 'powershell' for command environment: Not usable outside of PowerShell
[2.291s] DEBUG:colcon.colcon_core.shell:Skip shell extension 'dsv' for command environment
[2.353s] Level 1:colcon.colcon_core.environment:create_environment_scripts_only(cowbot_description)
[2.354s] Level 1:colcon.colcon_core.environment:checking '/home/cowbot/cowbot_ws/install/cowbot_description' for CMake module files
[2.359s] DEBUG:colcon.colcon_core.event_handler.log_command:Invoked command in '/home/cowbot/cowbot_ws/build/cowbot_description' returned '0': CMAKE_PREFIX_PATH=${CMAKE_PREFIX_PATH}:/home/cowbot/cowbot_ws/install/serial_motor:/opt/ros/jazzy /usr/bin/cmake --install /home/cowbot/cowbot_ws/build/cowbot_description
[2.368s] Level 1:colcon.colcon_core.environment:checking '/home/cowbot/cowbot_ws/install/cowbot_description' for CMake config files
[2.375s] Level 1:colcon.colcon_core.shell:create_environment_hook('cowbot_description', 'cmake_prefix_path')
[2.376s] INFO:colcon.colcon_core.shell:Creating environment hook '/home/cowbot/cowbot_ws/install/cowbot_description/share/cowbot_description/hook/cmake_prefix_path.ps1'
[2.382s] INFO:colcon.colcon_core.shell:Creating environment descriptor '/home/cowbot/cowbot_ws/install/cowbot_description/share/cowbot_description/hook/cmake_prefix_path.dsv'
[2.388s] INFO:colcon.colcon_core.shell:Creating environment hook '/home/cowbot/cowbot_ws/install/cowbot_description/share/cowbot_description/hook/cmake_prefix_path.sh'
[2.397s] Level 1:colcon.colcon_core.environment:checking '/home/cowbot/cowbot_ws/install/cowbot_description/bin'
[2.397s] Level 1:colcon.colcon_core.environment:checking '/home/cowbot/cowbot_ws/install/cowbot_description/lib/pkgconfig/cowbot_description.pc'
[2.398s] Level 1:colcon.colcon_core.environment:checking '/home/cowbot/cowbot_ws/install/cowbot_description/lib/python3.12/site-packages'
[2.404s] Level 1:colcon.colcon_core.environment:checking '/home/cowbot/cowbot_ws/install/cowbot_description/bin'
[2.409s] INFO:colcon.colcon_core.shell:Creating package script '/home/cowbot/cowbot_ws/install/cowbot_description/share/cowbot_description/package.ps1'
[2.418s] INFO:colcon.colcon_core.shell:Creating package descriptor '/home/cowbot/cowbot_ws/install/cowbot_description/share/cowbot_description/package.dsv'
[2.423s] INFO:colcon.colcon_core.shell:Creating package script '/home/cowbot/cowbot_ws/install/cowbot_description/share/cowbot_description/package.sh'
[2.432s] INFO:colcon.colcon_core.shell:Creating package script '/home/cowbot/cowbot_ws/install/cowbot_description/share/cowbot_description/package.bash'
[2.440s] INFO:colcon.colcon_core.shell:Creating package script '/home/cowbot/cowbot_ws/install/cowbot_description/share/cowbot_description/package.zsh'
[2.449s] Level 1:colcon.colcon_core.environment:create_file_with_runtime_dependencies(/home/cowbot/cowbot_ws/install/cowbot_description/share/colcon-core/packages/cowbot_description)
[2.468s] Level 1:colcon.colcon_core.environment:create_environment_scripts_only(cowbot_description)
[2.469s] Level 1:colcon.colcon_core.environment:checking '/home/cowbot/cowbot_ws/install/cowbot_description' for CMake module files
[2.492s] Level 1:colcon.colcon_core.environment:checking '/home/cowbot/cowbot_ws/install/cowbot_description' for CMake config files
[2.498s] Level 1:colcon.colcon_core.shell:create_environment_hook('cowbot_description', 'cmake_prefix_path')
[2.500s] INFO:colcon.colcon_core.shell:Creating environment hook '/home/cowbot/cowbot_ws/install/cowbot_description/share/cowbot_description/hook/cmake_prefix_path.ps1'
[2.510s] INFO:colcon.colcon_core.shell:Creating environment descriptor '/home/cowbot/cowbot_ws/install/cowbot_description/share/cowbot_description/hook/cmake_prefix_path.dsv'
[2.519s] INFO:colcon.colcon_core.shell:Creating environment hook '/home/cowbot/cowbot_ws/install/cowbot_description/share/cowbot_description/hook/cmake_prefix_path.sh'
[2.536s] Level 1:colcon.colcon_core.environment:checking '/home/cowbot/cowbot_ws/install/cowbot_description/bin'
[2.537s] Level 1:colcon.colcon_core.environment:checking '/home/cowbot/cowbot_ws/install/cowbot_description/lib/pkgconfig/cowbot_description.pc'
[2.538s] Level 1:colcon.colcon_core.environment:checking '/home/cowbot/cowbot_ws/install/cowbot_description/lib/python3.12/site-packages'
[2.547s] Level 1:colcon.colcon_core.environment:checking '/home/cowbot/cowbot_ws/install/cowbot_description/bin'
[2.551s] INFO:colcon.colcon_core.shell:Creating package script '/home/cowbot/cowbot_ws/install/cowbot_description/share/cowbot_description/package.ps1'
[2.558s] INFO:colcon.colcon_core.shell:Creating package descriptor '/home/cowbot/cowbot_ws/install/cowbot_description/share/cowbot_description/package.dsv'
[2.564s] INFO:colcon.colcon_core.shell:Creating package script '/home/cowbot/cowbot_ws/install/cowbot_description/share/cowbot_description/package.sh'
[2.570s] INFO:colcon.colcon_core.shell:Creating package script '/home/cowbot/cowbot_ws/install/cowbot_description/share/cowbot_description/package.bash'
[2.576s] INFO:colcon.colcon_core.shell:Creating package script '/home/cowbot/cowbot_ws/install/cowbot_description/share/cowbot_description/package.zsh'
[2.584s] Level 1:colcon.colcon_core.environment:create_file_with_runtime_dependencies(/home/cowbot/cowbot_ws/install/cowbot_description/share/colcon-core/packages/cowbot_description)
[2.616s] DEBUG:colcon.colcon_core.event_handler.log_command:Invoking command in '/home/cowbot/cowbot_ws/build/cowbot_gazebo': CMAKE_PREFIX_PATH=${CMAKE_PREFIX_PATH}:/home/cowbot/cowbot_ws/install/serial_motor:/opt/ros/jazzy /usr/bin/cmake --build /home/cowbot/cowbot_ws/build/cowbot_gazebo -- -j4 -l4
[3.028s] DEBUG:colcon.colcon_core.event_handler.log_command:Invoked command in '/home/cowbot/cowbot_ws/build/cowbot_gazebo' returned '0': CMAKE_PREFIX_PATH=${CMAKE_PREFIX_PATH}:/home/cowbot/cowbot_ws/install/serial_motor:/opt/ros/jazzy /usr/bin/cmake --build /home/cowbot/cowbot_ws/build/cowbot_gazebo -- -j4 -l4
[3.035s] DEBUG:colcon.colcon_core.event_handler.log_command:Invoking command in '/home/cowbot/cowbot_ws/build/cowbot_gazebo': CMAKE_PREFIX_PATH=${CMAKE_PREFIX_PATH}:/home/cowbot/cowbot_ws/install/serial_motor:/opt/ros/jazzy /usr/bin/cmake --install /home/cowbot/cowbot_ws/build/cowbot_gazebo
[3.283s] Level 1:colcon.colcon_core.environment:create_environment_scripts_only(cowbot_gazebo)
[3.284s] Level 1:colcon.colcon_core.environment:checking '/home/cowbot/cowbot_ws/install/cowbot_gazebo' for CMake module files
[3.297s] Level 1:colcon.colcon_core.environment:checking '/home/cowbot/cowbot_ws/install/cowbot_gazebo' for CMake config files
[3.298s] DEBUG:colcon.colcon_core.event_handler.log_command:Invoked command in '/home/cowbot/cowbot_ws/build/cowbot_gazebo' returned '0': CMAKE_PREFIX_PATH=${CMAKE_PREFIX_PATH}:/home/cowbot/cowbot_ws/install/serial_motor:/opt/ros/jazzy /usr/bin/cmake --install /home/cowbot/cowbot_ws/build/cowbot_gazebo
[3.303s] Level 1:colcon.colcon_core.shell:create_environment_hook('cowbot_gazebo', 'cmake_prefix_path')
[3.304s] INFO:colcon.colcon_core.shell:Creating environment hook '/home/cowbot/cowbot_ws/install/cowbot_gazebo/share/cowbot_gazebo/hook/cmake_prefix_path.ps1'
[3.311s] INFO:colcon.colcon_core.shell:Creating environment descriptor '/home/cowbot/cowbot_ws/install/cowbot_gazebo/share/cowbot_gazebo/hook/cmake_prefix_path.dsv'
[3.315s] INFO:colcon.colcon_core.shell:Creating environment hook '/home/cowbot/cowbot_ws/install/cowbot_gazebo/share/cowbot_gazebo/hook/cmake_prefix_path.sh'
[3.322s] Level 1:colcon.colcon_core.environment:checking '/home/cowbot/cowbot_ws/install/cowbot_gazebo/bin'
[3.323s] Level 1:colcon.colcon_core.environment:checking '/home/cowbot/cowbot_ws/install/cowbot_gazebo/lib/pkgconfig/cowbot_gazebo.pc'
[3.324s] Level 1:colcon.colcon_core.environment:checking '/home/cowbot/cowbot_ws/install/cowbot_gazebo/lib/python3.12/site-packages'
[3.326s] Level 1:colcon.colcon_core.environment:checking '/home/cowbot/cowbot_ws/install/cowbot_gazebo/bin'
[3.329s] INFO:colcon.colcon_core.shell:Creating package script '/home/cowbot/cowbot_ws/install/cowbot_gazebo/share/cowbot_gazebo/package.ps1'
[3.332s] INFO:colcon.colcon_core.shell:Creating package descriptor '/home/cowbot/cowbot_ws/install/cowbot_gazebo/share/cowbot_gazebo/package.dsv'
[3.339s] INFO:colcon.colcon_core.shell:Creating package script '/home/cowbot/cowbot_ws/install/cowbot_gazebo/share/cowbot_gazebo/package.sh'
[3.345s] INFO:colcon.colcon_core.shell:Creating package script '/home/cowbot/cowbot_ws/install/cowbot_gazebo/share/cowbot_gazebo/package.bash'
[3.348s] INFO:colcon.colcon_core.shell:Creating package script '/home/cowbot/cowbot_ws/install/cowbot_gazebo/share/cowbot_gazebo/package.zsh'
[3.353s] Level 1:colcon.colcon_core.environment:create_file_with_runtime_dependencies(/home/cowbot/cowbot_ws/install/cowbot_gazebo/share/colcon-core/packages/cowbot_gazebo)
[3.361s] Level 1:colcon.colcon_core.environment:create_environment_scripts_only(cowbot_gazebo)
[3.362s] Level 1:colcon.colcon_core.environment:checking '/home/cowbot/cowbot_ws/install/cowbot_gazebo' for CMake module files
[3.369s] Level 1:colcon.colcon_core.environment:checking '/home/cowbot/cowbot_ws/install/cowbot_gazebo' for CMake config files
[3.372s] Level 1:colcon.colcon_core.shell:create_environment_hook('cowbot_gazebo', 'cmake_prefix_path')
[3.375s] INFO:colcon.colcon_core.shell:Creating environment hook '/home/cowbot/cowbot_ws/install/cowbot_gazebo/share/cowbot_gazebo/hook/cmake_prefix_path.ps1'
[3.378s] INFO:colcon.colcon_core.shell:Creating environment descriptor '/home/cowbot/cowbot_ws/install/cowbot_gazebo/share/cowbot_gazebo/hook/cmake_prefix_path.dsv'
[3.383s] INFO:colcon.colcon_core.shell:Creating environment hook '/home/cowbot/cowbot_ws/install/cowbot_gazebo/share/cowbot_gazebo/hook/cmake_prefix_path.sh'
[3.391s] Level 1:colcon.colcon_core.environment:checking '/home/cowbot/cowbot_ws/install/cowbot_gazebo/bin'
[3.391s] Level 1:colcon.colcon_core.environment:checking '/home/cowbot/cowbot_ws/install/cowbot_gazebo/lib/pkgconfig/cowbot_gazebo.pc'
[3.396s] Level 1:colcon.colcon_core.environment:checking '/home/cowbot/cowbot_ws/install/cowbot_gazebo/lib/python3.12/site-packages'
[3.398s] Level 1:colcon.colcon_core.environment:checking '/home/cowbot/cowbot_ws/install/cowbot_gazebo/bin'
[3.402s] INFO:colcon.colcon_core.shell:Creating package script '/home/cowbot/cowbot_ws/install/cowbot_gazebo/share/cowbot_gazebo/package.ps1'
[3.409s] INFO:colcon.colcon_core.shell:Creating package descriptor '/home/cowbot/cowbot_ws/install/cowbot_gazebo/share/cowbot_gazebo/package.dsv'
[3.416s] INFO:colcon.colcon_core.shell:Creating package script '/home/cowbot/cowbot_ws/install/cowbot_gazebo/share/cowbot_gazebo/package.sh'
[3.424s] INFO:colcon.colcon_core.shell:Creating package script '/home/cowbot/cowbot_ws/install/cowbot_gazebo/share/cowbot_gazebo/package.bash'
[3.429s] INFO:colcon.colcon_core.shell:Creating package script '/home/cowbot/cowbot_ws/install/cowbot_gazebo/share/cowbot_gazebo/package.zsh'
[3.436s] Level 1:colcon.colcon_core.environment:create_file_with_runtime_dependencies(/home/cowbot/cowbot_ws/install/cowbot_gazebo/share/colcon-core/packages/cowbot_gazebo)
[4.282s] DEBUG:colcon.colcon_core.event_handler.log_command:Invoked command in '/home/cowbot/cowbot_ws/build/lslidar_msgs' returned '0': CMAKE_PREFIX_PATH=${CMAKE_PREFIX_PATH}:/home/cowbot/cowbot_ws/install/serial_motor:/opt/ros/jazzy /usr/bin/cmake --build /home/cowbot/cowbot_ws/build/lslidar_msgs -- -j4 -l4
[4.288s] DEBUG:colcon.colcon_core.event_handler.log_command:Invoking command in '/home/cowbot/cowbot_ws/build/lslidar_msgs': CMAKE_PREFIX_PATH=${CMAKE_PREFIX_PATH}:/home/cowbot/cowbot_ws/install/serial_motor:/opt/ros/jazzy /usr/bin/cmake --install /home/cowbot/cowbot_ws/build/lslidar_msgs
[4.392s] DEBUG:colcon.colcon_core.event_handler.log_command:Invoked command in '/home/cowbot/cowbot_ws/build/serial_motor_msgs' returned '0': CMAKE_PREFIX_PATH=${CMAKE_PREFIX_PATH}:/home/cowbot/cowbot_ws/install/serial_motor:/opt/ros/jazzy /usr/bin/cmake --build /home/cowbot/cowbot_ws/build/serial_motor_msgs -- -j4 -l4
[4.402s] DEBUG:colcon.colcon_core.event_handler.log_command:Invoking command in '/home/cowbot/cowbot_ws/build/serial_motor_msgs': CMAKE_PREFIX_PATH=${CMAKE_PREFIX_PATH}:/home/cowbot/cowbot_ws/install/serial_motor:/opt/ros/jazzy /usr/bin/cmake --install /home/cowbot/cowbot_ws/build/serial_motor_msgs
[4.826s] Level 1:colcon.colcon_core.environment:create_environment_scripts_only(lslidar_msgs)
[4.828s] Level 1:colcon.colcon_core.environment:checking '/home/cowbot/cowbot_ws/install/lslidar_msgs' for CMake module files
[4.828s] DEBUG:colcon.colcon_core.event_handler.log_command:Invoked command in '/home/cowbot/cowbot_ws/build/lslidar_msgs' returned '0': CMAKE_PREFIX_PATH=${CMAKE_PREFIX_PATH}:/home/cowbot/cowbot_ws/install/serial_motor:/opt/ros/jazzy /usr/bin/cmake --install /home/cowbot/cowbot_ws/build/lslidar_msgs
[4.834s] Level 1:colcon.colcon_core.environment:checking '/home/cowbot/cowbot_ws/install/lslidar_msgs' for CMake config files
[4.839s] Level 1:colcon.colcon_core.shell:create_environment_hook('lslidar_msgs', 'cmake_prefix_path')
[4.840s] INFO:colcon.colcon_core.shell:Creating environment hook '/home/cowbot/cowbot_ws/install/lslidar_msgs/share/lslidar_msgs/hook/cmake_prefix_path.ps1'
[4.842s] INFO:colcon.colcon_core.shell:Creating environment descriptor '/home/cowbot/cowbot_ws/install/lslidar_msgs/share/lslidar_msgs/hook/cmake_prefix_path.dsv'
[4.844s] INFO:colcon.colcon_core.shell:Creating environment hook '/home/cowbot/cowbot_ws/install/lslidar_msgs/share/lslidar_msgs/hook/cmake_prefix_path.sh'
[4.847s] Level 1:colcon.colcon_core.environment:checking '/home/cowbot/cowbot_ws/install/lslidar_msgs/lib'
[4.848s] Level 1:colcon.colcon_core.shell:create_environment_hook('lslidar_msgs', 'ld_library_path_lib')
[4.849s] INFO:colcon.colcon_core.shell:Creating environment hook '/home/cowbot/cowbot_ws/install/lslidar_msgs/share/lslidar_msgs/hook/ld_library_path_lib.ps1'
[4.851s] INFO:colcon.colcon_core.shell:Creating environment descriptor '/home/cowbot/cowbot_ws/install/lslidar_msgs/share/lslidar_msgs/hook/ld_library_path_lib.dsv'
[4.852s] INFO:colcon.colcon_core.shell:Creating environment hook '/home/cowbot/cowbot_ws/install/lslidar_msgs/share/lslidar_msgs/hook/ld_library_path_lib.sh'
[4.855s] Level 1:colcon.colcon_core.environment:checking '/home/cowbot/cowbot_ws/install/lslidar_msgs/bin'
[4.857s] Level 1:colcon.colcon_core.environment:checking '/home/cowbot/cowbot_ws/install/lslidar_msgs/lib/pkgconfig/lslidar_msgs.pc'
[4.859s] Level 1:colcon.colcon_core.environment:checking '/home/cowbot/cowbot_ws/install/lslidar_msgs/lib/python3.12/site-packages'
[4.861s] Level 1:colcon.colcon_core.shell:create_environment_hook('lslidar_msgs', 'pythonpath')
[4.862s] INFO:colcon.colcon_core.shell:Creating environment hook '/home/cowbot/cowbot_ws/install/lslidar_msgs/share/lslidar_msgs/hook/pythonpath.ps1'
[4.865s] INFO:colcon.colcon_core.shell:Creating environment descriptor '/home/cowbot/cowbot_ws/install/lslidar_msgs/share/lslidar_msgs/hook/pythonpath.dsv'
[4.869s] INFO:colcon.colcon_core.shell:Creating environment hook '/home/cowbot/cowbot_ws/install/lslidar_msgs/share/lslidar_msgs/hook/pythonpath.sh'
[4.873s] Level 1:colcon.colcon_core.environment:checking '/home/cowbot/cowbot_ws/install/lslidar_msgs/bin'
[4.875s] INFO:colcon.colcon_core.shell:Creating package script '/home/cowbot/cowbot_ws/install/lslidar_msgs/share/lslidar_msgs/package.ps1'
[4.879s] INFO:colcon.colcon_core.shell:Creating package descriptor '/home/cowbot/cowbot_ws/install/lslidar_msgs/share/lslidar_msgs/package.dsv'
[4.883s] INFO:colcon.colcon_core.shell:Creating package script '/home/cowbot/cowbot_ws/install/lslidar_msgs/share/lslidar_msgs/package.sh'
[4.886s] INFO:colcon.colcon_core.shell:Creating package script '/home/cowbot/cowbot_ws/install/lslidar_msgs/share/lslidar_msgs/package.bash'
[4.888s] INFO:colcon.colcon_core.shell:Creating package script '/home/cowbot/cowbot_ws/install/lslidar_msgs/share/lslidar_msgs/package.zsh'
[4.890s] Level 1:colcon.colcon_core.environment:create_file_with_runtime_dependencies(/home/cowbot/cowbot_ws/install/lslidar_msgs/share/colcon-core/packages/lslidar_msgs)
[4.896s] Level 1:colcon.colcon_core.environment:create_environment_scripts_only(lslidar_msgs)
[4.897s] Level 1:colcon.colcon_core.environment:checking '/home/cowbot/cowbot_ws/install/lslidar_msgs' for CMake module files
[4.909s] Level 1:colcon.colcon_core.environment:checking '/home/cowbot/cowbot_ws/install/lslidar_msgs' for CMake config files
[4.914s] Level 1:colcon.colcon_core.shell:create_environment_hook('lslidar_msgs', 'cmake_prefix_path')
[4.915s] INFO:colcon.colcon_core.shell:Creating environment hook '/home/cowbot/cowbot_ws/install/lslidar_msgs/share/lslidar_msgs/hook/cmake_prefix_path.ps1'
[4.917s] INFO:colcon.colcon_core.shell:Creating environment descriptor '/home/cowbot/cowbot_ws/install/lslidar_msgs/share/lslidar_msgs/hook/cmake_prefix_path.dsv'
[4.919s] INFO:colcon.colcon_core.shell:Creating environment hook '/home/cowbot/cowbot_ws/install/lslidar_msgs/share/lslidar_msgs/hook/cmake_prefix_path.sh'
[4.922s] Level 1:colcon.colcon_core.environment:checking '/home/cowbot/cowbot_ws/install/lslidar_msgs/lib'
[4.922s] Level 1:colcon.colcon_core.shell:create_environment_hook('lslidar_msgs', 'ld_library_path_lib')
[4.923s] INFO:colcon.colcon_core.shell:Creating environment hook '/home/cowbot/cowbot_ws/install/lslidar_msgs/share/lslidar_msgs/hook/ld_library_path_lib.ps1'
[4.925s] INFO:colcon.colcon_core.shell:Creating environment descriptor '/home/cowbot/cowbot_ws/install/lslidar_msgs/share/lslidar_msgs/hook/ld_library_path_lib.dsv'
[4.927s] INFO:colcon.colcon_core.shell:Creating environment hook '/home/cowbot/cowbot_ws/install/lslidar_msgs/share/lslidar_msgs/hook/ld_library_path_lib.sh'
[4.929s] Level 1:colcon.colcon_core.environment:checking '/home/cowbot/cowbot_ws/install/lslidar_msgs/bin'
[4.929s] Level 1:colcon.colcon_core.environment:checking '/home/cowbot/cowbot_ws/install/lslidar_msgs/lib/pkgconfig/lslidar_msgs.pc'
[4.930s] Level 1:colcon.colcon_core.environment:checking '/home/cowbot/cowbot_ws/install/lslidar_msgs/lib/python3.12/site-packages'
[4.930s] Level 1:colcon.colcon_core.shell:create_environment_hook('lslidar_msgs', 'pythonpath')
[4.931s] INFO:colcon.colcon_core.shell:Creating environment hook '/home/cowbot/cowbot_ws/install/lslidar_msgs/share/lslidar_msgs/hook/pythonpath.ps1'
[4.933s] INFO:colcon.colcon_core.shell:Creating environment descriptor '/home/cowbot/cowbot_ws/install/lslidar_msgs/share/lslidar_msgs/hook/pythonpath.dsv'
[4.934s] INFO:colcon.colcon_core.shell:Creating environment hook '/home/cowbot/cowbot_ws/install/lslidar_msgs/share/lslidar_msgs/hook/pythonpath.sh'
[4.939s] Level 1:colcon.colcon_core.environment:checking '/home/cowbot/cowbot_ws/install/lslidar_msgs/bin'
[4.941s] INFO:colcon.colcon_core.shell:Creating package script '/home/cowbot/cowbot_ws/install/lslidar_msgs/share/lslidar_msgs/package.ps1'
[4.943s] INFO:colcon.colcon_core.shell:Creating package descriptor '/home/cowbot/cowbot_ws/install/lslidar_msgs/share/lslidar_msgs/package.dsv'
[4.946s] INFO:colcon.colcon_core.shell:Creating package script '/home/cowbot/cowbot_ws/install/lslidar_msgs/share/lslidar_msgs/package.sh'
[4.948s] INFO:colcon.colcon_core.shell:Creating package script '/home/cowbot/cowbot_ws/install/lslidar_msgs/share/lslidar_msgs/package.bash'
[4.950s] INFO:colcon.colcon_core.shell:Creating package script '/home/cowbot/cowbot_ws/install/lslidar_msgs/share/lslidar_msgs/package.zsh'
[4.952s] Level 1:colcon.colcon_core.environment:create_file_with_runtime_dependencies(/home/cowbot/cowbot_ws/install/lslidar_msgs/share/colcon-core/packages/lslidar_msgs)
[4.954s] INFO:colcon.colcon_ros.task.ament_cmake.build:Building ROS package in '/home/cowbot/cowbot_ws/src/Lslidar_ROS2_driver/lslidar_driver' with build type 'ament_cmake'
[4.955s] INFO:colcon.colcon_cmake.task.cmake.build:Building CMake package in '/home/cowbot/cowbot_ws/src/Lslidar_ROS2_driver/lslidar_driver'
[4.955s] INFO:colcon.colcon_core.shell:Skip shell extension 'powershell' for command environment: Not usable outside of PowerShell
[4.955s] DEBUG:colcon.colcon_core.shell:Skip shell extension 'dsv' for command environment
[4.978s] Level 1:colcon.colcon_core.environment:create_environment_scripts_only(serial_motor_msgs)
[4.979s] Level 1:colcon.colcon_core.environment:checking '/home/cowbot/cowbot_ws/install/serial_motor_msgs' for CMake module files
[4.981s] DEBUG:colcon.colcon_core.event_handler.log_command:Invoked command in '/home/cowbot/cowbot_ws/build/serial_motor_msgs' returned '0': CMAKE_PREFIX_PATH=${CMAKE_PREFIX_PATH}:/home/cowbot/cowbot_ws/install/serial_motor:/opt/ros/jazzy /usr/bin/cmake --install /home/cowbot/cowbot_ws/build/serial_motor_msgs
[4.986s] Level 1:colcon.colcon_core.environment:checking '/home/cowbot/cowbot_ws/install/serial_motor_msgs' for CMake config files
[4.993s] Level 1:colcon.colcon_core.shell:create_environment_hook('serial_motor_msgs', 'cmake_prefix_path')
[4.994s] INFO:colcon.colcon_core.shell:Creating environment hook '/home/cowbot/cowbot_ws/install/serial_motor_msgs/share/serial_motor_msgs/hook/cmake_prefix_path.ps1'
[4.996s] INFO:colcon.colcon_core.shell:Creating environment descriptor '/home/cowbot/cowbot_ws/install/serial_motor_msgs/share/serial_motor_msgs/hook/cmake_prefix_path.dsv'
[4.998s] INFO:colcon.colcon_core.shell:Creating environment hook '/home/cowbot/cowbot_ws/install/serial_motor_msgs/share/serial_motor_msgs/hook/cmake_prefix_path.sh'
[5.001s] Level 1:colcon.colcon_core.environment:checking '/home/cowbot/cowbot_ws/install/serial_motor_msgs/lib'
[5.002s] Level 1:colcon.colcon_core.shell:create_environment_hook('serial_motor_msgs', 'ld_library_path_lib')
[5.002s] INFO:colcon.colcon_core.shell:Creating environment hook '/home/cowbot/cowbot_ws/install/serial_motor_msgs/share/serial_motor_msgs/hook/ld_library_path_lib.ps1'
[5.004s] INFO:colcon.colcon_core.shell:Creating environment descriptor '/home/cowbot/cowbot_ws/install/serial_motor_msgs/share/serial_motor_msgs/hook/ld_library_path_lib.dsv'
[5.006s] INFO:colcon.colcon_core.shell:Creating environment hook '/home/cowbot/cowbot_ws/install/serial_motor_msgs/share/serial_motor_msgs/hook/ld_library_path_lib.sh'
[5.008s] Level 1:colcon.colcon_core.environment:checking '/home/cowbot/cowbot_ws/install/serial_motor_msgs/bin'
[5.008s] Level 1:colcon.colcon_core.environment:checking '/home/cowbot/cowbot_ws/install/serial_motor_msgs/lib/pkgconfig/serial_motor_msgs.pc'
[5.009s] Level 1:colcon.colcon_core.environment:checking '/home/cowbot/cowbot_ws/install/serial_motor_msgs/lib/python3.12/site-packages'
[5.009s] Level 1:colcon.colcon_core.shell:create_environment_hook('serial_motor_msgs', 'pythonpath')
[5.010s] INFO:colcon.colcon_core.shell:Creating environment hook '/home/cowbot/cowbot_ws/install/serial_motor_msgs/share/serial_motor_msgs/hook/pythonpath.ps1'
[5.012s] INFO:colcon.colcon_core.shell:Creating environment descriptor '/home/cowbot/cowbot_ws/install/serial_motor_msgs/share/serial_motor_msgs/hook/pythonpath.dsv'
[5.013s] INFO:colcon.colcon_core.shell:Creating environment hook '/home/cowbot/cowbot_ws/install/serial_motor_msgs/share/serial_motor_msgs/hook/pythonpath.sh'
[5.016s] Level 1:colcon.colcon_core.environment:checking '/home/cowbot/cowbot_ws/install/serial_motor_msgs/bin'
[5.017s] INFO:colcon.colcon_core.shell:Creating package script '/home/cowbot/cowbot_ws/install/serial_motor_msgs/share/serial_motor_msgs/package.ps1'
[5.020s] INFO:colcon.colcon_core.shell:Creating package descriptor '/home/cowbot/cowbot_ws/install/serial_motor_msgs/share/serial_motor_msgs/package.dsv'
[5.022s] INFO:colcon.colcon_core.shell:Creating package script '/home/cowbot/cowbot_ws/install/serial_motor_msgs/share/serial_motor_msgs/package.sh'
[5.024s] INFO:colcon.colcon_core.shell:Creating package script '/home/cowbot/cowbot_ws/install/serial_motor_msgs/share/serial_motor_msgs/package.bash'
[5.025s] INFO:colcon.colcon_core.shell:Creating package script '/home/cowbot/cowbot_ws/install/serial_motor_msgs/share/serial_motor_msgs/package.zsh'
[5.027s] Level 1:colcon.colcon_core.environment:create_file_with_runtime_dependencies(/home/cowbot/cowbot_ws/install/serial_motor_msgs/share/colcon-core/packages/serial_motor_msgs)
[5.029s] Level 1:colcon.colcon_core.environment:create_environment_scripts_only(serial_motor_msgs)
[5.030s] Level 1:colcon.colcon_core.environment:checking '/home/cowbot/cowbot_ws/install/serial_motor_msgs' for CMake module files
[5.035s] Level 1:colcon.colcon_core.environment:checking '/home/cowbot/cowbot_ws/install/serial_motor_msgs' for CMake config files
[5.041s] Level 1:colcon.colcon_core.shell:create_environment_hook('serial_motor_msgs', 'cmake_prefix_path')
[5.041s] INFO:colcon.colcon_core.shell:Creating environment hook '/home/cowbot/cowbot_ws/install/serial_motor_msgs/share/serial_motor_msgs/hook/cmake_prefix_path.ps1'
[5.043s] INFO:colcon.colcon_core.shell:Creating environment descriptor '/home/cowbot/cowbot_ws/install/serial_motor_msgs/share/serial_motor_msgs/hook/cmake_prefix_path.dsv'
[5.045s] INFO:colcon.colcon_core.shell:Creating environment hook '/home/cowbot/cowbot_ws/install/serial_motor_msgs/share/serial_motor_msgs/hook/cmake_prefix_path.sh'
[5.047s] Level 1:colcon.colcon_core.environment:checking '/home/cowbot/cowbot_ws/install/serial_motor_msgs/lib'
[5.048s] Level 1:colcon.colcon_core.shell:create_environment_hook('serial_motor_msgs', 'ld_library_path_lib')
[5.048s] INFO:colcon.colcon_core.shell:Creating environment hook '/home/cowbot/cowbot_ws/install/serial_motor_msgs/share/serial_motor_msgs/hook/ld_library_path_lib.ps1'
[5.050s] INFO:colcon.colcon_core.shell:Creating environment descriptor '/home/cowbot/cowbot_ws/install/serial_motor_msgs/share/serial_motor_msgs/hook/ld_library_path_lib.dsv'
[5.052s] INFO:colcon.colcon_core.shell:Creating environment hook '/home/cowbot/cowbot_ws/install/serial_motor_msgs/share/serial_motor_msgs/hook/ld_library_path_lib.sh'
[5.053s] Level 1:colcon.colcon_core.environment:checking '/home/cowbot/cowbot_ws/install/serial_motor_msgs/bin'
[5.054s] Level 1:colcon.colcon_core.environment:checking '/home/cowbot/cowbot_ws/install/serial_motor_msgs/lib/pkgconfig/serial_motor_msgs.pc'
[5.054s] Level 1:colcon.colcon_core.environment:checking '/home/cowbot/cowbot_ws/install/serial_motor_msgs/lib/python3.12/site-packages'
[5.055s] Level 1:colcon.colcon_core.shell:create_environment_hook('serial_motor_msgs', 'pythonpath')
[5.056s] INFO:colcon.colcon_core.shell:Creating environment hook '/home/cowbot/cowbot_ws/install/serial_motor_msgs/share/serial_motor_msgs/hook/pythonpath.ps1'
[5.058s] INFO:colcon.colcon_core.shell:Creating environment descriptor '/home/cowbot/cowbot_ws/install/serial_motor_msgs/share/serial_motor_msgs/hook/pythonpath.dsv'
[5.059s] INFO:colcon.colcon_core.shell:Creating environment hook '/home/cowbot/cowbot_ws/install/serial_motor_msgs/share/serial_motor_msgs/hook/pythonpath.sh'
[5.062s] Level 1:colcon.colcon_core.environment:checking '/home/cowbot/cowbot_ws/install/serial_motor_msgs/bin'
[5.063s] INFO:colcon.colcon_core.shell:Creating package script '/home/cowbot/cowbot_ws/install/serial_motor_msgs/share/serial_motor_msgs/package.ps1'
[5.065s] INFO:colcon.colcon_core.shell:Creating package descriptor '/home/cowbot/cowbot_ws/install/serial_motor_msgs/share/serial_motor_msgs/package.dsv'
[5.068s] INFO:colcon.colcon_core.shell:Creating package script '/home/cowbot/cowbot_ws/install/serial_motor_msgs/share/serial_motor_msgs/package.sh'
[5.070s] INFO:colcon.colcon_core.shell:Creating package script '/home/cowbot/cowbot_ws/install/serial_motor_msgs/share/serial_motor_msgs/package.bash'
[5.072s] INFO:colcon.colcon_core.shell:Creating package script '/home/cowbot/cowbot_ws/install/serial_motor_msgs/share/serial_motor_msgs/package.zsh'
[5.073s] Level 1:colcon.colcon_core.environment:create_file_with_runtime_dependencies(/home/cowbot/cowbot_ws/install/serial_motor_msgs/share/colcon-core/packages/serial_motor_msgs)
[5.076s] INFO:colcon.colcon_ros.task.ament_python.build:Building ROS package in '/home/cowbot/cowbot_ws/src/serial_motor' with build type 'ament_python'
[5.077s] Level 1:colcon.colcon_core.shell:create_environment_hook('serial_motor', 'ament_prefix_path')
[5.077s] INFO:colcon.colcon_core.shell:Creating environment hook '/home/cowbot/cowbot_ws/install/serial_motor/share/serial_motor/hook/ament_prefix_path.ps1'
[5.080s] INFO:colcon.colcon_core.shell:Creating environment descriptor '/home/cowbot/cowbot_ws/install/serial_motor/share/serial_motor/hook/ament_prefix_path.dsv'
[5.082s] INFO:colcon.colcon_core.shell:Creating environment hook '/home/cowbot/cowbot_ws/install/serial_motor/share/serial_motor/hook/ament_prefix_path.sh'
[5.084s] INFO:colcon.colcon_core.shell:Skip shell extension 'powershell' for command environment: Not usable outside of PowerShell
[5.084s] DEBUG:colcon.colcon_core.shell:Skip shell extension 'dsv' for command environment
[5.121s] DEBUG:colcon.colcon_core.event_handler.log_command:Invoking command in '/home/cowbot/cowbot_ws/build/lslidar_driver': CMAKE_PREFIX_PATH=/home/cowbot/cowbot_ws/install/lslidar_msgs:/home/cowbot/cowbot_ws/install/serial_motor_msgs:/home/cowbot/cowbot_ws/install/lslidar_driver:/home/cowbot/cowbot_ws/install/cowbot_gazebo:/home/cowbot/cowbot_ws/install/cowbot_description:/home/cowbot/cowbot_ws/install/cowbot_bringup:/home/cowbot/cowbot_ws/install/serial_motor:/opt/ros/jazzy LD_LIBRARY_PATH=/home/cowbot/cowbot_ws/install/lslidar_msgs/lib:/home/cowbot/cowbot_ws/install/serial_motor_msgs/lib:/opt/ros/jazzy/lib/aarch64-linux-gnu:/opt/ros/jazzy/lib PYTHONPATH=/home/cowbot/cowbot_ws/install/lslidar_msgs/lib/python3.12/site-packages:/home/cowbot/cowbot_ws/build/serial_motor:/home/cowbot/cowbot_ws/install/serial_motor/lib/python3.12/site-packages:/home/cowbot/cowbot_ws/install/serial_motor_msgs/lib/python3.12/site-packages:/opt/ros/jazzy/lib/python3.12/site-packages /usr/bin/cmake --build /home/cowbot/cowbot_ws/build/lslidar_driver -- -j4 -l4
[6.085s] INFO:colcon.colcon_core.task.python.build:Building Python package in '/home/cowbot/cowbot_ws/src/serial_motor'
[6.086s] INFO:colcon.colcon_core.shell:Skip shell extension 'powershell' for command environment: Not usable outside of PowerShell
[6.086s] DEBUG:colcon.colcon_core.shell:Skip shell extension 'dsv' for command environment
[6.107s] DEBUG:colcon.colcon_core.event_handler.log_command:Invoked command in '/home/cowbot/cowbot_ws/build/lslidar_driver' returned '0': CMAKE_PREFIX_PATH=/home/cowbot/cowbot_ws/install/lslidar_msgs:/home/cowbot/cowbot_ws/install/serial_motor_msgs:/home/cowbot/cowbot_ws/install/lslidar_driver:/home/cowbot/cowbot_ws/install/cowbot_gazebo:/home/cowbot/cowbot_ws/install/cowbot_description:/home/cowbot/cowbot_ws/install/cowbot_bringup:/home/cowbot/cowbot_ws/install/serial_motor:/opt/ros/jazzy LD_LIBRARY_PATH=/home/cowbot/cowbot_ws/install/lslidar_msgs/lib:/home/cowbot/cowbot_ws/install/serial_motor_msgs/lib:/opt/ros/jazzy/lib/aarch64-linux-gnu:/opt/ros/jazzy/lib PYTHONPATH=/home/cowbot/cowbot_ws/install/lslidar_msgs/lib/python3.12/site-packages:/home/cowbot/cowbot_ws/build/serial_motor:/home/cowbot/cowbot_ws/install/serial_motor/lib/python3.12/site-packages:/home/cowbot/cowbot_ws/install/serial_motor_msgs/lib/python3.12/site-packages:/opt/ros/jazzy/lib/python3.12/site-packages /usr/bin/cmake --build /home/cowbot/cowbot_ws/build/lslidar_driver -- -j4 -l4
[6.115s] DEBUG:colcon.colcon_core.event_handler.log_command:Invoking command in '/home/cowbot/cowbot_ws/build/lslidar_driver': CMAKE_PREFIX_PATH=/home/cowbot/cowbot_ws/install/lslidar_msgs:/home/cowbot/cowbot_ws/install/serial_motor_msgs:/home/cowbot/cowbot_ws/install/lslidar_driver:/home/cowbot/cowbot_ws/install/cowbot_gazebo:/home/cowbot/cowbot_ws/install/cowbot_description:/home/cowbot/cowbot_ws/install/cowbot_bringup:/home/cowbot/cowbot_ws/install/serial_motor:/opt/ros/jazzy LD_LIBRARY_PATH=/home/cowbot/cowbot_ws/install/lslidar_msgs/lib:/home/cowbot/cowbot_ws/install/serial_motor_msgs/lib:/opt/ros/jazzy/lib/aarch64-linux-gnu:/opt/ros/jazzy/lib PYTHONPATH=/home/cowbot/cowbot_ws/install/lslidar_msgs/lib/python3.12/site-packages:/home/cowbot/cowbot_ws/build/serial_motor:/home/cowbot/cowbot_ws/install/serial_motor/lib/python3.12/site-packages:/home/cowbot/cowbot_ws/install/serial_motor_msgs/lib/python3.12/site-packages:/opt/ros/jazzy/lib/python3.12/site-packages /usr/bin/cmake --install /home/cowbot/cowbot_ws/build/lslidar_driver
[6.245s] Level 1:colcon.colcon_core.environment:create_environment_scripts_only(lslidar_driver)
[6.246s] DEBUG:colcon.colcon_core.event_handler.log_command:Invoked command in '/home/cowbot/cowbot_ws/build/lslidar_driver' returned '0': CMAKE_PREFIX_PATH=/home/cowbot/cowbot_ws/install/lslidar_msgs:/home/cowbot/cowbot_ws/install/serial_motor_msgs:/home/cowbot/cowbot_ws/install/lslidar_driver:/home/cowbot/cowbot_ws/install/cowbot_gazebo:/home/cowbot/cowbot_ws/install/cowbot_description:/home/cowbot/cowbot_ws/install/cowbot_bringup:/home/cowbot/cowbot_ws/install/serial_motor:/opt/ros/jazzy LD_LIBRARY_PATH=/home/cowbot/cowbot_ws/install/lslidar_msgs/lib:/home/cowbot/cowbot_ws/install/serial_motor_msgs/lib:/opt/ros/jazzy/lib/aarch64-linux-gnu:/opt/ros/jazzy/lib PYTHONPATH=/home/cowbot/cowbot_ws/install/lslidar_msgs/lib/python3.12/site-packages:/home/cowbot/cowbot_ws/build/serial_motor:/home/cowbot/cowbot_ws/install/serial_motor/lib/python3.12/site-packages:/home/cowbot/cowbot_ws/install/serial_motor_msgs/lib/python3.12/site-packages:/opt/ros/jazzy/lib/python3.12/site-packages /usr/bin/cmake --install /home/cowbot/cowbot_ws/build/lslidar_driver
[6.247s] Level 1:colcon.colcon_core.environment:checking '/home/cowbot/cowbot_ws/install/lslidar_driver' for CMake module files
[6.251s] Level 1:colcon.colcon_core.environment:checking '/home/cowbot/cowbot_ws/install/lslidar_driver' for CMake config files
[6.254s] Level 1:colcon.colcon_core.shell:create_environment_hook('lslidar_driver', 'cmake_prefix_path')
[6.255s] INFO:colcon.colcon_core.shell:Creating environment hook '/home/cowbot/cowbot_ws/install/lslidar_driver/share/lslidar_driver/hook/cmake_prefix_path.ps1'
[6.257s] INFO:colcon.colcon_core.shell:Creating environment descriptor '/home/cowbot/cowbot_ws/install/lslidar_driver/share/lslidar_driver/hook/cmake_prefix_path.dsv'
[6.259s] INFO:colcon.colcon_core.shell:Creating environment hook '/home/cowbot/cowbot_ws/install/lslidar_driver/share/lslidar_driver/hook/cmake_prefix_path.sh'
[6.265s] Level 1:colcon.colcon_core.environment:checking '/home/cowbot/cowbot_ws/install/lslidar_driver/lib'
[6.265s] Level 1:colcon.colcon_core.environment:checking '/home/cowbot/cowbot_ws/install/lslidar_driver/bin'
[6.265s] Level 1:colcon.colcon_core.environment:checking '/home/cowbot/cowbot_ws/install/lslidar_driver/lib/pkgconfig/lslidar_driver.pc'
[6.266s] Level 1:colcon.colcon_core.environment:checking '/home/cowbot/cowbot_ws/install/lslidar_driver/lib/python3.12/site-packages'
[6.268s] Level 1:colcon.colcon_core.environment:checking '/home/cowbot/cowbot_ws/install/lslidar_driver/bin'
[6.269s] INFO:colcon.colcon_core.shell:Creating package script '/home/cowbot/cowbot_ws/install/lslidar_driver/share/lslidar_driver/package.ps1'
[6.271s] INFO:colcon.colcon_core.shell:Creating package descriptor '/home/cowbot/cowbot_ws/install/lslidar_driver/share/lslidar_driver/package.dsv'
[6.274s] INFO:colcon.colcon_core.shell:Creating package script '/home/cowbot/cowbot_ws/install/lslidar_driver/share/lslidar_driver/package.sh'
[6.276s] INFO:colcon.colcon_core.shell:Creating package script '/home/cowbot/cowbot_ws/install/lslidar_driver/share/lslidar_driver/package.bash'
[6.278s] INFO:colcon.colcon_core.shell:Creating package script '/home/cowbot/cowbot_ws/install/lslidar_driver/share/lslidar_driver/package.zsh'
[6.280s] Level 1:colcon.colcon_core.environment:create_file_with_runtime_dependencies(/home/cowbot/cowbot_ws/install/lslidar_driver/share/colcon-core/packages/lslidar_driver)
[6.283s] Level 1:colcon.colcon_core.environment:create_environment_scripts_only(lslidar_driver)
[6.283s] Level 1:colcon.colcon_core.environment:checking '/home/cowbot/cowbot_ws/install/lslidar_driver' for CMake module files
[6.287s] Level 1:colcon.colcon_core.environment:checking '/home/cowbot/cowbot_ws/install/lslidar_driver' for CMake config files
[6.290s] Level 1:colcon.colcon_core.shell:create_environment_hook('lslidar_driver', 'cmake_prefix_path')
[6.291s] INFO:colcon.colcon_core.shell:Creating environment hook '/home/cowbot/cowbot_ws/install/lslidar_driver/share/lslidar_driver/hook/cmake_prefix_path.ps1'
[6.293s] INFO:colcon.colcon_core.shell:Creating environment descriptor '/home/cowbot/cowbot_ws/install/lslidar_driver/share/lslidar_driver/hook/cmake_prefix_path.dsv'
[6.295s] INFO:colcon.colcon_core.shell:Creating environment hook '/home/cowbot/cowbot_ws/install/lslidar_driver/share/lslidar_driver/hook/cmake_prefix_path.sh'
[6.298s] Level 1:colcon.colcon_core.environment:checking '/home/cowbot/cowbot_ws/install/lslidar_driver/lib'
[6.299s] Level 1:colcon.colcon_core.environment:checking '/home/cowbot/cowbot_ws/install/lslidar_driver/bin'
[6.299s] Level 1:colcon.colcon_core.environment:checking '/home/cowbot/cowbot_ws/install/lslidar_driver/lib/pkgconfig/lslidar_driver.pc'
[6.300s] Level 1:colcon.colcon_core.environment:checking '/home/cowbot/cowbot_ws/install/lslidar_driver/lib/python3.12/site-packages'
[6.301s] Level 1:colcon.colcon_core.environment:checking '/home/cowbot/cowbot_ws/install/lslidar_driver/bin'
[6.303s] INFO:colcon.colcon_core.shell:Creating package script '/home/cowbot/cowbot_ws/install/lslidar_driver/share/lslidar_driver/package.ps1'
[6.305s] INFO:colcon.colcon_core.shell:Creating package descriptor '/home/cowbot/cowbot_ws/install/lslidar_driver/share/lslidar_driver/package.dsv'
[6.308s] INFO:colcon.colcon_core.shell:Creating package script '/home/cowbot/cowbot_ws/install/lslidar_driver/share/lslidar_driver/package.sh'
[6.310s] INFO:colcon.colcon_core.shell:Creating package script '/home/cowbot/cowbot_ws/install/lslidar_driver/share/lslidar_driver/package.bash'
[6.313s] INFO:colcon.colcon_core.shell:Creating package script '/home/cowbot/cowbot_ws/install/lslidar_driver/share/lslidar_driver/package.zsh'
[6.315s] Level 1:colcon.colcon_core.environment:create_file_with_runtime_dependencies(/home/cowbot/cowbot_ws/install/lslidar_driver/share/colcon-core/packages/lslidar_driver)
[8.581s] DEBUG:colcon.colcon_core.event_handler.log_command:Invoking command in '/home/cowbot/cowbot_ws/build/serial_motor': PYTHONPATH=/home/cowbot/cowbot_ws/build/serial_motor/prefix_override:/usr/lib/python3/dist-packages/colcon_core/task/python/colcon_distutils_commands:/home/cowbot/cowbot_ws/install/serial_motor/lib/python3.12/site-packages:/home/cowbot/cowbot_ws/install/serial_motor_msgs/lib/python3.12/site-packages:/home/cowbot/cowbot_ws/build/serial_motor:/home/cowbot/cowbot_ws/install/serial_motor/lib/python3.12/site-packages:/home/cowbot/cowbot_ws/install/lslidar_msgs/lib/python3.12/site-packages:/opt/ros/jazzy/lib/python3.12/site-packages /usr/bin/python3 -W ignore:setup.py install is deprecated -W ignore:easy_install command is deprecated setup.py develop --editable --build-directory /home/cowbot/cowbot_ws/build/serial_motor/build --no-deps symlink_data
[11.260s] Level 1:colcon.colcon_core.shell:create_environment_hook('serial_motor', 'pythonpath_develop')
[11.261s] INFO:colcon.colcon_core.shell:Creating environment hook '/home/cowbot/cowbot_ws/build/serial_motor/share/serial_motor/hook/pythonpath_develop.ps1'
[11.261s] DEBUG:colcon.colcon_core.event_handler.log_command:Invoked command in '/home/cowbot/cowbot_ws/build/serial_motor' returned '0': PYTHONPATH=/home/cowbot/cowbot_ws/build/serial_motor/prefix_override:/usr/lib/python3/dist-packages/colcon_core/task/python/colcon_distutils_commands:/home/cowbot/cowbot_ws/install/serial_motor/lib/python3.12/site-packages:/home/cowbot/cowbot_ws/install/serial_motor_msgs/lib/python3.12/site-packages:/home/cowbot/cowbot_ws/build/serial_motor:/home/cowbot/cowbot_ws/install/serial_motor/lib/python3.12/site-packages:/home/cowbot/cowbot_ws/install/lslidar_msgs/lib/python3.12/site-packages:/opt/ros/jazzy/lib/python3.12/site-packages /usr/bin/python3 -W ignore:setup.py install is deprecated -W ignore:easy_install command is deprecated setup.py develop --editable --build-directory /home/cowbot/cowbot_ws/build/serial_motor/build --no-deps symlink_data
[11.263s] INFO:colcon.colcon_core.shell:Creating environment descriptor '/home/cowbot/cowbot_ws/build/serial_motor/share/serial_motor/hook/pythonpath_develop.dsv'
[11.265s] INFO:colcon.colcon_core.shell:Creating environment hook '/home/cowbot/cowbot_ws/build/serial_motor/share/serial_motor/hook/pythonpath_develop.sh'
[11.268s] Level 1:colcon.colcon_core.environment:checking '/home/cowbot/cowbot_ws/install/serial_motor' for CMake module files
[11.272s] Level 1:colcon.colcon_core.environment:checking '/home/cowbot/cowbot_ws/install/serial_motor' for CMake config files
[11.276s] Level 1:colcon.colcon_core.environment:checking '/home/cowbot/cowbot_ws/install/serial_motor/lib'
[11.276s] Level 1:colcon.colcon_core.environment:checking '/home/cowbot/cowbot_ws/install/serial_motor/bin'
[11.277s] Level 1:colcon.colcon_core.environment:checking '/home/cowbot/cowbot_ws/install/serial_motor/lib/pkgconfig/serial_motor.pc'
[11.278s] Level 1:colcon.colcon_core.environment:checking '/home/cowbot/cowbot_ws/install/serial_motor/lib/python3.12/site-packages'
[11.278s] Level 1:colcon.colcon_core.shell:create_environment_hook('serial_motor', 'pythonpath')
[11.279s] INFO:colcon.colcon_core.shell:Creating environment hook '/home/cowbot/cowbot_ws/install/serial_motor/share/serial_motor/hook/pythonpath.ps1'
[11.281s] INFO:colcon.colcon_core.shell:Creating environment descriptor '/home/cowbot/cowbot_ws/install/serial_motor/share/serial_motor/hook/pythonpath.dsv'
[11.283s] INFO:colcon.colcon_core.shell:Creating environment hook '/home/cowbot/cowbot_ws/install/serial_motor/share/serial_motor/hook/pythonpath.sh'
[11.286s] Level 1:colcon.colcon_core.environment:checking '/home/cowbot/cowbot_ws/install/serial_motor/bin'
[11.286s] Level 1:colcon.colcon_core.environment:create_environment_scripts_only(serial_motor)
[11.287s] INFO:colcon.colcon_core.shell:Creating package script '/home/cowbot/cowbot_ws/install/serial_motor/share/serial_motor/package.ps1'
[11.290s] INFO:colcon.colcon_core.shell:Creating package descriptor '/home/cowbot/cowbot_ws/install/serial_motor/share/serial_motor/package.dsv'
[11.292s] INFO:colcon.colcon_core.shell:Creating package script '/home/cowbot/cowbot_ws/install/serial_motor/share/serial_motor/package.sh'
[11.294s] INFO:colcon.colcon_core.shell:Creating package script '/home/cowbot/cowbot_ws/install/serial_motor/share/serial_motor/package.bash'
[11.295s] INFO:colcon.colcon_core.shell:Creating package script '/home/cowbot/cowbot_ws/install/serial_motor/share/serial_motor/package.zsh'
[11.297s] Level 1:colcon.colcon_core.environment:create_file_with_runtime_dependencies(/home/cowbot/cowbot_ws/install/serial_motor/share/colcon-core/packages/serial_motor)
[11.298s] DEBUG:colcon.colcon_parallel_executor.executor.parallel:closing loop
[11.299s] DEBUG:colcon.colcon_parallel_executor.executor.parallel:loop closed
[11.300s] DEBUG:colcon.colcon_parallel_executor.executor.parallel:run_until_complete finished with '0'
[11.300s] DEBUG:colcon.colcon_core.event_reactor:joining thread
[11.324s] INFO:colcon.colcon_core.plugin_system:Skipping extension 'colcon_notification.desktop_notification.notify_send': Could not find 'notify-send'
[11.325s] INFO:colcon.colcon_core.plugin_system:Skipping extension 'colcon_notification.desktop_notification.terminal_notifier': Not used on non-Darwin systems
[11.325s] INFO:colcon.colcon_core.plugin_system:Skipping extension 'colcon_notification.desktop_notification.win32': Not used on non-Windows systems
[11.325s] INFO:colcon.colcon_notification.desktop_notification:Sending desktop notification using 'notify2'
[11.328s] DEBUG:colcon.colcon_notification.desktop_notification.notify2:Failed to initialize notify2: org.freedesktop.DBus.Error.ServiceUnknown: The name org.freedesktop.Notifications was not provided by any .service files
[11.329s] DEBUG:colcon.colcon_core.event_reactor:joined thread
[11.330s] INFO:colcon.colcon_core.shell:Creating prefix script '/home/cowbot/cowbot_ws/install/local_setup.ps1'
[11.332s] INFO:colcon.colcon_core.shell:Creating prefix util module '/home/cowbot/cowbot_ws/install/_local_setup_util_ps1.py'
[11.337s] INFO:colcon.colcon_core.shell:Creating prefix chain script '/home/cowbot/cowbot_ws/install/setup.ps1'
[11.343s] INFO:colcon.colcon_core.shell:Creating prefix script '/home/cowbot/cowbot_ws/install/local_setup.sh'
[11.345s] INFO:colcon.colcon_core.shell:Creating prefix util module '/home/cowbot/cowbot_ws/install/_local_setup_util_sh.py'
[11.348s] INFO:colcon.colcon_core.shell:Creating prefix chain script '/home/cowbot/cowbot_ws/install/setup.sh'
[11.353s] INFO:colcon.colcon_core.shell:Creating prefix script '/home/cowbot/cowbot_ws/install/local_setup.bash'
[11.355s] INFO:colcon.colcon_core.shell:Creating prefix chain script '/home/cowbot/cowbot_ws/install/setup.bash'
[11.360s] INFO:colcon.colcon_core.shell:Creating prefix script '/home/cowbot/cowbot_ws/install/local_setup.zsh'
[11.362s] INFO:colcon.colcon_core.shell:Creating prefix chain script '/home/cowbot/cowbot_ws/install/setup.zsh'
