[0.280s] Invoking command in '/home/cowbot/cowbot_ws/build/cowbot_gazebo': CMAKE_PREFIX_PATH=${CMAKE_PREFIX_PATH}:/home/cowbot/cowbot_ws/install/serial_motor:/opt/ros/jazzy /usr/bin/cmake --build /home/cowbot/cowbot_ws/build/cowbot_gazebo -- -j4 -l4
[0.632s] Invoked command in '/home/cowbot/cowbot_ws/build/cowbot_gazebo' returned '0': CMAKE_PREFIX_PATH=${CMAKE_PREFIX_PATH}:/home/cowbot/cowbot_ws/install/serial_motor:/opt/ros/jazzy /usr/bin/cmake --build /home/cowbot/cowbot_ws/build/cowbot_gazebo -- -j4 -l4
[0.638s] Invoking command in '/home/cowbot/cowbot_ws/build/cowbot_gazebo': CMAKE_PREFIX_PATH=${CMAKE_PREFIX_PATH}:/home/cowbot/cowbot_ws/install/serial_motor:/opt/ros/jazzy /usr/bin/cmake --install /home/cowbot/cowbot_ws/build/cowbot_gazebo
[0.696s] -- Install configuration: ""
[0.698s] -- Execute custom install script
[0.704s] -- Up-to-date symlink: /home/cowbot/cowbot_ws/install/cowbot_gazebo/share/cowbot_gazebo/launch/botbox_world.launch.xml
[0.704s] -- Up-to-date symlink: /home/cowbot/cowbot_ws/install/cowbot_gazebo/share/cowbot_gazebo/launch/one_cowbot_warehouse.launch.py
[0.708s] -- Up-to-date symlink: /home/cowbot/cowbot_ws/install/cowbot_gazebo/share/cowbot_gazebo/launch/spawn.launch.xml
[0.709s] -- Up-to-date symlink: /home/cowbot/cowbot_ws/install/cowbot_gazebo/share/cowbot_gazebo/launch/spawn_cowbot.launch.xml
[0.709s] -- Up-to-date symlink: /home/cowbot/cowbot_ws/install/cowbot_gazebo/share/cowbot_gazebo/launch/spawn_in_gazebo.launch.py
[0.710s] -- Up-to-date symlink: /home/cowbot/cowbot_ws/install/cowbot_gazebo/share/cowbot_gazebo/gazebo/cowbot_plugins.gazebo
[0.714s] -- Up-to-date symlink: /home/cowbot/cowbot_ws/install/cowbot_gazebo/share/ament_index/resource_index/package_run_dependencies/cowbot_gazebo
[0.715s] -- Up-to-date symlink: /home/cowbot/cowbot_ws/install/cowbot_gazebo/share/ament_index/resource_index/parent_prefix_path/cowbot_gazebo
[0.716s] -- Up-to-date symlink: /home/cowbot/cowbot_ws/install/cowbot_gazebo/share/cowbot_gazebo/environment/ament_prefix_path.sh
[0.719s] -- Up-to-date symlink: /home/cowbot/cowbot_ws/install/cowbot_gazebo/share/cowbot_gazebo/environment/ament_prefix_path.dsv
[0.720s] -- Up-to-date symlink: /home/cowbot/cowbot_ws/install/cowbot_gazebo/share/cowbot_gazebo/environment/path.sh
[0.726s] -- Up-to-date symlink: /home/cowbot/cowbot_ws/install/cowbot_gazebo/share/cowbot_gazebo/environment/path.dsv
[0.727s] -- Up-to-date symlink: /home/cowbot/cowbot_ws/install/cowbot_gazebo/share/cowbot_gazebo/local_setup.bash
[0.727s] -- Up-to-date symlink: /home/cowbot/cowbot_ws/install/cowbot_gazebo/share/cowbot_gazebo/local_setup.sh
[0.728s] -- Up-to-date symlink: /home/cowbot/cowbot_ws/install/cowbot_gazebo/share/cowbot_gazebo/local_setup.zsh
[0.729s] -- Up-to-date symlink: /home/cowbot/cowbot_ws/install/cowbot_gazebo/share/cowbot_gazebo/local_setup.dsv
[0.732s] -- Symlinking: /home/cowbot/cowbot_ws/install/cowbot_gazebo/share/cowbot_gazebo/package.dsv
[0.798s] -- Up-to-date symlink: /home/cowbot/cowbot_ws/install/cowbot_gazebo/share/ament_index/resource_index/packages/cowbot_gazebo
[0.799s] -- Up-to-date symlink: /home/cowbot/cowbot_ws/install/cowbot_gazebo/share/cowbot_gazebo/cmake/cowbot_gazeboConfig.cmake
[0.803s] -- Up-to-date symlink: /home/cowbot/cowbot_ws/install/cowbot_gazebo/share/cowbot_gazebo/cmake/cowbot_gazeboConfig-version.cmake
[0.804s] -- Up-to-date symlink: /home/cowbot/cowbot_ws/install/cowbot_gazebo/share/cowbot_gazebo/package.xml
[0.815s] Invoked command in '/home/cowbot/cowbot_ws/build/cowbot_gazebo' returned '0': CMAKE_PREFIX_PATH=${CMAKE_PREFIX_PATH}:/home/cowbot/cowbot_ws/install/serial_motor:/opt/ros/jazzy /usr/bin/cmake --install /home/cowbot/cowbot_ws/build/cowbot_gazebo
