[0.109s] Invoking command in '/home/cowbot/cowbot_ws/build/lslidar_msgs': CMAKE_PREFIX_PATH=${CMAKE_PREFIX_PATH}:/home/cowbot/cowbot_ws/install/serial_motor:/opt/ros/jazzy /usr/bin/cmake --build /home/cowbot/cowbot_ws/build/lslidar_msgs -- -j4 -l4
[0.506s] [  1%] Built target lslidar_msgs__rosidl_generator_type_description
[0.621s] [  1%] Built target ament_cmake_python_symlink_lslidar_msgs
[0.735s] [  2%] Built target lslidar_msgs__cpp
[0.796s] [ 25%] Built target lslidar_msgs__rosidl_generator_c
[1.142s] [ 35%] Built target lslidar_msgs__rosidl_typesupport_c
[1.169s] [ 44%] Built target lslidar_msgs__rosidl_typesupport_introspection_c
[1.202s] [ 54%] Built target lslidar_msgs__rosidl_typesupport_fastrtps_cpp
[1.455s] [ 63%] Built target lslidar_msgs__rosidl_typesupport_introspection_cpp
[1.504s] [ 72%] Built target lslidar_msgs__rosidl_typesupport_cpp
[1.528s] [ 82%] Built target lslidar_msgs__rosidl_typesupport_fastrtps_c
[1.742s] [ 82%] Built target lslidar_msgs
[1.971s] [ 83%] Built target lslidar_msgs__py
[2.136s] [ 91%] Built target lslidar_msgs__rosidl_generator_py
[2.384s] [ 94%] Built target lslidar_msgs_s__rosidl_typesupport_introspection_c
[2.427s] [ 97%] Built target lslidar_msgs_s__rosidl_typesupport_c
[2.439s] [100%] Built target lslidar_msgs_s__rosidl_typesupport_fastrtps_c
[2.738s] running egg_info
[2.828s] writing lslidar_msgs.egg-info/PKG-INFO
[2.829s] writing dependency_links to lslidar_msgs.egg-info/dependency_links.txt
[2.830s] writing top-level names to lslidar_msgs.egg-info/top_level.txt
[3.162s] reading manifest file 'lslidar_msgs.egg-info/SOURCES.txt'
[3.165s] writing manifest file 'lslidar_msgs.egg-info/SOURCES.txt'
[3.333s] [100%] Built target ament_cmake_python_build_lslidar_msgs_egg
[3.398s] Invoked command in '/home/cowbot/cowbot_ws/build/lslidar_msgs' returned '0': CMAKE_PREFIX_PATH=${CMAKE_PREFIX_PATH}:/home/cowbot/cowbot_ws/install/serial_motor:/opt/ros/jazzy /usr/bin/cmake --build /home/cowbot/cowbot_ws/build/lslidar_msgs -- -j4 -l4
[3.405s] Invoking command in '/home/cowbot/cowbot_ws/build/lslidar_msgs': CMAKE_PREFIX_PATH=${CMAKE_PREFIX_PATH}:/home/cowbot/cowbot_ws/install/serial_motor:/opt/ros/jazzy /usr/bin/cmake --install /home/cowbot/cowbot_ws/build/lslidar_msgs
[3.446s] -- Install configuration: ""
[3.449s] -- Execute custom install script
[3.450s] -- Up-to-date symlink: /home/cowbot/cowbot_ws/install/lslidar_msgs/share/ament_index/resource_index/rosidl_interfaces/lslidar_msgs
[3.452s] -- Up-to-date symlink: /home/cowbot/cowbot_ws/install/lslidar_msgs/share/lslidar_msgs/msg/LslidarDifop.json
[3.453s] -- Up-to-date symlink: /home/cowbot/cowbot_ws/install/lslidar_msgs/share/lslidar_msgs/msg/LslidarPacket.json
[3.454s] -- Up-to-date symlink: /home/cowbot/cowbot_ws/install/lslidar_msgs/share/lslidar_msgs/msg/LslidarPoint.json
[3.456s] -- Up-to-date symlink: /home/cowbot/cowbot_ws/install/lslidar_msgs/share/lslidar_msgs/msg/LslidarScan.json
[3.457s] -- Up-to-date symlink: /home/cowbot/cowbot_ws/install/lslidar_msgs/share/lslidar_msgs/msg/LslidarSweep.json
[3.461s] -- Up-to-date symlink: /home/cowbot/cowbot_ws/install/lslidar_msgs/include/lslidar_msgs/lslidar_msgs/msg/detail/lslidar_difop__functions.h
[3.462s] -- Up-to-date symlink: /home/cowbot/cowbot_ws/install/lslidar_msgs/include/lslidar_msgs/lslidar_msgs/msg/detail/lslidar_difop__struct.h
[3.463s] -- Up-to-date symlink: /home/cowbot/cowbot_ws/install/lslidar_msgs/include/lslidar_msgs/lslidar_msgs/msg/detail/lslidar_difop__type_support.h
[3.464s] -- Up-to-date symlink: /home/cowbot/cowbot_ws/install/lslidar_msgs/include/lslidar_msgs/lslidar_msgs/msg/detail/lslidar_packet__functions.h
[3.465s] -- Up-to-date symlink: /home/cowbot/cowbot_ws/install/lslidar_msgs/include/lslidar_msgs/lslidar_msgs/msg/detail/lslidar_packet__struct.h
[3.466s] -- Up-to-date symlink: /home/cowbot/cowbot_ws/install/lslidar_msgs/include/lslidar_msgs/lslidar_msgs/msg/detail/lslidar_packet__type_support.h
[3.468s] -- Up-to-date symlink: /home/cowbot/cowbot_ws/install/lslidar_msgs/include/lslidar_msgs/lslidar_msgs/msg/detail/lslidar_point__functions.h
[3.468s] -- Up-to-date symlink: /home/cowbot/cowbot_ws/install/lslidar_msgs/include/lslidar_msgs/lslidar_msgs/msg/detail/lslidar_point__struct.h
[3.469s] -- Up-to-date symlink: /home/cowbot/cowbot_ws/install/lslidar_msgs/include/lslidar_msgs/lslidar_msgs/msg/detail/lslidar_point__type_support.h
[3.470s] -- Up-to-date symlink: /home/cowbot/cowbot_ws/install/lslidar_msgs/include/lslidar_msgs/lslidar_msgs/msg/detail/lslidar_scan__functions.h
[3.471s] -- Up-to-date symlink: /home/cowbot/cowbot_ws/install/lslidar_msgs/include/lslidar_msgs/lslidar_msgs/msg/detail/lslidar_scan__struct.h
[3.472s] -- Up-to-date symlink: /home/cowbot/cowbot_ws/install/lslidar_msgs/include/lslidar_msgs/lslidar_msgs/msg/detail/lslidar_scan__type_support.h
[3.473s] -- Up-to-date symlink: /home/cowbot/cowbot_ws/install/lslidar_msgs/include/lslidar_msgs/lslidar_msgs/msg/detail/lslidar_sweep__functions.h
[3.475s] -- Up-to-date symlink: /home/cowbot/cowbot_ws/install/lslidar_msgs/include/lslidar_msgs/lslidar_msgs/msg/detail/lslidar_sweep__struct.h
[3.476s] -- Up-to-date symlink: /home/cowbot/cowbot_ws/install/lslidar_msgs/include/lslidar_msgs/lslidar_msgs/msg/detail/lslidar_sweep__type_support.h
[3.477s] -- Up-to-date symlink: /home/cowbot/cowbot_ws/install/lslidar_msgs/include/lslidar_msgs/lslidar_msgs/msg/lslidar_difop.h
[3.478s] -- Up-to-date symlink: /home/cowbot/cowbot_ws/install/lslidar_msgs/include/lslidar_msgs/lslidar_msgs/msg/lslidar_packet.h
[3.479s] -- Up-to-date symlink: /home/cowbot/cowbot_ws/install/lslidar_msgs/include/lslidar_msgs/lslidar_msgs/msg/lslidar_point.h
[3.480s] -- Up-to-date symlink: /home/cowbot/cowbot_ws/install/lslidar_msgs/include/lslidar_msgs/lslidar_msgs/msg/lslidar_scan.h
[3.481s] -- Up-to-date symlink: /home/cowbot/cowbot_ws/install/lslidar_msgs/include/lslidar_msgs/lslidar_msgs/msg/lslidar_sweep.h
[3.482s] -- Up-to-date symlink: /home/cowbot/cowbot_ws/install/lslidar_msgs/include/lslidar_msgs/lslidar_msgs/msg/rosidl_generator_c__visibility_control.h
[3.483s] -- Up-to-date symlink: /home/cowbot/cowbot_ws/install/lslidar_msgs/share/lslidar_msgs/environment/library_path.sh
[3.484s] -- Up-to-date symlink: /home/cowbot/cowbot_ws/install/lslidar_msgs/share/lslidar_msgs/environment/library_path.dsv
[3.490s] -- Up-to-date symlink: /home/cowbot/cowbot_ws/install/lslidar_msgs/include/lslidar_msgs/lslidar_msgs/msg/detail/lslidar_difop__rosidl_typesupport_fastrtps_c.h
[3.491s] -- Up-to-date symlink: /home/cowbot/cowbot_ws/install/lslidar_msgs/include/lslidar_msgs/lslidar_msgs/msg/detail/lslidar_packet__rosidl_typesupport_fastrtps_c.h
[3.492s] -- Up-to-date symlink: /home/cowbot/cowbot_ws/install/lslidar_msgs/include/lslidar_msgs/lslidar_msgs/msg/detail/lslidar_point__rosidl_typesupport_fastrtps_c.h
[3.493s] -- Up-to-date symlink: /home/cowbot/cowbot_ws/install/lslidar_msgs/include/lslidar_msgs/lslidar_msgs/msg/detail/lslidar_scan__rosidl_typesupport_fastrtps_c.h
[3.495s] -- Up-to-date symlink: /home/cowbot/cowbot_ws/install/lslidar_msgs/include/lslidar_msgs/lslidar_msgs/msg/detail/lslidar_sweep__rosidl_typesupport_fastrtps_c.h
[3.496s] -- Up-to-date symlink: /home/cowbot/cowbot_ws/install/lslidar_msgs/include/lslidar_msgs/lslidar_msgs/msg/rosidl_typesupport_fastrtps_c__visibility_control.h
[3.501s] -- Up-to-date symlink: /home/cowbot/cowbot_ws/install/lslidar_msgs/include/lslidar_msgs/lslidar_msgs/msg/detail/lslidar_difop__builder.hpp
[3.502s] -- Up-to-date symlink: /home/cowbot/cowbot_ws/install/lslidar_msgs/include/lslidar_msgs/lslidar_msgs/msg/detail/lslidar_difop__struct.hpp
[3.503s] -- Up-to-date symlink: /home/cowbot/cowbot_ws/install/lslidar_msgs/include/lslidar_msgs/lslidar_msgs/msg/detail/lslidar_difop__traits.hpp
[3.504s] -- Up-to-date symlink: /home/cowbot/cowbot_ws/install/lslidar_msgs/include/lslidar_msgs/lslidar_msgs/msg/detail/lslidar_difop__type_support.hpp
[3.505s] -- Up-to-date symlink: /home/cowbot/cowbot_ws/install/lslidar_msgs/include/lslidar_msgs/lslidar_msgs/msg/detail/lslidar_packet__builder.hpp
[3.506s] -- Up-to-date symlink: /home/cowbot/cowbot_ws/install/lslidar_msgs/include/lslidar_msgs/lslidar_msgs/msg/detail/lslidar_packet__struct.hpp
[3.507s] -- Up-to-date symlink: /home/cowbot/cowbot_ws/install/lslidar_msgs/include/lslidar_msgs/lslidar_msgs/msg/detail/lslidar_packet__traits.hpp
[3.508s] -- Up-to-date symlink: /home/cowbot/cowbot_ws/install/lslidar_msgs/include/lslidar_msgs/lslidar_msgs/msg/detail/lslidar_packet__type_support.hpp
[3.509s] -- Up-to-date symlink: /home/cowbot/cowbot_ws/install/lslidar_msgs/include/lslidar_msgs/lslidar_msgs/msg/detail/lslidar_point__builder.hpp
[3.510s] -- Up-to-date symlink: /home/cowbot/cowbot_ws/install/lslidar_msgs/include/lslidar_msgs/lslidar_msgs/msg/detail/lslidar_point__struct.hpp
[3.511s] -- Up-to-date symlink: /home/cowbot/cowbot_ws/install/lslidar_msgs/include/lslidar_msgs/lslidar_msgs/msg/detail/lslidar_point__traits.hpp
[3.513s] -- Up-to-date symlink: /home/cowbot/cowbot_ws/install/lslidar_msgs/include/lslidar_msgs/lslidar_msgs/msg/detail/lslidar_point__type_support.hpp
[3.514s] -- Up-to-date symlink: /home/cowbot/cowbot_ws/install/lslidar_msgs/include/lslidar_msgs/lslidar_msgs/msg/detail/lslidar_scan__builder.hpp
[3.515s] -- Up-to-date symlink: /home/cowbot/cowbot_ws/install/lslidar_msgs/include/lslidar_msgs/lslidar_msgs/msg/detail/lslidar_scan__struct.hpp
[3.516s] -- Up-to-date symlink: /home/cowbot/cowbot_ws/install/lslidar_msgs/include/lslidar_msgs/lslidar_msgs/msg/detail/lslidar_scan__traits.hpp
[3.517s] -- Up-to-date symlink: /home/cowbot/cowbot_ws/install/lslidar_msgs/include/lslidar_msgs/lslidar_msgs/msg/detail/lslidar_scan__type_support.hpp
[3.518s] -- Up-to-date symlink: /home/cowbot/cowbot_ws/install/lslidar_msgs/include/lslidar_msgs/lslidar_msgs/msg/detail/lslidar_sweep__builder.hpp
[3.520s] -- Up-to-date symlink: /home/cowbot/cowbot_ws/install/lslidar_msgs/include/lslidar_msgs/lslidar_msgs/msg/detail/lslidar_sweep__struct.hpp
[3.521s] -- Up-to-date symlink: /home/cowbot/cowbot_ws/install/lslidar_msgs/include/lslidar_msgs/lslidar_msgs/msg/detail/lslidar_sweep__traits.hpp
[3.522s] -- Up-to-date symlink: /home/cowbot/cowbot_ws/install/lslidar_msgs/include/lslidar_msgs/lslidar_msgs/msg/detail/lslidar_sweep__type_support.hpp
[3.523s] -- Up-to-date symlink: /home/cowbot/cowbot_ws/install/lslidar_msgs/include/lslidar_msgs/lslidar_msgs/msg/lslidar_difop.hpp
[3.524s] -- Up-to-date symlink: /home/cowbot/cowbot_ws/install/lslidar_msgs/include/lslidar_msgs/lslidar_msgs/msg/lslidar_packet.hpp
[3.525s] -- Up-to-date symlink: /home/cowbot/cowbot_ws/install/lslidar_msgs/include/lslidar_msgs/lslidar_msgs/msg/lslidar_point.hpp
[3.526s] -- Up-to-date symlink: /home/cowbot/cowbot_ws/install/lslidar_msgs/include/lslidar_msgs/lslidar_msgs/msg/lslidar_scan.hpp
[3.527s] -- Up-to-date symlink: /home/cowbot/cowbot_ws/install/lslidar_msgs/include/lslidar_msgs/lslidar_msgs/msg/lslidar_sweep.hpp
[3.528s] -- Up-to-date symlink: /home/cowbot/cowbot_ws/install/lslidar_msgs/include/lslidar_msgs/lslidar_msgs/msg/rosidl_generator_cpp__visibility_control.hpp
[3.533s] -- Up-to-date symlink: /home/cowbot/cowbot_ws/install/lslidar_msgs/include/lslidar_msgs/lslidar_msgs/msg/detail/lslidar_difop__rosidl_typesupport_fastrtps_cpp.hpp
[3.534s] -- Up-to-date symlink: /home/cowbot/cowbot_ws/install/lslidar_msgs/include/lslidar_msgs/lslidar_msgs/msg/detail/lslidar_packet__rosidl_typesupport_fastrtps_cpp.hpp
[3.535s] -- Up-to-date symlink: /home/cowbot/cowbot_ws/install/lslidar_msgs/include/lslidar_msgs/lslidar_msgs/msg/detail/lslidar_point__rosidl_typesupport_fastrtps_cpp.hpp
[3.536s] -- Up-to-date symlink: /home/cowbot/cowbot_ws/install/lslidar_msgs/include/lslidar_msgs/lslidar_msgs/msg/detail/lslidar_scan__rosidl_typesupport_fastrtps_cpp.hpp
[3.538s] -- Up-to-date symlink: /home/cowbot/cowbot_ws/install/lslidar_msgs/include/lslidar_msgs/lslidar_msgs/msg/detail/lslidar_sweep__rosidl_typesupport_fastrtps_cpp.hpp
[3.539s] -- Up-to-date symlink: /home/cowbot/cowbot_ws/install/lslidar_msgs/include/lslidar_msgs/lslidar_msgs/msg/rosidl_typesupport_fastrtps_cpp__visibility_control.h
[3.542s] -- Up-to-date symlink: /home/cowbot/cowbot_ws/install/lslidar_msgs/include/lslidar_msgs/lslidar_msgs/msg/detail/lslidar_difop__rosidl_typesupport_introspection_c.h
[3.543s] -- Up-to-date symlink: /home/cowbot/cowbot_ws/install/lslidar_msgs/include/lslidar_msgs/lslidar_msgs/msg/detail/lslidar_packet__rosidl_typesupport_introspection_c.h
[3.545s] -- Up-to-date symlink: /home/cowbot/cowbot_ws/install/lslidar_msgs/include/lslidar_msgs/lslidar_msgs/msg/detail/lslidar_point__rosidl_typesupport_introspection_c.h
[3.546s] -- Up-to-date symlink: /home/cowbot/cowbot_ws/install/lslidar_msgs/include/lslidar_msgs/lslidar_msgs/msg/detail/lslidar_scan__rosidl_typesupport_introspection_c.h
[3.547s] -- Up-to-date symlink: /home/cowbot/cowbot_ws/install/lslidar_msgs/include/lslidar_msgs/lslidar_msgs/msg/detail/lslidar_sweep__rosidl_typesupport_introspection_c.h
[3.548s] -- Up-to-date symlink: /home/cowbot/cowbot_ws/install/lslidar_msgs/include/lslidar_msgs/lslidar_msgs/msg/rosidl_typesupport_introspection_c__visibility_control.h
[3.552s] -- Up-to-date symlink: /home/cowbot/cowbot_ws/install/lslidar_msgs/include/lslidar_msgs/lslidar_msgs/msg/detail/lslidar_difop__rosidl_typesupport_introspection_cpp.hpp
[3.553s] -- Up-to-date symlink: /home/cowbot/cowbot_ws/install/lslidar_msgs/include/lslidar_msgs/lslidar_msgs/msg/detail/lslidar_packet__rosidl_typesupport_introspection_cpp.hpp
[3.554s] -- Up-to-date symlink: /home/cowbot/cowbot_ws/install/lslidar_msgs/include/lslidar_msgs/lslidar_msgs/msg/detail/lslidar_point__rosidl_typesupport_introspection_cpp.hpp
[3.556s] -- Up-to-date symlink: /home/cowbot/cowbot_ws/install/lslidar_msgs/include/lslidar_msgs/lslidar_msgs/msg/detail/lslidar_scan__rosidl_typesupport_introspection_cpp.hpp
[3.557s] -- Up-to-date symlink: /home/cowbot/cowbot_ws/install/lslidar_msgs/include/lslidar_msgs/lslidar_msgs/msg/detail/lslidar_sweep__rosidl_typesupport_introspection_cpp.hpp
[3.558s] -- Up-to-date symlink: /home/cowbot/cowbot_ws/install/lslidar_msgs/share/lslidar_msgs/environment/pythonpath.sh
[3.559s] -- Up-to-date symlink: /home/cowbot/cowbot_ws/install/lslidar_msgs/share/lslidar_msgs/environment/pythonpath.dsv
[3.562s] -- Up-to-date symlink: /home/cowbot/cowbot_ws/install/lslidar_msgs/lib/python3.12/site-packages/lslidar_msgs-1.2.0-py3.12.egg-info/PKG-INFO
[3.563s] -- Up-to-date symlink: /home/cowbot/cowbot_ws/install/lslidar_msgs/lib/python3.12/site-packages/lslidar_msgs-1.2.0-py3.12.egg-info/SOURCES.txt
[3.564s] -- Up-to-date symlink: /home/cowbot/cowbot_ws/install/lslidar_msgs/lib/python3.12/site-packages/lslidar_msgs-1.2.0-py3.12.egg-info/dependency_links.txt
[3.565s] -- Up-to-date symlink: /home/cowbot/cowbot_ws/install/lslidar_msgs/lib/python3.12/site-packages/lslidar_msgs-1.2.0-py3.12.egg-info/top_level.txt
[3.572s] -- Up-to-date symlink: /home/cowbot/cowbot_ws/install/lslidar_msgs/lib/python3.12/site-packages/lslidar_msgs/__init__.py
[3.573s] -- Up-to-date symlink: /home/cowbot/cowbot_ws/install/lslidar_msgs/lib/python3.12/site-packages/lslidar_msgs/_lslidar_msgs_s.ep.rosidl_typesupport_c.c
[3.574s] -- Up-to-date symlink: /home/cowbot/cowbot_ws/install/lslidar_msgs/lib/python3.12/site-packages/lslidar_msgs/_lslidar_msgs_s.ep.rosidl_typesupport_fastrtps_c.c
[3.575s] -- Up-to-date symlink: /home/cowbot/cowbot_ws/install/lslidar_msgs/lib/python3.12/site-packages/lslidar_msgs/_lslidar_msgs_s.ep.rosidl_typesupport_introspection_c.c
[3.576s] -- Up-to-date symlink: /home/cowbot/cowbot_ws/install/lslidar_msgs/lib/python3.12/site-packages/lslidar_msgs/lslidar_msgs_s__rosidl_typesupport_c.so
[3.577s] -- Up-to-date symlink: /home/cowbot/cowbot_ws/install/lslidar_msgs/lib/python3.12/site-packages/lslidar_msgs/lslidar_msgs_s__rosidl_typesupport_fastrtps_c.so
[3.578s] -- Up-to-date symlink: /home/cowbot/cowbot_ws/install/lslidar_msgs/lib/python3.12/site-packages/lslidar_msgs/lslidar_msgs_s__rosidl_typesupport_introspection_c.so
[3.579s] -- Up-to-date symlink: /home/cowbot/cowbot_ws/install/lslidar_msgs/lib/python3.12/site-packages/lslidar_msgs/msg/__init__.py
[3.581s] -- Up-to-date symlink: /home/cowbot/cowbot_ws/install/lslidar_msgs/lib/python3.12/site-packages/lslidar_msgs/msg/_lslidar_difop.py
[3.582s] -- Up-to-date symlink: /home/cowbot/cowbot_ws/install/lslidar_msgs/lib/python3.12/site-packages/lslidar_msgs/msg/_lslidar_difop_s.c
[3.583s] -- Up-to-date symlink: /home/cowbot/cowbot_ws/install/lslidar_msgs/lib/python3.12/site-packages/lslidar_msgs/msg/_lslidar_packet.py
[3.584s] -- Up-to-date symlink: /home/cowbot/cowbot_ws/install/lslidar_msgs/lib/python3.12/site-packages/lslidar_msgs/msg/_lslidar_packet_s.c
[3.585s] -- Up-to-date symlink: /home/cowbot/cowbot_ws/install/lslidar_msgs/lib/python3.12/site-packages/lslidar_msgs/msg/_lslidar_point.py
[3.586s] -- Up-to-date symlink: /home/cowbot/cowbot_ws/install/lslidar_msgs/lib/python3.12/site-packages/lslidar_msgs/msg/_lslidar_point_s.c
[3.587s] -- Up-to-date symlink: /home/cowbot/cowbot_ws/install/lslidar_msgs/lib/python3.12/site-packages/lslidar_msgs/msg/_lslidar_scan.py
[3.588s] -- Up-to-date symlink: /home/cowbot/cowbot_ws/install/lslidar_msgs/lib/python3.12/site-packages/lslidar_msgs/msg/_lslidar_scan_s.c
[3.590s] -- Up-to-date symlink: /home/cowbot/cowbot_ws/install/lslidar_msgs/lib/python3.12/site-packages/lslidar_msgs/msg/_lslidar_sweep.py
[3.591s] -- Up-to-date symlink: /home/cowbot/cowbot_ws/install/lslidar_msgs/lib/python3.12/site-packages/lslidar_msgs/msg/_lslidar_sweep_s.c
[3.592s] -- Up-to-date symlink: /home/cowbot/cowbot_ws/install/lslidar_msgs/lib/python3.12/site-packages/lslidar_msgs/lslidar_msgs_s__rosidl_typesupport_fastrtps_c.so
[3.594s] -- Up-to-date symlink: /home/cowbot/cowbot_ws/install/lslidar_msgs/lib/python3.12/site-packages/lslidar_msgs/lslidar_msgs_s__rosidl_typesupport_introspection_c.so
[3.597s] -- Up-to-date symlink: /home/cowbot/cowbot_ws/install/lslidar_msgs/lib/python3.12/site-packages/lslidar_msgs/lslidar_msgs_s__rosidl_typesupport_c.so
[3.599s] -- Up-to-date symlink: /home/cowbot/cowbot_ws/install/lslidar_msgs/share/lslidar_msgs/msg/LslidarDifop.idl
[3.601s] -- Up-to-date symlink: /home/cowbot/cowbot_ws/install/lslidar_msgs/share/lslidar_msgs/msg/LslidarPacket.idl
[3.602s] -- Up-to-date symlink: /home/cowbot/cowbot_ws/install/lslidar_msgs/share/lslidar_msgs/msg/LslidarPoint.idl
[3.604s] -- Up-to-date symlink: /home/cowbot/cowbot_ws/install/lslidar_msgs/share/lslidar_msgs/msg/LslidarScan.idl
[3.605s] -- Up-to-date symlink: /home/cowbot/cowbot_ws/install/lslidar_msgs/share/lslidar_msgs/msg/LslidarSweep.idl
[3.606s] -- Up-to-date symlink: /home/cowbot/cowbot_ws/install/lslidar_msgs/share/lslidar_msgs/msg/LslidarDifop.msg
[3.607s] -- Up-to-date symlink: /home/cowbot/cowbot_ws/install/lslidar_msgs/share/lslidar_msgs/msg/LslidarPacket.msg
[3.609s] -- Up-to-date symlink: /home/cowbot/cowbot_ws/install/lslidar_msgs/share/lslidar_msgs/msg/LslidarPoint.msg
[3.610s] -- Up-to-date symlink: /home/cowbot/cowbot_ws/install/lslidar_msgs/share/lslidar_msgs/msg/LslidarScan.msg
[3.611s] -- Up-to-date symlink: /home/cowbot/cowbot_ws/install/lslidar_msgs/share/lslidar_msgs/msg/LslidarSweep.msg
[3.613s] -- Up-to-date symlink: /home/cowbot/cowbot_ws/install/lslidar_msgs/share/ament_index/resource_index/package_run_dependencies/lslidar_msgs
[3.614s] -- Up-to-date symlink: /home/cowbot/cowbot_ws/install/lslidar_msgs/share/ament_index/resource_index/parent_prefix_path/lslidar_msgs
[3.616s] -- Up-to-date symlink: /home/cowbot/cowbot_ws/install/lslidar_msgs/share/lslidar_msgs/environment/ament_prefix_path.sh
[3.617s] -- Up-to-date symlink: /home/cowbot/cowbot_ws/install/lslidar_msgs/share/lslidar_msgs/environment/ament_prefix_path.dsv
[3.618s] -- Up-to-date symlink: /home/cowbot/cowbot_ws/install/lslidar_msgs/share/lslidar_msgs/environment/path.sh
[3.619s] -- Up-to-date symlink: /home/cowbot/cowbot_ws/install/lslidar_msgs/share/lslidar_msgs/environment/path.dsv
[3.620s] -- Up-to-date symlink: /home/cowbot/cowbot_ws/install/lslidar_msgs/share/lslidar_msgs/local_setup.bash
[3.622s] -- Up-to-date symlink: /home/cowbot/cowbot_ws/install/lslidar_msgs/share/lslidar_msgs/local_setup.sh
[3.623s] -- Up-to-date symlink: /home/cowbot/cowbot_ws/install/lslidar_msgs/share/lslidar_msgs/local_setup.zsh
[3.624s] -- Up-to-date symlink: /home/cowbot/cowbot_ws/install/lslidar_msgs/share/lslidar_msgs/local_setup.dsv
[3.625s] -- Symlinking: /home/cowbot/cowbot_ws/install/lslidar_msgs/share/lslidar_msgs/package.dsv
[3.681s] -- Up-to-date symlink: /home/cowbot/cowbot_ws/install/lslidar_msgs/share/ament_index/resource_index/packages/lslidar_msgs
[3.682s] -- Up-to-date symlink: /home/cowbot/cowbot_ws/install/lslidar_msgs/share/lslidar_msgs/cmake/rosidl_cmake-extras.cmake
[3.684s] -- Up-to-date symlink: /home/cowbot/cowbot_ws/install/lslidar_msgs/share/lslidar_msgs/cmake/ament_cmake_export_dependencies-extras.cmake
[3.686s] -- Up-to-date symlink: /home/cowbot/cowbot_ws/install/lslidar_msgs/share/lslidar_msgs/cmake/ament_cmake_export_include_directories-extras.cmake
[3.688s] -- Up-to-date symlink: /home/cowbot/cowbot_ws/install/lslidar_msgs/share/lslidar_msgs/cmake/ament_cmake_export_libraries-extras.cmake
[3.689s] -- Up-to-date symlink: /home/cowbot/cowbot_ws/install/lslidar_msgs/share/lslidar_msgs/cmake/ament_cmake_export_targets-extras.cmake
[3.691s] -- Up-to-date symlink: /home/cowbot/cowbot_ws/install/lslidar_msgs/share/lslidar_msgs/cmake/rosidl_cmake_export_typesupport_targets-extras.cmake
[3.692s] -- Up-to-date symlink: /home/cowbot/cowbot_ws/install/lslidar_msgs/share/lslidar_msgs/cmake/rosidl_cmake_export_typesupport_libraries-extras.cmake
[3.694s] -- Up-to-date symlink: /home/cowbot/cowbot_ws/install/lslidar_msgs/share/lslidar_msgs/cmake/lslidar_msgsConfig.cmake
[3.694s] -- Up-to-date symlink: /home/cowbot/cowbot_ws/install/lslidar_msgs/share/lslidar_msgs/cmake/lslidar_msgsConfig-version.cmake
[3.696s] -- Up-to-date symlink: /home/cowbot/cowbot_ws/install/lslidar_msgs/share/lslidar_msgs/package.xml
[3.697s] -- Up-to-date: /home/cowbot/cowbot_ws/install/lslidar_msgs/lib/liblslidar_msgs__rosidl_generator_c.so
[3.700s] -- Up-to-date: /home/cowbot/cowbot_ws/install/lslidar_msgs/lib/liblslidar_msgs__rosidl_typesupport_fastrtps_c.so
[3.702s] -- Up-to-date: /home/cowbot/cowbot_ws/install/lslidar_msgs/lib/liblslidar_msgs__rosidl_typesupport_fastrtps_cpp.so
[3.704s] -- Up-to-date: /home/cowbot/cowbot_ws/install/lslidar_msgs/lib/liblslidar_msgs__rosidl_typesupport_introspection_c.so
[3.707s] -- Up-to-date: /home/cowbot/cowbot_ws/install/lslidar_msgs/lib/liblslidar_msgs__rosidl_typesupport_c.so
[3.709s] -- Up-to-date: /home/cowbot/cowbot_ws/install/lslidar_msgs/lib/liblslidar_msgs__rosidl_typesupport_introspection_cpp.so
[3.711s] -- Up-to-date: /home/cowbot/cowbot_ws/install/lslidar_msgs/lib/liblslidar_msgs__rosidl_typesupport_cpp.so
[3.904s] Listing '/home/cowbot/cowbot_ws/install/lslidar_msgs/lib/python3.12/site-packages/lslidar_msgs'...
[3.905s] Listing '/home/cowbot/cowbot_ws/install/lslidar_msgs/lib/python3.12/site-packages/lslidar_msgs/msg'...
[3.937s] -- Up-to-date: /home/cowbot/cowbot_ws/install/lslidar_msgs/lib/liblslidar_msgs__rosidl_generator_py.so
[3.939s] -- Up-to-date: /home/cowbot/cowbot_ws/install/lslidar_msgs/share/lslidar_msgs/cmake/export_lslidar_msgs__rosidl_generator_cExport.cmake
[3.939s] -- Up-to-date: /home/cowbot/cowbot_ws/install/lslidar_msgs/share/lslidar_msgs/cmake/export_lslidar_msgs__rosidl_generator_cExport-noconfig.cmake
[3.940s] -- Up-to-date: /home/cowbot/cowbot_ws/install/lslidar_msgs/share/lslidar_msgs/cmake/export_lslidar_msgs__rosidl_typesupport_fastrtps_cExport.cmake
[3.941s] -- Up-to-date: /home/cowbot/cowbot_ws/install/lslidar_msgs/share/lslidar_msgs/cmake/export_lslidar_msgs__rosidl_typesupport_fastrtps_cExport-noconfig.cmake
[3.942s] -- Up-to-date: /home/cowbot/cowbot_ws/install/lslidar_msgs/share/lslidar_msgs/cmake/export_lslidar_msgs__rosidl_generator_cppExport.cmake
[3.943s] -- Up-to-date: /home/cowbot/cowbot_ws/install/lslidar_msgs/share/lslidar_msgs/cmake/export_lslidar_msgs__rosidl_typesupport_fastrtps_cppExport.cmake
[3.943s] -- Up-to-date: /home/cowbot/cowbot_ws/install/lslidar_msgs/share/lslidar_msgs/cmake/export_lslidar_msgs__rosidl_typesupport_fastrtps_cppExport-noconfig.cmake
[3.944s] -- Up-to-date: /home/cowbot/cowbot_ws/install/lslidar_msgs/share/lslidar_msgs/cmake/lslidar_msgs__rosidl_typesupport_introspection_cExport.cmake
[3.945s] -- Up-to-date: /home/cowbot/cowbot_ws/install/lslidar_msgs/share/lslidar_msgs/cmake/lslidar_msgs__rosidl_typesupport_introspection_cExport-noconfig.cmake
[3.946s] -- Up-to-date: /home/cowbot/cowbot_ws/install/lslidar_msgs/share/lslidar_msgs/cmake/lslidar_msgs__rosidl_typesupport_cExport.cmake
[3.946s] -- Up-to-date: /home/cowbot/cowbot_ws/install/lslidar_msgs/share/lslidar_msgs/cmake/lslidar_msgs__rosidl_typesupport_cExport-noconfig.cmake
[3.947s] -- Up-to-date: /home/cowbot/cowbot_ws/install/lslidar_msgs/share/lslidar_msgs/cmake/lslidar_msgs__rosidl_typesupport_introspection_cppExport.cmake
[3.947s] -- Up-to-date: /home/cowbot/cowbot_ws/install/lslidar_msgs/share/lslidar_msgs/cmake/lslidar_msgs__rosidl_typesupport_introspection_cppExport-noconfig.cmake
[3.948s] -- Up-to-date: /home/cowbot/cowbot_ws/install/lslidar_msgs/share/lslidar_msgs/cmake/lslidar_msgs__rosidl_typesupport_cppExport.cmake
[3.949s] -- Up-to-date: /home/cowbot/cowbot_ws/install/lslidar_msgs/share/lslidar_msgs/cmake/lslidar_msgs__rosidl_typesupport_cppExport-noconfig.cmake
[3.950s] -- Up-to-date: /home/cowbot/cowbot_ws/install/lslidar_msgs/share/lslidar_msgs/cmake/export_lslidar_msgs__rosidl_generator_pyExport.cmake
[3.951s] -- Up-to-date: /home/cowbot/cowbot_ws/install/lslidar_msgs/share/lslidar_msgs/cmake/export_lslidar_msgs__rosidl_generator_pyExport-noconfig.cmake
[4.815s] Invoked command in '/home/cowbot/cowbot_ws/build/lslidar_msgs' returned '0': CMAKE_PREFIX_PATH=${CMAKE_PREFIX_PATH}:/home/cowbot/cowbot_ws/install/serial_motor:/opt/ros/jazzy /usr/bin/cmake --install /home/cowbot/cowbot_ws/build/lslidar_msgs
