[0.064s] Invoking command in '/home/cowbot/cowbot_ws/build/lslidar_driver': CMAKE_PREFIX_PATH=/home/cowbot/cowbot_ws/install/lslidar_msgs:/home/cowbot/cowbot_ws/install/serial_motor_msgs:/home/cowbot/cowbot_ws/install/lslidar_driver:/home/cowbot/cowbot_ws/install/cowbot_description:/home/cowbot/cowbot_ws/install/cowbot_bringup:/home/cowbot/cowbot_ws/install/serial_motor:/opt/ros/jazzy LD_LIBRARY_PATH=/home/cowbot/cowbot_ws/install/lslidar_msgs/lib:/home/cowbot/cowbot_ws/install/serial_motor_msgs/lib:/opt/ros/jazzy/lib/aarch64-linux-gnu:/opt/ros/jazzy/lib PYTHONPATH=/home/cowbot/cowbot_ws/install/lslidar_msgs/lib/python3.12/site-packages:/home/cowbot/cowbot_ws/build/serial_motor:/home/cowbot/cowbot_ws/install/serial_motor/lib/python3.12/site-packages:/home/cowbot/cowbot_ws/install/serial_motor_msgs/lib/python3.12/site-packages:/opt/ros/jazzy/lib/python3.12/site-packages /usr/bin/cmake --build /home/cowbot/cowbot_ws/build/lslidar_driver -- -j4 -l4
[0.554s] [100%] Built target lslidar_driver_node
[0.617s] Invoked command in '/home/cowbot/cowbot_ws/build/lslidar_driver' returned '0': CMAKE_PREFIX_PATH=/home/cowbot/cowbot_ws/install/lslidar_msgs:/home/cowbot/cowbot_ws/install/serial_motor_msgs:/home/cowbot/cowbot_ws/install/lslidar_driver:/home/cowbot/cowbot_ws/install/cowbot_description:/home/cowbot/cowbot_ws/install/cowbot_bringup:/home/cowbot/cowbot_ws/install/serial_motor:/opt/ros/jazzy LD_LIBRARY_PATH=/home/cowbot/cowbot_ws/install/lslidar_msgs/lib:/home/cowbot/cowbot_ws/install/serial_motor_msgs/lib:/opt/ros/jazzy/lib/aarch64-linux-gnu:/opt/ros/jazzy/lib PYTHONPATH=/home/cowbot/cowbot_ws/install/lslidar_msgs/lib/python3.12/site-packages:/home/cowbot/cowbot_ws/build/serial_motor:/home/cowbot/cowbot_ws/install/serial_motor/lib/python3.12/site-packages:/home/cowbot/cowbot_ws/install/serial_motor_msgs/lib/python3.12/site-packages:/opt/ros/jazzy/lib/python3.12/site-packages /usr/bin/cmake --build /home/cowbot/cowbot_ws/build/lslidar_driver -- -j4 -l4
[0.625s] Invoking command in '/home/cowbot/cowbot_ws/build/lslidar_driver': CMAKE_PREFIX_PATH=/home/cowbot/cowbot_ws/install/lslidar_msgs:/home/cowbot/cowbot_ws/install/serial_motor_msgs:/home/cowbot/cowbot_ws/install/lslidar_driver:/home/cowbot/cowbot_ws/install/cowbot_description:/home/cowbot/cowbot_ws/install/cowbot_bringup:/home/cowbot/cowbot_ws/install/serial_motor:/opt/ros/jazzy LD_LIBRARY_PATH=/home/cowbot/cowbot_ws/install/lslidar_msgs/lib:/home/cowbot/cowbot_ws/install/serial_motor_msgs/lib:/opt/ros/jazzy/lib/aarch64-linux-gnu:/opt/ros/jazzy/lib PYTHONPATH=/home/cowbot/cowbot_ws/install/lslidar_msgs/lib/python3.12/site-packages:/home/cowbot/cowbot_ws/build/serial_motor:/home/cowbot/cowbot_ws/install/serial_motor/lib/python3.12/site-packages:/home/cowbot/cowbot_ws/install/serial_motor_msgs/lib/python3.12/site-packages:/opt/ros/jazzy/lib/python3.12/site-packages /usr/bin/cmake --install /home/cowbot/cowbot_ws/build/lslidar_driver
[0.671s] -- Install configuration: ""
[0.672s] -- Execute custom install script
[0.675s] -- Up-to-date symlink: /home/cowbot/cowbot_ws/install/lslidar_driver/share/lslidar_driver/launch/lslidar_double_launch.py
[0.676s] -- Up-to-date symlink: /home/cowbot/cowbot_ws/install/lslidar_driver/share/lslidar_driver/launch/lslidar_launch.py
[0.678s] -- Up-to-date symlink: /home/cowbot/cowbot_ws/install/lslidar_driver/share/lslidar_driver/params/lsx10.yaml
[0.679s] -- Up-to-date symlink: /home/cowbot/cowbot_ws/install/lslidar_driver/share/lslidar_driver/params/lsx10_1.yaml
[0.680s] -- Up-to-date symlink: /home/cowbot/cowbot_ws/install/lslidar_driver/share/lslidar_driver/params/lsx10_2.yaml
[0.682s] -- Up-to-date symlink: /home/cowbot/cowbot_ws/install/lslidar_driver/share/lslidar_driver/rviz/lslidar.rviz
[0.684s] -- Up-to-date symlink: /home/cowbot/cowbot_ws/install/lslidar_driver/lib/lslidar_driver/lslidar_driver_node
[0.688s] -- Up-to-date symlink: /home/cowbot/cowbot_ws/install/lslidar_driver/share/ament_index/resource_index/package_run_dependencies/lslidar_driver
[0.690s] -- Up-to-date symlink: /home/cowbot/cowbot_ws/install/lslidar_driver/share/ament_index/resource_index/parent_prefix_path/lslidar_driver
[0.692s] -- Up-to-date symlink: /home/cowbot/cowbot_ws/install/lslidar_driver/share/lslidar_driver/environment/ament_prefix_path.sh
[0.693s] -- Up-to-date symlink: /home/cowbot/cowbot_ws/install/lslidar_driver/share/lslidar_driver/environment/ament_prefix_path.dsv
[0.696s] -- Up-to-date symlink: /home/cowbot/cowbot_ws/install/lslidar_driver/share/lslidar_driver/environment/path.sh
[0.698s] -- Up-to-date symlink: /home/cowbot/cowbot_ws/install/lslidar_driver/share/lslidar_driver/environment/path.dsv
[0.699s] -- Up-to-date symlink: /home/cowbot/cowbot_ws/install/lslidar_driver/share/lslidar_driver/local_setup.bash
[0.700s] -- Up-to-date symlink: /home/cowbot/cowbot_ws/install/lslidar_driver/share/lslidar_driver/local_setup.sh
[0.701s] -- Up-to-date symlink: /home/cowbot/cowbot_ws/install/lslidar_driver/share/lslidar_driver/local_setup.zsh
[0.703s] -- Up-to-date symlink: /home/cowbot/cowbot_ws/install/lslidar_driver/share/lslidar_driver/local_setup.dsv
[0.705s] -- Symlinking: /home/cowbot/cowbot_ws/install/lslidar_driver/share/lslidar_driver/package.dsv
[0.763s] -- Up-to-date symlink: /home/cowbot/cowbot_ws/install/lslidar_driver/share/ament_index/resource_index/packages/lslidar_driver
[0.764s] -- Up-to-date symlink: /home/cowbot/cowbot_ws/install/lslidar_driver/share/lslidar_driver/cmake/ament_cmake_export_dependencies-extras.cmake
[0.765s] -- Up-to-date symlink: /home/cowbot/cowbot_ws/install/lslidar_driver/share/lslidar_driver/cmake/ament_cmake_export_include_directories-extras.cmake
[0.765s] -- Up-to-date symlink: /home/cowbot/cowbot_ws/install/lslidar_driver/share/lslidar_driver/cmake/lslidar_driverConfig.cmake
[0.766s] -- Up-to-date symlink: /home/cowbot/cowbot_ws/install/lslidar_driver/share/lslidar_driver/cmake/lslidar_driverConfig-version.cmake
[0.768s] -- Up-to-date symlink: /home/cowbot/cowbot_ws/install/lslidar_driver/share/lslidar_driver/package.xml
[0.777s] Invoked command in '/home/cowbot/cowbot_ws/build/lslidar_driver' returned '0': CMAKE_PREFIX_PATH=/home/cowbot/cowbot_ws/install/lslidar_msgs:/home/cowbot/cowbot_ws/install/serial_motor_msgs:/home/cowbot/cowbot_ws/install/lslidar_driver:/home/cowbot/cowbot_ws/install/cowbot_description:/home/cowbot/cowbot_ws/install/cowbot_bringup:/home/cowbot/cowbot_ws/install/serial_motor:/opt/ros/jazzy LD_LIBRARY_PATH=/home/cowbot/cowbot_ws/install/lslidar_msgs/lib:/home/cowbot/cowbot_ws/install/serial_motor_msgs/lib:/opt/ros/jazzy/lib/aarch64-linux-gnu:/opt/ros/jazzy/lib PYTHONPATH=/home/cowbot/cowbot_ws/install/lslidar_msgs/lib/python3.12/site-packages:/home/cowbot/cowbot_ws/build/serial_motor:/home/cowbot/cowbot_ws/install/serial_motor/lib/python3.12/site-packages:/home/cowbot/cowbot_ws/install/serial_motor_msgs/lib/python3.12/site-packages:/opt/ros/jazzy/lib/python3.12/site-packages /usr/bin/cmake --install /home/cowbot/cowbot_ws/build/lslidar_driver
