[0.460s] DEBUG:colcon:Command line arguments: ['/usr/bin/colcon', 'build', '--symlink-install']
[0.460s] DEBUG:colcon:Parsed command line arguments: Namespace(log_base=None, log_level=None, verb_name='build', build_base='build', install_base='install', merge_install=False, symlink_install=True, test_result_base=None, continue_on_error=False, executor='parallel', parallel_workers=4, event_handlers=None, ignore_user_meta=False, metas=['./colcon.meta'], base_paths=['.'], packages_ignore=None, packages_ignore_regex=None, paths=None, packages_up_to=None, packages_up_to_regex=None, packages_above=None, packages_above_and_dependencies=None, packages_above_depth=None, packages_select_by_dep=None, packages_skip_by_dep=None, packages_skip_up_to=None, packages_select_build_failed=False, packages_skip_build_finished=False, packages_select_test_failures=False, packages_skip_test_passed=False, packages_select=None, packages_skip=None, packages_select_regex=None, packages_skip_regex=None, packages_start=None, packages_end=None, allow_overriding=[], cmake_args=None, cmake_target=None, cmake_target_skip_unavailable=False, cmake_clean_cache=False, cmake_clean_first=False, cmake_force_configure=False, ament_cmake_args=None, catkin_cmake_args=None, catkin_skip_building_tests=False, mixin_files=None, mixin=None, verb_parser=<colcon_mixin.mixin.mixin_argument.MixinArgumentDecorator object at 0xffff9b0d5010>, verb_extension=<colcon_core.verb.build.BuildVerb object at 0xffff9b291550>, main=<bound method BuildVerb.main of <colcon_core.verb.build.BuildVerb object at 0xffff9b291550>>, mixin_verb=('build',))
[0.636s] Level 1:colcon.colcon_core.package_discovery:discover_packages(colcon_meta) check parameters
[0.636s] Level 1:colcon.colcon_core.package_discovery:discover_packages(recursive) check parameters
[0.637s] Level 1:colcon.colcon_core.package_discovery:discover_packages(ignore) check parameters
[0.637s] Level 1:colcon.colcon_core.package_discovery:discover_packages(path) check parameters
[0.637s] Level 1:colcon.colcon_core.package_discovery:discover_packages(colcon_meta) discover
[0.637s] Level 1:colcon.colcon_core.package_discovery:discover_packages(recursive) discover
[0.637s] INFO:colcon.colcon_core.package_discovery:Crawling recursively for packages in '/home/cowbot/cowbot_ws'
[0.638s] Level 1:colcon.colcon_core.package_identification:_identify(.) by extensions ['ignore', 'ignore_ament_install']
[0.638s] Level 1:colcon.colcon_core.package_identification:_identify(.) by extension 'ignore'
[0.638s] Level 1:colcon.colcon_core.package_identification:_identify(.) by extension 'ignore_ament_install'
[0.638s] Level 1:colcon.colcon_core.package_identification:_identify(.) by extensions ['colcon_pkg']
[0.638s] Level 1:colcon.colcon_core.package_identification:_identify(.) by extension 'colcon_pkg'
[0.639s] Level 1:colcon.colcon_core.package_identification:_identify(.) by extensions ['colcon_meta']
[0.639s] Level 1:colcon.colcon_core.package_identification:_identify(.) by extension 'colcon_meta'
[0.639s] Level 1:colcon.colcon_core.package_identification:_identify(.) by extensions ['ros']
[0.639s] Level 1:colcon.colcon_core.package_identification:_identify(.) by extension 'ros'
[0.745s] Level 1:colcon.colcon_core.package_identification:_identify(.) by extensions ['cmake', 'python']
[0.746s] Level 1:colcon.colcon_core.package_identification:_identify(.) by extension 'cmake'
[0.746s] Level 1:colcon.colcon_core.package_identification:_identify(.) by extension 'python'
[0.746s] Level 1:colcon.colcon_core.package_identification:_identify(.) by extensions ['python_setup_py']
[0.746s] Level 1:colcon.colcon_core.package_identification:_identify(.) by extension 'python_setup_py'
[0.747s] Level 1:colcon.colcon_core.package_identification:_identify(build) by extensions ['ignore', 'ignore_ament_install']
[0.747s] Level 1:colcon.colcon_core.package_identification:_identify(build) by extension 'ignore'
[0.747s] Level 1:colcon.colcon_core.package_identification:_identify(build) ignored
[0.748s] Level 1:colcon.colcon_core.package_identification:_identify(install) by extensions ['ignore', 'ignore_ament_install']
[0.748s] Level 1:colcon.colcon_core.package_identification:_identify(install) by extension 'ignore'
[0.748s] Level 1:colcon.colcon_core.package_identification:_identify(install) ignored
[0.749s] Level 1:colcon.colcon_core.package_identification:_identify(log) by extensions ['ignore', 'ignore_ament_install']
[0.749s] Level 1:colcon.colcon_core.package_identification:_identify(log) by extension 'ignore'
[0.750s] Level 1:colcon.colcon_core.package_identification:_identify(log) ignored
[0.750s] Level 1:colcon.colcon_core.package_identification:_identify(src) by extensions ['ignore', 'ignore_ament_install']
[0.750s] Level 1:colcon.colcon_core.package_identification:_identify(src) by extension 'ignore'
[0.750s] Level 1:colcon.colcon_core.package_identification:_identify(src) by extension 'ignore_ament_install'
[0.751s] Level 1:colcon.colcon_core.package_identification:_identify(src) by extensions ['colcon_pkg']
[0.751s] Level 1:colcon.colcon_core.package_identification:_identify(src) by extension 'colcon_pkg'
[0.751s] Level 1:colcon.colcon_core.package_identification:_identify(src) by extensions ['colcon_meta']
[0.751s] Level 1:colcon.colcon_core.package_identification:_identify(src) by extension 'colcon_meta'
[0.751s] Level 1:colcon.colcon_core.package_identification:_identify(src) by extensions ['ros']
[0.751s] Level 1:colcon.colcon_core.package_identification:_identify(src) by extension 'ros'
[0.752s] Level 1:colcon.colcon_core.package_identification:_identify(src) by extensions ['cmake', 'python']
[0.752s] Level 1:colcon.colcon_core.package_identification:_identify(src) by extension 'cmake'
[0.752s] Level 1:colcon.colcon_core.package_identification:_identify(src) by extension 'python'
[0.752s] Level 1:colcon.colcon_core.package_identification:_identify(src) by extensions ['python_setup_py']
[0.752s] Level 1:colcon.colcon_core.package_identification:_identify(src) by extension 'python_setup_py'
[0.753s] Level 1:colcon.colcon_core.package_identification:_identify(src/Lslidar_ROS2_driver) by extensions ['ignore', 'ignore_ament_install']
[0.753s] Level 1:colcon.colcon_core.package_identification:_identify(src/Lslidar_ROS2_driver) by extension 'ignore'
[0.753s] Level 1:colcon.colcon_core.package_identification:_identify(src/Lslidar_ROS2_driver) by extension 'ignore_ament_install'
[0.753s] Level 1:colcon.colcon_core.package_identification:_identify(src/Lslidar_ROS2_driver) by extensions ['colcon_pkg']
[0.753s] Level 1:colcon.colcon_core.package_identification:_identify(src/Lslidar_ROS2_driver) by extension 'colcon_pkg'
[0.754s] Level 1:colcon.colcon_core.package_identification:_identify(src/Lslidar_ROS2_driver) by extensions ['colcon_meta']
[0.754s] Level 1:colcon.colcon_core.package_identification:_identify(src/Lslidar_ROS2_driver) by extension 'colcon_meta'
[0.754s] Level 1:colcon.colcon_core.package_identification:_identify(src/Lslidar_ROS2_driver) by extensions ['ros']
[0.754s] Level 1:colcon.colcon_core.package_identification:_identify(src/Lslidar_ROS2_driver) by extension 'ros'
[0.754s] Level 1:colcon.colcon_core.package_identification:_identify(src/Lslidar_ROS2_driver) by extensions ['cmake', 'python']
[0.754s] Level 1:colcon.colcon_core.package_identification:_identify(src/Lslidar_ROS2_driver) by extension 'cmake'
[0.755s] Level 1:colcon.colcon_core.package_identification:_identify(src/Lslidar_ROS2_driver) by extension 'python'
[0.755s] Level 1:colcon.colcon_core.package_identification:_identify(src/Lslidar_ROS2_driver) by extensions ['python_setup_py']
[0.755s] Level 1:colcon.colcon_core.package_identification:_identify(src/Lslidar_ROS2_driver) by extension 'python_setup_py'
[0.755s] Level 1:colcon.colcon_core.package_identification:_identify(src/Lslidar_ROS2_driver/lslidar_driver) by extensions ['ignore', 'ignore_ament_install']
[0.756s] Level 1:colcon.colcon_core.package_identification:_identify(src/Lslidar_ROS2_driver/lslidar_driver) by extension 'ignore'
[0.756s] Level 1:colcon.colcon_core.package_identification:_identify(src/Lslidar_ROS2_driver/lslidar_driver) by extension 'ignore_ament_install'
[0.756s] Level 1:colcon.colcon_core.package_identification:_identify(src/Lslidar_ROS2_driver/lslidar_driver) by extensions ['colcon_pkg']
[0.756s] Level 1:colcon.colcon_core.package_identification:_identify(src/Lslidar_ROS2_driver/lslidar_driver) by extension 'colcon_pkg'
[0.756s] Level 1:colcon.colcon_core.package_identification:_identify(src/Lslidar_ROS2_driver/lslidar_driver) by extensions ['colcon_meta']
[0.756s] Level 1:colcon.colcon_core.package_identification:_identify(src/Lslidar_ROS2_driver/lslidar_driver) by extension 'colcon_meta'
[0.757s] Level 1:colcon.colcon_core.package_identification:_identify(src/Lslidar_ROS2_driver/lslidar_driver) by extensions ['ros']
[0.757s] Level 1:colcon.colcon_core.package_identification:_identify(src/Lslidar_ROS2_driver/lslidar_driver) by extension 'ros'
[0.766s] DEBUG:colcon.colcon_core.package_identification:Package 'src/Lslidar_ROS2_driver/lslidar_driver' with type 'ros.ament_cmake' and name 'lslidar_driver'
[0.766s] Level 1:colcon.colcon_core.package_identification:_identify(src/Lslidar_ROS2_driver/lslidar_msgs) by extensions ['ignore', 'ignore_ament_install']
[0.767s] Level 1:colcon.colcon_core.package_identification:_identify(src/Lslidar_ROS2_driver/lslidar_msgs) by extension 'ignore'
[0.767s] Level 1:colcon.colcon_core.package_identification:_identify(src/Lslidar_ROS2_driver/lslidar_msgs) by extension 'ignore_ament_install'
[0.767s] Level 1:colcon.colcon_core.package_identification:_identify(src/Lslidar_ROS2_driver/lslidar_msgs) by extensions ['colcon_pkg']
[0.767s] Level 1:colcon.colcon_core.package_identification:_identify(src/Lslidar_ROS2_driver/lslidar_msgs) by extension 'colcon_pkg'
[0.767s] Level 1:colcon.colcon_core.package_identification:_identify(src/Lslidar_ROS2_driver/lslidar_msgs) by extensions ['colcon_meta']
[0.768s] Level 1:colcon.colcon_core.package_identification:_identify(src/Lslidar_ROS2_driver/lslidar_msgs) by extension 'colcon_meta'
[0.768s] Level 1:colcon.colcon_core.package_identification:_identify(src/Lslidar_ROS2_driver/lslidar_msgs) by extensions ['ros']
[0.768s] Level 1:colcon.colcon_core.package_identification:_identify(src/Lslidar_ROS2_driver/lslidar_msgs) by extension 'ros'
[0.770s] DEBUG:colcon.colcon_core.package_identification:Package 'src/Lslidar_ROS2_driver/lslidar_msgs' with type 'ros.ament_cmake' and name 'lslidar_msgs'
[0.771s] Level 1:colcon.colcon_core.package_identification:_identify(src/build) by extensions ['ignore', 'ignore_ament_install']
[0.771s] Level 1:colcon.colcon_core.package_identification:_identify(src/build) by extension 'ignore'
[0.771s] Level 1:colcon.colcon_core.package_identification:_identify(src/build) ignored
[0.771s] Level 1:colcon.colcon_core.package_identification:_identify(src/cowbot_bringup) by extensions ['ignore', 'ignore_ament_install']
[0.772s] Level 1:colcon.colcon_core.package_identification:_identify(src/cowbot_bringup) by extension 'ignore'
[0.772s] Level 1:colcon.colcon_core.package_identification:_identify(src/cowbot_bringup) by extension 'ignore_ament_install'
[0.772s] Level 1:colcon.colcon_core.package_identification:_identify(src/cowbot_bringup) by extensions ['colcon_pkg']
[0.772s] Level 1:colcon.colcon_core.package_identification:_identify(src/cowbot_bringup) by extension 'colcon_pkg'
[0.772s] Level 1:colcon.colcon_core.package_identification:_identify(src/cowbot_bringup) by extensions ['colcon_meta']
[0.773s] Level 1:colcon.colcon_core.package_identification:_identify(src/cowbot_bringup) by extension 'colcon_meta'
[0.773s] Level 1:colcon.colcon_core.package_identification:_identify(src/cowbot_bringup) by extensions ['ros']
[0.773s] Level 1:colcon.colcon_core.package_identification:_identify(src/cowbot_bringup) by extension 'ros'
[0.774s] DEBUG:colcon.colcon_core.package_identification:Package 'src/cowbot_bringup' with type 'ros.ament_cmake' and name 'cowbot_bringup'
[0.775s] Level 1:colcon.colcon_core.package_identification:_identify(src/cowbot_description) by extensions ['ignore', 'ignore_ament_install']
[0.775s] Level 1:colcon.colcon_core.package_identification:_identify(src/cowbot_description) by extension 'ignore'
[0.775s] Level 1:colcon.colcon_core.package_identification:_identify(src/cowbot_description) by extension 'ignore_ament_install'
[0.776s] Level 1:colcon.colcon_core.package_identification:_identify(src/cowbot_description) by extensions ['colcon_pkg']
[0.776s] Level 1:colcon.colcon_core.package_identification:_identify(src/cowbot_description) by extension 'colcon_pkg'
[0.776s] Level 1:colcon.colcon_core.package_identification:_identify(src/cowbot_description) by extensions ['colcon_meta']
[0.776s] Level 1:colcon.colcon_core.package_identification:_identify(src/cowbot_description) by extension 'colcon_meta'
[0.776s] Level 1:colcon.colcon_core.package_identification:_identify(src/cowbot_description) by extensions ['ros']
[0.776s] Level 1:colcon.colcon_core.package_identification:_identify(src/cowbot_description) by extension 'ros'
[0.779s] DEBUG:colcon.colcon_core.package_identification:Package 'src/cowbot_description' with type 'ros.ament_cmake' and name 'cowbot_description'
[0.780s] Level 1:colcon.colcon_core.package_identification:_identify(src/cowbot_gazebo) by extensions ['ignore', 'ignore_ament_install']
[0.780s] Level 1:colcon.colcon_core.package_identification:_identify(src/cowbot_gazebo) by extension 'ignore'
[0.780s] Level 1:colcon.colcon_core.package_identification:_identify(src/cowbot_gazebo) by extension 'ignore_ament_install'
[0.780s] Level 1:colcon.colcon_core.package_identification:_identify(src/cowbot_gazebo) by extensions ['colcon_pkg']
[0.780s] Level 1:colcon.colcon_core.package_identification:_identify(src/cowbot_gazebo) by extension 'colcon_pkg'
[0.781s] Level 1:colcon.colcon_core.package_identification:_identify(src/cowbot_gazebo) by extensions ['colcon_meta']
[0.781s] Level 1:colcon.colcon_core.package_identification:_identify(src/cowbot_gazebo) by extension 'colcon_meta'
[0.781s] Level 1:colcon.colcon_core.package_identification:_identify(src/cowbot_gazebo) by extensions ['ros']
[0.781s] Level 1:colcon.colcon_core.package_identification:_identify(src/cowbot_gazebo) by extension 'ros'
[0.782s] DEBUG:colcon.colcon_core.package_identification:Package 'src/cowbot_gazebo' with type 'ros.ament_cmake' and name 'cowbot_gazebo'
[0.783s] Level 1:colcon.colcon_core.package_identification:_identify(src/install) by extensions ['ignore', 'ignore_ament_install']
[0.783s] Level 1:colcon.colcon_core.package_identification:_identify(src/install) by extension 'ignore'
[0.783s] Level 1:colcon.colcon_core.package_identification:_identify(src/install) ignored
[0.784s] Level 1:colcon.colcon_core.package_identification:_identify(src/log) by extensions ['ignore', 'ignore_ament_install']
[0.784s] Level 1:colcon.colcon_core.package_identification:_identify(src/log) by extension 'ignore'
[0.784s] Level 1:colcon.colcon_core.package_identification:_identify(src/log) ignored
[0.785s] Level 1:colcon.colcon_core.package_identification:_identify(src/msg) by extensions ['ignore', 'ignore_ament_install']
[0.785s] Level 1:colcon.colcon_core.package_identification:_identify(src/msg) by extension 'ignore'
[0.785s] Level 1:colcon.colcon_core.package_identification:_identify(src/msg) by extension 'ignore_ament_install'
[0.785s] Level 1:colcon.colcon_core.package_identification:_identify(src/msg) by extensions ['colcon_pkg']
[0.785s] Level 1:colcon.colcon_core.package_identification:_identify(src/msg) by extension 'colcon_pkg'
[0.786s] Level 1:colcon.colcon_core.package_identification:_identify(src/msg) by extensions ['colcon_meta']
[0.786s] Level 1:colcon.colcon_core.package_identification:_identify(src/msg) by extension 'colcon_meta'
[0.786s] Level 1:colcon.colcon_core.package_identification:_identify(src/msg) by extensions ['ros']
[0.786s] Level 1:colcon.colcon_core.package_identification:_identify(src/msg) by extension 'ros'
[0.786s] Level 1:colcon.colcon_core.package_identification:_identify(src/msg) by extensions ['cmake', 'python']
[0.786s] Level 1:colcon.colcon_core.package_identification:_identify(src/msg) by extension 'cmake'
[0.786s] Level 1:colcon.colcon_core.package_identification:_identify(src/msg) by extension 'python'
[0.787s] Level 1:colcon.colcon_core.package_identification:_identify(src/msg) by extensions ['python_setup_py']
[0.787s] Level 1:colcon.colcon_core.package_identification:_identify(src/msg) by extension 'python_setup_py'
[0.787s] Level 1:colcon.colcon_core.package_identification:_identify(src/serial_motor) by extensions ['ignore', 'ignore_ament_install']
[0.787s] Level 1:colcon.colcon_core.package_identification:_identify(src/serial_motor) by extension 'ignore'
[0.788s] Level 1:colcon.colcon_core.package_identification:_identify(src/serial_motor) by extension 'ignore_ament_install'
[0.788s] Level 1:colcon.colcon_core.package_identification:_identify(src/serial_motor) by extensions ['colcon_pkg']
[0.788s] Level 1:colcon.colcon_core.package_identification:_identify(src/serial_motor) by extension 'colcon_pkg'
[0.788s] Level 1:colcon.colcon_core.package_identification:_identify(src/serial_motor) by extensions ['colcon_meta']
[0.788s] Level 1:colcon.colcon_core.package_identification:_identify(src/serial_motor) by extension 'colcon_meta'
[0.788s] Level 1:colcon.colcon_core.package_identification:_identify(src/serial_motor) by extensions ['ros']
[0.789s] Level 1:colcon.colcon_core.package_identification:_identify(src/serial_motor) by extension 'ros'
[0.791s] DEBUG:colcon.colcon_core.package_identification:Package 'src/serial_motor' with type 'ros.ament_python' and name 'serial_motor'
[0.791s] Level 1:colcon.colcon_core.package_identification:_identify(src/serial_motor_msgs) by extensions ['ignore', 'ignore_ament_install']
[0.791s] Level 1:colcon.colcon_core.package_identification:_identify(src/serial_motor_msgs) by extension 'ignore'
[0.792s] Level 1:colcon.colcon_core.package_identification:_identify(src/serial_motor_msgs) by extension 'ignore_ament_install'
[0.792s] Level 1:colcon.colcon_core.package_identification:_identify(src/serial_motor_msgs) by extensions ['colcon_pkg']
[0.792s] Level 1:colcon.colcon_core.package_identification:_identify(src/serial_motor_msgs) by extension 'colcon_pkg'
[0.792s] Level 1:colcon.colcon_core.package_identification:_identify(src/serial_motor_msgs) by extensions ['colcon_meta']
[0.792s] Level 1:colcon.colcon_core.package_identification:_identify(src/serial_motor_msgs) by extension 'colcon_meta'
[0.792s] Level 1:colcon.colcon_core.package_identification:_identify(src/serial_motor_msgs) by extensions ['ros']
[0.792s] Level 1:colcon.colcon_core.package_identification:_identify(src/serial_motor_msgs) by extension 'ros'
[0.794s] DEBUG:colcon.colcon_core.package_identification:Package 'src/serial_motor_msgs' with type 'ros.ament_cmake' and name 'serial_motor_msgs'
[0.794s] Level 1:colcon.colcon_core.package_discovery:discover_packages(recursive) using defaults
[0.794s] Level 1:colcon.colcon_core.package_discovery:discover_packages(ignore) discover
[0.795s] Level 1:colcon.colcon_core.package_discovery:discover_packages(ignore) using defaults
[0.795s] Level 1:colcon.colcon_core.package_discovery:discover_packages(path) discover
[0.795s] Level 1:colcon.colcon_core.package_discovery:discover_packages(path) using defaults
[0.868s] Level 1:colcon.colcon_core.package_discovery:discover_packages(prefix_path) check parameters
[0.868s] Level 1:colcon.colcon_core.package_discovery:discover_packages(prefix_path) discover
[0.882s] DEBUG:colcon.colcon_installed_package_information.package_discovery:Found 209 installed packages in /opt/ros/jazzy
[0.884s] Level 1:colcon.colcon_core.package_discovery:discover_packages(prefix_path) using defaults
[1.029s] Level 5:colcon.colcon_core.verb:set package 'cowbot_bringup' build argument 'cmake_args' from command line to 'None'
[1.029s] Level 5:colcon.colcon_core.verb:set package 'cowbot_bringup' build argument 'cmake_target' from command line to 'None'
[1.029s] Level 5:colcon.colcon_core.verb:set package 'cowbot_bringup' build argument 'cmake_target_skip_unavailable' from command line to 'False'
[1.029s] Level 5:colcon.colcon_core.verb:set package 'cowbot_bringup' build argument 'cmake_clean_cache' from command line to 'False'
[1.029s] Level 5:colcon.colcon_core.verb:set package 'cowbot_bringup' build argument 'cmake_clean_first' from command line to 'False'
[1.029s] Level 5:colcon.colcon_core.verb:set package 'cowbot_bringup' build argument 'cmake_force_configure' from command line to 'False'
[1.029s] Level 5:colcon.colcon_core.verb:set package 'cowbot_bringup' build argument 'ament_cmake_args' from command line to 'None'
[1.029s] Level 5:colcon.colcon_core.verb:set package 'cowbot_bringup' build argument 'catkin_cmake_args' from command line to 'None'
[1.030s] Level 5:colcon.colcon_core.verb:set package 'cowbot_bringup' build argument 'catkin_skip_building_tests' from command line to 'False'
[1.030s] DEBUG:colcon.colcon_core.verb:Building package 'cowbot_bringup' with the following arguments: {'ament_cmake_args': None, 'build_base': '/home/cowbot/cowbot_ws/build/cowbot_bringup', 'catkin_cmake_args': None, 'catkin_skip_building_tests': False, 'cmake_args': None, 'cmake_clean_cache': False, 'cmake_clean_first': False, 'cmake_force_configure': False, 'cmake_target': None, 'cmake_target_skip_unavailable': False, 'install_base': '/home/cowbot/cowbot_ws/install/cowbot_bringup', 'merge_install': False, 'path': '/home/cowbot/cowbot_ws/src/cowbot_bringup', 'symlink_install': True, 'test_result_base': None}
[1.031s] Level 5:colcon.colcon_core.verb:set package 'cowbot_description' build argument 'cmake_args' from command line to 'None'
[1.031s] Level 5:colcon.colcon_core.verb:set package 'cowbot_description' build argument 'cmake_target' from command line to 'None'
[1.031s] Level 5:colcon.colcon_core.verb:set package 'cowbot_description' build argument 'cmake_target_skip_unavailable' from command line to 'False'
[1.031s] Level 5:colcon.colcon_core.verb:set package 'cowbot_description' build argument 'cmake_clean_cache' from command line to 'False'
[1.031s] Level 5:colcon.colcon_core.verb:set package 'cowbot_description' build argument 'cmake_clean_first' from command line to 'False'
[1.031s] Level 5:colcon.colcon_core.verb:set package 'cowbot_description' build argument 'cmake_force_configure' from command line to 'False'
[1.032s] Level 5:colcon.colcon_core.verb:set package 'cowbot_description' build argument 'ament_cmake_args' from command line to 'None'
[1.032s] Level 5:colcon.colcon_core.verb:set package 'cowbot_description' build argument 'catkin_cmake_args' from command line to 'None'
[1.032s] Level 5:colcon.colcon_core.verb:set package 'cowbot_description' build argument 'catkin_skip_building_tests' from command line to 'False'
[1.032s] DEBUG:colcon.colcon_core.verb:Building package 'cowbot_description' with the following arguments: {'ament_cmake_args': None, 'build_base': '/home/cowbot/cowbot_ws/build/cowbot_description', 'catkin_cmake_args': None, 'catkin_skip_building_tests': False, 'cmake_args': None, 'cmake_clean_cache': False, 'cmake_clean_first': False, 'cmake_force_configure': False, 'cmake_target': None, 'cmake_target_skip_unavailable': False, 'install_base': '/home/cowbot/cowbot_ws/install/cowbot_description', 'merge_install': False, 'path': '/home/cowbot/cowbot_ws/src/cowbot_description', 'symlink_install': True, 'test_result_base': None}
[1.033s] Level 5:colcon.colcon_core.verb:set package 'cowbot_gazebo' build argument 'cmake_args' from command line to 'None'
[1.033s] Level 5:colcon.colcon_core.verb:set package 'cowbot_gazebo' build argument 'cmake_target' from command line to 'None'
[1.033s] Level 5:colcon.colcon_core.verb:set package 'cowbot_gazebo' build argument 'cmake_target_skip_unavailable' from command line to 'False'
[1.033s] Level 5:colcon.colcon_core.verb:set package 'cowbot_gazebo' build argument 'cmake_clean_cache' from command line to 'False'
[1.033s] Level 5:colcon.colcon_core.verb:set package 'cowbot_gazebo' build argument 'cmake_clean_first' from command line to 'False'
[1.034s] Level 5:colcon.colcon_core.verb:set package 'cowbot_gazebo' build argument 'cmake_force_configure' from command line to 'False'
[1.034s] Level 5:colcon.colcon_core.verb:set package 'cowbot_gazebo' build argument 'ament_cmake_args' from command line to 'None'
[1.034s] Level 5:colcon.colcon_core.verb:set package 'cowbot_gazebo' build argument 'catkin_cmake_args' from command line to 'None'
[1.034s] Level 5:colcon.colcon_core.verb:set package 'cowbot_gazebo' build argument 'catkin_skip_building_tests' from command line to 'False'
[1.034s] DEBUG:colcon.colcon_core.verb:Building package 'cowbot_gazebo' with the following arguments: {'ament_cmake_args': None, 'build_base': '/home/cowbot/cowbot_ws/build/cowbot_gazebo', 'catkin_cmake_args': None, 'catkin_skip_building_tests': False, 'cmake_args': None, 'cmake_clean_cache': False, 'cmake_clean_first': False, 'cmake_force_configure': False, 'cmake_target': None, 'cmake_target_skip_unavailable': False, 'install_base': '/home/cowbot/cowbot_ws/install/cowbot_gazebo', 'merge_install': False, 'path': '/home/cowbot/cowbot_ws/src/cowbot_gazebo', 'symlink_install': True, 'test_result_base': None}
[1.035s] Level 5:colcon.colcon_core.verb:set package 'lslidar_msgs' build argument 'cmake_args' from command line to 'None'
[1.035s] Level 5:colcon.colcon_core.verb:set package 'lslidar_msgs' build argument 'cmake_target' from command line to 'None'
[1.035s] Level 5:colcon.colcon_core.verb:set package 'lslidar_msgs' build argument 'cmake_target_skip_unavailable' from command line to 'False'
[1.035s] Level 5:colcon.colcon_core.verb:set package 'lslidar_msgs' build argument 'cmake_clean_cache' from command line to 'False'
[1.036s] Level 5:colcon.colcon_core.verb:set package 'lslidar_msgs' build argument 'cmake_clean_first' from command line to 'False'
[1.036s] Level 5:colcon.colcon_core.verb:set package 'lslidar_msgs' build argument 'cmake_force_configure' from command line to 'False'
[1.036s] Level 5:colcon.colcon_core.verb:set package 'lslidar_msgs' build argument 'ament_cmake_args' from command line to 'None'
[1.036s] Level 5:colcon.colcon_core.verb:set package 'lslidar_msgs' build argument 'catkin_cmake_args' from command line to 'None'
[1.036s] Level 5:colcon.colcon_core.verb:set package 'lslidar_msgs' build argument 'catkin_skip_building_tests' from command line to 'False'
[1.036s] DEBUG:colcon.colcon_core.verb:Building package 'lslidar_msgs' with the following arguments: {'ament_cmake_args': None, 'build_base': '/home/cowbot/cowbot_ws/build/lslidar_msgs', 'catkin_cmake_args': None, 'catkin_skip_building_tests': False, 'cmake_args': None, 'cmake_clean_cache': False, 'cmake_clean_first': False, 'cmake_force_configure': False, 'cmake_target': None, 'cmake_target_skip_unavailable': False, 'install_base': '/home/cowbot/cowbot_ws/install/lslidar_msgs', 'merge_install': False, 'path': '/home/cowbot/cowbot_ws/src/Lslidar_ROS2_driver/lslidar_msgs', 'symlink_install': True, 'test_result_base': None}
[1.037s] Level 5:colcon.colcon_core.verb:set package 'serial_motor_msgs' build argument 'cmake_args' from command line to 'None'
[1.037s] Level 5:colcon.colcon_core.verb:set package 'serial_motor_msgs' build argument 'cmake_target' from command line to 'None'
[1.037s] Level 5:colcon.colcon_core.verb:set package 'serial_motor_msgs' build argument 'cmake_target_skip_unavailable' from command line to 'False'
[1.037s] Level 5:colcon.colcon_core.verb:set package 'serial_motor_msgs' build argument 'cmake_clean_cache' from command line to 'False'
[1.037s] Level 5:colcon.colcon_core.verb:set package 'serial_motor_msgs' build argument 'cmake_clean_first' from command line to 'False'
[1.038s] Level 5:colcon.colcon_core.verb:set package 'serial_motor_msgs' build argument 'cmake_force_configure' from command line to 'False'
[1.038s] Level 5:colcon.colcon_core.verb:set package 'serial_motor_msgs' build argument 'ament_cmake_args' from command line to 'None'
[1.038s] Level 5:colcon.colcon_core.verb:set package 'serial_motor_msgs' build argument 'catkin_cmake_args' from command line to 'None'
[1.038s] Level 5:colcon.colcon_core.verb:set package 'serial_motor_msgs' build argument 'catkin_skip_building_tests' from command line to 'False'
[1.038s] DEBUG:colcon.colcon_core.verb:Building package 'serial_motor_msgs' with the following arguments: {'ament_cmake_args': None, 'build_base': '/home/cowbot/cowbot_ws/build/serial_motor_msgs', 'catkin_cmake_args': None, 'catkin_skip_building_tests': False, 'cmake_args': None, 'cmake_clean_cache': False, 'cmake_clean_first': False, 'cmake_force_configure': False, 'cmake_target': None, 'cmake_target_skip_unavailable': False, 'install_base': '/home/cowbot/cowbot_ws/install/serial_motor_msgs', 'merge_install': False, 'path': '/home/cowbot/cowbot_ws/src/serial_motor_msgs', 'symlink_install': True, 'test_result_base': None}
[1.039s] Level 5:colcon.colcon_core.verb:set package 'lslidar_driver' build argument 'cmake_args' from command line to 'None'
[1.039s] Level 5:colcon.colcon_core.verb:set package 'lslidar_driver' build argument 'cmake_target' from command line to 'None'
[1.039s] Level 5:colcon.colcon_core.verb:set package 'lslidar_driver' build argument 'cmake_target_skip_unavailable' from command line to 'False'
[1.039s] Level 5:colcon.colcon_core.verb:set package 'lslidar_driver' build argument 'cmake_clean_cache' from command line to 'False'
[1.040s] Level 5:colcon.colcon_core.verb:set package 'lslidar_driver' build argument 'cmake_clean_first' from command line to 'False'
[1.040s] Level 5:colcon.colcon_core.verb:set package 'lslidar_driver' build argument 'cmake_force_configure' from command line to 'False'
[1.040s] Level 5:colcon.colcon_core.verb:set package 'lslidar_driver' build argument 'ament_cmake_args' from command line to 'None'
[1.040s] Level 5:colcon.colcon_core.verb:set package 'lslidar_driver' build argument 'catkin_cmake_args' from command line to 'None'
[1.040s] Level 5:colcon.colcon_core.verb:set package 'lslidar_driver' build argument 'catkin_skip_building_tests' from command line to 'False'
[1.040s] DEBUG:colcon.colcon_core.verb:Building package 'lslidar_driver' with the following arguments: {'ament_cmake_args': None, 'build_base': '/home/cowbot/cowbot_ws/build/lslidar_driver', 'catkin_cmake_args': None, 'catkin_skip_building_tests': False, 'cmake_args': None, 'cmake_clean_cache': False, 'cmake_clean_first': False, 'cmake_force_configure': False, 'cmake_target': None, 'cmake_target_skip_unavailable': False, 'install_base': '/home/cowbot/cowbot_ws/install/lslidar_driver', 'merge_install': False, 'path': '/home/cowbot/cowbot_ws/src/Lslidar_ROS2_driver/lslidar_driver', 'symlink_install': True, 'test_result_base': None}
[1.041s] Level 5:colcon.colcon_core.verb:set package 'serial_motor' build argument 'cmake_args' from command line to 'None'
[1.041s] Level 5:colcon.colcon_core.verb:set package 'serial_motor' build argument 'cmake_target' from command line to 'None'
[1.041s] Level 5:colcon.colcon_core.verb:set package 'serial_motor' build argument 'cmake_target_skip_unavailable' from command line to 'False'
[1.041s] Level 5:colcon.colcon_core.verb:set package 'serial_motor' build argument 'cmake_clean_cache' from command line to 'False'
[1.042s] Level 5:colcon.colcon_core.verb:set package 'serial_motor' build argument 'cmake_clean_first' from command line to 'False'
[1.042s] Level 5:colcon.colcon_core.verb:set package 'serial_motor' build argument 'cmake_force_configure' from command line to 'False'
[1.042s] Level 5:colcon.colcon_core.verb:set package 'serial_motor' build argument 'ament_cmake_args' from command line to 'None'
[1.042s] Level 5:colcon.colcon_core.verb:set package 'serial_motor' build argument 'catkin_cmake_args' from command line to 'None'
[1.042s] Level 5:colcon.colcon_core.verb:set package 'serial_motor' build argument 'catkin_skip_building_tests' from command line to 'False'
[1.042s] DEBUG:colcon.colcon_core.verb:Building package 'serial_motor' with the following arguments: {'ament_cmake_args': None, 'build_base': '/home/cowbot/cowbot_ws/build/serial_motor', 'catkin_cmake_args': None, 'catkin_skip_building_tests': False, 'cmake_args': None, 'cmake_clean_cache': False, 'cmake_clean_first': False, 'cmake_force_configure': False, 'cmake_target': None, 'cmake_target_skip_unavailable': False, 'install_base': '/home/cowbot/cowbot_ws/install/serial_motor', 'merge_install': False, 'path': '/home/cowbot/cowbot_ws/src/serial_motor', 'symlink_install': True, 'test_result_base': None}
[1.043s] INFO:colcon.colcon_core.executor:Executing jobs using 'parallel' executor
[1.046s] DEBUG:colcon.colcon_parallel_executor.executor.parallel:run_until_complete
[1.047s] INFO:colcon.colcon_ros.task.ament_cmake.build:Building ROS package in '/home/cowbot/cowbot_ws/src/Lslidar_ROS2_driver/lslidar_msgs' with build type 'ament_cmake'
[1.048s] INFO:colcon.colcon_cmake.task.cmake.build:Building CMake package in '/home/cowbot/cowbot_ws/src/Lslidar_ROS2_driver/lslidar_msgs'
[1.055s] INFO:colcon.colcon_core.plugin_system:Skipping extension 'colcon_core.shell.bat': Not used on non-Windows systems
[1.056s] INFO:colcon.colcon_core.shell:Skip shell extension 'powershell' for command environment: Not usable outside of PowerShell
[1.056s] DEBUG:colcon.colcon_core.shell:Skip shell extension 'dsv' for command environment
[1.070s] INFO:colcon.colcon_ros.task.ament_cmake.build:Building ROS package in '/home/cowbot/cowbot_ws/src/serial_motor_msgs' with build type 'ament_cmake'
[1.071s] INFO:colcon.colcon_cmake.task.cmake.build:Building CMake package in '/home/cowbot/cowbot_ws/src/serial_motor_msgs'
[1.072s] INFO:colcon.colcon_core.shell:Skip shell extension 'powershell' for command environment: Not usable outside of PowerShell
[1.072s] DEBUG:colcon.colcon_core.shell:Skip shell extension 'dsv' for command environment
[1.087s] INFO:colcon.colcon_ros.task.ament_cmake.build:Building ROS package in '/home/cowbot/cowbot_ws/src/cowbot_bringup' with build type 'ament_cmake'
[1.088s] INFO:colcon.colcon_cmake.task.cmake.build:Building CMake package in '/home/cowbot/cowbot_ws/src/cowbot_bringup'
[1.088s] INFO:colcon.colcon_core.shell:Skip shell extension 'powershell' for command environment: Not usable outside of PowerShell
[1.089s] DEBUG:colcon.colcon_core.shell:Skip shell extension 'dsv' for command environment
[1.104s] INFO:colcon.colcon_ros.task.ament_cmake.build:Building ROS package in '/home/cowbot/cowbot_ws/src/cowbot_description' with build type 'ament_cmake'
[1.105s] INFO:colcon.colcon_cmake.task.cmake.build:Building CMake package in '/home/cowbot/cowbot_ws/src/cowbot_description'
[1.107s] INFO:colcon.colcon_core.shell:Skip shell extension 'powershell' for command environment: Not usable outside of PowerShell
[1.107s] DEBUG:colcon.colcon_core.shell:Skip shell extension 'dsv' for command environment
[1.142s] DEBUG:colcon.colcon_core.event_handler.log_command:Invoking command in '/home/cowbot/cowbot_ws/build/lslidar_msgs': CMAKE_PREFIX_PATH=/opt/ros/jazzy /usr/bin/cmake --build /home/cowbot/cowbot_ws/build/lslidar_msgs -- -j4 -l4
[1.156s] DEBUG:colcon.colcon_core.event_handler.log_command:Invoking command in '/home/cowbot/cowbot_ws/build/serial_motor_msgs': CMAKE_PREFIX_PATH=/opt/ros/jazzy /usr/bin/cmake --build /home/cowbot/cowbot_ws/build/serial_motor_msgs -- -j4 -l4
[1.173s] DEBUG:colcon.colcon_core.event_handler.log_command:Invoking command in '/home/cowbot/cowbot_ws/build/cowbot_bringup': CMAKE_PREFIX_PATH=/opt/ros/jazzy /usr/bin/cmake /home/cowbot/cowbot_ws/src/cowbot_bringup -DAMENT_CMAKE_SYMLINK_INSTALL=1 -DCMAKE_INSTALL_PREFIX=/home/cowbot/cowbot_ws/install/cowbot_bringup
[1.200s] DEBUG:colcon.colcon_core.event_handler.log_command:Invoking command in '/home/cowbot/cowbot_ws/build/cowbot_description': CMAKE_PREFIX_PATH=/opt/ros/jazzy /usr/bin/cmake /home/cowbot/cowbot_ws/src/cowbot_description -DAMENT_CMAKE_SYMLINK_INSTALL=1 -DCMAKE_INSTALL_PREFIX=/home/cowbot/cowbot_ws/install/cowbot_description
[4.599s] DEBUG:colcon.colcon_core.event_handler.log_command:Invoked command in '/home/cowbot/cowbot_ws/build/cowbot_bringup' returned '0': CMAKE_PREFIX_PATH=/opt/ros/jazzy /usr/bin/cmake /home/cowbot/cowbot_ws/src/cowbot_bringup -DAMENT_CMAKE_SYMLINK_INSTALL=1 -DCMAKE_INSTALL_PREFIX=/home/cowbot/cowbot_ws/install/cowbot_bringup
[4.606s] DEBUG:colcon.colcon_core.event_handler.log_command:Invoking command in '/home/cowbot/cowbot_ws/build/cowbot_bringup': CMAKE_PREFIX_PATH=/opt/ros/jazzy /usr/bin/cmake --build /home/cowbot/cowbot_ws/build/cowbot_bringup -- -j4 -l4
[4.872s] DEBUG:colcon.colcon_core.event_handler.log_command:Invoked command in '/home/cowbot/cowbot_ws/build/cowbot_bringup' returned '0': CMAKE_PREFIX_PATH=/opt/ros/jazzy /usr/bin/cmake --build /home/cowbot/cowbot_ws/build/cowbot_bringup -- -j4 -l4
[4.964s] DEBUG:colcon.colcon_core.event_handler.log_command:Invoking command in '/home/cowbot/cowbot_ws/build/cowbot_bringup': CMAKE_PREFIX_PATH=/opt/ros/jazzy /usr/bin/cmake --install /home/cowbot/cowbot_ws/build/cowbot_bringup
[5.206s] Level 1:colcon.colcon_core.environment:create_environment_scripts_only(cowbot_bringup)
[5.209s] DEBUG:colcon.colcon_core.event_handler.log_command:Invoked command in '/home/cowbot/cowbot_ws/build/cowbot_bringup' returned '0': CMAKE_PREFIX_PATH=/opt/ros/jazzy /usr/bin/cmake --install /home/cowbot/cowbot_ws/build/cowbot_bringup
[5.242s] Level 1:colcon.colcon_core.environment:checking '/home/cowbot/cowbot_ws/install/cowbot_bringup' for CMake module files
[5.248s] Level 1:colcon.colcon_core.environment:checking '/home/cowbot/cowbot_ws/install/cowbot_bringup' for CMake config files
[5.250s] Level 1:colcon.colcon_core.shell:create_environment_hook('cowbot_bringup', 'cmake_prefix_path')
[5.252s] INFO:colcon.colcon_core.shell:Creating environment hook '/home/cowbot/cowbot_ws/install/cowbot_bringup/share/cowbot_bringup/hook/cmake_prefix_path.ps1'
[5.256s] INFO:colcon.colcon_core.shell:Creating environment descriptor '/home/cowbot/cowbot_ws/install/cowbot_bringup/share/cowbot_bringup/hook/cmake_prefix_path.dsv'
[5.260s] INFO:colcon.colcon_core.shell:Creating environment hook '/home/cowbot/cowbot_ws/install/cowbot_bringup/share/cowbot_bringup/hook/cmake_prefix_path.sh'
[5.267s] Level 1:colcon.colcon_core.environment:checking '/home/cowbot/cowbot_ws/install/cowbot_bringup/bin'
[5.267s] Level 1:colcon.colcon_core.environment:checking '/home/cowbot/cowbot_ws/install/cowbot_bringup/lib/pkgconfig/cowbot_bringup.pc'
[5.269s] Level 1:colcon.colcon_core.environment:checking '/home/cowbot/cowbot_ws/install/cowbot_bringup/lib/python3.12/site-packages'
[5.271s] Level 1:colcon.colcon_core.environment:checking '/home/cowbot/cowbot_ws/install/cowbot_bringup/bin'
[5.273s] INFO:colcon.colcon_core.shell:Creating package script '/home/cowbot/cowbot_ws/install/cowbot_bringup/share/cowbot_bringup/package.ps1'
[5.277s] INFO:colcon.colcon_core.shell:Creating package descriptor '/home/cowbot/cowbot_ws/install/cowbot_bringup/share/cowbot_bringup/package.dsv'
[5.280s] INFO:colcon.colcon_core.shell:Creating package script '/home/cowbot/cowbot_ws/install/cowbot_bringup/share/cowbot_bringup/package.sh'
[5.283s] INFO:colcon.colcon_core.shell:Creating package script '/home/cowbot/cowbot_ws/install/cowbot_bringup/share/cowbot_bringup/package.bash'
[5.306s] INFO:colcon.colcon_core.shell:Creating package script '/home/cowbot/cowbot_ws/install/cowbot_bringup/share/cowbot_bringup/package.zsh'
[5.309s] Level 1:colcon.colcon_core.environment:create_file_with_runtime_dependencies(/home/cowbot/cowbot_ws/install/cowbot_bringup/share/colcon-core/packages/cowbot_bringup)
[5.312s] Level 1:colcon.colcon_core.environment:create_environment_scripts_only(cowbot_bringup)
[5.314s] Level 1:colcon.colcon_core.environment:checking '/home/cowbot/cowbot_ws/install/cowbot_bringup' for CMake module files
[5.318s] Level 1:colcon.colcon_core.environment:checking '/home/cowbot/cowbot_ws/install/cowbot_bringup' for CMake config files
[5.320s] Level 1:colcon.colcon_core.shell:create_environment_hook('cowbot_bringup', 'cmake_prefix_path')
[5.321s] INFO:colcon.colcon_core.shell:Creating environment hook '/home/cowbot/cowbot_ws/install/cowbot_bringup/share/cowbot_bringup/hook/cmake_prefix_path.ps1'
[5.325s] INFO:colcon.colcon_core.shell:Creating environment descriptor '/home/cowbot/cowbot_ws/install/cowbot_bringup/share/cowbot_bringup/hook/cmake_prefix_path.dsv'
[5.327s] INFO:colcon.colcon_core.shell:Creating environment hook '/home/cowbot/cowbot_ws/install/cowbot_bringup/share/cowbot_bringup/hook/cmake_prefix_path.sh'
[5.330s] Level 1:colcon.colcon_core.environment:checking '/home/cowbot/cowbot_ws/install/cowbot_bringup/bin'
[5.331s] Level 1:colcon.colcon_core.environment:checking '/home/cowbot/cowbot_ws/install/cowbot_bringup/lib/pkgconfig/cowbot_bringup.pc'
[5.332s] Level 1:colcon.colcon_core.environment:checking '/home/cowbot/cowbot_ws/install/cowbot_bringup/lib/python3.12/site-packages'
[5.333s] Level 1:colcon.colcon_core.environment:checking '/home/cowbot/cowbot_ws/install/cowbot_bringup/bin'
[5.334s] INFO:colcon.colcon_core.shell:Creating package script '/home/cowbot/cowbot_ws/install/cowbot_bringup/share/cowbot_bringup/package.ps1'
[5.336s] INFO:colcon.colcon_core.shell:Creating package descriptor '/home/cowbot/cowbot_ws/install/cowbot_bringup/share/cowbot_bringup/package.dsv'
[5.339s] INFO:colcon.colcon_core.shell:Creating package script '/home/cowbot/cowbot_ws/install/cowbot_bringup/share/cowbot_bringup/package.sh'
[5.341s] INFO:colcon.colcon_core.shell:Creating package script '/home/cowbot/cowbot_ws/install/cowbot_bringup/share/cowbot_bringup/package.bash'
[5.343s] INFO:colcon.colcon_core.shell:Creating package script '/home/cowbot/cowbot_ws/install/cowbot_bringup/share/cowbot_bringup/package.zsh'
[5.346s] Level 1:colcon.colcon_core.environment:create_file_with_runtime_dependencies(/home/cowbot/cowbot_ws/install/cowbot_bringup/share/colcon-core/packages/cowbot_bringup)
[5.349s] INFO:colcon.colcon_ros.task.ament_cmake.build:Building ROS package in '/home/cowbot/cowbot_ws/src/cowbot_gazebo' with build type 'ament_cmake'
[5.350s] INFO:colcon.colcon_cmake.task.cmake.build:Building CMake package in '/home/cowbot/cowbot_ws/src/cowbot_gazebo'
[5.351s] INFO:colcon.colcon_core.shell:Skip shell extension 'powershell' for command environment: Not usable outside of PowerShell
[5.352s] DEBUG:colcon.colcon_core.shell:Skip shell extension 'dsv' for command environment
[5.370s] DEBUG:colcon.colcon_core.event_handler.log_command:Invoked command in '/home/cowbot/cowbot_ws/build/cowbot_description' returned '0': CMAKE_PREFIX_PATH=/opt/ros/jazzy /usr/bin/cmake /home/cowbot/cowbot_ws/src/cowbot_description -DAMENT_CMAKE_SYMLINK_INSTALL=1 -DCMAKE_INSTALL_PREFIX=/home/cowbot/cowbot_ws/install/cowbot_description
[5.376s] DEBUG:colcon.colcon_core.event_handler.log_command:Invoking command in '/home/cowbot/cowbot_ws/build/cowbot_description': CMAKE_PREFIX_PATH=/opt/ros/jazzy /usr/bin/cmake --build /home/cowbot/cowbot_ws/build/cowbot_description -- -j4 -l4
[5.381s] DEBUG:colcon.colcon_core.event_handler.log_command:Invoked command in '/home/cowbot/cowbot_ws/build/serial_motor_msgs' returned '0': CMAKE_PREFIX_PATH=/opt/ros/jazzy /usr/bin/cmake --build /home/cowbot/cowbot_ws/build/serial_motor_msgs -- -j4 -l4
[5.388s] DEBUG:colcon.colcon_core.event_handler.log_command:Invoking command in '/home/cowbot/cowbot_ws/build/serial_motor_msgs': CMAKE_PREFIX_PATH=/opt/ros/jazzy /usr/bin/cmake --install /home/cowbot/cowbot_ws/build/serial_motor_msgs
[5.413s] DEBUG:colcon.colcon_core.event_handler.log_command:Invoking command in '/home/cowbot/cowbot_ws/build/cowbot_gazebo': CMAKE_PREFIX_PATH=/opt/ros/jazzy /usr/bin/cmake --build /home/cowbot/cowbot_ws/build/cowbot_gazebo -- -j4 -l4
[5.417s] DEBUG:colcon.colcon_core.event_handler.log_command:Invoked command in '/home/cowbot/cowbot_ws/build/lslidar_msgs' returned '0': CMAKE_PREFIX_PATH=/opt/ros/jazzy /usr/bin/cmake --build /home/cowbot/cowbot_ws/build/lslidar_msgs -- -j4 -l4
[5.424s] DEBUG:colcon.colcon_core.event_handler.log_command:Invoking command in '/home/cowbot/cowbot_ws/build/lslidar_msgs': CMAKE_PREFIX_PATH=/opt/ros/jazzy /usr/bin/cmake --install /home/cowbot/cowbot_ws/build/lslidar_msgs
[5.728s] DEBUG:colcon.colcon_core.event_handler.log_command:Invoked command in '/home/cowbot/cowbot_ws/build/cowbot_description' returned '0': CMAKE_PREFIX_PATH=/opt/ros/jazzy /usr/bin/cmake --build /home/cowbot/cowbot_ws/build/cowbot_description -- -j4 -l4
[5.730s] DEBUG:colcon.colcon_core.event_handler.log_command:Invoking command in '/home/cowbot/cowbot_ws/build/cowbot_description': CMAKE_PREFIX_PATH=/opt/ros/jazzy /usr/bin/cmake --install /home/cowbot/cowbot_ws/build/cowbot_description
[5.737s] DEBUG:colcon.colcon_core.event_handler.log_command:Invoked command in '/home/cowbot/cowbot_ws/build/cowbot_gazebo' returned '0': CMAKE_PREFIX_PATH=/opt/ros/jazzy /usr/bin/cmake --build /home/cowbot/cowbot_ws/build/cowbot_gazebo -- -j4 -l4
[5.738s] DEBUG:colcon.colcon_core.event_handler.log_command:Invoking command in '/home/cowbot/cowbot_ws/build/cowbot_gazebo': CMAKE_PREFIX_PATH=/opt/ros/jazzy /usr/bin/cmake --install /home/cowbot/cowbot_ws/build/cowbot_gazebo
[5.925s] Level 1:colcon.colcon_core.environment:create_environment_scripts_only(cowbot_gazebo)
[5.927s] Level 1:colcon.colcon_core.environment:checking '/home/cowbot/cowbot_ws/install/cowbot_gazebo' for CMake module files
[5.939s] DEBUG:colcon.colcon_core.event_handler.log_command:Invoked command in '/home/cowbot/cowbot_ws/build/cowbot_gazebo' returned '0': CMAKE_PREFIX_PATH=/opt/ros/jazzy /usr/bin/cmake --install /home/cowbot/cowbot_ws/build/cowbot_gazebo
[5.942s] Level 1:colcon.colcon_core.environment:checking '/home/cowbot/cowbot_ws/install/cowbot_gazebo' for CMake config files
[5.946s] Level 1:colcon.colcon_core.shell:create_environment_hook('cowbot_gazebo', 'cmake_prefix_path')
[5.947s] INFO:colcon.colcon_core.shell:Creating environment hook '/home/cowbot/cowbot_ws/install/cowbot_gazebo/share/cowbot_gazebo/hook/cmake_prefix_path.ps1'
[5.950s] INFO:colcon.colcon_core.shell:Creating environment descriptor '/home/cowbot/cowbot_ws/install/cowbot_gazebo/share/cowbot_gazebo/hook/cmake_prefix_path.dsv'
[5.953s] INFO:colcon.colcon_core.shell:Creating environment hook '/home/cowbot/cowbot_ws/install/cowbot_gazebo/share/cowbot_gazebo/hook/cmake_prefix_path.sh'
[5.958s] Level 1:colcon.colcon_core.environment:checking '/home/cowbot/cowbot_ws/install/cowbot_gazebo/bin'
[5.958s] Level 1:colcon.colcon_core.environment:checking '/home/cowbot/cowbot_ws/install/cowbot_gazebo/lib/pkgconfig/cowbot_gazebo.pc'
[5.959s] Level 1:colcon.colcon_core.environment:checking '/home/cowbot/cowbot_ws/install/cowbot_gazebo/lib/python3.12/site-packages'
[5.963s] Level 1:colcon.colcon_core.environment:checking '/home/cowbot/cowbot_ws/install/cowbot_gazebo/bin'
[5.964s] INFO:colcon.colcon_core.shell:Creating package script '/home/cowbot/cowbot_ws/install/cowbot_gazebo/share/cowbot_gazebo/package.ps1'
[5.969s] INFO:colcon.colcon_core.shell:Creating package descriptor '/home/cowbot/cowbot_ws/install/cowbot_gazebo/share/cowbot_gazebo/package.dsv'
[5.977s] INFO:colcon.colcon_core.shell:Creating package script '/home/cowbot/cowbot_ws/install/cowbot_gazebo/share/cowbot_gazebo/package.sh'
[5.983s] INFO:colcon.colcon_core.shell:Creating package script '/home/cowbot/cowbot_ws/install/cowbot_gazebo/share/cowbot_gazebo/package.bash'
[5.985s] INFO:colcon.colcon_core.shell:Creating package script '/home/cowbot/cowbot_ws/install/cowbot_gazebo/share/cowbot_gazebo/package.zsh'
[5.987s] Level 1:colcon.colcon_core.environment:create_file_with_runtime_dependencies(/home/cowbot/cowbot_ws/install/cowbot_gazebo/share/colcon-core/packages/cowbot_gazebo)
[5.990s] Level 1:colcon.colcon_core.environment:create_environment_scripts_only(cowbot_gazebo)
[5.990s] Level 1:colcon.colcon_core.environment:checking '/home/cowbot/cowbot_ws/install/cowbot_gazebo' for CMake module files
[5.994s] Level 1:colcon.colcon_core.environment:checking '/home/cowbot/cowbot_ws/install/cowbot_gazebo' for CMake config files
[5.997s] Level 1:colcon.colcon_core.shell:create_environment_hook('cowbot_gazebo', 'cmake_prefix_path')
[5.999s] INFO:colcon.colcon_core.shell:Creating environment hook '/home/cowbot/cowbot_ws/install/cowbot_gazebo/share/cowbot_gazebo/hook/cmake_prefix_path.ps1'
[6.001s] INFO:colcon.colcon_core.shell:Creating environment descriptor '/home/cowbot/cowbot_ws/install/cowbot_gazebo/share/cowbot_gazebo/hook/cmake_prefix_path.dsv'
[6.003s] INFO:colcon.colcon_core.shell:Creating environment hook '/home/cowbot/cowbot_ws/install/cowbot_gazebo/share/cowbot_gazebo/hook/cmake_prefix_path.sh'
[6.007s] Level 1:colcon.colcon_core.environment:checking '/home/cowbot/cowbot_ws/install/cowbot_gazebo/bin'
[6.007s] Level 1:colcon.colcon_core.environment:checking '/home/cowbot/cowbot_ws/install/cowbot_gazebo/lib/pkgconfig/cowbot_gazebo.pc'
[6.008s] Level 1:colcon.colcon_core.environment:checking '/home/cowbot/cowbot_ws/install/cowbot_gazebo/lib/python3.12/site-packages'
[6.010s] Level 1:colcon.colcon_core.environment:checking '/home/cowbot/cowbot_ws/install/cowbot_gazebo/bin'
[6.011s] INFO:colcon.colcon_core.shell:Creating package script '/home/cowbot/cowbot_ws/install/cowbot_gazebo/share/cowbot_gazebo/package.ps1'
[6.013s] INFO:colcon.colcon_core.shell:Creating package descriptor '/home/cowbot/cowbot_ws/install/cowbot_gazebo/share/cowbot_gazebo/package.dsv'
[6.016s] INFO:colcon.colcon_core.shell:Creating package script '/home/cowbot/cowbot_ws/install/cowbot_gazebo/share/cowbot_gazebo/package.sh'
[6.019s] INFO:colcon.colcon_core.shell:Creating package script '/home/cowbot/cowbot_ws/install/cowbot_gazebo/share/cowbot_gazebo/package.bash'
[6.021s] INFO:colcon.colcon_core.shell:Creating package script '/home/cowbot/cowbot_ws/install/cowbot_gazebo/share/cowbot_gazebo/package.zsh'
[6.023s] Level 1:colcon.colcon_core.environment:create_file_with_runtime_dependencies(/home/cowbot/cowbot_ws/install/cowbot_gazebo/share/colcon-core/packages/cowbot_gazebo)
[6.030s] Level 1:colcon.colcon_core.environment:create_environment_scripts_only(serial_motor_msgs)
[6.031s] Level 1:colcon.colcon_core.environment:checking '/home/cowbot/cowbot_ws/install/serial_motor_msgs' for CMake module files
[6.032s] DEBUG:colcon.colcon_core.event_handler.log_command:Invoked command in '/home/cowbot/cowbot_ws/build/serial_motor_msgs' returned '0': CMAKE_PREFIX_PATH=/opt/ros/jazzy /usr/bin/cmake --install /home/cowbot/cowbot_ws/build/serial_motor_msgs
[6.037s] Level 1:colcon.colcon_core.environment:checking '/home/cowbot/cowbot_ws/install/serial_motor_msgs' for CMake config files
[6.044s] Level 1:colcon.colcon_core.shell:create_environment_hook('serial_motor_msgs', 'cmake_prefix_path')
[6.044s] INFO:colcon.colcon_core.shell:Creating environment hook '/home/cowbot/cowbot_ws/install/serial_motor_msgs/share/serial_motor_msgs/hook/cmake_prefix_path.ps1'
[6.047s] INFO:colcon.colcon_core.shell:Creating environment descriptor '/home/cowbot/cowbot_ws/install/serial_motor_msgs/share/serial_motor_msgs/hook/cmake_prefix_path.dsv'
[6.048s] INFO:colcon.colcon_core.shell:Creating environment hook '/home/cowbot/cowbot_ws/install/serial_motor_msgs/share/serial_motor_msgs/hook/cmake_prefix_path.sh'
[6.052s] Level 1:colcon.colcon_core.environment:checking '/home/cowbot/cowbot_ws/install/serial_motor_msgs/lib'
[6.055s] Level 1:colcon.colcon_core.shell:create_environment_hook('serial_motor_msgs', 'ld_library_path_lib')
[6.057s] INFO:colcon.colcon_core.shell:Creating environment hook '/home/cowbot/cowbot_ws/install/serial_motor_msgs/share/serial_motor_msgs/hook/ld_library_path_lib.ps1'
[6.060s] INFO:colcon.colcon_core.shell:Creating environment descriptor '/home/cowbot/cowbot_ws/install/serial_motor_msgs/share/serial_motor_msgs/hook/ld_library_path_lib.dsv'
[6.064s] INFO:colcon.colcon_core.shell:Creating environment hook '/home/cowbot/cowbot_ws/install/serial_motor_msgs/share/serial_motor_msgs/hook/ld_library_path_lib.sh'
[6.068s] Level 1:colcon.colcon_core.environment:checking '/home/cowbot/cowbot_ws/install/serial_motor_msgs/bin'
[6.069s] Level 1:colcon.colcon_core.environment:checking '/home/cowbot/cowbot_ws/install/serial_motor_msgs/lib/pkgconfig/serial_motor_msgs.pc'
[6.070s] Level 1:colcon.colcon_core.environment:checking '/home/cowbot/cowbot_ws/install/serial_motor_msgs/lib/python3.12/site-packages'
[6.071s] Level 1:colcon.colcon_core.shell:create_environment_hook('serial_motor_msgs', 'pythonpath')
[6.072s] INFO:colcon.colcon_core.shell:Creating environment hook '/home/cowbot/cowbot_ws/install/serial_motor_msgs/share/serial_motor_msgs/hook/pythonpath.ps1'
[6.076s] INFO:colcon.colcon_core.shell:Creating environment descriptor '/home/cowbot/cowbot_ws/install/serial_motor_msgs/share/serial_motor_msgs/hook/pythonpath.dsv'
[6.079s] INFO:colcon.colcon_core.shell:Creating environment hook '/home/cowbot/cowbot_ws/install/serial_motor_msgs/share/serial_motor_msgs/hook/pythonpath.sh'
[6.084s] Level 1:colcon.colcon_core.environment:checking '/home/cowbot/cowbot_ws/install/serial_motor_msgs/bin'
[6.085s] INFO:colcon.colcon_core.shell:Creating package script '/home/cowbot/cowbot_ws/install/serial_motor_msgs/share/serial_motor_msgs/package.ps1'
[6.089s] INFO:colcon.colcon_core.shell:Creating package descriptor '/home/cowbot/cowbot_ws/install/serial_motor_msgs/share/serial_motor_msgs/package.dsv'
[6.096s] INFO:colcon.colcon_core.shell:Creating package script '/home/cowbot/cowbot_ws/install/serial_motor_msgs/share/serial_motor_msgs/package.sh'
[6.104s] INFO:colcon.colcon_core.shell:Creating package script '/home/cowbot/cowbot_ws/install/serial_motor_msgs/share/serial_motor_msgs/package.bash'
[6.107s] INFO:colcon.colcon_core.shell:Creating package script '/home/cowbot/cowbot_ws/install/serial_motor_msgs/share/serial_motor_msgs/package.zsh'
[6.109s] Level 1:colcon.colcon_core.environment:create_file_with_runtime_dependencies(/home/cowbot/cowbot_ws/install/serial_motor_msgs/share/colcon-core/packages/serial_motor_msgs)
[6.112s] Level 1:colcon.colcon_core.environment:create_environment_scripts_only(serial_motor_msgs)
[6.112s] Level 1:colcon.colcon_core.environment:checking '/home/cowbot/cowbot_ws/install/serial_motor_msgs' for CMake module files
[6.118s] Level 1:colcon.colcon_core.environment:checking '/home/cowbot/cowbot_ws/install/serial_motor_msgs' for CMake config files
[6.124s] Level 1:colcon.colcon_core.shell:create_environment_hook('serial_motor_msgs', 'cmake_prefix_path')
[6.125s] INFO:colcon.colcon_core.shell:Creating environment hook '/home/cowbot/cowbot_ws/install/serial_motor_msgs/share/serial_motor_msgs/hook/cmake_prefix_path.ps1'
[6.127s] INFO:colcon.colcon_core.shell:Creating environment descriptor '/home/cowbot/cowbot_ws/install/serial_motor_msgs/share/serial_motor_msgs/hook/cmake_prefix_path.dsv'
[6.128s] INFO:colcon.colcon_core.shell:Creating environment hook '/home/cowbot/cowbot_ws/install/serial_motor_msgs/share/serial_motor_msgs/hook/cmake_prefix_path.sh'
[6.131s] Level 1:colcon.colcon_core.environment:checking '/home/cowbot/cowbot_ws/install/serial_motor_msgs/lib'
[6.131s] Level 1:colcon.colcon_core.shell:create_environment_hook('serial_motor_msgs', 'ld_library_path_lib')
[6.132s] INFO:colcon.colcon_core.shell:Creating environment hook '/home/cowbot/cowbot_ws/install/serial_motor_msgs/share/serial_motor_msgs/hook/ld_library_path_lib.ps1'
[6.134s] INFO:colcon.colcon_core.shell:Creating environment descriptor '/home/cowbot/cowbot_ws/install/serial_motor_msgs/share/serial_motor_msgs/hook/ld_library_path_lib.dsv'
[6.135s] INFO:colcon.colcon_core.shell:Creating environment hook '/home/cowbot/cowbot_ws/install/serial_motor_msgs/share/serial_motor_msgs/hook/ld_library_path_lib.sh'
[6.137s] Level 1:colcon.colcon_core.environment:checking '/home/cowbot/cowbot_ws/install/serial_motor_msgs/bin'
[6.137s] Level 1:colcon.colcon_core.environment:checking '/home/cowbot/cowbot_ws/install/serial_motor_msgs/lib/pkgconfig/serial_motor_msgs.pc'
[6.138s] Level 1:colcon.colcon_core.environment:checking '/home/cowbot/cowbot_ws/install/serial_motor_msgs/lib/python3.12/site-packages'
[6.139s] Level 1:colcon.colcon_core.shell:create_environment_hook('serial_motor_msgs', 'pythonpath')
[6.139s] INFO:colcon.colcon_core.shell:Creating environment hook '/home/cowbot/cowbot_ws/install/serial_motor_msgs/share/serial_motor_msgs/hook/pythonpath.ps1'
[6.141s] INFO:colcon.colcon_core.shell:Creating environment descriptor '/home/cowbot/cowbot_ws/install/serial_motor_msgs/share/serial_motor_msgs/hook/pythonpath.dsv'
[6.143s] INFO:colcon.colcon_core.shell:Creating environment hook '/home/cowbot/cowbot_ws/install/serial_motor_msgs/share/serial_motor_msgs/hook/pythonpath.sh'
[6.146s] Level 1:colcon.colcon_core.environment:checking '/home/cowbot/cowbot_ws/install/serial_motor_msgs/bin'
[6.147s] INFO:colcon.colcon_core.shell:Creating package script '/home/cowbot/cowbot_ws/install/serial_motor_msgs/share/serial_motor_msgs/package.ps1'
[6.149s] INFO:colcon.colcon_core.shell:Creating package descriptor '/home/cowbot/cowbot_ws/install/serial_motor_msgs/share/serial_motor_msgs/package.dsv'
[6.152s] INFO:colcon.colcon_core.shell:Creating package script '/home/cowbot/cowbot_ws/install/serial_motor_msgs/share/serial_motor_msgs/package.sh'
[6.154s] INFO:colcon.colcon_core.shell:Creating package script '/home/cowbot/cowbot_ws/install/serial_motor_msgs/share/serial_motor_msgs/package.bash'
[6.156s] INFO:colcon.colcon_core.shell:Creating package script '/home/cowbot/cowbot_ws/install/serial_motor_msgs/share/serial_motor_msgs/package.zsh'
[6.158s] Level 1:colcon.colcon_core.environment:create_file_with_runtime_dependencies(/home/cowbot/cowbot_ws/install/serial_motor_msgs/share/colcon-core/packages/serial_motor_msgs)
[6.159s] Level 1:colcon.colcon_core.environment:create_environment_scripts_only(cowbot_description)
[6.160s] Level 1:colcon.colcon_core.environment:checking '/home/cowbot/cowbot_ws/install/cowbot_description' for CMake module files
[6.164s] DEBUG:colcon.colcon_core.event_handler.log_command:Invoked command in '/home/cowbot/cowbot_ws/build/cowbot_description' returned '0': CMAKE_PREFIX_PATH=/opt/ros/jazzy /usr/bin/cmake --install /home/cowbot/cowbot_ws/build/cowbot_description
[6.166s] Level 1:colcon.colcon_core.environment:checking '/home/cowbot/cowbot_ws/install/cowbot_description' for CMake config files
[6.168s] Level 1:colcon.colcon_core.shell:create_environment_hook('cowbot_description', 'cmake_prefix_path')
[6.169s] INFO:colcon.colcon_core.shell:Creating environment hook '/home/cowbot/cowbot_ws/install/cowbot_description/share/cowbot_description/hook/cmake_prefix_path.ps1'
[6.171s] INFO:colcon.colcon_core.shell:Creating environment descriptor '/home/cowbot/cowbot_ws/install/cowbot_description/share/cowbot_description/hook/cmake_prefix_path.dsv'
[6.173s] INFO:colcon.colcon_core.shell:Creating environment hook '/home/cowbot/cowbot_ws/install/cowbot_description/share/cowbot_description/hook/cmake_prefix_path.sh'
[6.175s] Level 1:colcon.colcon_core.environment:checking '/home/cowbot/cowbot_ws/install/cowbot_description/bin'
[6.176s] Level 1:colcon.colcon_core.environment:checking '/home/cowbot/cowbot_ws/install/cowbot_description/lib/pkgconfig/cowbot_description.pc'
[6.177s] Level 1:colcon.colcon_core.environment:checking '/home/cowbot/cowbot_ws/install/cowbot_description/lib/python3.12/site-packages'
[6.178s] Level 1:colcon.colcon_core.environment:checking '/home/cowbot/cowbot_ws/install/cowbot_description/bin'
[6.179s] INFO:colcon.colcon_core.shell:Creating package script '/home/cowbot/cowbot_ws/install/cowbot_description/share/cowbot_description/package.ps1'
[6.181s] INFO:colcon.colcon_core.shell:Creating package descriptor '/home/cowbot/cowbot_ws/install/cowbot_description/share/cowbot_description/package.dsv'
[6.183s] INFO:colcon.colcon_core.shell:Creating package script '/home/cowbot/cowbot_ws/install/cowbot_description/share/cowbot_description/package.sh'
[6.185s] INFO:colcon.colcon_core.shell:Creating package script '/home/cowbot/cowbot_ws/install/cowbot_description/share/cowbot_description/package.bash'
[6.187s] INFO:colcon.colcon_core.shell:Creating package script '/home/cowbot/cowbot_ws/install/cowbot_description/share/cowbot_description/package.zsh'
[6.188s] Level 1:colcon.colcon_core.environment:create_file_with_runtime_dependencies(/home/cowbot/cowbot_ws/install/cowbot_description/share/colcon-core/packages/cowbot_description)
[6.190s] Level 1:colcon.colcon_core.environment:create_environment_scripts_only(cowbot_description)
[6.191s] Level 1:colcon.colcon_core.environment:checking '/home/cowbot/cowbot_ws/install/cowbot_description' for CMake module files
[6.195s] Level 1:colcon.colcon_core.environment:checking '/home/cowbot/cowbot_ws/install/cowbot_description' for CMake config files
[6.198s] Level 1:colcon.colcon_core.shell:create_environment_hook('cowbot_description', 'cmake_prefix_path')
[6.198s] INFO:colcon.colcon_core.shell:Creating environment hook '/home/cowbot/cowbot_ws/install/cowbot_description/share/cowbot_description/hook/cmake_prefix_path.ps1'
[6.200s] INFO:colcon.colcon_core.shell:Creating environment descriptor '/home/cowbot/cowbot_ws/install/cowbot_description/share/cowbot_description/hook/cmake_prefix_path.dsv'
[6.202s] INFO:colcon.colcon_core.shell:Creating environment hook '/home/cowbot/cowbot_ws/install/cowbot_description/share/cowbot_description/hook/cmake_prefix_path.sh'
[6.205s] Level 1:colcon.colcon_core.environment:checking '/home/cowbot/cowbot_ws/install/cowbot_description/bin'
[6.205s] Level 1:colcon.colcon_core.environment:checking '/home/cowbot/cowbot_ws/install/cowbot_description/lib/pkgconfig/cowbot_description.pc'
[6.206s] Level 1:colcon.colcon_core.environment:checking '/home/cowbot/cowbot_ws/install/cowbot_description/lib/python3.12/site-packages'
[6.207s] Level 1:colcon.colcon_core.environment:checking '/home/cowbot/cowbot_ws/install/cowbot_description/bin'
[6.208s] INFO:colcon.colcon_core.shell:Creating package script '/home/cowbot/cowbot_ws/install/cowbot_description/share/cowbot_description/package.ps1'
[6.210s] INFO:colcon.colcon_core.shell:Creating package descriptor '/home/cowbot/cowbot_ws/install/cowbot_description/share/cowbot_description/package.dsv'
[6.212s] INFO:colcon.colcon_core.shell:Creating package script '/home/cowbot/cowbot_ws/install/cowbot_description/share/cowbot_description/package.sh'
[6.214s] INFO:colcon.colcon_core.shell:Creating package script '/home/cowbot/cowbot_ws/install/cowbot_description/share/cowbot_description/package.bash'
[6.216s] INFO:colcon.colcon_core.shell:Creating package script '/home/cowbot/cowbot_ws/install/cowbot_description/share/cowbot_description/package.zsh'
[6.218s] Level 1:colcon.colcon_core.environment:create_file_with_runtime_dependencies(/home/cowbot/cowbot_ws/install/cowbot_description/share/colcon-core/packages/cowbot_description)
[6.221s] INFO:colcon.colcon_ros.task.ament_python.build:Building ROS package in '/home/cowbot/cowbot_ws/src/serial_motor' with build type 'ament_python'
[6.221s] Level 1:colcon.colcon_core.shell:create_environment_hook('serial_motor', 'ament_prefix_path')
[6.222s] INFO:colcon.colcon_core.shell:Creating environment hook '/home/cowbot/cowbot_ws/install/serial_motor/share/serial_motor/hook/ament_prefix_path.ps1'
[6.225s] INFO:colcon.colcon_core.shell:Creating environment descriptor '/home/cowbot/cowbot_ws/install/serial_motor/share/serial_motor/hook/ament_prefix_path.dsv'
[6.227s] INFO:colcon.colcon_core.shell:Creating environment hook '/home/cowbot/cowbot_ws/install/serial_motor/share/serial_motor/hook/ament_prefix_path.sh'
[6.229s] INFO:colcon.colcon_core.shell:Skip shell extension 'powershell' for command environment: Not usable outside of PowerShell
[6.229s] DEBUG:colcon.colcon_core.shell:Skip shell extension 'dsv' for command environment
[6.244s] Level 1:colcon.colcon_core.environment:create_environment_scripts_only(lslidar_msgs)
[6.245s] Level 1:colcon.colcon_core.environment:checking '/home/cowbot/cowbot_ws/install/lslidar_msgs' for CMake module files
[6.247s] DEBUG:colcon.colcon_core.event_handler.log_command:Invoked command in '/home/cowbot/cowbot_ws/build/lslidar_msgs' returned '0': CMAKE_PREFIX_PATH=/opt/ros/jazzy /usr/bin/cmake --install /home/cowbot/cowbot_ws/build/lslidar_msgs
[6.253s] Level 1:colcon.colcon_core.environment:checking '/home/cowbot/cowbot_ws/install/lslidar_msgs' for CMake config files
[6.258s] Level 1:colcon.colcon_core.shell:create_environment_hook('lslidar_msgs', 'cmake_prefix_path')
[6.259s] INFO:colcon.colcon_core.shell:Creating environment hook '/home/cowbot/cowbot_ws/install/lslidar_msgs/share/lslidar_msgs/hook/cmake_prefix_path.ps1'
[6.261s] INFO:colcon.colcon_core.shell:Creating environment descriptor '/home/cowbot/cowbot_ws/install/lslidar_msgs/share/lslidar_msgs/hook/cmake_prefix_path.dsv'
[6.263s] INFO:colcon.colcon_core.shell:Creating environment hook '/home/cowbot/cowbot_ws/install/lslidar_msgs/share/lslidar_msgs/hook/cmake_prefix_path.sh'
[6.266s] Level 1:colcon.colcon_core.environment:checking '/home/cowbot/cowbot_ws/install/lslidar_msgs/lib'
[6.267s] Level 1:colcon.colcon_core.shell:create_environment_hook('lslidar_msgs', 'ld_library_path_lib')
[6.268s] INFO:colcon.colcon_core.shell:Creating environment hook '/home/cowbot/cowbot_ws/install/lslidar_msgs/share/lslidar_msgs/hook/ld_library_path_lib.ps1'
[6.270s] INFO:colcon.colcon_core.shell:Creating environment descriptor '/home/cowbot/cowbot_ws/install/lslidar_msgs/share/lslidar_msgs/hook/ld_library_path_lib.dsv'
[6.271s] INFO:colcon.colcon_core.shell:Creating environment hook '/home/cowbot/cowbot_ws/install/lslidar_msgs/share/lslidar_msgs/hook/ld_library_path_lib.sh'
[6.274s] Level 1:colcon.colcon_core.environment:checking '/home/cowbot/cowbot_ws/install/lslidar_msgs/bin'
[6.274s] Level 1:colcon.colcon_core.environment:checking '/home/cowbot/cowbot_ws/install/lslidar_msgs/lib/pkgconfig/lslidar_msgs.pc'
[6.275s] Level 1:colcon.colcon_core.environment:checking '/home/cowbot/cowbot_ws/install/lslidar_msgs/lib/python3.12/site-packages'
[6.275s] Level 1:colcon.colcon_core.shell:create_environment_hook('lslidar_msgs', 'pythonpath')
[6.276s] INFO:colcon.colcon_core.shell:Creating environment hook '/home/cowbot/cowbot_ws/install/lslidar_msgs/share/lslidar_msgs/hook/pythonpath.ps1'
[6.278s] INFO:colcon.colcon_core.shell:Creating environment descriptor '/home/cowbot/cowbot_ws/install/lslidar_msgs/share/lslidar_msgs/hook/pythonpath.dsv'
[6.280s] INFO:colcon.colcon_core.shell:Creating environment hook '/home/cowbot/cowbot_ws/install/lslidar_msgs/share/lslidar_msgs/hook/pythonpath.sh'
[6.283s] Level 1:colcon.colcon_core.environment:checking '/home/cowbot/cowbot_ws/install/lslidar_msgs/bin'
[6.284s] INFO:colcon.colcon_core.shell:Creating package script '/home/cowbot/cowbot_ws/install/lslidar_msgs/share/lslidar_msgs/package.ps1'
[6.286s] INFO:colcon.colcon_core.shell:Creating package descriptor '/home/cowbot/cowbot_ws/install/lslidar_msgs/share/lslidar_msgs/package.dsv'
[6.288s] INFO:colcon.colcon_core.shell:Creating package script '/home/cowbot/cowbot_ws/install/lslidar_msgs/share/lslidar_msgs/package.sh'
[6.290s] INFO:colcon.colcon_core.shell:Creating package script '/home/cowbot/cowbot_ws/install/lslidar_msgs/share/lslidar_msgs/package.bash'
[6.292s] INFO:colcon.colcon_core.shell:Creating package script '/home/cowbot/cowbot_ws/install/lslidar_msgs/share/lslidar_msgs/package.zsh'
[6.293s] Level 1:colcon.colcon_core.environment:create_file_with_runtime_dependencies(/home/cowbot/cowbot_ws/install/lslidar_msgs/share/colcon-core/packages/lslidar_msgs)
[6.296s] Level 1:colcon.colcon_core.environment:create_environment_scripts_only(lslidar_msgs)
[6.297s] Level 1:colcon.colcon_core.environment:checking '/home/cowbot/cowbot_ws/install/lslidar_msgs' for CMake module files
[6.301s] Level 1:colcon.colcon_core.environment:checking '/home/cowbot/cowbot_ws/install/lslidar_msgs' for CMake config files
[6.306s] Level 1:colcon.colcon_core.shell:create_environment_hook('lslidar_msgs', 'cmake_prefix_path')
[6.307s] INFO:colcon.colcon_core.shell:Creating environment hook '/home/cowbot/cowbot_ws/install/lslidar_msgs/share/lslidar_msgs/hook/cmake_prefix_path.ps1'
[6.309s] INFO:colcon.colcon_core.shell:Creating environment descriptor '/home/cowbot/cowbot_ws/install/lslidar_msgs/share/lslidar_msgs/hook/cmake_prefix_path.dsv'
[6.310s] INFO:colcon.colcon_core.shell:Creating environment hook '/home/cowbot/cowbot_ws/install/lslidar_msgs/share/lslidar_msgs/hook/cmake_prefix_path.sh'
[6.313s] Level 1:colcon.colcon_core.environment:checking '/home/cowbot/cowbot_ws/install/lslidar_msgs/lib'
[6.313s] Level 1:colcon.colcon_core.shell:create_environment_hook('lslidar_msgs', 'ld_library_path_lib')
[6.314s] INFO:colcon.colcon_core.shell:Creating environment hook '/home/cowbot/cowbot_ws/install/lslidar_msgs/share/lslidar_msgs/hook/ld_library_path_lib.ps1'
[6.315s] INFO:colcon.colcon_core.shell:Creating environment descriptor '/home/cowbot/cowbot_ws/install/lslidar_msgs/share/lslidar_msgs/hook/ld_library_path_lib.dsv'
[6.317s] INFO:colcon.colcon_core.shell:Creating environment hook '/home/cowbot/cowbot_ws/install/lslidar_msgs/share/lslidar_msgs/hook/ld_library_path_lib.sh'
[6.319s] Level 1:colcon.colcon_core.environment:checking '/home/cowbot/cowbot_ws/install/lslidar_msgs/bin'
[6.319s] Level 1:colcon.colcon_core.environment:checking '/home/cowbot/cowbot_ws/install/lslidar_msgs/lib/pkgconfig/lslidar_msgs.pc'
[6.320s] Level 1:colcon.colcon_core.environment:checking '/home/cowbot/cowbot_ws/install/lslidar_msgs/lib/python3.12/site-packages'
[6.320s] Level 1:colcon.colcon_core.shell:create_environment_hook('lslidar_msgs', 'pythonpath')
[6.321s] INFO:colcon.colcon_core.shell:Creating environment hook '/home/cowbot/cowbot_ws/install/lslidar_msgs/share/lslidar_msgs/hook/pythonpath.ps1'
[6.323s] INFO:colcon.colcon_core.shell:Creating environment descriptor '/home/cowbot/cowbot_ws/install/lslidar_msgs/share/lslidar_msgs/hook/pythonpath.dsv'
[6.325s] INFO:colcon.colcon_core.shell:Creating environment hook '/home/cowbot/cowbot_ws/install/lslidar_msgs/share/lslidar_msgs/hook/pythonpath.sh'
[6.328s] Level 1:colcon.colcon_core.environment:checking '/home/cowbot/cowbot_ws/install/lslidar_msgs/bin'
[6.329s] INFO:colcon.colcon_core.shell:Creating package script '/home/cowbot/cowbot_ws/install/lslidar_msgs/share/lslidar_msgs/package.ps1'
[6.331s] INFO:colcon.colcon_core.shell:Creating package descriptor '/home/cowbot/cowbot_ws/install/lslidar_msgs/share/lslidar_msgs/package.dsv'
[6.334s] INFO:colcon.colcon_core.shell:Creating package script '/home/cowbot/cowbot_ws/install/lslidar_msgs/share/lslidar_msgs/package.sh'
[6.336s] INFO:colcon.colcon_core.shell:Creating package script '/home/cowbot/cowbot_ws/install/lslidar_msgs/share/lslidar_msgs/package.bash'
[6.338s] INFO:colcon.colcon_core.shell:Creating package script '/home/cowbot/cowbot_ws/install/lslidar_msgs/share/lslidar_msgs/package.zsh'
[6.340s] Level 1:colcon.colcon_core.environment:create_file_with_runtime_dependencies(/home/cowbot/cowbot_ws/install/lslidar_msgs/share/colcon-core/packages/lslidar_msgs)
[6.342s] INFO:colcon.colcon_ros.task.ament_cmake.build:Building ROS package in '/home/cowbot/cowbot_ws/src/Lslidar_ROS2_driver/lslidar_driver' with build type 'ament_cmake'
[6.343s] INFO:colcon.colcon_cmake.task.cmake.build:Building CMake package in '/home/cowbot/cowbot_ws/src/Lslidar_ROS2_driver/lslidar_driver'
[6.343s] INFO:colcon.colcon_core.shell:Skip shell extension 'powershell' for command environment: Not usable outside of PowerShell
[6.344s] DEBUG:colcon.colcon_core.shell:Skip shell extension 'dsv' for command environment
[7.265s] INFO:colcon.colcon_core.task.python.build:Building Python package in '/home/cowbot/cowbot_ws/src/serial_motor'
[7.266s] INFO:colcon.colcon_core.shell:Skip shell extension 'powershell' for command environment: Not usable outside of PowerShell
[7.266s] DEBUG:colcon.colcon_core.shell:Skip shell extension 'dsv' for command environment
[7.296s] DEBUG:colcon.colcon_core.event_handler.log_command:Invoking command in '/home/cowbot/cowbot_ws/build/lslidar_driver': AMENT_PREFIX_PATH=/home/cowbot/cowbot_ws/install/lslidar_msgs:${AMENT_PREFIX_PATH} CMAKE_PREFIX_PATH=/home/cowbot/cowbot_ws/install/lslidar_msgs:/opt/ros/jazzy LD_LIBRARY_PATH=/home/cowbot/cowbot_ws/install/lslidar_msgs/lib:${LD_LIBRARY_PATH} PYTHONPATH=/home/cowbot/cowbot_ws/install/lslidar_msgs/lib/python3.12/site-packages:${PYTHONPATH} /usr/bin/cmake --build /home/cowbot/cowbot_ws/build/lslidar_driver -- -j4 -l4
[7.787s] DEBUG:colcon.colcon_core.event_handler.log_command:Invoked command in '/home/cowbot/cowbot_ws/build/lslidar_driver' returned '0': AMENT_PREFIX_PATH=/home/cowbot/cowbot_ws/install/lslidar_msgs:${AMENT_PREFIX_PATH} CMAKE_PREFIX_PATH=/home/cowbot/cowbot_ws/install/lslidar_msgs:/opt/ros/jazzy LD_LIBRARY_PATH=/home/cowbot/cowbot_ws/install/lslidar_msgs/lib:${LD_LIBRARY_PATH} PYTHONPATH=/home/cowbot/cowbot_ws/install/lslidar_msgs/lib/python3.12/site-packages:${PYTHONPATH} /usr/bin/cmake --build /home/cowbot/cowbot_ws/build/lslidar_driver -- -j4 -l4
[7.794s] DEBUG:colcon.colcon_core.event_handler.log_command:Invoking command in '/home/cowbot/cowbot_ws/build/lslidar_driver': AMENT_PREFIX_PATH=/home/cowbot/cowbot_ws/install/lslidar_msgs:${AMENT_PREFIX_PATH} CMAKE_PREFIX_PATH=/home/cowbot/cowbot_ws/install/lslidar_msgs:/opt/ros/jazzy LD_LIBRARY_PATH=/home/cowbot/cowbot_ws/install/lslidar_msgs/lib:${LD_LIBRARY_PATH} PYTHONPATH=/home/cowbot/cowbot_ws/install/lslidar_msgs/lib/python3.12/site-packages:${PYTHONPATH} /usr/bin/cmake --install /home/cowbot/cowbot_ws/build/lslidar_driver
[7.924s] Level 1:colcon.colcon_core.environment:create_environment_scripts_only(lslidar_driver)
[7.925s] Level 1:colcon.colcon_core.environment:checking '/home/cowbot/cowbot_ws/install/lslidar_driver' for CMake module files
[7.927s] DEBUG:colcon.colcon_core.event_handler.log_command:Invoked command in '/home/cowbot/cowbot_ws/build/lslidar_driver' returned '0': AMENT_PREFIX_PATH=/home/cowbot/cowbot_ws/install/lslidar_msgs:${AMENT_PREFIX_PATH} CMAKE_PREFIX_PATH=/home/cowbot/cowbot_ws/install/lslidar_msgs:/opt/ros/jazzy LD_LIBRARY_PATH=/home/cowbot/cowbot_ws/install/lslidar_msgs/lib:${LD_LIBRARY_PATH} PYTHONPATH=/home/cowbot/cowbot_ws/install/lslidar_msgs/lib/python3.12/site-packages:${PYTHONPATH} /usr/bin/cmake --install /home/cowbot/cowbot_ws/build/lslidar_driver
[7.930s] Level 1:colcon.colcon_core.environment:checking '/home/cowbot/cowbot_ws/install/lslidar_driver' for CMake config files
[7.933s] Level 1:colcon.colcon_core.shell:create_environment_hook('lslidar_driver', 'cmake_prefix_path')
[7.934s] INFO:colcon.colcon_core.shell:Creating environment hook '/home/cowbot/cowbot_ws/install/lslidar_driver/share/lslidar_driver/hook/cmake_prefix_path.ps1'
[7.936s] INFO:colcon.colcon_core.shell:Creating environment descriptor '/home/cowbot/cowbot_ws/install/lslidar_driver/share/lslidar_driver/hook/cmake_prefix_path.dsv'
[7.938s] INFO:colcon.colcon_core.shell:Creating environment hook '/home/cowbot/cowbot_ws/install/lslidar_driver/share/lslidar_driver/hook/cmake_prefix_path.sh'
[7.941s] Level 1:colcon.colcon_core.environment:checking '/home/cowbot/cowbot_ws/install/lslidar_driver/lib'
[7.941s] Level 1:colcon.colcon_core.environment:checking '/home/cowbot/cowbot_ws/install/lslidar_driver/bin'
[7.941s] Level 1:colcon.colcon_core.environment:checking '/home/cowbot/cowbot_ws/install/lslidar_driver/lib/pkgconfig/lslidar_driver.pc'
[7.942s] Level 1:colcon.colcon_core.environment:checking '/home/cowbot/cowbot_ws/install/lslidar_driver/lib/python3.12/site-packages'
[7.944s] Level 1:colcon.colcon_core.environment:checking '/home/cowbot/cowbot_ws/install/lslidar_driver/bin'
[7.945s] INFO:colcon.colcon_core.shell:Creating package script '/home/cowbot/cowbot_ws/install/lslidar_driver/share/lslidar_driver/package.ps1'
[7.947s] INFO:colcon.colcon_core.shell:Creating package descriptor '/home/cowbot/cowbot_ws/install/lslidar_driver/share/lslidar_driver/package.dsv'
[7.949s] INFO:colcon.colcon_core.shell:Creating package script '/home/cowbot/cowbot_ws/install/lslidar_driver/share/lslidar_driver/package.sh'
[7.951s] INFO:colcon.colcon_core.shell:Creating package script '/home/cowbot/cowbot_ws/install/lslidar_driver/share/lslidar_driver/package.bash'
[7.953s] INFO:colcon.colcon_core.shell:Creating package script '/home/cowbot/cowbot_ws/install/lslidar_driver/share/lslidar_driver/package.zsh'
[7.955s] Level 1:colcon.colcon_core.environment:create_file_with_runtime_dependencies(/home/cowbot/cowbot_ws/install/lslidar_driver/share/colcon-core/packages/lslidar_driver)
[7.957s] Level 1:colcon.colcon_core.environment:create_environment_scripts_only(lslidar_driver)
[7.958s] Level 1:colcon.colcon_core.environment:checking '/home/cowbot/cowbot_ws/install/lslidar_driver' for CMake module files
[7.961s] Level 1:colcon.colcon_core.environment:checking '/home/cowbot/cowbot_ws/install/lslidar_driver' for CMake config files
[7.965s] Level 1:colcon.colcon_core.shell:create_environment_hook('lslidar_driver', 'cmake_prefix_path')
[7.966s] INFO:colcon.colcon_core.shell:Creating environment hook '/home/cowbot/cowbot_ws/install/lslidar_driver/share/lslidar_driver/hook/cmake_prefix_path.ps1'
[7.968s] INFO:colcon.colcon_core.shell:Creating environment descriptor '/home/cowbot/cowbot_ws/install/lslidar_driver/share/lslidar_driver/hook/cmake_prefix_path.dsv'
[7.970s] INFO:colcon.colcon_core.shell:Creating environment hook '/home/cowbot/cowbot_ws/install/lslidar_driver/share/lslidar_driver/hook/cmake_prefix_path.sh'
[7.973s] Level 1:colcon.colcon_core.environment:checking '/home/cowbot/cowbot_ws/install/lslidar_driver/lib'
[7.974s] Level 1:colcon.colcon_core.environment:checking '/home/cowbot/cowbot_ws/install/lslidar_driver/bin'
[7.974s] Level 1:colcon.colcon_core.environment:checking '/home/cowbot/cowbot_ws/install/lslidar_driver/lib/pkgconfig/lslidar_driver.pc'
[7.975s] Level 1:colcon.colcon_core.environment:checking '/home/cowbot/cowbot_ws/install/lslidar_driver/lib/python3.12/site-packages'
[7.976s] Level 1:colcon.colcon_core.environment:checking '/home/cowbot/cowbot_ws/install/lslidar_driver/bin'
[7.977s] INFO:colcon.colcon_core.shell:Creating package script '/home/cowbot/cowbot_ws/install/lslidar_driver/share/lslidar_driver/package.ps1'
[7.980s] INFO:colcon.colcon_core.shell:Creating package descriptor '/home/cowbot/cowbot_ws/install/lslidar_driver/share/lslidar_driver/package.dsv'
[7.982s] INFO:colcon.colcon_core.shell:Creating package script '/home/cowbot/cowbot_ws/install/lslidar_driver/share/lslidar_driver/package.sh'
[7.984s] INFO:colcon.colcon_core.shell:Creating package script '/home/cowbot/cowbot_ws/install/lslidar_driver/share/lslidar_driver/package.bash'
[7.986s] INFO:colcon.colcon_core.shell:Creating package script '/home/cowbot/cowbot_ws/install/lslidar_driver/share/lslidar_driver/package.zsh'
[7.989s] Level 1:colcon.colcon_core.environment:create_file_with_runtime_dependencies(/home/cowbot/cowbot_ws/install/lslidar_driver/share/colcon-core/packages/lslidar_driver)
[9.868s] DEBUG:colcon.colcon_core.event_handler.log_command:Invoking command in '/home/cowbot/cowbot_ws/build/serial_motor': AMENT_PREFIX_PATH=/home/cowbot/cowbot_ws/install/serial_motor_msgs:${AMENT_PREFIX_PATH} CMAKE_PREFIX_PATH=/home/cowbot/cowbot_ws/install/serial_motor_msgs LD_LIBRARY_PATH=/home/cowbot/cowbot_ws/install/serial_motor_msgs/lib:${LD_LIBRARY_PATH} PYTHONPATH=/home/cowbot/cowbot_ws/build/serial_motor/prefix_override:/usr/lib/python3/dist-packages/colcon_core/task/python/colcon_distutils_commands:/home/cowbot/cowbot_ws/install/serial_motor/lib/python3.12/site-packages:/home/cowbot/cowbot_ws/install/serial_motor_msgs/lib/python3.12/site-packages:${PYTHONPATH} /usr/bin/python3 -W ignore:setup.py install is deprecated -W ignore:easy_install command is deprecated setup.py develop --editable --build-directory /home/cowbot/cowbot_ws/build/serial_motor/build --no-deps symlink_data
[12.575s] Level 1:colcon.colcon_core.shell:create_environment_hook('serial_motor', 'pythonpath_develop')
[12.576s] INFO:colcon.colcon_core.shell:Creating environment hook '/home/cowbot/cowbot_ws/build/serial_motor/share/serial_motor/hook/pythonpath_develop.ps1'
[12.576s] DEBUG:colcon.colcon_core.event_handler.log_command:Invoked command in '/home/cowbot/cowbot_ws/build/serial_motor' returned '0': AMENT_PREFIX_PATH=/home/cowbot/cowbot_ws/install/serial_motor_msgs:${AMENT_PREFIX_PATH} CMAKE_PREFIX_PATH=/home/cowbot/cowbot_ws/install/serial_motor_msgs LD_LIBRARY_PATH=/home/cowbot/cowbot_ws/install/serial_motor_msgs/lib:${LD_LIBRARY_PATH} PYTHONPATH=/home/cowbot/cowbot_ws/build/serial_motor/prefix_override:/usr/lib/python3/dist-packages/colcon_core/task/python/colcon_distutils_commands:/home/cowbot/cowbot_ws/install/serial_motor/lib/python3.12/site-packages:/home/cowbot/cowbot_ws/install/serial_motor_msgs/lib/python3.12/site-packages:${PYTHONPATH} /usr/bin/python3 -W ignore:setup.py install is deprecated -W ignore:easy_install command is deprecated setup.py develop --editable --build-directory /home/cowbot/cowbot_ws/build/serial_motor/build --no-deps symlink_data
[12.578s] INFO:colcon.colcon_core.shell:Creating environment descriptor '/home/cowbot/cowbot_ws/build/serial_motor/share/serial_motor/hook/pythonpath_develop.dsv'
[12.580s] INFO:colcon.colcon_core.shell:Creating environment hook '/home/cowbot/cowbot_ws/build/serial_motor/share/serial_motor/hook/pythonpath_develop.sh'
[12.583s] Level 1:colcon.colcon_core.environment:checking '/home/cowbot/cowbot_ws/install/serial_motor' for CMake module files
[12.586s] Level 1:colcon.colcon_core.environment:checking '/home/cowbot/cowbot_ws/install/serial_motor' for CMake config files
[12.590s] Level 1:colcon.colcon_core.environment:checking '/home/cowbot/cowbot_ws/install/serial_motor/lib'
[12.590s] Level 1:colcon.colcon_core.environment:checking '/home/cowbot/cowbot_ws/install/serial_motor/bin'
[12.591s] Level 1:colcon.colcon_core.environment:checking '/home/cowbot/cowbot_ws/install/serial_motor/lib/pkgconfig/serial_motor.pc'
[12.592s] Level 1:colcon.colcon_core.environment:checking '/home/cowbot/cowbot_ws/install/serial_motor/lib/python3.12/site-packages'
[12.592s] Level 1:colcon.colcon_core.shell:create_environment_hook('serial_motor', 'pythonpath')
[12.593s] INFO:colcon.colcon_core.shell:Creating environment hook '/home/cowbot/cowbot_ws/install/serial_motor/share/serial_motor/hook/pythonpath.ps1'
[12.595s] INFO:colcon.colcon_core.shell:Creating environment descriptor '/home/cowbot/cowbot_ws/install/serial_motor/share/serial_motor/hook/pythonpath.dsv'
[12.596s] INFO:colcon.colcon_core.shell:Creating environment hook '/home/cowbot/cowbot_ws/install/serial_motor/share/serial_motor/hook/pythonpath.sh'
[12.600s] Level 1:colcon.colcon_core.environment:checking '/home/cowbot/cowbot_ws/install/serial_motor/bin'
[12.600s] Level 1:colcon.colcon_core.environment:create_environment_scripts_only(serial_motor)
[12.601s] INFO:colcon.colcon_core.shell:Creating package script '/home/cowbot/cowbot_ws/install/serial_motor/share/serial_motor/package.ps1'
[12.604s] INFO:colcon.colcon_core.shell:Creating package descriptor '/home/cowbot/cowbot_ws/install/serial_motor/share/serial_motor/package.dsv'
[12.607s] INFO:colcon.colcon_core.shell:Creating package script '/home/cowbot/cowbot_ws/install/serial_motor/share/serial_motor/package.sh'
[12.609s] INFO:colcon.colcon_core.shell:Creating package script '/home/cowbot/cowbot_ws/install/serial_motor/share/serial_motor/package.bash'
[12.611s] INFO:colcon.colcon_core.shell:Creating package script '/home/cowbot/cowbot_ws/install/serial_motor/share/serial_motor/package.zsh'
[12.613s] Level 1:colcon.colcon_core.environment:create_file_with_runtime_dependencies(/home/cowbot/cowbot_ws/install/serial_motor/share/colcon-core/packages/serial_motor)
[12.614s] DEBUG:colcon.colcon_parallel_executor.executor.parallel:closing loop
[12.615s] DEBUG:colcon.colcon_parallel_executor.executor.parallel:loop closed
[12.616s] DEBUG:colcon.colcon_parallel_executor.executor.parallel:run_until_complete finished with '0'
[12.616s] DEBUG:colcon.colcon_core.event_reactor:joining thread
[12.639s] INFO:colcon.colcon_core.plugin_system:Skipping extension 'colcon_notification.desktop_notification.notify_send': Could not find 'notify-send'
[12.639s] INFO:colcon.colcon_core.plugin_system:Skipping extension 'colcon_notification.desktop_notification.terminal_notifier': Not used on non-Darwin systems
[12.640s] INFO:colcon.colcon_core.plugin_system:Skipping extension 'colcon_notification.desktop_notification.win32': Not used on non-Windows systems
[12.640s] INFO:colcon.colcon_notification.desktop_notification:Sending desktop notification using 'notify2'
[12.643s] DEBUG:colcon.colcon_notification.desktop_notification.notify2:Failed to initialize notify2: org.freedesktop.DBus.Error.ServiceUnknown: The name org.freedesktop.Notifications was not provided by any .service files
[12.643s] DEBUG:colcon.colcon_core.event_reactor:joined thread
[12.644s] INFO:colcon.colcon_core.shell:Creating prefix script '/home/cowbot/cowbot_ws/install/local_setup.ps1'
[12.647s] INFO:colcon.colcon_core.shell:Creating prefix util module '/home/cowbot/cowbot_ws/install/_local_setup_util_ps1.py'
[12.652s] INFO:colcon.colcon_core.shell:Creating prefix chain script '/home/cowbot/cowbot_ws/install/setup.ps1'
[12.656s] INFO:colcon.colcon_core.shell:Creating prefix script '/home/cowbot/cowbot_ws/install/local_setup.sh'
[12.659s] INFO:colcon.colcon_core.shell:Creating prefix util module '/home/cowbot/cowbot_ws/install/_local_setup_util_sh.py'
[12.663s] INFO:colcon.colcon_core.shell:Creating prefix chain script '/home/cowbot/cowbot_ws/install/setup.sh'
[12.666s] INFO:colcon.colcon_core.shell:Creating prefix script '/home/cowbot/cowbot_ws/install/local_setup.bash'
[12.668s] INFO:colcon.colcon_core.shell:Creating prefix chain script '/home/cowbot/cowbot_ws/install/setup.bash'
[12.672s] INFO:colcon.colcon_core.shell:Creating prefix script '/home/cowbot/cowbot_ws/install/local_setup.zsh'
[12.674s] INFO:colcon.colcon_core.shell:Creating prefix chain script '/home/cowbot/cowbot_ws/install/setup.zsh'
