running develop
running egg_info
creating serial_motor.egg-info
writing serial_motor.egg-info/PKG-INFO
writing dependency_links to serial_motor.egg-info/dependency_links.txt
writing entry points to serial_motor.egg-info/entry_points.txt
writing requirements to serial_motor.egg-info/requires.txt
writing top-level names to serial_motor.egg-info/top_level.txt
writing manifest file 'serial_motor.egg-info/SOURCES.txt'
reading manifest file 'serial_motor.egg-info/SOURCES.txt'
writing manifest file 'serial_motor.egg-info/SOURCES.txt'
running build_ext
Creating /home/cowbot/cowbot_ws/install/serial_motor/lib/python3.12/site-packages/serial-motor.egg-link (link to .)
Installing motor_driver script to /home/cowbot/cowbot_ws/install/serial_motor/lib/serial_motor

Installed /home/cowbot/cowbot_ws/build/serial_motor
running symlink_data
creating /home/cowbot/cowbot_ws/install/serial_motor/share/ament_index
creating /home/cowbot/cowbot_ws/install/serial_motor/share/ament_index/resource_index
creating /home/cowbot/cowbot_ws/install/serial_motor/share/ament_index/resource_index/packages
symbolically linking /home/cowbot/cowbot_ws/build/serial_motor/resource/serial_motor -> /home/cowbot/cowbot_ws/install/serial_motor/share/ament_index/resource_index/packages
symbolically linking /home/cowbot/cowbot_ws/build/serial_motor/package.xml -> /home/cowbot/cowbot_ws/install/serial_motor/share/serial_motor
creating /home/cowbot/cowbot_ws/install/serial_motor/share/serial_motor/launch
symbolically linking /home/cowbot/cowbot_ws/build/serial_motor/launch/serial_motor.launch.py -> /home/cowbot/cowbot_ws/install/serial_motor/share/serial_motor/launch
