[4.467s] Invoking command in '/home/cowbot/cowbot_ws/build/serial_motor': PYTHONPATH=/home/cowbot/cowbot_ws/build/serial_motor/prefix_override:/usr/lib/python3/dist-packages/colcon_core/task/python/colcon_distutils_commands:/home/cowbot/cowbot_ws/install/serial_motor/lib/python3.12/site-packages:/home/cowbot/cowbot_ws/install/serial_motor_msgs/lib/python3.12/site-packages:/home/cowbot/cowbot_ws/build/serial_motor:/home/cowbot/cowbot_ws/install/serial_motor/lib/python3.12/site-packages:/home/cowbot/cowbot_ws/install/lslidar_msgs/lib/python3.12/site-packages:/opt/ros/jazzy/lib/python3.12/site-packages /usr/bin/python3 -W ignore:setup.py install is deprecated -W ignore:easy_install command is deprecated setup.py develop --editable --build-directory /home/cowbot/cowbot_ws/build/serial_motor/build --no-deps symlink_data
[6.178s] running develop
[7.291s] running egg_info
[7.292s] creating serial_motor.egg-info
[7.396s] writing serial_motor.egg-info/PKG-INFO
[7.397s] writing dependency_links to serial_motor.egg-info/dependency_links.txt
[7.398s] writing entry points to serial_motor.egg-info/entry_points.txt
[7.399s] writing requirements to serial_motor.egg-info/requires.txt
[7.400s] writing top-level names to serial_motor.egg-info/top_level.txt
[7.400s] writing manifest file 'serial_motor.egg-info/SOURCES.txt'
[7.607s] reading manifest file 'serial_motor.egg-info/SOURCES.txt'
[7.610s] writing manifest file 'serial_motor.egg-info/SOURCES.txt'
[7.717s] running build_ext
[7.718s] Creating /home/cowbot/cowbot_ws/install/serial_motor/lib/python3.12/site-packages/serial-motor.egg-link (link to .)
[7.721s] Installing motor_driver script to /home/cowbot/cowbot_ws/install/serial_motor/lib/serial_motor
[7.723s] 
[7.724s] Installed /home/cowbot/cowbot_ws/build/serial_motor
[7.725s] running symlink_data
[7.725s] creating /home/cowbot/cowbot_ws/install/serial_motor/share/ament_index
[7.726s] creating /home/cowbot/cowbot_ws/install/serial_motor/share/ament_index/resource_index
[7.726s] creating /home/cowbot/cowbot_ws/install/serial_motor/share/ament_index/resource_index/packages
[7.727s] symbolically linking /home/cowbot/cowbot_ws/build/serial_motor/resource/serial_motor -> /home/cowbot/cowbot_ws/install/serial_motor/share/ament_index/resource_index/packages
[7.728s] symbolically linking /home/cowbot/cowbot_ws/build/serial_motor/package.xml -> /home/cowbot/cowbot_ws/install/serial_motor/share/serial_motor
[7.729s] creating /home/cowbot/cowbot_ws/install/serial_motor/share/serial_motor/launch
[7.731s] symbolically linking /home/cowbot/cowbot_ws/build/serial_motor/launch/serial_motor.launch.py -> /home/cowbot/cowbot_ws/install/serial_motor/share/serial_motor/launch
[7.910s] Invoked command in '/home/cowbot/cowbot_ws/build/serial_motor' returned '0': PYTHONPATH=/home/cowbot/cowbot_ws/build/serial_motor/prefix_override:/usr/lib/python3/dist-packages/colcon_core/task/python/colcon_distutils_commands:/home/cowbot/cowbot_ws/install/serial_motor/lib/python3.12/site-packages:/home/cowbot/cowbot_ws/install/serial_motor_msgs/lib/python3.12/site-packages:/home/cowbot/cowbot_ws/build/serial_motor:/home/cowbot/cowbot_ws/install/serial_motor/lib/python3.12/site-packages:/home/cowbot/cowbot_ws/install/lslidar_msgs/lib/python3.12/site-packages:/opt/ros/jazzy/lib/python3.12/site-packages /usr/bin/python3 -W ignore:setup.py install is deprecated -W ignore:easy_install command is deprecated setup.py develop --editable --build-directory /home/cowbot/cowbot_ws/build/serial_motor/build --no-deps symlink_data
