[4.681s] Invoking command in '/home/cowbot/cowbot_ws/build/serial_motor': AMENT_PREFIX_PATH=/home/cowbot/cowbot_ws/install/serial_motor_msgs:${AMENT_PREFIX_PATH} CMAKE_PREFIX_PATH=/home/cowbot/cowbot_ws/install/serial_motor_msgs LD_LIBRARY_PATH=/home/cowbot/cowbot_ws/install/serial_motor_msgs/lib:${LD_LIBRARY_PATH} PYTHONPATH=/home/cowbot/cowbot_ws/build/serial_motor/prefix_override:/usr/lib/python3/dist-packages/colcon_core/task/python/colcon_distutils_commands:/home/cowbot/cowbot_ws/install/serial_motor/lib/python3.12/site-packages:/home/cowbot/cowbot_ws/install/serial_motor_msgs/lib/python3.12/site-packages:${PYTHONPATH} /usr/bin/python3 -W ignore:setup.py install is deprecated -W ignore:easy_install command is deprecated setup.py develop --uninstall --editable --build-directory /home/cowbot/cowbot_ws/build/serial_motor/build
[6.126s] running develop
[7.124s] Removing /home/cowbot/cowbot_ws/install/serial_motor/lib/python3.12/site-packages/serial-motor.egg-link (link to .)
[7.285s] Invoked command in '/home/cowbot/cowbot_ws/build/serial_motor' returned '0': AMENT_PREFIX_PATH=/home/cowbot/cowbot_ws/install/serial_motor_msgs:${AMENT_PREFIX_PATH} CMAKE_PREFIX_PATH=/home/cowbot/cowbot_ws/install/serial_motor_msgs LD_LIBRARY_PATH=/home/cowbot/cowbot_ws/install/serial_motor_msgs/lib:${LD_LIBRARY_PATH} PYTHONPATH=/home/cowbot/cowbot_ws/build/serial_motor/prefix_override:/usr/lib/python3/dist-packages/colcon_core/task/python/colcon_distutils_commands:/home/cowbot/cowbot_ws/install/serial_motor/lib/python3.12/site-packages:/home/cowbot/cowbot_ws/install/serial_motor_msgs/lib/python3.12/site-packages:${PYTHONPATH} /usr/bin/python3 -W ignore:setup.py install is deprecated -W ignore:easy_install command is deprecated setup.py develop --uninstall --editable --build-directory /home/cowbot/cowbot_ws/build/serial_motor/build
[7.292s] Invoking command in '/home/cowbot/cowbot_ws/src/serial_motor': AMENT_PREFIX_PATH=/home/cowbot/cowbot_ws/install/serial_motor_msgs:${AMENT_PREFIX_PATH} CMAKE_PREFIX_PATH=/home/cowbot/cowbot_ws/install/serial_motor_msgs LD_LIBRARY_PATH=/home/cowbot/cowbot_ws/install/serial_motor_msgs/lib:${LD_LIBRARY_PATH} PYTHONPATH=/home/cowbot/cowbot_ws/build/serial_motor/prefix_override:/usr/lib/python3/dist-packages/colcon_core/task/python/colcon_distutils_commands:/home/cowbot/cowbot_ws/install/serial_motor/lib/python3.12/site-packages:/home/cowbot/cowbot_ws/install/serial_motor_msgs/lib/python3.12/site-packages:${PYTHONPATH} /usr/bin/python3 -W ignore:setup.py install is deprecated -W ignore:easy_install command is deprecated setup.py egg_info --egg-base ../../build/serial_motor build --build-base /home/cowbot/cowbot_ws/build/serial_motor/build install --record /home/cowbot/cowbot_ws/build/serial_motor/install.log --single-version-externally-managed install_data --force
[8.595s] running egg_info
[8.687s] writing ../../build/serial_motor/serial_motor.egg-info/PKG-INFO
[8.688s] writing dependency_links to ../../build/serial_motor/serial_motor.egg-info/dependency_links.txt
[8.690s] writing entry points to ../../build/serial_motor/serial_motor.egg-info/entry_points.txt
[8.692s] writing requirements to ../../build/serial_motor/serial_motor.egg-info/requires.txt
[8.693s] writing top-level names to ../../build/serial_motor/serial_motor.egg-info/top_level.txt
[8.876s] reading manifest file '../../build/serial_motor/serial_motor.egg-info/SOURCES.txt'
[8.881s] writing manifest file '../../build/serial_motor/serial_motor.egg-info/SOURCES.txt'
[8.882s] running build
[8.882s] running build_py
[8.883s] creating /home/cowbot/cowbot_ws/build/serial_motor/build
[8.884s] creating /home/cowbot/cowbot_ws/build/serial_motor/build/lib
[8.885s] creating /home/cowbot/cowbot_ws/build/serial_motor/build/lib/serial_motor
[8.885s] copying serial_motor/motor_driver.py -> /home/cowbot/cowbot_ws/build/serial_motor/build/lib/serial_motor
[8.887s] copying serial_motor/__init__.py -> /home/cowbot/cowbot_ws/build/serial_motor/build/lib/serial_motor
[8.888s] running install
[8.913s] running install_lib
[9.007s] creating /home/cowbot/cowbot_ws/install/serial_motor/lib/python3.12/site-packages/serial_motor
[9.007s] copying /home/cowbot/cowbot_ws/build/serial_motor/build/lib/serial_motor/motor_driver.py -> /home/cowbot/cowbot_ws/install/serial_motor/lib/python3.12/site-packages/serial_motor
[9.008s] copying /home/cowbot/cowbot_ws/build/serial_motor/build/lib/serial_motor/__init__.py -> /home/cowbot/cowbot_ws/install/serial_motor/lib/python3.12/site-packages/serial_motor
[9.011s] byte-compiling /home/cowbot/cowbot_ws/install/serial_motor/lib/python3.12/site-packages/serial_motor/motor_driver.py to motor_driver.cpython-312.pyc
[9.022s] byte-compiling /home/cowbot/cowbot_ws/install/serial_motor/lib/python3.12/site-packages/serial_motor/__init__.py to __init__.cpython-312.pyc
[9.023s] running install_data
[9.025s] copying resource/serial_motor -> /home/cowbot/cowbot_ws/install/serial_motor/share/ament_index/resource_index/packages
[9.027s] copying package.xml -> /home/cowbot/cowbot_ws/install/serial_motor/share/serial_motor
[9.028s] copying launch/serial_motor.launch.py -> /home/cowbot/cowbot_ws/install/serial_motor/share/serial_motor/launch
[9.031s] running install_egg_info
[9.114s] Copying ../../build/serial_motor/serial_motor.egg-info to /home/cowbot/cowbot_ws/install/serial_motor/lib/python3.12/site-packages/serial_motor-0.0.0-py3.12.egg-info
[9.120s] running install_scripts
[9.771s] Installing motor_driver script to /home/cowbot/cowbot_ws/install/serial_motor/lib/serial_motor
[9.772s] writing list of installed files to '/home/cowbot/cowbot_ws/build/serial_motor/install.log'
[9.932s] Invoked command in '/home/cowbot/cowbot_ws/src/serial_motor' returned '0': AMENT_PREFIX_PATH=/home/cowbot/cowbot_ws/install/serial_motor_msgs:${AMENT_PREFIX_PATH} CMAKE_PREFIX_PATH=/home/cowbot/cowbot_ws/install/serial_motor_msgs LD_LIBRARY_PATH=/home/cowbot/cowbot_ws/install/serial_motor_msgs/lib:${LD_LIBRARY_PATH} PYTHONPATH=/home/cowbot/cowbot_ws/build/serial_motor/prefix_override:/usr/lib/python3/dist-packages/colcon_core/task/python/colcon_distutils_commands:/home/cowbot/cowbot_ws/install/serial_motor/lib/python3.12/site-packages:/home/cowbot/cowbot_ws/install/serial_motor_msgs/lib/python3.12/site-packages:${PYTHONPATH} /usr/bin/python3 -W ignore:setup.py install is deprecated -W ignore:easy_install command is deprecated setup.py egg_info --egg-base ../../build/serial_motor build --build-base /home/cowbot/cowbot_ws/build/serial_motor/build install --record /home/cowbot/cowbot_ws/build/serial_motor/install.log --single-version-externally-managed install_data --force
