[0.053s] Invoking command in '/home/cowbot/cowbot_ws/build/lslidar_driver': AMENT_PREFIX_PATH=/home/cowbot/cowbot_ws/install/lslidar_msgs:${AMENT_PREFIX_PATH} CMAKE_PREFIX_PATH=/home/cowbot/cowbot_ws/install/lslidar_msgs:/opt/ros/jazzy LD_LIBRARY_PATH=/home/cowbot/cowbot_ws/install/lslidar_msgs/lib:${LD_LIBRARY_PATH} PYTHONPATH=/home/cowbot/cowbot_ws/install/lslidar_msgs/lib/python3.12/site-packages:${PYTHONPATH} /usr/bin/cmake /home/cowbot/cowbot_ws/src/Lslidar_ROS2_driver/lslidar_driver -DCMAKE_INSTALL_PREFIX=/home/cowbot/cowbot_ws/install/lslidar_driver
[0.176s] -- Found Boost: /usr/lib/aarch64-linux-gnu/cmake/Boost-1.83.0/BoostConfig.cmake (found version "1.83.0") found components: thread 
[0.192s] -- Found rclcpp: 28.1.12 (/opt/ros/jazzy/share/rclcpp/cmake)
[1.291s] -- Override CMake install command with custom implementation using symlinks instead of copying resources
[1.524s] -- Found rosidl_generator_c: 4.6.6 (/opt/ros/jazzy/share/rosidl_generator_c/cmake)
[1.572s] -- Found rosidl_generator_cpp: 4.6.6 (/opt/ros/jazzy/share/rosidl_generator_cpp/cmake)
[1.636s] -- Using all available rosidl_typesupport_c: rosidl_typesupport_fastrtps_c;rosidl_typesupport_introspection_c
[1.708s] -- Using all available rosidl_typesupport_cpp: rosidl_typesupport_fastrtps_cpp;rosidl_typesupport_introspection_cpp
[2.037s] -- Found rmw_implementation_cmake: 7.3.2 (/opt/ros/jazzy/share/rmw_implementation_cmake/cmake)
[2.050s] -- Found rmw_cyclonedds_cpp: 2.2.3 (/opt/ros/jazzy/share/rmw_cyclonedds_cpp/cmake)
[2.193s] -- Using RMW implementation 'rmw_cyclonedds_cpp' as default
[2.623s] -- Found Boost: /usr/lib/aarch64-linux-gnu/cmake/Boost-1.83.0/BoostConfig.cmake (found suitable version "1.83.0", minimum required is "1.65.0") found components: system filesystem iostreams serialization 
[2.630s] [33mCMake Warning (dev) at /usr/lib/aarch64-linux-gnu/cmake/pcl/Modules/FindFLANN.cmake:45 (find_package):
[2.630s]   Policy CMP0144 is not set: find_package uses upper-case <PACKAGENAME>_ROOT
[2.630s]   variables.  Run "cmake --help-policy CMP0144" for policy details.  Use the
[2.631s]   cmake_policy command to set the policy and suppress this warning.
[2.631s] 
[2.631s]   CMake variable FLANN_ROOT is set to:
[2.632s] 
[2.632s]     /usr
[2.633s] 
[2.633s]   For compatibility, find_package is ignoring the variable, but code in a
[2.633s]   .cmake module might still use it.
[2.634s] Call Stack (most recent call first):
[2.634s]   /usr/lib/aarch64-linux-gnu/cmake/pcl/PCLConfig.cmake:261 (find_package)
[2.634s]   /usr/lib/aarch64-linux-gnu/cmake/pcl/PCLConfig.cmake:306 (find_flann)
[2.635s]   /usr/lib/aarch64-linux-gnu/cmake/pcl/PCLConfig.cmake:570 (find_external_library)
[2.635s]   CMakeLists.txt:21 (find_package)
[2.636s] This warning is for project developers.  Use -Wno-dev to suppress it.
[2.636s] [0m
[2.644s] -- Found flann version 1.9.2
[5.643s] -- OpenNI found (version: 1.5.4.0, include: /usr/include/ni, lib: /usr/lib/libOpenNI.so;libusb::libusb)
[5.674s] -- OpenNI2 found (version: 2.2.0.33, include: /usr/include/openni2, lib: /usr/lib/aarch64-linux-gnu/libOpenNI2.so;libusb::libusb)
[7.630s] -- OpenNI found (version: 1.5.4.0, include: /usr/include/ni, lib: /usr/lib/libOpenNI.so;libusb::libusb)
[7.659s] -- OpenNI2 found (version: 2.2.0.33, include: /usr/include/openni2, lib: /usr/lib/aarch64-linux-gnu/libOpenNI2.so;libusb::libusb)
[9.438s] -- Found Qhull version 8.0.2
[11.224s] -- OpenNI found (version: 1.5.4.0, include: /usr/include/ni, lib: /usr/lib/libOpenNI.so;libusb::libusb)
[12.958s] -- looking for PCL_COMMON
[12.960s] -- looking for PCL_KDTREE
[12.962s] -- looking for PCL_OCTREE
[12.964s] -- looking for PCL_SEARCH
[12.965s] -- looking for PCL_SAMPLE_CONSENSUS
[12.967s] -- looking for PCL_FILTERS
[12.969s] -- looking for PCL_2D
[12.970s] -- looking for PCL_GEOMETRY
[12.972s] -- looking for PCL_IO
[12.974s] -- looking for PCL_FEATURES
[12.976s] -- looking for PCL_ML
[12.978s] -- looking for PCL_SEGMENTATION
[12.980s] -- looking for PCL_VISUALIZATION
[12.982s] -- looking for PCL_SURFACE
[12.983s] -- looking for PCL_REGISTRATION
[12.986s] -- looking for PCL_KEYPOINTS
[12.987s] -- looking for PCL_TRACKING
[12.989s] -- looking for PCL_RECOGNITION
[12.992s] -- looking for PCL_STEREO
[12.993s] -- looking for PCL_APPS
[12.996s] -- looking for PCL_IN_HAND_SCANNER
[12.998s] -- looking for PCL_MODELER
[12.999s] -- looking for PCL_POINT_CLOUD_EDITOR
[13.000s] -- looking for PCL_OUTOFCORE
[13.002s] -- looking for PCL_PEOPLE
[13.011s] -- Found diagnostic_updater: 4.2.6 (/opt/ros/jazzy/share/diagnostic_updater/cmake)
[13.190s] -- Found lslidar_msgs: 1.2.0 (/home/cowbot/cowbot_ws/install/lslidar_msgs/share/lslidar_msgs/cmake)
[13.258s] -- Found pluginlib: 5.4.2 (/opt/ros/jazzy/share/pluginlib/cmake)
[13.279s] -- Found TinyXML2 via Config file: /usr/lib/aarch64-linux-gnu/cmake/tinyxml2
[13.285s] -- Found pcl_conversions: 2.6.2 (/opt/ros/jazzy/share/pcl_conversions/cmake)
[14.053s] -- Configuring done (14.0s)
[15.004s] -- Generating done (0.8s)
[15.040s] -- Build files have been written to: /home/cowbot/cowbot_ws/build/lslidar_driver
[15.122s] Invoked command in '/home/cowbot/cowbot_ws/build/lslidar_driver' returned '0': AMENT_PREFIX_PATH=/home/cowbot/cowbot_ws/install/lslidar_msgs:${AMENT_PREFIX_PATH} CMAKE_PREFIX_PATH=/home/cowbot/cowbot_ws/install/lslidar_msgs:/opt/ros/jazzy LD_LIBRARY_PATH=/home/cowbot/cowbot_ws/install/lslidar_msgs/lib:${LD_LIBRARY_PATH} PYTHONPATH=/home/cowbot/cowbot_ws/install/lslidar_msgs/lib/python3.12/site-packages:${PYTHONPATH} /usr/bin/cmake /home/cowbot/cowbot_ws/src/Lslidar_ROS2_driver/lslidar_driver -DCMAKE_INSTALL_PREFIX=/home/cowbot/cowbot_ws/install/lslidar_driver
[15.129s] Invoking command in '/home/cowbot/cowbot_ws/build/lslidar_driver': AMENT_PREFIX_PATH=/home/cowbot/cowbot_ws/install/lslidar_msgs:${AMENT_PREFIX_PATH} CMAKE_PREFIX_PATH=/home/cowbot/cowbot_ws/install/lslidar_msgs:/opt/ros/jazzy LD_LIBRARY_PATH=/home/cowbot/cowbot_ws/install/lslidar_msgs/lib:${LD_LIBRARY_PATH} PYTHONPATH=/home/cowbot/cowbot_ws/install/lslidar_msgs/lib/python3.12/site-packages:${PYTHONPATH} /usr/bin/cmake --build /home/cowbot/cowbot_ws/build/lslidar_driver -- -j4 -l4
[15.906s] [100%] Built target lslidar_driver_node
[15.959s] Invoked command in '/home/cowbot/cowbot_ws/build/lslidar_driver' returned '0': AMENT_PREFIX_PATH=/home/cowbot/cowbot_ws/install/lslidar_msgs:${AMENT_PREFIX_PATH} CMAKE_PREFIX_PATH=/home/cowbot/cowbot_ws/install/lslidar_msgs:/opt/ros/jazzy LD_LIBRARY_PATH=/home/cowbot/cowbot_ws/install/lslidar_msgs/lib:${LD_LIBRARY_PATH} PYTHONPATH=/home/cowbot/cowbot_ws/install/lslidar_msgs/lib/python3.12/site-packages:${PYTHONPATH} /usr/bin/cmake --build /home/cowbot/cowbot_ws/build/lslidar_driver -- -j4 -l4
[15.968s] Invoking command in '/home/cowbot/cowbot_ws/build/lslidar_driver': AMENT_PREFIX_PATH=/home/cowbot/cowbot_ws/install/lslidar_msgs:${AMENT_PREFIX_PATH} CMAKE_PREFIX_PATH=/home/cowbot/cowbot_ws/install/lslidar_msgs:/opt/ros/jazzy LD_LIBRARY_PATH=/home/cowbot/cowbot_ws/install/lslidar_msgs/lib:${LD_LIBRARY_PATH} PYTHONPATH=/home/cowbot/cowbot_ws/install/lslidar_msgs/lib/python3.12/site-packages:${PYTHONPATH} /usr/bin/cmake --install /home/cowbot/cowbot_ws/build/lslidar_driver
[16.009s] -- Install configuration: ""
[16.010s] -- Execute custom install script
[16.014s] -- Up-to-date symlink: /home/cowbot/cowbot_ws/install/lslidar_driver/share/lslidar_driver/launch/lslidar_double_launch.py
[16.016s] -- Up-to-date symlink: /home/cowbot/cowbot_ws/install/lslidar_driver/share/lslidar_driver/launch/lslidar_launch.py
[16.019s] -- Up-to-date symlink: /home/cowbot/cowbot_ws/install/lslidar_driver/share/lslidar_driver/params/lsx10.yaml
[16.020s] -- Up-to-date symlink: /home/cowbot/cowbot_ws/install/lslidar_driver/share/lslidar_driver/params/lsx10_1.yaml
[16.021s] -- Up-to-date symlink: /home/cowbot/cowbot_ws/install/lslidar_driver/share/lslidar_driver/params/lsx10_2.yaml
[16.025s] -- Up-to-date symlink: /home/cowbot/cowbot_ws/install/lslidar_driver/share/lslidar_driver/rviz/lslidar.rviz
[16.027s] -- Up-to-date symlink: /home/cowbot/cowbot_ws/install/lslidar_driver/lib/lslidar_driver/lslidar_driver_node
[16.029s] -- Up-to-date symlink: /home/cowbot/cowbot_ws/install/lslidar_driver/share/ament_index/resource_index/package_run_dependencies/lslidar_driver
[16.032s] -- Up-to-date symlink: /home/cowbot/cowbot_ws/install/lslidar_driver/share/ament_index/resource_index/parent_prefix_path/lslidar_driver
[16.034s] -- Up-to-date symlink: /home/cowbot/cowbot_ws/install/lslidar_driver/share/lslidar_driver/environment/ament_prefix_path.sh
[16.036s] -- Up-to-date symlink: /home/cowbot/cowbot_ws/install/lslidar_driver/share/lslidar_driver/environment/ament_prefix_path.dsv
[16.038s] -- Up-to-date symlink: /home/cowbot/cowbot_ws/install/lslidar_driver/share/lslidar_driver/environment/path.sh
[16.039s] -- Up-to-date symlink: /home/cowbot/cowbot_ws/install/lslidar_driver/share/lslidar_driver/environment/path.dsv
[16.041s] -- Up-to-date symlink: /home/cowbot/cowbot_ws/install/lslidar_driver/share/lslidar_driver/local_setup.bash
[16.043s] -- Up-to-date symlink: /home/cowbot/cowbot_ws/install/lslidar_driver/share/lslidar_driver/local_setup.sh
[16.044s] -- Up-to-date symlink: /home/cowbot/cowbot_ws/install/lslidar_driver/share/lslidar_driver/local_setup.zsh
[16.046s] -- Up-to-date symlink: /home/cowbot/cowbot_ws/install/lslidar_driver/share/lslidar_driver/local_setup.dsv
[16.047s] -- Symlinking: /home/cowbot/cowbot_ws/install/lslidar_driver/share/lslidar_driver/package.dsv
[16.107s] -- Up-to-date symlink: /home/cowbot/cowbot_ws/install/lslidar_driver/share/ament_index/resource_index/packages/lslidar_driver
[16.111s] -- Up-to-date symlink: /home/cowbot/cowbot_ws/install/lslidar_driver/share/lslidar_driver/cmake/ament_cmake_export_dependencies-extras.cmake
[16.114s] -- Up-to-date symlink: /home/cowbot/cowbot_ws/install/lslidar_driver/share/lslidar_driver/cmake/ament_cmake_export_include_directories-extras.cmake
[16.117s] -- Up-to-date symlink: /home/cowbot/cowbot_ws/install/lslidar_driver/share/lslidar_driver/cmake/lslidar_driverConfig.cmake
[16.118s] -- Up-to-date symlink: /home/cowbot/cowbot_ws/install/lslidar_driver/share/lslidar_driver/cmake/lslidar_driverConfig-version.cmake
[16.120s] -- Up-to-date symlink: /home/cowbot/cowbot_ws/install/lslidar_driver/share/lslidar_driver/package.xml
[16.128s] Invoked command in '/home/cowbot/cowbot_ws/build/lslidar_driver' returned '0': AMENT_PREFIX_PATH=/home/cowbot/cowbot_ws/install/lslidar_msgs:${AMENT_PREFIX_PATH} CMAKE_PREFIX_PATH=/home/cowbot/cowbot_ws/install/lslidar_msgs:/opt/ros/jazzy LD_LIBRARY_PATH=/home/cowbot/cowbot_ws/install/lslidar_msgs/lib:${LD_LIBRARY_PATH} PYTHONPATH=/home/cowbot/cowbot_ws/install/lslidar_msgs/lib/python3.12/site-packages:${PYTHONPATH} /usr/bin/cmake --install /home/cowbot/cowbot_ws/build/lslidar_driver
