[0.138s] Invoking command in '/home/cowbot/cowbot_ws/build/cowbot_gazebo': CMAKE_PREFIX_PATH=${CMAKE_PREFIX_PATH}:/home/cowbot/cowbot_ws/install/serial_motor:/opt/ros/jazzy /usr/bin/cmake --build /home/cowbot/cowbot_ws/build/cowbot_gazebo -- -j4 -l4
[0.668s] Invoked command in '/home/cowbot/cowbot_ws/build/cowbot_gazebo' returned '0': CMAKE_PREFIX_PATH=${CMAKE_PREFIX_PATH}:/home/cowbot/cowbot_ws/install/serial_motor:/opt/ros/jazzy /usr/bin/cmake --build /home/cowbot/cowbot_ws/build/cowbot_gazebo -- -j4 -l4
[0.674s] Invoking command in '/home/cowbot/cowbot_ws/build/cowbot_gazebo': CMAKE_PREFIX_PATH=${CMAKE_PREFIX_PATH}:/home/cowbot/cowbot_ws/install/serial_motor:/opt/ros/jazzy /usr/bin/cmake --install /home/cowbot/cowbot_ws/build/cowbot_gazebo
[0.778s] -- Install configuration: ""
[0.785s] -- Execute custom install script
[0.788s] -- Up-to-date symlink: /home/cowbot/cowbot_ws/install/cowbot_gazebo/share/cowbot_gazebo/launch/botbox_world.launch.xml
[0.790s] -- Up-to-date symlink: /home/cowbot/cowbot_ws/install/cowbot_gazebo/share/cowbot_gazebo/launch/one_cowbot_warehouse.launch.py
[0.795s] -- Up-to-date symlink: /home/cowbot/cowbot_ws/install/cowbot_gazebo/share/cowbot_gazebo/launch/spawn.launch.xml
[0.797s] -- Up-to-date symlink: /home/cowbot/cowbot_ws/install/cowbot_gazebo/share/cowbot_gazebo/launch/spawn_cowbot.launch.xml
[0.803s] -- Up-to-date symlink: /home/cowbot/cowbot_ws/install/cowbot_gazebo/share/cowbot_gazebo/launch/spawn_in_gazebo.launch.py
[0.805s] -- Up-to-date symlink: /home/cowbot/cowbot_ws/install/cowbot_gazebo/share/cowbot_gazebo/gazebo/cowbot_plugins.gazebo
[0.808s] -- Up-to-date symlink: /home/cowbot/cowbot_ws/install/cowbot_gazebo/share/ament_index/resource_index/package_run_dependencies/cowbot_gazebo
[0.813s] -- Up-to-date symlink: /home/cowbot/cowbot_ws/install/cowbot_gazebo/share/ament_index/resource_index/parent_prefix_path/cowbot_gazebo
[0.819s] -- Up-to-date symlink: /home/cowbot/cowbot_ws/install/cowbot_gazebo/share/cowbot_gazebo/environment/ament_prefix_path.sh
[0.822s] -- Up-to-date symlink: /home/cowbot/cowbot_ws/install/cowbot_gazebo/share/cowbot_gazebo/environment/ament_prefix_path.dsv
[0.828s] -- Up-to-date symlink: /home/cowbot/cowbot_ws/install/cowbot_gazebo/share/cowbot_gazebo/environment/path.sh
[0.831s] -- Up-to-date symlink: /home/cowbot/cowbot_ws/install/cowbot_gazebo/share/cowbot_gazebo/environment/path.dsv
[0.838s] -- Up-to-date symlink: /home/cowbot/cowbot_ws/install/cowbot_gazebo/share/cowbot_gazebo/local_setup.bash
[0.843s] -- Up-to-date symlink: /home/cowbot/cowbot_ws/install/cowbot_gazebo/share/cowbot_gazebo/local_setup.sh
[0.845s] -- Up-to-date symlink: /home/cowbot/cowbot_ws/install/cowbot_gazebo/share/cowbot_gazebo/local_setup.zsh
[0.852s] -- Up-to-date symlink: /home/cowbot/cowbot_ws/install/cowbot_gazebo/share/cowbot_gazebo/local_setup.dsv
[0.852s] -- Symlinking: /home/cowbot/cowbot_ws/install/cowbot_gazebo/share/cowbot_gazebo/package.dsv
[1.000s] -- Up-to-date symlink: /home/cowbot/cowbot_ws/install/cowbot_gazebo/share/ament_index/resource_index/packages/cowbot_gazebo
[1.008s] -- Up-to-date symlink: /home/cowbot/cowbot_ws/install/cowbot_gazebo/share/cowbot_gazebo/cmake/cowbot_gazeboConfig.cmake
[1.012s] -- Up-to-date symlink: /home/cowbot/cowbot_ws/install/cowbot_gazebo/share/cowbot_gazebo/cmake/cowbot_gazeboConfig-version.cmake
[1.014s] -- Up-to-date symlink: /home/cowbot/cowbot_ws/install/cowbot_gazebo/share/cowbot_gazebo/package.xml
[1.047s] Invoked command in '/home/cowbot/cowbot_ws/build/cowbot_gazebo' returned '0': CMAKE_PREFIX_PATH=${CMAKE_PREFIX_PATH}:/home/cowbot/cowbot_ws/install/serial_motor:/opt/ros/jazzy /usr/bin/cmake --install /home/cowbot/cowbot_ws/build/cowbot_gazebo
