[0.094s] Invoking command in '/home/cowbot/cowbot_ws/build/serial_motor_msgs': CMAKE_PREFIX_PATH=${CMAKE_PREFIX_PATH}:/home/cowbot/cowbot_ws/install/serial_motor:/opt/ros/jazzy /usr/bin/cmake --build /home/cowbot/cowbot_ws/build/serial_motor_msgs -- -j4 -l4
[0.515s] [  1%] Built target serial_motor_msgs__rosidl_generator_type_description
[0.533s] [  1%] Built target ament_cmake_python_symlink_serial_motor_msgs
[0.824s] [  3%] Built target serial_motor_msgs__cpp
[0.893s] [ 24%] Built target serial_motor_msgs__rosidl_generator_c
[1.135s] [ 33%] Built target serial_motor_msgs__rosidl_typesupport_cpp
[1.268s] [ 42%] Built target serial_motor_msgs__rosidl_typesupport_introspection_c
[1.383s] [ 51%] Built target serial_motor_msgs__rosidl_typesupport_fastrtps_c
[1.519s] [ 61%] Built target serial_motor_msgs__rosidl_typesupport_c
[1.579s] [ 70%] Built target serial_motor_msgs__rosidl_typesupport_fastrtps_cpp
[1.641s] [ 79%] Built target serial_motor_msgs__rosidl_typesupport_introspection_cpp
[1.893s] [ 79%] Built target serial_motor_msgs
[2.131s] [ 81%] Built target serial_motor_msgs__py
[2.461s] [ 88%] Built target serial_motor_msgs__rosidl_generator_py
[2.727s] [ 92%] Built target serial_motor_msgs_s__rosidl_typesupport_introspection_c
[2.843s] [100%] Built target serial_motor_msgs_s__rosidl_typesupport_c
[2.844s] [100%] Built target serial_motor_msgs_s__rosidl_typesupport_fastrtps_c
[3.087s] running egg_info
[3.221s] writing serial_motor_msgs.egg-info/PKG-INFO
[3.223s] writing dependency_links to serial_motor_msgs.egg-info/dependency_links.txt
[3.224s] writing top-level names to serial_motor_msgs.egg-info/top_level.txt
[3.662s] reading manifest file 'serial_motor_msgs.egg-info/SOURCES.txt'
[3.664s] writing manifest file 'serial_motor_msgs.egg-info/SOURCES.txt'
[3.916s] [100%] Built target ament_cmake_python_build_serial_motor_msgs_egg
[3.996s] Invoked command in '/home/cowbot/cowbot_ws/build/serial_motor_msgs' returned '0': CMAKE_PREFIX_PATH=${CMAKE_PREFIX_PATH}:/home/cowbot/cowbot_ws/install/serial_motor:/opt/ros/jazzy /usr/bin/cmake --build /home/cowbot/cowbot_ws/build/serial_motor_msgs -- -j4 -l4
[4.006s] Invoking command in '/home/cowbot/cowbot_ws/build/serial_motor_msgs': CMAKE_PREFIX_PATH=${CMAKE_PREFIX_PATH}:/home/cowbot/cowbot_ws/install/serial_motor:/opt/ros/jazzy /usr/bin/cmake --install /home/cowbot/cowbot_ws/build/serial_motor_msgs
[4.065s] -- Install configuration: ""
[4.070s] -- Execute custom install script
[4.073s] -- Up-to-date symlink: /home/cowbot/cowbot_ws/install/serial_motor_msgs/share/ament_index/resource_index/rosidl_interfaces/serial_motor_msgs
[4.074s] -- Up-to-date symlink: /home/cowbot/cowbot_ws/install/serial_motor_msgs/share/serial_motor_msgs/msg/MotorVels.json
[4.077s] -- Up-to-date symlink: /home/cowbot/cowbot_ws/install/serial_motor_msgs/share/serial_motor_msgs/msg/MotorCommands.json
[4.078s] -- Up-to-date symlink: /home/cowbot/cowbot_ws/install/serial_motor_msgs/share/serial_motor_msgs/msg/EncoderVals.json
[4.081s] -- Up-to-date symlink: /home/cowbot/cowbot_ws/install/serial_motor_msgs/include/serial_motor_msgs/serial_motor_msgs/msg/detail/encoder_vals__functions.h
[4.087s] -- Up-to-date symlink: /home/cowbot/cowbot_ws/install/serial_motor_msgs/include/serial_motor_msgs/serial_motor_msgs/msg/detail/encoder_vals__struct.h
[4.091s] -- Up-to-date symlink: /home/cowbot/cowbot_ws/install/serial_motor_msgs/include/serial_motor_msgs/serial_motor_msgs/msg/detail/encoder_vals__type_support.h
[4.095s] -- Up-to-date symlink: /home/cowbot/cowbot_ws/install/serial_motor_msgs/include/serial_motor_msgs/serial_motor_msgs/msg/detail/motor_commands__functions.h
[4.096s] -- Up-to-date symlink: /home/cowbot/cowbot_ws/install/serial_motor_msgs/include/serial_motor_msgs/serial_motor_msgs/msg/detail/motor_commands__struct.h
[4.096s] -- Up-to-date symlink: /home/cowbot/cowbot_ws/install/serial_motor_msgs/include/serial_motor_msgs/serial_motor_msgs/msg/detail/motor_commands__type_support.h
[4.102s] -- Up-to-date symlink: /home/cowbot/cowbot_ws/install/serial_motor_msgs/include/serial_motor_msgs/serial_motor_msgs/msg/detail/motor_vels__functions.h
[4.103s] -- Up-to-date symlink: /home/cowbot/cowbot_ws/install/serial_motor_msgs/include/serial_motor_msgs/serial_motor_msgs/msg/detail/motor_vels__struct.h
[4.108s] -- Up-to-date symlink: /home/cowbot/cowbot_ws/install/serial_motor_msgs/include/serial_motor_msgs/serial_motor_msgs/msg/detail/motor_vels__type_support.h
[4.115s] -- Up-to-date symlink: /home/cowbot/cowbot_ws/install/serial_motor_msgs/include/serial_motor_msgs/serial_motor_msgs/msg/encoder_vals.h
[4.122s] -- Up-to-date symlink: /home/cowbot/cowbot_ws/install/serial_motor_msgs/include/serial_motor_msgs/serial_motor_msgs/msg/motor_commands.h
[4.127s] -- Up-to-date symlink: /home/cowbot/cowbot_ws/install/serial_motor_msgs/include/serial_motor_msgs/serial_motor_msgs/msg/motor_vels.h
[4.129s] -- Up-to-date symlink: /home/cowbot/cowbot_ws/install/serial_motor_msgs/include/serial_motor_msgs/serial_motor_msgs/msg/rosidl_generator_c__visibility_control.h
[4.134s] -- Up-to-date symlink: /home/cowbot/cowbot_ws/install/serial_motor_msgs/share/serial_motor_msgs/environment/library_path.sh
[4.139s] -- Up-to-date symlink: /home/cowbot/cowbot_ws/install/serial_motor_msgs/share/serial_motor_msgs/environment/library_path.dsv
[4.142s] -- Up-to-date symlink: /home/cowbot/cowbot_ws/install/serial_motor_msgs/include/serial_motor_msgs/serial_motor_msgs/msg/detail/encoder_vals__rosidl_typesupport_fastrtps_c.h
[4.145s] -- Up-to-date symlink: /home/cowbot/cowbot_ws/install/serial_motor_msgs/include/serial_motor_msgs/serial_motor_msgs/msg/detail/motor_commands__rosidl_typesupport_fastrtps_c.h
[4.146s] -- Up-to-date symlink: /home/cowbot/cowbot_ws/install/serial_motor_msgs/include/serial_motor_msgs/serial_motor_msgs/msg/detail/motor_vels__rosidl_typesupport_fastrtps_c.h
[4.149s] -- Up-to-date symlink: /home/cowbot/cowbot_ws/install/serial_motor_msgs/include/serial_motor_msgs/serial_motor_msgs/msg/rosidl_typesupport_fastrtps_c__visibility_control.h
[4.153s] -- Up-to-date symlink: /home/cowbot/cowbot_ws/install/serial_motor_msgs/include/serial_motor_msgs/serial_motor_msgs/msg/detail/encoder_vals__rosidl_typesupport_introspection_c.h
[4.159s] -- Up-to-date symlink: /home/cowbot/cowbot_ws/install/serial_motor_msgs/include/serial_motor_msgs/serial_motor_msgs/msg/detail/motor_commands__rosidl_typesupport_introspection_c.h
[4.162s] -- Up-to-date symlink: /home/cowbot/cowbot_ws/install/serial_motor_msgs/include/serial_motor_msgs/serial_motor_msgs/msg/detail/motor_vels__rosidl_typesupport_introspection_c.h
[4.166s] -- Up-to-date symlink: /home/cowbot/cowbot_ws/install/serial_motor_msgs/include/serial_motor_msgs/serial_motor_msgs/msg/rosidl_typesupport_introspection_c__visibility_control.h
[4.167s] -- Up-to-date symlink: /home/cowbot/cowbot_ws/install/serial_motor_msgs/include/serial_motor_msgs/serial_motor_msgs/msg/detail/encoder_vals__builder.hpp
[4.171s] -- Up-to-date symlink: /home/cowbot/cowbot_ws/install/serial_motor_msgs/include/serial_motor_msgs/serial_motor_msgs/msg/detail/encoder_vals__struct.hpp
[4.178s] -- Up-to-date symlink: /home/cowbot/cowbot_ws/install/serial_motor_msgs/include/serial_motor_msgs/serial_motor_msgs/msg/detail/encoder_vals__traits.hpp
[4.182s] -- Up-to-date symlink: /home/cowbot/cowbot_ws/install/serial_motor_msgs/include/serial_motor_msgs/serial_motor_msgs/msg/detail/encoder_vals__type_support.hpp
[4.186s] -- Up-to-date symlink: /home/cowbot/cowbot_ws/install/serial_motor_msgs/include/serial_motor_msgs/serial_motor_msgs/msg/detail/motor_commands__builder.hpp
[4.189s] -- Up-to-date symlink: /home/cowbot/cowbot_ws/install/serial_motor_msgs/include/serial_motor_msgs/serial_motor_msgs/msg/detail/motor_commands__struct.hpp
[4.190s] -- Up-to-date symlink: /home/cowbot/cowbot_ws/install/serial_motor_msgs/include/serial_motor_msgs/serial_motor_msgs/msg/detail/motor_commands__traits.hpp
[4.195s] -- Up-to-date symlink: /home/cowbot/cowbot_ws/install/serial_motor_msgs/include/serial_motor_msgs/serial_motor_msgs/msg/detail/motor_commands__type_support.hpp
[4.198s] -- Up-to-date symlink: /home/cowbot/cowbot_ws/install/serial_motor_msgs/include/serial_motor_msgs/serial_motor_msgs/msg/detail/motor_vels__builder.hpp
[4.199s] -- Up-to-date symlink: /home/cowbot/cowbot_ws/install/serial_motor_msgs/include/serial_motor_msgs/serial_motor_msgs/msg/detail/motor_vels__struct.hpp
[4.200s] -- Up-to-date symlink: /home/cowbot/cowbot_ws/install/serial_motor_msgs/include/serial_motor_msgs/serial_motor_msgs/msg/detail/motor_vels__traits.hpp
[4.201s] -- Up-to-date symlink: /home/cowbot/cowbot_ws/install/serial_motor_msgs/include/serial_motor_msgs/serial_motor_msgs/msg/detail/motor_vels__type_support.hpp
[4.208s] -- Up-to-date symlink: /home/cowbot/cowbot_ws/install/serial_motor_msgs/include/serial_motor_msgs/serial_motor_msgs/msg/encoder_vals.hpp
[4.209s] -- Up-to-date symlink: /home/cowbot/cowbot_ws/install/serial_motor_msgs/include/serial_motor_msgs/serial_motor_msgs/msg/motor_commands.hpp
[4.211s] -- Up-to-date symlink: /home/cowbot/cowbot_ws/install/serial_motor_msgs/include/serial_motor_msgs/serial_motor_msgs/msg/motor_vels.hpp
[4.216s] -- Up-to-date symlink: /home/cowbot/cowbot_ws/install/serial_motor_msgs/include/serial_motor_msgs/serial_motor_msgs/msg/rosidl_generator_cpp__visibility_control.hpp
[4.221s] -- Up-to-date symlink: /home/cowbot/cowbot_ws/install/serial_motor_msgs/include/serial_motor_msgs/serial_motor_msgs/msg/detail/encoder_vals__rosidl_typesupport_fastrtps_cpp.hpp
[4.222s] -- Up-to-date symlink: /home/cowbot/cowbot_ws/install/serial_motor_msgs/include/serial_motor_msgs/serial_motor_msgs/msg/detail/motor_commands__rosidl_typesupport_fastrtps_cpp.hpp
[4.222s] -- Up-to-date symlink: /home/cowbot/cowbot_ws/install/serial_motor_msgs/include/serial_motor_msgs/serial_motor_msgs/msg/detail/motor_vels__rosidl_typesupport_fastrtps_cpp.hpp
[4.226s] -- Up-to-date symlink: /home/cowbot/cowbot_ws/install/serial_motor_msgs/include/serial_motor_msgs/serial_motor_msgs/msg/rosidl_typesupport_fastrtps_cpp__visibility_control.h
[4.227s] -- Up-to-date symlink: /home/cowbot/cowbot_ws/install/serial_motor_msgs/include/serial_motor_msgs/serial_motor_msgs/msg/detail/encoder_vals__rosidl_typesupport_introspection_cpp.hpp
[4.228s] -- Up-to-date symlink: /home/cowbot/cowbot_ws/install/serial_motor_msgs/include/serial_motor_msgs/serial_motor_msgs/msg/detail/motor_commands__rosidl_typesupport_introspection_cpp.hpp
[4.229s] -- Up-to-date symlink: /home/cowbot/cowbot_ws/install/serial_motor_msgs/include/serial_motor_msgs/serial_motor_msgs/msg/detail/motor_vels__rosidl_typesupport_introspection_cpp.hpp
[4.232s] -- Up-to-date symlink: /home/cowbot/cowbot_ws/install/serial_motor_msgs/share/serial_motor_msgs/environment/pythonpath.sh
[4.233s] -- Up-to-date symlink: /home/cowbot/cowbot_ws/install/serial_motor_msgs/share/serial_motor_msgs/environment/pythonpath.dsv
[4.234s] -- Up-to-date symlink: /home/cowbot/cowbot_ws/install/serial_motor_msgs/lib/python3.12/site-packages/serial_motor_msgs-0.0.0-py3.12.egg-info/PKG-INFO
[4.237s] -- Up-to-date symlink: /home/cowbot/cowbot_ws/install/serial_motor_msgs/lib/python3.12/site-packages/serial_motor_msgs-0.0.0-py3.12.egg-info/SOURCES.txt
[4.238s] -- Up-to-date symlink: /home/cowbot/cowbot_ws/install/serial_motor_msgs/lib/python3.12/site-packages/serial_motor_msgs-0.0.0-py3.12.egg-info/dependency_links.txt
[4.240s] -- Up-to-date symlink: /home/cowbot/cowbot_ws/install/serial_motor_msgs/lib/python3.12/site-packages/serial_motor_msgs-0.0.0-py3.12.egg-info/top_level.txt
[4.240s] -- Up-to-date symlink: /home/cowbot/cowbot_ws/install/serial_motor_msgs/lib/python3.12/site-packages/serial_motor_msgs/__init__.py
[4.241s] -- Up-to-date symlink: /home/cowbot/cowbot_ws/install/serial_motor_msgs/lib/python3.12/site-packages/serial_motor_msgs/_serial_motor_msgs_s.ep.rosidl_typesupport_c.c
[4.241s] -- Up-to-date symlink: /home/cowbot/cowbot_ws/install/serial_motor_msgs/lib/python3.12/site-packages/serial_motor_msgs/_serial_motor_msgs_s.ep.rosidl_typesupport_fastrtps_c.c
[4.242s] -- Up-to-date symlink: /home/cowbot/cowbot_ws/install/serial_motor_msgs/lib/python3.12/site-packages/serial_motor_msgs/_serial_motor_msgs_s.ep.rosidl_typesupport_introspection_c.c
[4.243s] -- Up-to-date symlink: /home/cowbot/cowbot_ws/install/serial_motor_msgs/lib/python3.12/site-packages/serial_motor_msgs/msg/__init__.py
[4.244s] -- Up-to-date symlink: /home/cowbot/cowbot_ws/install/serial_motor_msgs/lib/python3.12/site-packages/serial_motor_msgs/msg/_encoder_vals.py
[4.244s] -- Up-to-date symlink: /home/cowbot/cowbot_ws/install/serial_motor_msgs/lib/python3.12/site-packages/serial_motor_msgs/msg/_encoder_vals_s.c
[4.248s] -- Up-to-date symlink: /home/cowbot/cowbot_ws/install/serial_motor_msgs/lib/python3.12/site-packages/serial_motor_msgs/msg/_motor_commands.py
[4.249s] -- Up-to-date symlink: /home/cowbot/cowbot_ws/install/serial_motor_msgs/lib/python3.12/site-packages/serial_motor_msgs/msg/_motor_commands_s.c
[4.249s] -- Up-to-date symlink: /home/cowbot/cowbot_ws/install/serial_motor_msgs/lib/python3.12/site-packages/serial_motor_msgs/msg/_motor_vels.py
[4.250s] -- Up-to-date symlink: /home/cowbot/cowbot_ws/install/serial_motor_msgs/lib/python3.12/site-packages/serial_motor_msgs/msg/_motor_vels_s.c
[4.252s] -- Up-to-date symlink: /home/cowbot/cowbot_ws/install/serial_motor_msgs/lib/python3.12/site-packages/serial_motor_msgs/serial_motor_msgs_s__rosidl_typesupport_c.so
[4.252s] -- Up-to-date symlink: /home/cowbot/cowbot_ws/install/serial_motor_msgs/lib/python3.12/site-packages/serial_motor_msgs/serial_motor_msgs_s__rosidl_typesupport_fastrtps_c.so
[4.253s] -- Up-to-date symlink: /home/cowbot/cowbot_ws/install/serial_motor_msgs/lib/python3.12/site-packages/serial_motor_msgs/serial_motor_msgs_s__rosidl_typesupport_introspection_c.so
[4.254s] -- Up-to-date symlink: /home/cowbot/cowbot_ws/install/serial_motor_msgs/lib/python3.12/site-packages/serial_motor_msgs/serial_motor_msgs_s__rosidl_typesupport_fastrtps_c.so
[4.255s] -- Up-to-date symlink: /home/cowbot/cowbot_ws/install/serial_motor_msgs/lib/python3.12/site-packages/serial_motor_msgs/serial_motor_msgs_s__rosidl_typesupport_introspection_c.so
[4.255s] -- Up-to-date symlink: /home/cowbot/cowbot_ws/install/serial_motor_msgs/lib/python3.12/site-packages/serial_motor_msgs/serial_motor_msgs_s__rosidl_typesupport_c.so
[4.256s] -- Up-to-date symlink: /home/cowbot/cowbot_ws/install/serial_motor_msgs/share/serial_motor_msgs/msg/MotorVels.idl
[4.257s] -- Up-to-date symlink: /home/cowbot/cowbot_ws/install/serial_motor_msgs/share/serial_motor_msgs/msg/MotorCommands.idl
[4.257s] -- Up-to-date symlink: /home/cowbot/cowbot_ws/install/serial_motor_msgs/share/serial_motor_msgs/msg/EncoderVals.idl
[4.258s] -- Up-to-date symlink: /home/cowbot/cowbot_ws/install/serial_motor_msgs/share/serial_motor_msgs/msg/MotorVels.msg
[4.261s] -- Up-to-date symlink: /home/cowbot/cowbot_ws/install/serial_motor_msgs/share/serial_motor_msgs/msg/MotorCommands.msg
[4.262s] -- Up-to-date symlink: /home/cowbot/cowbot_ws/install/serial_motor_msgs/share/serial_motor_msgs/msg/EncoderVals.msg
[4.262s] -- Up-to-date symlink: /home/cowbot/cowbot_ws/install/serial_motor_msgs/share/ament_index/resource_index/package_run_dependencies/serial_motor_msgs
[4.266s] -- Up-to-date symlink: /home/cowbot/cowbot_ws/install/serial_motor_msgs/share/ament_index/resource_index/parent_prefix_path/serial_motor_msgs
[4.267s] -- Up-to-date symlink: /home/cowbot/cowbot_ws/install/serial_motor_msgs/share/serial_motor_msgs/environment/ament_prefix_path.sh
[4.268s] -- Up-to-date symlink: /home/cowbot/cowbot_ws/install/serial_motor_msgs/share/serial_motor_msgs/environment/ament_prefix_path.dsv
[4.269s] -- Up-to-date symlink: /home/cowbot/cowbot_ws/install/serial_motor_msgs/share/serial_motor_msgs/environment/path.sh
[4.269s] -- Up-to-date symlink: /home/cowbot/cowbot_ws/install/serial_motor_msgs/share/serial_motor_msgs/environment/path.dsv
[4.270s] -- Up-to-date symlink: /home/cowbot/cowbot_ws/install/serial_motor_msgs/share/serial_motor_msgs/local_setup.bash
[4.271s] -- Up-to-date symlink: /home/cowbot/cowbot_ws/install/serial_motor_msgs/share/serial_motor_msgs/local_setup.sh
[4.272s] -- Up-to-date symlink: /home/cowbot/cowbot_ws/install/serial_motor_msgs/share/serial_motor_msgs/local_setup.zsh
[4.272s] -- Up-to-date symlink: /home/cowbot/cowbot_ws/install/serial_motor_msgs/share/serial_motor_msgs/local_setup.dsv
[4.273s] -- Symlinking: /home/cowbot/cowbot_ws/install/serial_motor_msgs/share/serial_motor_msgs/package.dsv
[4.352s] -- Up-to-date symlink: /home/cowbot/cowbot_ws/install/serial_motor_msgs/share/ament_index/resource_index/packages/serial_motor_msgs
[4.355s] -- Up-to-date symlink: /home/cowbot/cowbot_ws/install/serial_motor_msgs/share/serial_motor_msgs/cmake/rosidl_cmake-extras.cmake
[4.363s] -- Up-to-date symlink: /home/cowbot/cowbot_ws/install/serial_motor_msgs/share/serial_motor_msgs/cmake/ament_cmake_export_include_directories-extras.cmake
[4.365s] -- Up-to-date symlink: /home/cowbot/cowbot_ws/install/serial_motor_msgs/share/serial_motor_msgs/cmake/ament_cmake_export_libraries-extras.cmake
[4.369s] -- Up-to-date symlink: /home/cowbot/cowbot_ws/install/serial_motor_msgs/share/serial_motor_msgs/cmake/ament_cmake_export_targets-extras.cmake
[4.370s] -- Up-to-date symlink: /home/cowbot/cowbot_ws/install/serial_motor_msgs/share/serial_motor_msgs/cmake/rosidl_cmake_export_typesupport_targets-extras.cmake
[4.370s] -- Up-to-date symlink: /home/cowbot/cowbot_ws/install/serial_motor_msgs/share/serial_motor_msgs/cmake/ament_cmake_export_dependencies-extras.cmake
[4.372s] -- Up-to-date symlink: /home/cowbot/cowbot_ws/install/serial_motor_msgs/share/serial_motor_msgs/cmake/rosidl_cmake_export_typesupport_libraries-extras.cmake
[4.374s] -- Up-to-date symlink: /home/cowbot/cowbot_ws/install/serial_motor_msgs/share/serial_motor_msgs/cmake/serial_motor_msgsConfig.cmake
[4.375s] -- Up-to-date symlink: /home/cowbot/cowbot_ws/install/serial_motor_msgs/share/serial_motor_msgs/cmake/serial_motor_msgsConfig-version.cmake
[4.376s] -- Up-to-date symlink: /home/cowbot/cowbot_ws/install/serial_motor_msgs/share/serial_motor_msgs/package.xml
[4.377s] -- Up-to-date: /home/cowbot/cowbot_ws/install/serial_motor_msgs/lib/libserial_motor_msgs__rosidl_generator_c.so
[4.379s] -- Up-to-date: /home/cowbot/cowbot_ws/install/serial_motor_msgs/lib/libserial_motor_msgs__rosidl_typesupport_fastrtps_c.so
[4.380s] -- Up-to-date: /home/cowbot/cowbot_ws/install/serial_motor_msgs/lib/libserial_motor_msgs__rosidl_typesupport_introspection_c.so
[4.380s] -- Up-to-date: /home/cowbot/cowbot_ws/install/serial_motor_msgs/lib/libserial_motor_msgs__rosidl_typesupport_c.so
[4.392s] -- Up-to-date: /home/cowbot/cowbot_ws/install/serial_motor_msgs/lib/libserial_motor_msgs__rosidl_typesupport_fastrtps_cpp.so
[4.394s] -- Up-to-date: /home/cowbot/cowbot_ws/install/serial_motor_msgs/lib/libserial_motor_msgs__rosidl_typesupport_introspection_cpp.so
[4.398s] -- Up-to-date: /home/cowbot/cowbot_ws/install/serial_motor_msgs/lib/libserial_motor_msgs__rosidl_typesupport_cpp.so
[4.671s] Listing '/home/cowbot/cowbot_ws/install/serial_motor_msgs/lib/python3.12/site-packages/serial_motor_msgs'...
[4.673s] Listing '/home/cowbot/cowbot_ws/install/serial_motor_msgs/lib/python3.12/site-packages/serial_motor_msgs/msg'...
[4.710s] -- Up-to-date: /home/cowbot/cowbot_ws/install/serial_motor_msgs/lib/libserial_motor_msgs__rosidl_generator_py.so
[4.717s] -- Up-to-date: /home/cowbot/cowbot_ws/install/serial_motor_msgs/share/serial_motor_msgs/cmake/export_serial_motor_msgs__rosidl_generator_cExport.cmake
[4.718s] -- Up-to-date: /home/cowbot/cowbot_ws/install/serial_motor_msgs/share/serial_motor_msgs/cmake/export_serial_motor_msgs__rosidl_generator_cExport-noconfig.cmake
[4.718s] -- Up-to-date: /home/cowbot/cowbot_ws/install/serial_motor_msgs/share/serial_motor_msgs/cmake/export_serial_motor_msgs__rosidl_typesupport_fastrtps_cExport.cmake
[4.722s] -- Up-to-date: /home/cowbot/cowbot_ws/install/serial_motor_msgs/share/serial_motor_msgs/cmake/export_serial_motor_msgs__rosidl_typesupport_fastrtps_cExport-noconfig.cmake
[4.723s] -- Up-to-date: /home/cowbot/cowbot_ws/install/serial_motor_msgs/share/serial_motor_msgs/cmake/serial_motor_msgs__rosidl_typesupport_introspection_cExport.cmake
[4.724s] -- Up-to-date: /home/cowbot/cowbot_ws/install/serial_motor_msgs/share/serial_motor_msgs/cmake/serial_motor_msgs__rosidl_typesupport_introspection_cExport-noconfig.cmake
[4.727s] -- Up-to-date: /home/cowbot/cowbot_ws/install/serial_motor_msgs/share/serial_motor_msgs/cmake/serial_motor_msgs__rosidl_typesupport_cExport.cmake
[4.730s] -- Up-to-date: /home/cowbot/cowbot_ws/install/serial_motor_msgs/share/serial_motor_msgs/cmake/serial_motor_msgs__rosidl_typesupport_cExport-noconfig.cmake
[4.736s] -- Up-to-date: /home/cowbot/cowbot_ws/install/serial_motor_msgs/share/serial_motor_msgs/cmake/export_serial_motor_msgs__rosidl_generator_cppExport.cmake
[4.742s] -- Up-to-date: /home/cowbot/cowbot_ws/install/serial_motor_msgs/share/serial_motor_msgs/cmake/export_serial_motor_msgs__rosidl_typesupport_fastrtps_cppExport.cmake
[4.743s] -- Up-to-date: /home/cowbot/cowbot_ws/install/serial_motor_msgs/share/serial_motor_msgs/cmake/export_serial_motor_msgs__rosidl_typesupport_fastrtps_cppExport-noconfig.cmake
[4.750s] -- Up-to-date: /home/cowbot/cowbot_ws/install/serial_motor_msgs/share/serial_motor_msgs/cmake/serial_motor_msgs__rosidl_typesupport_introspection_cppExport.cmake
[4.754s] -- Up-to-date: /home/cowbot/cowbot_ws/install/serial_motor_msgs/share/serial_motor_msgs/cmake/serial_motor_msgs__rosidl_typesupport_introspection_cppExport-noconfig.cmake
[4.755s] -- Up-to-date: /home/cowbot/cowbot_ws/install/serial_motor_msgs/share/serial_motor_msgs/cmake/serial_motor_msgs__rosidl_typesupport_cppExport.cmake
[4.755s] -- Up-to-date: /home/cowbot/cowbot_ws/install/serial_motor_msgs/share/serial_motor_msgs/cmake/serial_motor_msgs__rosidl_typesupport_cppExport-noconfig.cmake
[4.767s] -- Up-to-date: /home/cowbot/cowbot_ws/install/serial_motor_msgs/share/serial_motor_msgs/cmake/export_serial_motor_msgs__rosidl_generator_pyExport.cmake
[4.768s] -- Up-to-date: /home/cowbot/cowbot_ws/install/serial_motor_msgs/share/serial_motor_msgs/cmake/export_serial_motor_msgs__rosidl_generator_pyExport-noconfig.cmake
[4.791s] Invoked command in '/home/cowbot/cowbot_ws/build/serial_motor_msgs' returned '0': CMAKE_PREFIX_PATH=${CMAKE_PREFIX_PATH}:/home/cowbot/cowbot_ws/install/serial_motor:/opt/ros/jazzy /usr/bin/cmake --install /home/cowbot/cowbot_ws/build/serial_motor_msgs
