[0.091s] Invoking command in '/home/cowbot/cowbot_ws/build/cowbot_bringup': CMAKE_PREFIX_PATH=${CMAKE_PREFIX_PATH}:/home/cowbot/cowbot_ws/install/serial_motor:/opt/ros/jazzy /usr/bin/cmake --build /home/cowbot/cowbot_ws/build/cowbot_bringup -- -j4 -l4
[0.348s] Invoked command in '/home/cowbot/cowbot_ws/build/cowbot_bringup' returned '0': CMAKE_PREFIX_PATH=${CMAKE_PREFIX_PATH}:/home/cowbot/cowbot_ws/install/serial_motor:/opt/ros/jazzy /usr/bin/cmake --build /home/cowbot/cowbot_ws/build/cowbot_bringup -- -j4 -l4
[0.446s] Invoking command in '/home/cowbot/cowbot_ws/build/cowbot_bringup': CMAKE_PREFIX_PATH=${CMAKE_PREFIX_PATH}:/home/cowbot/cowbot_ws/install/serial_motor:/opt/ros/jazzy /usr/bin/cmake --install /home/cowbot/cowbot_ws/build/cowbot_bringup
[0.542s] -- Install configuration: ""
[0.547s] -- Execute custom install script
[0.553s] -- Up-to-date symlink: /home/cowbot/cowbot_ws/install/cowbot_bringup/share/cowbot_bringup//launch/bringup.launch.xml
[0.555s] -- Up-to-date symlink: /home/cowbot/cowbot_ws/install/cowbot_bringup/share/ament_index/resource_index/package_run_dependencies/cowbot_bringup
[0.564s] -- Up-to-date symlink: /home/cowbot/cowbot_ws/install/cowbot_bringup/share/ament_index/resource_index/parent_prefix_path/cowbot_bringup
[0.567s] -- Up-to-date symlink: /home/cowbot/cowbot_ws/install/cowbot_bringup/share/cowbot_bringup/environment/ament_prefix_path.sh
[0.571s] -- Up-to-date symlink: /home/cowbot/cowbot_ws/install/cowbot_bringup/share/cowbot_bringup/environment/ament_prefix_path.dsv
[0.571s] -- Up-to-date symlink: /home/cowbot/cowbot_ws/install/cowbot_bringup/share/cowbot_bringup/environment/path.sh
[0.579s] -- Up-to-date symlink: /home/cowbot/cowbot_ws/install/cowbot_bringup/share/cowbot_bringup/environment/path.dsv
[0.588s] -- Up-to-date symlink: /home/cowbot/cowbot_ws/install/cowbot_bringup/share/cowbot_bringup/local_setup.bash
[0.597s] -- Up-to-date symlink: /home/cowbot/cowbot_ws/install/cowbot_bringup/share/cowbot_bringup/local_setup.sh
[0.598s] -- Up-to-date symlink: /home/cowbot/cowbot_ws/install/cowbot_bringup/share/cowbot_bringup/local_setup.zsh
[0.599s] -- Up-to-date symlink: /home/cowbot/cowbot_ws/install/cowbot_bringup/share/cowbot_bringup/local_setup.dsv
[0.599s] -- Symlinking: /home/cowbot/cowbot_ws/install/cowbot_bringup/share/cowbot_bringup/package.dsv
[0.756s] -- Up-to-date symlink: /home/cowbot/cowbot_ws/install/cowbot_bringup/share/ament_index/resource_index/packages/cowbot_bringup
[0.759s] -- Up-to-date symlink: /home/cowbot/cowbot_ws/install/cowbot_bringup/share/cowbot_bringup/cmake/cowbot_bringupConfig.cmake
[0.762s] -- Up-to-date symlink: /home/cowbot/cowbot_ws/install/cowbot_bringup/share/cowbot_bringup/cmake/cowbot_bringupConfig-version.cmake
[0.776s] -- Up-to-date symlink: /home/cowbot/cowbot_ws/install/cowbot_bringup/share/cowbot_bringup/package.xml
[0.809s] Invoked command in '/home/cowbot/cowbot_ws/build/cowbot_bringup' returned '0': CMAKE_PREFIX_PATH=${CMAKE_PREFIX_PATH}:/home/cowbot/cowbot_ws/install/serial_motor:/opt/ros/jazzy /usr/bin/cmake --install /home/cowbot/cowbot_ws/build/cowbot_bringup
