[0.376s] Invoking command in '/home/cowbot/cowbot_ws/build/cowbot_gazebo': CMAKE_PREFIX_PATH=${CMAKE_PREFIX_PATH}:/home/cowbot/cowbot_ws/install/serial_motor:/opt/ros/jazzy /usr/bin/cmake --build /home/cowbot/cowbot_ws/build/cowbot_gazebo -- -j4 -l4
[0.708s] Invoked command in '/home/cowbot/cowbot_ws/build/cowbot_gazebo' returned '0': CMAKE_PREFIX_PATH=${CMAKE_PREFIX_PATH}:/home/cowbot/cowbot_ws/install/serial_motor:/opt/ros/jazzy /usr/bin/cmake --build /home/cowbot/cowbot_ws/build/cowbot_gazebo -- -j4 -l4
[0.709s] Invoking command in '/home/cowbot/cowbot_ws/build/cowbot_gazebo': CMAKE_PREFIX_PATH=${CMAKE_PREFIX_PATH}:/home/cowbot/cowbot_ws/install/serial_motor:/opt/ros/jazzy /usr/bin/cmake --install /home/cowbot/cowbot_ws/build/cowbot_gazebo
[0.766s] -- Install configuration: ""
[0.768s] -- Execute custom install script
[0.775s] -- Up-to-date symlink: /home/cowbot/cowbot_ws/install/cowbot_gazebo/share/cowbot_gazebo/launch/botbox_world.launch.xml
[0.776s] -- Up-to-date symlink: /home/cowbot/cowbot_ws/install/cowbot_gazebo/share/cowbot_gazebo/launch/one_cowbot_warehouse.launch.py
[0.779s] -- Up-to-date symlink: /home/cowbot/cowbot_ws/install/cowbot_gazebo/share/cowbot_gazebo/launch/spawn.launch.xml
[0.780s] -- Up-to-date symlink: /home/cowbot/cowbot_ws/install/cowbot_gazebo/share/cowbot_gazebo/launch/spawn_cowbot.launch.xml
[0.783s] -- Up-to-date symlink: /home/cowbot/cowbot_ws/install/cowbot_gazebo/share/cowbot_gazebo/launch/spawn_in_gazebo.launch.py
[0.784s] -- Up-to-date symlink: /home/cowbot/cowbot_ws/install/cowbot_gazebo/share/cowbot_gazebo/gazebo/cowbot_plugins.gazebo
[0.785s] -- Up-to-date symlink: /home/cowbot/cowbot_ws/install/cowbot_gazebo/share/ament_index/resource_index/package_run_dependencies/cowbot_gazebo
[0.788s] -- Up-to-date symlink: /home/cowbot/cowbot_ws/install/cowbot_gazebo/share/ament_index/resource_index/parent_prefix_path/cowbot_gazebo
[0.790s] -- Up-to-date symlink: /home/cowbot/cowbot_ws/install/cowbot_gazebo/share/cowbot_gazebo/environment/ament_prefix_path.sh
[0.793s] -- Up-to-date symlink: /home/cowbot/cowbot_ws/install/cowbot_gazebo/share/cowbot_gazebo/environment/ament_prefix_path.dsv
[0.795s] -- Up-to-date symlink: /home/cowbot/cowbot_ws/install/cowbot_gazebo/share/cowbot_gazebo/environment/path.sh
[0.801s] -- Up-to-date symlink: /home/cowbot/cowbot_ws/install/cowbot_gazebo/share/cowbot_gazebo/environment/path.dsv
[0.802s] -- Up-to-date symlink: /home/cowbot/cowbot_ws/install/cowbot_gazebo/share/cowbot_gazebo/local_setup.bash
[0.806s] -- Up-to-date symlink: /home/cowbot/cowbot_ws/install/cowbot_gazebo/share/cowbot_gazebo/local_setup.sh
[0.808s] -- Up-to-date symlink: /home/cowbot/cowbot_ws/install/cowbot_gazebo/share/cowbot_gazebo/local_setup.zsh
[0.812s] -- Up-to-date symlink: /home/cowbot/cowbot_ws/install/cowbot_gazebo/share/cowbot_gazebo/local_setup.dsv
[0.812s] -- Symlinking: /home/cowbot/cowbot_ws/install/cowbot_gazebo/share/cowbot_gazebo/package.dsv
[0.876s] -- Up-to-date symlink: /home/cowbot/cowbot_ws/install/cowbot_gazebo/share/ament_index/resource_index/packages/cowbot_gazebo
[0.881s] -- Up-to-date symlink: /home/cowbot/cowbot_ws/install/cowbot_gazebo/share/cowbot_gazebo/cmake/cowbot_gazeboConfig.cmake
[0.882s] -- Up-to-date symlink: /home/cowbot/cowbot_ws/install/cowbot_gazebo/share/cowbot_gazebo/cmake/cowbot_gazeboConfig-version.cmake
[0.885s] -- Up-to-date symlink: /home/cowbot/cowbot_ws/install/cowbot_gazebo/share/cowbot_gazebo/package.xml
[0.896s] Invoked command in '/home/cowbot/cowbot_ws/build/cowbot_gazebo' returned '0': CMAKE_PREFIX_PATH=${CMAKE_PREFIX_PATH}:/home/cowbot/cowbot_ws/install/serial_motor:/opt/ros/jazzy /usr/bin/cmake --install /home/cowbot/cowbot_ws/build/cowbot_gazebo
