[0.088s] Invoking command in '/home/cowbot/cowbot_ws/build/cowbot_bringup': CMAKE_PREFIX_PATH=${CMAKE_PREFIX_PATH}:/home/cowbot/cowbot_ws/install/serial_motor:/opt/ros/jazzy /usr/bin/cmake --build /home/cowbot/cowbot_ws/build/cowbot_bringup -- -j4 -l4
[0.356s] Invoked command in '/home/cowbot/cowbot_ws/build/cowbot_bringup' returned '0': CMAKE_PREFIX_PATH=${CMAKE_PREFIX_PATH}:/home/cowbot/cowbot_ws/install/serial_motor:/opt/ros/jazzy /usr/bin/cmake --build /home/cowbot/cowbot_ws/build/cowbot_bringup -- -j4 -l4
[0.463s] Invoking command in '/home/cowbot/cowbot_ws/build/cowbot_bringup': CMAKE_PREFIX_PATH=${CMAKE_PREFIX_PATH}:/home/cowbot/cowbot_ws/install/serial_motor:/opt/ros/jazzy /usr/bin/cmake --install /home/cowbot/cowbot_ws/build/cowbot_bringup
[0.556s] -- Install configuration: ""
[0.557s] -- Execute custom install script
[0.563s] -- Up-to-date symlink: /home/cowbot/cowbot_ws/install/cowbot_bringup/share/cowbot_bringup//launch/bringup.launch.xml
[0.564s] -- Up-to-date symlink: /home/cowbot/cowbot_ws/install/cowbot_bringup/share/ament_index/resource_index/package_run_dependencies/cowbot_bringup
[0.584s] -- Up-to-date symlink: /home/cowbot/cowbot_ws/install/cowbot_bringup/share/ament_index/resource_index/parent_prefix_path/cowbot_bringup
[0.585s] -- Up-to-date symlink: /home/cowbot/cowbot_ws/install/cowbot_bringup/share/cowbot_bringup/environment/ament_prefix_path.sh
[0.595s] -- Up-to-date symlink: /home/cowbot/cowbot_ws/install/cowbot_bringup/share/cowbot_bringup/environment/ament_prefix_path.dsv
[0.596s] -- Up-to-date symlink: /home/cowbot/cowbot_ws/install/cowbot_bringup/share/cowbot_bringup/environment/path.sh
[0.603s] -- Up-to-date symlink: /home/cowbot/cowbot_ws/install/cowbot_bringup/share/cowbot_bringup/environment/path.dsv
[0.604s] -- Up-to-date symlink: /home/cowbot/cowbot_ws/install/cowbot_bringup/share/cowbot_bringup/local_setup.bash
[0.605s] -- Up-to-date symlink: /home/cowbot/cowbot_ws/install/cowbot_bringup/share/cowbot_bringup/local_setup.sh
[0.609s] -- Up-to-date symlink: /home/cowbot/cowbot_ws/install/cowbot_bringup/share/cowbot_bringup/local_setup.zsh
[0.611s] -- Up-to-date symlink: /home/cowbot/cowbot_ws/install/cowbot_bringup/share/cowbot_bringup/local_setup.dsv
[0.611s] -- Symlinking: /home/cowbot/cowbot_ws/install/cowbot_bringup/share/cowbot_bringup/package.dsv
[0.726s] -- Up-to-date symlink: /home/cowbot/cowbot_ws/install/cowbot_bringup/share/ament_index/resource_index/packages/cowbot_bringup
[0.731s] -- Up-to-date symlink: /home/cowbot/cowbot_ws/install/cowbot_bringup/share/cowbot_bringup/cmake/cowbot_bringupConfig.cmake
[0.732s] -- Up-to-date symlink: /home/cowbot/cowbot_ws/install/cowbot_bringup/share/cowbot_bringup/cmake/cowbot_bringupConfig-version.cmake
[0.737s] -- Up-to-date symlink: /home/cowbot/cowbot_ws/install/cowbot_bringup/share/cowbot_bringup/package.xml
[0.758s] Invoked command in '/home/cowbot/cowbot_ws/build/cowbot_bringup' returned '0': CMAKE_PREFIX_PATH=${CMAKE_PREFIX_PATH}:/home/cowbot/cowbot_ws/install/serial_motor:/opt/ros/jazzy /usr/bin/cmake --install /home/cowbot/cowbot_ws/build/cowbot_bringup
