[0.067s] Invoking command in '/home/cowbot/cowbot_ws/build/cowbot_bringup': CMAKE_PREFIX_PATH=${CMAKE_PREFIX_PATH}:/home/cowbot/cowbot_ws/install/serial_motor:/opt/ros/jazzy /usr/bin/cmake --build /home/cowbot/cowbot_ws/build/cowbot_bringup -- -j4 -l4
[0.265s] Invoked command in '/home/cowbot/cowbot_ws/build/cowbot_bringup' returned '0': CMAKE_PREFIX_PATH=${CMAKE_PREFIX_PATH}:/home/cowbot/cowbot_ws/install/serial_motor:/opt/ros/jazzy /usr/bin/cmake --build /home/cowbot/cowbot_ws/build/cowbot_bringup -- -j4 -l4
[0.312s] Invoking command in '/home/cowbot/cowbot_ws/build/cowbot_bringup': CMAKE_PREFIX_PATH=${CMAKE_PREFIX_PATH}:/home/cowbot/cowbot_ws/install/serial_motor:/opt/ros/jazzy /usr/bin/cmake --install /home/cowbot/cowbot_ws/build/cowbot_bringup
[0.353s] -- Install configuration: ""
[0.355s] -- Execute custom install script
[0.358s] -- Up-to-date symlink: /home/cowbot/cowbot_ws/install/cowbot_bringup/share/cowbot_bringup//launch/bringup.launch.xml
[0.360s] -- Up-to-date symlink: /home/cowbot/cowbot_ws/install/cowbot_bringup/share/ament_index/resource_index/package_run_dependencies/cowbot_bringup
[0.361s] -- Up-to-date symlink: /home/cowbot/cowbot_ws/install/cowbot_bringup/share/ament_index/resource_index/parent_prefix_path/cowbot_bringup
[0.362s] -- Up-to-date symlink: /home/cowbot/cowbot_ws/install/cowbot_bringup/share/cowbot_bringup/environment/ament_prefix_path.sh
[0.364s] -- Up-to-date symlink: /home/cowbot/cowbot_ws/install/cowbot_bringup/share/cowbot_bringup/environment/ament_prefix_path.dsv
[0.365s] -- Up-to-date symlink: /home/cowbot/cowbot_ws/install/cowbot_bringup/share/cowbot_bringup/environment/path.sh
[0.366s] -- Up-to-date symlink: /home/cowbot/cowbot_ws/install/cowbot_bringup/share/cowbot_bringup/environment/path.dsv
[0.367s] -- Up-to-date symlink: /home/cowbot/cowbot_ws/install/cowbot_bringup/share/cowbot_bringup/local_setup.bash
[0.368s] -- Up-to-date symlink: /home/cowbot/cowbot_ws/install/cowbot_bringup/share/cowbot_bringup/local_setup.sh
[0.369s] -- Up-to-date symlink: /home/cowbot/cowbot_ws/install/cowbot_bringup/share/cowbot_bringup/local_setup.zsh
[0.370s] -- Up-to-date symlink: /home/cowbot/cowbot_ws/install/cowbot_bringup/share/cowbot_bringup/local_setup.dsv
[0.372s] -- Symlinking: /home/cowbot/cowbot_ws/install/cowbot_bringup/share/cowbot_bringup/package.dsv
[0.420s] -- Up-to-date symlink: /home/cowbot/cowbot_ws/install/cowbot_bringup/share/ament_index/resource_index/packages/cowbot_bringup
[0.421s] -- Up-to-date symlink: /home/cowbot/cowbot_ws/install/cowbot_bringup/share/cowbot_bringup/cmake/cowbot_bringupConfig.cmake
[0.422s] -- Up-to-date symlink: /home/cowbot/cowbot_ws/install/cowbot_bringup/share/cowbot_bringup/cmake/cowbot_bringupConfig-version.cmake
[0.423s] -- Up-to-date symlink: /home/cowbot/cowbot_ws/install/cowbot_bringup/share/cowbot_bringup/package.xml
[0.432s] Invoked command in '/home/cowbot/cowbot_ws/build/cowbot_bringup' returned '0': CMAKE_PREFIX_PATH=${CMAKE_PREFIX_PATH}:/home/cowbot/cowbot_ws/install/serial_motor:/opt/ros/jazzy /usr/bin/cmake --install /home/cowbot/cowbot_ws/build/cowbot_bringup
