[0.054s] Invoking command in '/home/cowbot/cowbot_ws/build/lslidar_driver': CMAKE_PREFIX_PATH=/home/cowbot/cowbot_ws/install/lslidar_msgs:/home/cowbot/cowbot_ws/install/serial_motor_msgs:/home/cowbot/cowbot_ws/install/lslidar_driver:/home/cowbot/cowbot_ws/install/cowbot_gazebo:/home/cowbot/cowbot_ws/install/cowbot_description:/home/cowbot/cowbot_ws/install/cowbot_bringup:/home/cowbot/cowbot_ws/install/serial_motor:/opt/ros/jazzy LD_LIBRARY_PATH=/home/cowbot/cowbot_ws/install/lslidar_msgs/lib:/home/cowbot/cowbot_ws/install/serial_motor_msgs/lib:/opt/ros/jazzy/lib/aarch64-linux-gnu:/opt/ros/jazzy/lib PYTHONPATH=/home/cowbot/cowbot_ws/install/lslidar_msgs/lib/python3.12/site-packages:/home/cowbot/cowbot_ws/install/serial_motor/lib/python3.12/site-packages:/home/cowbot/cowbot_ws/install/serial_motor_msgs/lib/python3.12/site-packages:/opt/ros/jazzy/lib/python3.12/site-packages /usr/bin/cmake /home/cowbot/cowbot_ws/src/Lslidar_ROS2_driver/lslidar_driver -DAMENT_CMAKE_SYMLINK_INSTALL=1 -DCMAKE_INSTALL_PREFIX=/home/cowbot/cowbot_ws/install/lslidar_driver
[0.153s] -- Found Boost: /usr/lib/aarch64-linux-gnu/cmake/Boost-1.83.0/BoostConfig.cmake (found version "1.83.0") found components: thread 
[0.157s] -- Found rclcpp: 28.1.12 (/opt/ros/jazzy/share/rclcpp/cmake)
[1.251s] -- Override CMake install command with custom implementation using symlinks instead of copying resources
[1.480s] -- Found rosidl_generator_c: 4.6.6 (/opt/ros/jazzy/share/rosidl_generator_c/cmake)
[1.526s] -- Found rosidl_generator_cpp: 4.6.6 (/opt/ros/jazzy/share/rosidl_generator_cpp/cmake)
[1.584s] -- Using all available rosidl_typesupport_c: rosidl_typesupport_fastrtps_c;rosidl_typesupport_introspection_c
[1.652s] -- Using all available rosidl_typesupport_cpp: rosidl_typesupport_fastrtps_cpp;rosidl_typesupport_introspection_cpp
[1.936s] -- Found rmw_implementation_cmake: 7.3.2 (/opt/ros/jazzy/share/rmw_implementation_cmake/cmake)
[1.944s] -- Found rmw_cyclonedds_cpp: 2.2.3 (/opt/ros/jazzy/share/rmw_cyclonedds_cpp/cmake)
[2.048s] -- Using RMW implementation 'rmw_cyclonedds_cpp' as default
[2.418s] -- Found Boost: /usr/lib/aarch64-linux-gnu/cmake/Boost-1.83.0/BoostConfig.cmake (found suitable version "1.83.0", minimum required is "1.65.0") found components: system filesystem iostreams serialization 
[2.425s] [33mCMake Warning (dev) at /usr/lib/aarch64-linux-gnu/cmake/pcl/Modules/FindFLANN.cmake:45 (find_package):
[2.425s]   Policy CMP0144 is not set: find_package uses upper-case <PACKAGENAME>_ROOT
[2.426s]   variables.  Run "cmake --help-policy CMP0144" for policy details.  Use the
[2.426s]   cmake_policy command to set the policy and suppress this warning.
[2.427s] 
[2.427s]   CMake variable FLANN_ROOT is set to:
[2.428s] 
[2.428s]     /usr
[2.429s] 
[2.429s]   For compatibility, find_package is ignoring the variable, but code in a
[2.430s]   .cmake module might still use it.
[2.430s] Call Stack (most recent call first):
[2.431s]   /usr/lib/aarch64-linux-gnu/cmake/pcl/PCLConfig.cmake:261 (find_package)
[2.431s]   /usr/lib/aarch64-linux-gnu/cmake/pcl/PCLConfig.cmake:306 (find_flann)
[2.432s]   /usr/lib/aarch64-linux-gnu/cmake/pcl/PCLConfig.cmake:570 (find_external_library)
[2.432s]   CMakeLists.txt:21 (find_package)
[2.433s] This warning is for project developers.  Use -Wno-dev to suppress it.
[2.433s] [0m
[2.434s] -- Found flann version 1.9.2
[4.507s] -- OpenNI found (version: 1.5.4.0, include: /usr/include/ni, lib: /usr/lib/libOpenNI.so;libusb::libusb)
[4.536s] -- OpenNI2 found (version: 2.2.0.33, include: /usr/include/openni2, lib: /usr/lib/aarch64-linux-gnu/libOpenNI2.so;libusb::libusb)
[6.581s] -- OpenNI found (version: 1.5.4.0, include: /usr/include/ni, lib: /usr/lib/libOpenNI.so;libusb::libusb)
[6.609s] -- OpenNI2 found (version: 2.2.0.33, include: /usr/include/openni2, lib: /usr/lib/aarch64-linux-gnu/libOpenNI2.so;libusb::libusb)
[8.440s] -- Found Qhull version 8.0.2
[10.340s] -- OpenNI found (version: 1.5.4.0, include: /usr/include/ni, lib: /usr/lib/libOpenNI.so;libusb::libusb)
[12.180s] -- looking for PCL_COMMON
[12.182s] -- looking for PCL_KDTREE
[12.183s] -- looking for PCL_OCTREE
[12.185s] -- looking for PCL_SEARCH
[12.187s] -- looking for PCL_SAMPLE_CONSENSUS
[12.189s] -- looking for PCL_FILTERS
[12.191s] -- looking for PCL_2D
[12.192s] -- looking for PCL_GEOMETRY
[12.194s] -- looking for PCL_IO
[12.196s] -- looking for PCL_FEATURES
[12.198s] -- looking for PCL_ML
[12.199s] -- looking for PCL_SEGMENTATION
[12.201s] -- looking for PCL_VISUALIZATION
[12.203s] -- looking for PCL_SURFACE
[12.205s] -- looking for PCL_REGISTRATION
[12.207s] -- looking for PCL_KEYPOINTS
[12.209s] -- looking for PCL_TRACKING
[12.211s] -- looking for PCL_RECOGNITION
[12.213s] -- looking for PCL_STEREO
[12.215s] -- looking for PCL_APPS
[12.218s] -- looking for PCL_IN_HAND_SCANNER
[12.220s] -- looking for PCL_MODELER
[12.221s] -- looking for PCL_POINT_CLOUD_EDITOR
[12.222s] -- looking for PCL_OUTOFCORE
[12.224s] -- looking for PCL_PEOPLE
[12.230s] -- Found diagnostic_updater: 4.2.6 (/opt/ros/jazzy/share/diagnostic_updater/cmake)
[12.381s] -- Found lslidar_msgs: 1.2.0 (/home/cowbot/cowbot_ws/install/lslidar_msgs/share/lslidar_msgs/cmake)
[12.444s] -- Found pluginlib: 5.4.2 (/opt/ros/jazzy/share/pluginlib/cmake)
[12.464s] -- Found TinyXML2 via Config file: /usr/lib/aarch64-linux-gnu/cmake/tinyxml2
[12.469s] -- Found pcl_conversions: 2.6.2 (/opt/ros/jazzy/share/pcl_conversions/cmake)
[13.217s] -- Configuring done (13.1s)
[13.849s] -- Generating done (0.5s)
[13.883s] -- Build files have been written to: /home/cowbot/cowbot_ws/build/lslidar_driver
[13.966s] Invoked command in '/home/cowbot/cowbot_ws/build/lslidar_driver' returned '0': CMAKE_PREFIX_PATH=/home/cowbot/cowbot_ws/install/lslidar_msgs:/home/cowbot/cowbot_ws/install/serial_motor_msgs:/home/cowbot/cowbot_ws/install/lslidar_driver:/home/cowbot/cowbot_ws/install/cowbot_gazebo:/home/cowbot/cowbot_ws/install/cowbot_description:/home/cowbot/cowbot_ws/install/cowbot_bringup:/home/cowbot/cowbot_ws/install/serial_motor:/opt/ros/jazzy LD_LIBRARY_PATH=/home/cowbot/cowbot_ws/install/lslidar_msgs/lib:/home/cowbot/cowbot_ws/install/serial_motor_msgs/lib:/opt/ros/jazzy/lib/aarch64-linux-gnu:/opt/ros/jazzy/lib PYTHONPATH=/home/cowbot/cowbot_ws/install/lslidar_msgs/lib/python3.12/site-packages:/home/cowbot/cowbot_ws/install/serial_motor/lib/python3.12/site-packages:/home/cowbot/cowbot_ws/install/serial_motor_msgs/lib/python3.12/site-packages:/opt/ros/jazzy/lib/python3.12/site-packages /usr/bin/cmake /home/cowbot/cowbot_ws/src/Lslidar_ROS2_driver/lslidar_driver -DAMENT_CMAKE_SYMLINK_INSTALL=1 -DCMAKE_INSTALL_PREFIX=/home/cowbot/cowbot_ws/install/lslidar_driver
[13.973s] Invoking command in '/home/cowbot/cowbot_ws/build/lslidar_driver': CMAKE_PREFIX_PATH=/home/cowbot/cowbot_ws/install/lslidar_msgs:/home/cowbot/cowbot_ws/install/serial_motor_msgs:/home/cowbot/cowbot_ws/install/lslidar_driver:/home/cowbot/cowbot_ws/install/cowbot_gazebo:/home/cowbot/cowbot_ws/install/cowbot_description:/home/cowbot/cowbot_ws/install/cowbot_bringup:/home/cowbot/cowbot_ws/install/serial_motor:/opt/ros/jazzy LD_LIBRARY_PATH=/home/cowbot/cowbot_ws/install/lslidar_msgs/lib:/home/cowbot/cowbot_ws/install/serial_motor_msgs/lib:/opt/ros/jazzy/lib/aarch64-linux-gnu:/opt/ros/jazzy/lib PYTHONPATH=/home/cowbot/cowbot_ws/install/lslidar_msgs/lib/python3.12/site-packages:/home/cowbot/cowbot_ws/install/serial_motor/lib/python3.12/site-packages:/home/cowbot/cowbot_ws/install/serial_motor_msgs/lib/python3.12/site-packages:/opt/ros/jazzy/lib/python3.12/site-packages /usr/bin/cmake --build /home/cowbot/cowbot_ws/build/lslidar_driver -- -j4 -l4
[14.463s] [100%] Built target lslidar_driver_node
[14.520s] Invoked command in '/home/cowbot/cowbot_ws/build/lslidar_driver' returned '0': CMAKE_PREFIX_PATH=/home/cowbot/cowbot_ws/install/lslidar_msgs:/home/cowbot/cowbot_ws/install/serial_motor_msgs:/home/cowbot/cowbot_ws/install/lslidar_driver:/home/cowbot/cowbot_ws/install/cowbot_gazebo:/home/cowbot/cowbot_ws/install/cowbot_description:/home/cowbot/cowbot_ws/install/cowbot_bringup:/home/cowbot/cowbot_ws/install/serial_motor:/opt/ros/jazzy LD_LIBRARY_PATH=/home/cowbot/cowbot_ws/install/lslidar_msgs/lib:/home/cowbot/cowbot_ws/install/serial_motor_msgs/lib:/opt/ros/jazzy/lib/aarch64-linux-gnu:/opt/ros/jazzy/lib PYTHONPATH=/home/cowbot/cowbot_ws/install/lslidar_msgs/lib/python3.12/site-packages:/home/cowbot/cowbot_ws/install/serial_motor/lib/python3.12/site-packages:/home/cowbot/cowbot_ws/install/serial_motor_msgs/lib/python3.12/site-packages:/opt/ros/jazzy/lib/python3.12/site-packages /usr/bin/cmake --build /home/cowbot/cowbot_ws/build/lslidar_driver -- -j4 -l4
[14.527s] Invoking command in '/home/cowbot/cowbot_ws/build/lslidar_driver': CMAKE_PREFIX_PATH=/home/cowbot/cowbot_ws/install/lslidar_msgs:/home/cowbot/cowbot_ws/install/serial_motor_msgs:/home/cowbot/cowbot_ws/install/lslidar_driver:/home/cowbot/cowbot_ws/install/cowbot_gazebo:/home/cowbot/cowbot_ws/install/cowbot_description:/home/cowbot/cowbot_ws/install/cowbot_bringup:/home/cowbot/cowbot_ws/install/serial_motor:/opt/ros/jazzy LD_LIBRARY_PATH=/home/cowbot/cowbot_ws/install/lslidar_msgs/lib:/home/cowbot/cowbot_ws/install/serial_motor_msgs/lib:/opt/ros/jazzy/lib/aarch64-linux-gnu:/opt/ros/jazzy/lib PYTHONPATH=/home/cowbot/cowbot_ws/install/lslidar_msgs/lib/python3.12/site-packages:/home/cowbot/cowbot_ws/install/serial_motor/lib/python3.12/site-packages:/home/cowbot/cowbot_ws/install/serial_motor_msgs/lib/python3.12/site-packages:/opt/ros/jazzy/lib/python3.12/site-packages /usr/bin/cmake --install /home/cowbot/cowbot_ws/build/lslidar_driver
[14.569s] -- Install configuration: ""
[14.571s] -- Execute custom install script
[14.573s] -- Up-to-date symlink: /home/cowbot/cowbot_ws/install/lslidar_driver/share/lslidar_driver/launch/lslidar_double_launch.py
[14.573s] -- Up-to-date symlink: /home/cowbot/cowbot_ws/install/lslidar_driver/share/lslidar_driver/launch/lslidar_launch.py
[14.575s] -- Up-to-date symlink: /home/cowbot/cowbot_ws/install/lslidar_driver/share/lslidar_driver/params/lsx10.yaml
[14.576s] -- Up-to-date symlink: /home/cowbot/cowbot_ws/install/lslidar_driver/share/lslidar_driver/params/lsx10_1.yaml
[14.577s] -- Up-to-date symlink: /home/cowbot/cowbot_ws/install/lslidar_driver/share/lslidar_driver/params/lsx10_2.yaml
[14.578s] -- Up-to-date symlink: /home/cowbot/cowbot_ws/install/lslidar_driver/share/lslidar_driver/rviz/lslidar.rviz
[14.579s] -- Up-to-date symlink: /home/cowbot/cowbot_ws/install/lslidar_driver/lib/lslidar_driver/lslidar_driver_node
[14.581s] -- Up-to-date symlink: /home/cowbot/cowbot_ws/install/lslidar_driver/share/ament_index/resource_index/package_run_dependencies/lslidar_driver
[14.582s] -- Up-to-date symlink: /home/cowbot/cowbot_ws/install/lslidar_driver/share/ament_index/resource_index/parent_prefix_path/lslidar_driver
[14.583s] -- Up-to-date symlink: /home/cowbot/cowbot_ws/install/lslidar_driver/share/lslidar_driver/environment/ament_prefix_path.sh
[14.584s] -- Up-to-date symlink: /home/cowbot/cowbot_ws/install/lslidar_driver/share/lslidar_driver/environment/ament_prefix_path.dsv
[14.585s] -- Up-to-date symlink: /home/cowbot/cowbot_ws/install/lslidar_driver/share/lslidar_driver/environment/path.sh
[14.586s] -- Up-to-date symlink: /home/cowbot/cowbot_ws/install/lslidar_driver/share/lslidar_driver/environment/path.dsv
[14.587s] -- Up-to-date symlink: /home/cowbot/cowbot_ws/install/lslidar_driver/share/lslidar_driver/local_setup.bash
[14.588s] -- Up-to-date symlink: /home/cowbot/cowbot_ws/install/lslidar_driver/share/lslidar_driver/local_setup.sh
[14.589s] -- Up-to-date symlink: /home/cowbot/cowbot_ws/install/lslidar_driver/share/lslidar_driver/local_setup.zsh
[14.590s] -- Up-to-date symlink: /home/cowbot/cowbot_ws/install/lslidar_driver/share/lslidar_driver/local_setup.dsv
[14.591s] -- Symlinking: /home/cowbot/cowbot_ws/install/lslidar_driver/share/lslidar_driver/package.dsv
[14.639s] -- Up-to-date symlink: /home/cowbot/cowbot_ws/install/lslidar_driver/share/ament_index/resource_index/packages/lslidar_driver
[14.640s] -- Up-to-date symlink: /home/cowbot/cowbot_ws/install/lslidar_driver/share/lslidar_driver/cmake/ament_cmake_export_dependencies-extras.cmake
[14.641s] -- Up-to-date symlink: /home/cowbot/cowbot_ws/install/lslidar_driver/share/lslidar_driver/cmake/ament_cmake_export_include_directories-extras.cmake
[14.643s] -- Up-to-date symlink: /home/cowbot/cowbot_ws/install/lslidar_driver/share/lslidar_driver/cmake/lslidar_driverConfig.cmake
[14.644s] -- Up-to-date symlink: /home/cowbot/cowbot_ws/install/lslidar_driver/share/lslidar_driver/cmake/lslidar_driverConfig-version.cmake
[14.645s] -- Up-to-date symlink: /home/cowbot/cowbot_ws/install/lslidar_driver/share/lslidar_driver/package.xml
[14.653s] Invoked command in '/home/cowbot/cowbot_ws/build/lslidar_driver' returned '0': CMAKE_PREFIX_PATH=/home/cowbot/cowbot_ws/install/lslidar_msgs:/home/cowbot/cowbot_ws/install/serial_motor_msgs:/home/cowbot/cowbot_ws/install/lslidar_driver:/home/cowbot/cowbot_ws/install/cowbot_gazebo:/home/cowbot/cowbot_ws/install/cowbot_description:/home/cowbot/cowbot_ws/install/cowbot_bringup:/home/cowbot/cowbot_ws/install/serial_motor:/opt/ros/jazzy LD_LIBRARY_PATH=/home/cowbot/cowbot_ws/install/lslidar_msgs/lib:/home/cowbot/cowbot_ws/install/serial_motor_msgs/lib:/opt/ros/jazzy/lib/aarch64-linux-gnu:/opt/ros/jazzy/lib PYTHONPATH=/home/cowbot/cowbot_ws/install/lslidar_msgs/lib/python3.12/site-packages:/home/cowbot/cowbot_ws/install/serial_motor/lib/python3.12/site-packages:/home/cowbot/cowbot_ws/install/serial_motor_msgs/lib/python3.12/site-packages:/opt/ros/jazzy/lib/python3.12/site-packages /usr/bin/cmake --install /home/cowbot/cowbot_ws/build/lslidar_driver
