[0.107s] Invoking command in '/home/cowbot/cowbot_ws/build/cowbot_bringup': CMAKE_PREFIX_PATH=/opt/ros/jazzy /usr/bin/cmake --build /home/cowbot/cowbot_ws/build/cowbot_bringup -- -j4 -l4
[0.637s] Invoked command in '/home/cowbot/cowbot_ws/build/cowbot_bringup' returned '0': CMAKE_PREFIX_PATH=/opt/ros/jazzy /usr/bin/cmake --build /home/cowbot/cowbot_ws/build/cowbot_bringup -- -j4 -l4
[0.706s] Invoking command in '/home/cowbot/cowbot_ws/build/cowbot_bringup': CMAKE_PREFIX_PATH=/opt/ros/jazzy /usr/bin/cmake --install /home/cowbot/cowbot_ws/build/cowbot_bringup
[0.764s] -- Install configuration: ""
[0.772s] -- Execute custom install script
[0.783s] -- Up-to-date symlink: /home/cowbot/cowbot_ws/install/cowbot_bringup/share/cowbot_bringup//launch/bringup.launch.xml
[0.791s] -- Up-to-date symlink: /home/cowbot/cowbot_ws/install/cowbot_bringup/share/ament_index/resource_index/package_run_dependencies/cowbot_bringup
[0.797s] -- Up-to-date symlink: /home/cowbot/cowbot_ws/install/cowbot_bringup/share/ament_index/resource_index/parent_prefix_path/cowbot_bringup
[0.800s] -- Up-to-date symlink: /home/cowbot/cowbot_ws/install/cowbot_bringup/share/cowbot_bringup/environment/ament_prefix_path.sh
[0.803s] -- Up-to-date symlink: /home/cowbot/cowbot_ws/install/cowbot_bringup/share/cowbot_bringup/environment/ament_prefix_path.dsv
[0.808s] -- Up-to-date symlink: /home/cowbot/cowbot_ws/install/cowbot_bringup/share/cowbot_bringup/environment/path.sh
[0.810s] -- Up-to-date symlink: /home/cowbot/cowbot_ws/install/cowbot_bringup/share/cowbot_bringup/environment/path.dsv
[0.814s] -- Up-to-date symlink: /home/cowbot/cowbot_ws/install/cowbot_bringup/share/cowbot_bringup/local_setup.bash
[0.816s] -- Up-to-date symlink: /home/cowbot/cowbot_ws/install/cowbot_bringup/share/cowbot_bringup/local_setup.sh
[0.824s] -- Up-to-date symlink: /home/cowbot/cowbot_ws/install/cowbot_bringup/share/cowbot_bringup/local_setup.zsh
[0.831s] -- Up-to-date symlink: /home/cowbot/cowbot_ws/install/cowbot_bringup/share/cowbot_bringup/local_setup.dsv
[0.832s] -- Symlinking: /home/cowbot/cowbot_ws/install/cowbot_bringup/share/cowbot_bringup/package.dsv
[0.895s] -- Up-to-date symlink: /home/cowbot/cowbot_ws/install/cowbot_bringup/share/ament_index/resource_index/packages/cowbot_bringup
[0.900s] -- Up-to-date symlink: /home/cowbot/cowbot_ws/install/cowbot_bringup/share/cowbot_bringup/cmake/cowbot_bringupConfig.cmake
[0.903s] -- Up-to-date symlink: /home/cowbot/cowbot_ws/install/cowbot_bringup/share/cowbot_bringup/cmake/cowbot_bringupConfig-version.cmake
[0.910s] -- Up-to-date symlink: /home/cowbot/cowbot_ws/install/cowbot_bringup/share/cowbot_bringup/package.xml
[0.924s] Invoked command in '/home/cowbot/cowbot_ws/build/cowbot_bringup' returned '0': CMAKE_PREFIX_PATH=/opt/ros/jazzy /usr/bin/cmake --install /home/cowbot/cowbot_ws/build/cowbot_bringup
