[0.085s] Invoking command in '/home/cowbot/cowbot_ws/build/serial_motor_msgs': CMAKE_PREFIX_PATH=/opt/ros/jazzy /usr/bin/cmake --build /home/cowbot/cowbot_ws/build/serial_motor_msgs -- -j4 -l4
[0.596s] [  0%] Built target ament_cmake_python_symlink_serial_motor_msgs
[0.601s] [  1%] Built target serial_motor_msgs__rosidl_generator_type_description
[0.863s] [  3%] Built target serial_motor_msgs__cpp
[0.879s] [ 24%] Built target serial_motor_msgs__rosidl_generator_c
[1.158s] [ 33%] Built target serial_motor_msgs__rosidl_typesupport_introspection_c
[1.193s] [ 42%] Built target serial_motor_msgs__rosidl_typesupport_cpp
[1.206s] [ 51%] Built target serial_motor_msgs__rosidl_typesupport_fastrtps_c
[1.497s] [ 61%] Built target serial_motor_msgs__rosidl_typesupport_introspection_cpp
[1.536s] [ 70%] Built target serial_motor_msgs__rosidl_typesupport_fastrtps_cpp
[1.580s] [ 79%] Built target serial_motor_msgs__rosidl_typesupport_c
[1.809s] [ 79%] Built target serial_motor_msgs
[2.083s] [ 81%] Built target serial_motor_msgs__py
[2.442s] [ 88%] Built target serial_motor_msgs__rosidl_generator_py
[2.734s] [ 92%] Built target serial_motor_msgs_s__rosidl_typesupport_introspection_c
[2.766s] [ 96%] Built target serial_motor_msgs_s__rosidl_typesupport_c
[2.768s] [100%] Built target serial_motor_msgs_s__rosidl_typesupport_fastrtps_c
[3.271s] running egg_info
[3.441s] writing serial_motor_msgs.egg-info/PKG-INFO
[3.443s] writing dependency_links to serial_motor_msgs.egg-info/dependency_links.txt
[3.445s] writing top-level names to serial_motor_msgs.egg-info/top_level.txt
[3.941s] reading manifest file 'serial_motor_msgs.egg-info/SOURCES.txt'
[3.946s] writing manifest file 'serial_motor_msgs.egg-info/SOURCES.txt'
[4.185s] [100%] Built target ament_cmake_python_build_serial_motor_msgs_egg
[4.310s] Invoked command in '/home/cowbot/cowbot_ws/build/serial_motor_msgs' returned '0': CMAKE_PREFIX_PATH=/opt/ros/jazzy /usr/bin/cmake --build /home/cowbot/cowbot_ws/build/serial_motor_msgs -- -j4 -l4
[4.318s] Invoking command in '/home/cowbot/cowbot_ws/build/serial_motor_msgs': CMAKE_PREFIX_PATH=/opt/ros/jazzy /usr/bin/cmake --install /home/cowbot/cowbot_ws/build/serial_motor_msgs
[4.365s] -- Install configuration: ""
[4.369s] -- Execute custom install script
[4.370s] -- Up-to-date symlink: /home/cowbot/cowbot_ws/install/serial_motor_msgs/share/ament_index/resource_index/rosidl_interfaces/serial_motor_msgs
[4.374s] -- Up-to-date symlink: /home/cowbot/cowbot_ws/install/serial_motor_msgs/share/serial_motor_msgs/msg/MotorVels.json
[4.377s] -- Up-to-date symlink: /home/cowbot/cowbot_ws/install/serial_motor_msgs/share/serial_motor_msgs/msg/MotorCommands.json
[4.384s] -- Up-to-date symlink: /home/cowbot/cowbot_ws/install/serial_motor_msgs/share/serial_motor_msgs/msg/EncoderVals.json
[4.388s] -- Up-to-date symlink: /home/cowbot/cowbot_ws/install/serial_motor_msgs/include/serial_motor_msgs/serial_motor_msgs/msg/detail/encoder_vals__functions.h
[4.391s] -- Up-to-date symlink: /home/cowbot/cowbot_ws/install/serial_motor_msgs/include/serial_motor_msgs/serial_motor_msgs/msg/detail/encoder_vals__struct.h
[4.395s] -- Up-to-date symlink: /home/cowbot/cowbot_ws/install/serial_motor_msgs/include/serial_motor_msgs/serial_motor_msgs/msg/detail/encoder_vals__type_support.h
[4.399s] -- Up-to-date symlink: /home/cowbot/cowbot_ws/install/serial_motor_msgs/include/serial_motor_msgs/serial_motor_msgs/msg/detail/motor_commands__functions.h
[4.400s] -- Up-to-date symlink: /home/cowbot/cowbot_ws/install/serial_motor_msgs/include/serial_motor_msgs/serial_motor_msgs/msg/detail/motor_commands__struct.h
[4.401s] -- Up-to-date symlink: /home/cowbot/cowbot_ws/install/serial_motor_msgs/include/serial_motor_msgs/serial_motor_msgs/msg/detail/motor_commands__type_support.h
[4.405s] -- Up-to-date symlink: /home/cowbot/cowbot_ws/install/serial_motor_msgs/include/serial_motor_msgs/serial_motor_msgs/msg/detail/motor_vels__functions.h
[4.408s] -- Up-to-date symlink: /home/cowbot/cowbot_ws/install/serial_motor_msgs/include/serial_motor_msgs/serial_motor_msgs/msg/detail/motor_vels__struct.h
[4.411s] -- Up-to-date symlink: /home/cowbot/cowbot_ws/install/serial_motor_msgs/include/serial_motor_msgs/serial_motor_msgs/msg/detail/motor_vels__type_support.h
[4.416s] -- Up-to-date symlink: /home/cowbot/cowbot_ws/install/serial_motor_msgs/include/serial_motor_msgs/serial_motor_msgs/msg/encoder_vals.h
[4.422s] -- Up-to-date symlink: /home/cowbot/cowbot_ws/install/serial_motor_msgs/include/serial_motor_msgs/serial_motor_msgs/msg/motor_commands.h
[4.423s] -- Up-to-date symlink: /home/cowbot/cowbot_ws/install/serial_motor_msgs/include/serial_motor_msgs/serial_motor_msgs/msg/motor_vels.h
[4.424s] -- Up-to-date symlink: /home/cowbot/cowbot_ws/install/serial_motor_msgs/include/serial_motor_msgs/serial_motor_msgs/msg/rosidl_generator_c__visibility_control.h
[4.432s] -- Up-to-date symlink: /home/cowbot/cowbot_ws/install/serial_motor_msgs/share/serial_motor_msgs/environment/library_path.sh
[4.433s] -- Up-to-date symlink: /home/cowbot/cowbot_ws/install/serial_motor_msgs/share/serial_motor_msgs/environment/library_path.dsv
[4.438s] -- Up-to-date symlink: /home/cowbot/cowbot_ws/install/serial_motor_msgs/include/serial_motor_msgs/serial_motor_msgs/msg/detail/encoder_vals__rosidl_typesupport_fastrtps_c.h
[4.438s] -- Up-to-date symlink: /home/cowbot/cowbot_ws/install/serial_motor_msgs/include/serial_motor_msgs/serial_motor_msgs/msg/detail/motor_commands__rosidl_typesupport_fastrtps_c.h
[4.439s] -- Up-to-date symlink: /home/cowbot/cowbot_ws/install/serial_motor_msgs/include/serial_motor_msgs/serial_motor_msgs/msg/detail/motor_vels__rosidl_typesupport_fastrtps_c.h
[4.440s] -- Up-to-date symlink: /home/cowbot/cowbot_ws/install/serial_motor_msgs/include/serial_motor_msgs/serial_motor_msgs/msg/rosidl_typesupport_fastrtps_c__visibility_control.h
[4.445s] -- Up-to-date symlink: /home/cowbot/cowbot_ws/install/serial_motor_msgs/include/serial_motor_msgs/serial_motor_msgs/msg/detail/encoder_vals__rosidl_typesupport_introspection_c.h
[4.445s] -- Up-to-date symlink: /home/cowbot/cowbot_ws/install/serial_motor_msgs/include/serial_motor_msgs/serial_motor_msgs/msg/detail/motor_commands__rosidl_typesupport_introspection_c.h
[4.448s] -- Up-to-date symlink: /home/cowbot/cowbot_ws/install/serial_motor_msgs/include/serial_motor_msgs/serial_motor_msgs/msg/detail/motor_vels__rosidl_typesupport_introspection_c.h
[4.450s] -- Up-to-date symlink: /home/cowbot/cowbot_ws/install/serial_motor_msgs/include/serial_motor_msgs/serial_motor_msgs/msg/rosidl_typesupport_introspection_c__visibility_control.h
[4.465s] -- Up-to-date symlink: /home/cowbot/cowbot_ws/install/serial_motor_msgs/include/serial_motor_msgs/serial_motor_msgs/msg/detail/encoder_vals__builder.hpp
[4.466s] -- Up-to-date symlink: /home/cowbot/cowbot_ws/install/serial_motor_msgs/include/serial_motor_msgs/serial_motor_msgs/msg/detail/encoder_vals__struct.hpp
[4.472s] -- Up-to-date symlink: /home/cowbot/cowbot_ws/install/serial_motor_msgs/include/serial_motor_msgs/serial_motor_msgs/msg/detail/encoder_vals__traits.hpp
[4.473s] -- Up-to-date symlink: /home/cowbot/cowbot_ws/install/serial_motor_msgs/include/serial_motor_msgs/serial_motor_msgs/msg/detail/encoder_vals__type_support.hpp
[4.476s] -- Up-to-date symlink: /home/cowbot/cowbot_ws/install/serial_motor_msgs/include/serial_motor_msgs/serial_motor_msgs/msg/detail/motor_commands__builder.hpp
[4.481s] -- Up-to-date symlink: /home/cowbot/cowbot_ws/install/serial_motor_msgs/include/serial_motor_msgs/serial_motor_msgs/msg/detail/motor_commands__struct.hpp
[4.485s] -- Up-to-date symlink: /home/cowbot/cowbot_ws/install/serial_motor_msgs/include/serial_motor_msgs/serial_motor_msgs/msg/detail/motor_commands__traits.hpp
[4.487s] -- Up-to-date symlink: /home/cowbot/cowbot_ws/install/serial_motor_msgs/include/serial_motor_msgs/serial_motor_msgs/msg/detail/motor_commands__type_support.hpp
[4.488s] -- Up-to-date symlink: /home/cowbot/cowbot_ws/install/serial_motor_msgs/include/serial_motor_msgs/serial_motor_msgs/msg/detail/motor_vels__builder.hpp
[4.489s] -- Up-to-date symlink: /home/cowbot/cowbot_ws/install/serial_motor_msgs/include/serial_motor_msgs/serial_motor_msgs/msg/detail/motor_vels__struct.hpp
[4.490s] -- Up-to-date symlink: /home/cowbot/cowbot_ws/install/serial_motor_msgs/include/serial_motor_msgs/serial_motor_msgs/msg/detail/motor_vels__traits.hpp
[4.491s] -- Up-to-date symlink: /home/cowbot/cowbot_ws/install/serial_motor_msgs/include/serial_motor_msgs/serial_motor_msgs/msg/detail/motor_vels__type_support.hpp
[4.491s] -- Up-to-date symlink: /home/cowbot/cowbot_ws/install/serial_motor_msgs/include/serial_motor_msgs/serial_motor_msgs/msg/encoder_vals.hpp
[4.492s] -- Up-to-date symlink: /home/cowbot/cowbot_ws/install/serial_motor_msgs/include/serial_motor_msgs/serial_motor_msgs/msg/motor_commands.hpp
[4.501s] -- Up-to-date symlink: /home/cowbot/cowbot_ws/install/serial_motor_msgs/include/serial_motor_msgs/serial_motor_msgs/msg/motor_vels.hpp
[4.501s] -- Up-to-date symlink: /home/cowbot/cowbot_ws/install/serial_motor_msgs/include/serial_motor_msgs/serial_motor_msgs/msg/rosidl_generator_cpp__visibility_control.hpp
[4.503s] -- Up-to-date symlink: /home/cowbot/cowbot_ws/install/serial_motor_msgs/include/serial_motor_msgs/serial_motor_msgs/msg/detail/encoder_vals__rosidl_typesupport_fastrtps_cpp.hpp
[4.505s] -- Up-to-date symlink: /home/cowbot/cowbot_ws/install/serial_motor_msgs/include/serial_motor_msgs/serial_motor_msgs/msg/detail/motor_commands__rosidl_typesupport_fastrtps_cpp.hpp
[4.506s] -- Up-to-date symlink: /home/cowbot/cowbot_ws/install/serial_motor_msgs/include/serial_motor_msgs/serial_motor_msgs/msg/detail/motor_vels__rosidl_typesupport_fastrtps_cpp.hpp
[4.506s] -- Up-to-date symlink: /home/cowbot/cowbot_ws/install/serial_motor_msgs/include/serial_motor_msgs/serial_motor_msgs/msg/rosidl_typesupport_fastrtps_cpp__visibility_control.h
[4.509s] -- Up-to-date symlink: /home/cowbot/cowbot_ws/install/serial_motor_msgs/include/serial_motor_msgs/serial_motor_msgs/msg/detail/encoder_vals__rosidl_typesupport_introspection_cpp.hpp
[4.511s] -- Up-to-date symlink: /home/cowbot/cowbot_ws/install/serial_motor_msgs/include/serial_motor_msgs/serial_motor_msgs/msg/detail/motor_commands__rosidl_typesupport_introspection_cpp.hpp
[4.512s] -- Up-to-date symlink: /home/cowbot/cowbot_ws/install/serial_motor_msgs/include/serial_motor_msgs/serial_motor_msgs/msg/detail/motor_vels__rosidl_typesupport_introspection_cpp.hpp
[4.515s] -- Up-to-date symlink: /home/cowbot/cowbot_ws/install/serial_motor_msgs/share/serial_motor_msgs/environment/pythonpath.sh
[4.515s] -- Up-to-date symlink: /home/cowbot/cowbot_ws/install/serial_motor_msgs/share/serial_motor_msgs/environment/pythonpath.dsv
[4.517s] -- Up-to-date symlink: /home/cowbot/cowbot_ws/install/serial_motor_msgs/lib/python3.12/site-packages/serial_motor_msgs-0.0.0-py3.12.egg-info/PKG-INFO
[4.518s] -- Up-to-date symlink: /home/cowbot/cowbot_ws/install/serial_motor_msgs/lib/python3.12/site-packages/serial_motor_msgs-0.0.0-py3.12.egg-info/SOURCES.txt
[4.520s] -- Up-to-date symlink: /home/cowbot/cowbot_ws/install/serial_motor_msgs/lib/python3.12/site-packages/serial_motor_msgs-0.0.0-py3.12.egg-info/dependency_links.txt
[4.521s] -- Up-to-date symlink: /home/cowbot/cowbot_ws/install/serial_motor_msgs/lib/python3.12/site-packages/serial_motor_msgs-0.0.0-py3.12.egg-info/top_level.txt
[4.525s] -- Up-to-date symlink: /home/cowbot/cowbot_ws/install/serial_motor_msgs/lib/python3.12/site-packages/serial_motor_msgs/__init__.py
[4.526s] -- Up-to-date symlink: /home/cowbot/cowbot_ws/install/serial_motor_msgs/lib/python3.12/site-packages/serial_motor_msgs/_serial_motor_msgs_s.ep.rosidl_typesupport_c.c
[4.528s] -- Up-to-date symlink: /home/cowbot/cowbot_ws/install/serial_motor_msgs/lib/python3.12/site-packages/serial_motor_msgs/_serial_motor_msgs_s.ep.rosidl_typesupport_fastrtps_c.c
[4.531s] -- Up-to-date symlink: /home/cowbot/cowbot_ws/install/serial_motor_msgs/lib/python3.12/site-packages/serial_motor_msgs/_serial_motor_msgs_s.ep.rosidl_typesupport_introspection_c.c
[4.532s] -- Up-to-date symlink: /home/cowbot/cowbot_ws/install/serial_motor_msgs/lib/python3.12/site-packages/serial_motor_msgs/msg/__init__.py
[4.534s] -- Up-to-date symlink: /home/cowbot/cowbot_ws/install/serial_motor_msgs/lib/python3.12/site-packages/serial_motor_msgs/msg/_encoder_vals.py
[4.535s] -- Up-to-date symlink: /home/cowbot/cowbot_ws/install/serial_motor_msgs/lib/python3.12/site-packages/serial_motor_msgs/msg/_encoder_vals_s.c
[4.536s] -- Up-to-date symlink: /home/cowbot/cowbot_ws/install/serial_motor_msgs/lib/python3.12/site-packages/serial_motor_msgs/msg/_motor_commands.py
[4.538s] -- Up-to-date symlink: /home/cowbot/cowbot_ws/install/serial_motor_msgs/lib/python3.12/site-packages/serial_motor_msgs/msg/_motor_commands_s.c
[4.539s] -- Up-to-date symlink: /home/cowbot/cowbot_ws/install/serial_motor_msgs/lib/python3.12/site-packages/serial_motor_msgs/msg/_motor_vels.py
[4.540s] -- Up-to-date symlink: /home/cowbot/cowbot_ws/install/serial_motor_msgs/lib/python3.12/site-packages/serial_motor_msgs/msg/_motor_vels_s.c
[4.542s] -- Up-to-date symlink: /home/cowbot/cowbot_ws/install/serial_motor_msgs/lib/python3.12/site-packages/serial_motor_msgs/serial_motor_msgs_s__rosidl_typesupport_c.so
[4.543s] -- Up-to-date symlink: /home/cowbot/cowbot_ws/install/serial_motor_msgs/lib/python3.12/site-packages/serial_motor_msgs/serial_motor_msgs_s__rosidl_typesupport_fastrtps_c.so
[4.545s] -- Up-to-date symlink: /home/cowbot/cowbot_ws/install/serial_motor_msgs/lib/python3.12/site-packages/serial_motor_msgs/serial_motor_msgs_s__rosidl_typesupport_introspection_c.so
[4.546s] -- Up-to-date symlink: /home/cowbot/cowbot_ws/install/serial_motor_msgs/lib/python3.12/site-packages/serial_motor_msgs/serial_motor_msgs_s__rosidl_typesupport_fastrtps_c.so
[4.547s] -- Up-to-date symlink: /home/cowbot/cowbot_ws/install/serial_motor_msgs/lib/python3.12/site-packages/serial_motor_msgs/serial_motor_msgs_s__rosidl_typesupport_introspection_c.so
[4.548s] -- Up-to-date symlink: /home/cowbot/cowbot_ws/install/serial_motor_msgs/lib/python3.12/site-packages/serial_motor_msgs/serial_motor_msgs_s__rosidl_typesupport_c.so
[4.550s] -- Up-to-date symlink: /home/cowbot/cowbot_ws/install/serial_motor_msgs/share/serial_motor_msgs/msg/MotorVels.idl
[4.551s] -- Up-to-date symlink: /home/cowbot/cowbot_ws/install/serial_motor_msgs/share/serial_motor_msgs/msg/MotorCommands.idl
[4.552s] -- Up-to-date symlink: /home/cowbot/cowbot_ws/install/serial_motor_msgs/share/serial_motor_msgs/msg/EncoderVals.idl
[4.553s] -- Up-to-date symlink: /home/cowbot/cowbot_ws/install/serial_motor_msgs/share/serial_motor_msgs/msg/MotorVels.msg
[4.553s] -- Up-to-date symlink: /home/cowbot/cowbot_ws/install/serial_motor_msgs/share/serial_motor_msgs/msg/MotorCommands.msg
[4.555s] -- Up-to-date symlink: /home/cowbot/cowbot_ws/install/serial_motor_msgs/share/serial_motor_msgs/msg/EncoderVals.msg
[4.557s] -- Up-to-date symlink: /home/cowbot/cowbot_ws/install/serial_motor_msgs/share/ament_index/resource_index/package_run_dependencies/serial_motor_msgs
[4.559s] -- Up-to-date symlink: /home/cowbot/cowbot_ws/install/serial_motor_msgs/share/ament_index/resource_index/parent_prefix_path/serial_motor_msgs
[4.560s] -- Up-to-date symlink: /home/cowbot/cowbot_ws/install/serial_motor_msgs/share/serial_motor_msgs/environment/ament_prefix_path.sh
[4.561s] -- Up-to-date symlink: /home/cowbot/cowbot_ws/install/serial_motor_msgs/share/serial_motor_msgs/environment/ament_prefix_path.dsv
[4.563s] -- Up-to-date symlink: /home/cowbot/cowbot_ws/install/serial_motor_msgs/share/serial_motor_msgs/environment/path.sh
[4.564s] -- Up-to-date symlink: /home/cowbot/cowbot_ws/install/serial_motor_msgs/share/serial_motor_msgs/environment/path.dsv
[4.565s] -- Up-to-date symlink: /home/cowbot/cowbot_ws/install/serial_motor_msgs/share/serial_motor_msgs/local_setup.bash
[4.565s] -- Up-to-date symlink: /home/cowbot/cowbot_ws/install/serial_motor_msgs/share/serial_motor_msgs/local_setup.sh
[4.567s] -- Up-to-date symlink: /home/cowbot/cowbot_ws/install/serial_motor_msgs/share/serial_motor_msgs/local_setup.zsh
[4.568s] -- Up-to-date symlink: /home/cowbot/cowbot_ws/install/serial_motor_msgs/share/serial_motor_msgs/local_setup.dsv
[4.569s] -- Symlinking: /home/cowbot/cowbot_ws/install/serial_motor_msgs/share/serial_motor_msgs/package.dsv
[4.596s] -- Up-to-date symlink: /home/cowbot/cowbot_ws/install/serial_motor_msgs/share/ament_index/resource_index/packages/serial_motor_msgs
[4.598s] -- Up-to-date symlink: /home/cowbot/cowbot_ws/install/serial_motor_msgs/share/serial_motor_msgs/cmake/rosidl_cmake-extras.cmake
[4.599s] -- Up-to-date symlink: /home/cowbot/cowbot_ws/install/serial_motor_msgs/share/serial_motor_msgs/cmake/ament_cmake_export_include_directories-extras.cmake
[4.602s] -- Up-to-date symlink: /home/cowbot/cowbot_ws/install/serial_motor_msgs/share/serial_motor_msgs/cmake/ament_cmake_export_libraries-extras.cmake
[4.603s] -- Up-to-date symlink: /home/cowbot/cowbot_ws/install/serial_motor_msgs/share/serial_motor_msgs/cmake/ament_cmake_export_targets-extras.cmake
[4.605s] -- Up-to-date symlink: /home/cowbot/cowbot_ws/install/serial_motor_msgs/share/serial_motor_msgs/cmake/rosidl_cmake_export_typesupport_targets-extras.cmake
[4.608s] -- Up-to-date symlink: /home/cowbot/cowbot_ws/install/serial_motor_msgs/share/serial_motor_msgs/cmake/ament_cmake_export_dependencies-extras.cmake
[4.609s] -- Up-to-date symlink: /home/cowbot/cowbot_ws/install/serial_motor_msgs/share/serial_motor_msgs/cmake/rosidl_cmake_export_typesupport_libraries-extras.cmake
[4.610s] -- Up-to-date symlink: /home/cowbot/cowbot_ws/install/serial_motor_msgs/share/serial_motor_msgs/cmake/serial_motor_msgsConfig.cmake
[4.611s] -- Up-to-date symlink: /home/cowbot/cowbot_ws/install/serial_motor_msgs/share/serial_motor_msgs/cmake/serial_motor_msgsConfig-version.cmake
[4.613s] -- Up-to-date symlink: /home/cowbot/cowbot_ws/install/serial_motor_msgs/share/serial_motor_msgs/package.xml
[4.615s] -- Up-to-date: /home/cowbot/cowbot_ws/install/serial_motor_msgs/lib/libserial_motor_msgs__rosidl_generator_c.so
[4.616s] -- Up-to-date: /home/cowbot/cowbot_ws/install/serial_motor_msgs/lib/libserial_motor_msgs__rosidl_typesupport_fastrtps_c.so
[4.620s] -- Up-to-date: /home/cowbot/cowbot_ws/install/serial_motor_msgs/lib/libserial_motor_msgs__rosidl_typesupport_introspection_c.so
[4.621s] -- Up-to-date: /home/cowbot/cowbot_ws/install/serial_motor_msgs/lib/libserial_motor_msgs__rosidl_typesupport_c.so
[4.624s] -- Up-to-date: /home/cowbot/cowbot_ws/install/serial_motor_msgs/lib/libserial_motor_msgs__rosidl_typesupport_fastrtps_cpp.so
[4.626s] -- Up-to-date: /home/cowbot/cowbot_ws/install/serial_motor_msgs/lib/libserial_motor_msgs__rosidl_typesupport_introspection_cpp.so
[4.629s] -- Up-to-date: /home/cowbot/cowbot_ws/install/serial_motor_msgs/lib/libserial_motor_msgs__rosidl_typesupport_cpp.so
[4.850s] Listing '/home/cowbot/cowbot_ws/install/serial_motor_msgs/lib/python3.12/site-packages/serial_motor_msgs'...
[4.858s] Listing '/home/cowbot/cowbot_ws/install/serial_motor_msgs/lib/python3.12/site-packages/serial_motor_msgs/msg'...
[4.885s] -- Up-to-date: /home/cowbot/cowbot_ws/install/serial_motor_msgs/lib/libserial_motor_msgs__rosidl_generator_py.so
[4.890s] -- Up-to-date: /home/cowbot/cowbot_ws/install/serial_motor_msgs/share/serial_motor_msgs/cmake/export_serial_motor_msgs__rosidl_generator_cExport.cmake
[4.890s] -- Up-to-date: /home/cowbot/cowbot_ws/install/serial_motor_msgs/share/serial_motor_msgs/cmake/export_serial_motor_msgs__rosidl_generator_cExport-noconfig.cmake
[4.894s] -- Up-to-date: /home/cowbot/cowbot_ws/install/serial_motor_msgs/share/serial_motor_msgs/cmake/export_serial_motor_msgs__rosidl_typesupport_fastrtps_cExport.cmake
[4.894s] -- Up-to-date: /home/cowbot/cowbot_ws/install/serial_motor_msgs/share/serial_motor_msgs/cmake/export_serial_motor_msgs__rosidl_typesupport_fastrtps_cExport-noconfig.cmake
[4.895s] -- Up-to-date: /home/cowbot/cowbot_ws/install/serial_motor_msgs/share/serial_motor_msgs/cmake/serial_motor_msgs__rosidl_typesupport_introspection_cExport.cmake
[4.896s] -- Up-to-date: /home/cowbot/cowbot_ws/install/serial_motor_msgs/share/serial_motor_msgs/cmake/serial_motor_msgs__rosidl_typesupport_introspection_cExport-noconfig.cmake
[4.900s] -- Up-to-date: /home/cowbot/cowbot_ws/install/serial_motor_msgs/share/serial_motor_msgs/cmake/serial_motor_msgs__rosidl_typesupport_cExport.cmake
[4.902s] -- Up-to-date: /home/cowbot/cowbot_ws/install/serial_motor_msgs/share/serial_motor_msgs/cmake/serial_motor_msgs__rosidl_typesupport_cExport-noconfig.cmake
[4.905s] -- Up-to-date: /home/cowbot/cowbot_ws/install/serial_motor_msgs/share/serial_motor_msgs/cmake/export_serial_motor_msgs__rosidl_generator_cppExport.cmake
[4.905s] -- Up-to-date: /home/cowbot/cowbot_ws/install/serial_motor_msgs/share/serial_motor_msgs/cmake/export_serial_motor_msgs__rosidl_typesupport_fastrtps_cppExport.cmake
[4.907s] -- Up-to-date: /home/cowbot/cowbot_ws/install/serial_motor_msgs/share/serial_motor_msgs/cmake/export_serial_motor_msgs__rosidl_typesupport_fastrtps_cppExport-noconfig.cmake
[4.908s] -- Up-to-date: /home/cowbot/cowbot_ws/install/serial_motor_msgs/share/serial_motor_msgs/cmake/serial_motor_msgs__rosidl_typesupport_introspection_cppExport.cmake
[4.909s] -- Up-to-date: /home/cowbot/cowbot_ws/install/serial_motor_msgs/share/serial_motor_msgs/cmake/serial_motor_msgs__rosidl_typesupport_introspection_cppExport-noconfig.cmake
[4.909s] -- Up-to-date: /home/cowbot/cowbot_ws/install/serial_motor_msgs/share/serial_motor_msgs/cmake/serial_motor_msgs__rosidl_typesupport_cppExport.cmake
[4.911s] -- Up-to-date: /home/cowbot/cowbot_ws/install/serial_motor_msgs/share/serial_motor_msgs/cmake/serial_motor_msgs__rosidl_typesupport_cppExport-noconfig.cmake
[4.911s] -- Up-to-date: /home/cowbot/cowbot_ws/install/serial_motor_msgs/share/serial_motor_msgs/cmake/export_serial_motor_msgs__rosidl_generator_pyExport.cmake
[4.912s] -- Up-to-date: /home/cowbot/cowbot_ws/install/serial_motor_msgs/share/serial_motor_msgs/cmake/export_serial_motor_msgs__rosidl_generator_pyExport-noconfig.cmake
[4.961s] Invoked command in '/home/cowbot/cowbot_ws/build/serial_motor_msgs' returned '0': CMAKE_PREFIX_PATH=/opt/ros/jazzy /usr/bin/cmake --install /home/cowbot/cowbot_ws/build/serial_motor_msgs
